  Using 'git status' to determine working set for adaptive non-unity build (D:\Year 3\Term 1\COMP_1288\FindingHooman-Unreal).
  Creating makefile for FindingHoomanEditor (config setting changed)
  Parsing headers for FindingHoomanEditor
    Running UnrealHeaderTool "D:\Year 3\Term 1\COMP_1288\FindingHooman-Unreal\FindingHooman\FindingHooman.uproject" "D:\Year 3\Term 1\COMP_1288\FindingHooman-Unreal\FindingHooman\Intermediate\Build\Win64\FindingHoomanEditor\Development\FindingHoomanEditor.uhtmanifest" -LogCmds="loginit warning, logexit warning, logdatabase error" -Unattended -WarningsAsErrors -abslog="C:\Users\Lizzie\AppData\Local\UnrealBuildTool\Log_UHT.txt" -installed
  LogInit: Display: Loading text-based GConfig....
  Reflection code generated for FindingHoomanEditor in 9.5891176 seconds
  Building FindingHoomanEditor...
  Using Visual Studio 2019 14.29.30136 toolchain (C:\Program Files (x86)\Microsoft Visual Studio\2019\Community\VC\Tools\MSVC\14.29.30133) and Windows 10.0.18362.0 SDK (C:\Program Files (x86)\Windows Kits\10).
  Building 37 actions with 16 processes...
    [1/37] Default.rc2
    [2/37] SharedPCH.Engine.ShadowErrors.cpp
    [3/37] BarkInterface.cpp
    [4/37] FindingHooman.init.gen.cpp
    [5/37] BarkInterface.gen.cpp
    [6/37] FindingHoomanGameModeBase.cpp
    [7/37] FindingHoomanGameMode.cpp
    [8/37] FindingHoomanGameModeBase.gen.cpp
    [9/37] Acorn.cpp
    [10/37] FindingHooman.cpp
    [11/37] BirbActor.cpp
    [12/37] SquirrelActor.gen.cpp
    [13/37] InteractInterface.cpp
    [14/37] InteractInterface.gen.cpp
    [15/37] BirbActor.gen.cpp
    [16/37] SquirrelManager.cpp
    [17/37] SquirrelActor.cpp
    [18/37] Acorn.gen.cpp
    [19/37] FindingHoomanGameMode.gen.cpp
    [20/37] FindingHoomanCharacter.cpp
    [21/37] SquirrelManager.gen.cpp
    [22/37] Doge.cpp
    [23/37] MiniGame.cpp
    [24/37] FindingHoomanCharacter.gen.cpp
    [25/37] UnlockPush.cpp
    [26/37] UnlockDig.cpp
    [27/37] UnlockDig.gen.cpp
    [28/37] UnlockBark.gen.cpp
    [29/37] Doge.gen.cpp
    [30/37] UnlockPush.gen.cpp
    [31/37] MiniGame.gen.cpp
    [32/37] UnlockOpen.gen.cpp
    [33/37] UnlockBark.cpp
    [34/37] UnlockOpen.cpp
    [35/37] UE4Editor-FindingHooman.lib
       Creating library D:\Year 3\Term 1\COMP_1288\FindingHooman-Unreal\FindingHooman\Intermediate\Build\Win64\UE4Editor\Development\FindingHooman\UE4Editor-FindingHooman.lib and object D:\Year 3\Term 1\COMP_1288\FindingHooman-Unreal\FindingHooman\Intermediate\Build\Win64\UE4Editor\Development\FindingHooman\UE4Editor-FindingHooman.exp
    [36/37] UE4Editor-FindingHooman.dll
       Creating library D:\Year 3\Term 1\COMP_1288\FindingHooman-Unreal\FindingHooman\Intermediate\Build\Win64\UE4Editor\Development\FindingHooman\UE4Editor-FindingHooman.suppressed.lib and object D:\Year 3\Term 1\COMP_1288\FindingHooman-Unreal\FindingHooman\Intermediate\Build\Win64\UE4Editor\Development\FindingHooman\UE4Editor-FindingHooman.suppressed.exp
    [37/37] FindingHoomanEditor.target
  Total time in Parallel executor: 40.68 seconds
  Total execution time: 54.33 seconds
