Log file open, 04/26/22 18:02:44
LogWindows: Failed to load 'aqProf.dll' (GetLastError=126)
LogWindows: File 'aqProf.dll' does not exist
LogWindows: Failed to load 'VtuneApi.dll' (GetLastError=126)
LogWindows: File 'VtuneApi.dll' does not exist
LogWindows: Failed to load 'VtuneApi32e.dll' (GetLastError=126)
LogWindows: File 'VtuneApi32e.dll' does not exist
LogConsoleResponse: Display: Failed to find resolution value strings in scalability ini. Falling back to default.
LogConsoleResponse: Display: Failed to find resolution value strings in scalability ini. Falling back to default.
LogInit: Display: Running engine for game: FindingHooman
LogPlatformFile: Not using cached read wrapper
LogTaskGraph: Started task graph with 5 named threads and 35 total threads with 3 sets of task threads.
LogStats: Stats thread started at 0.225385
LogICUInternationalization: ICU TimeZone Detection - Raw Offset: +0:00, Platform Override: ''
LogInit: Display: Loading text-based GConfig....
LogPluginManager: Mounting plugin MeshPainting
LogPluginManager: Mounting plugin XGEController
LogPluginManager: Mounting plugin Paper2D
LogPluginManager: Mounting plugin LiveLink
LogPluginManager: Mounting plugin AISupport
LogPluginManager: Mounting plugin EnvironmentQueryEditor
LogPluginManager: Mounting plugin GameplayCameras
LogPluginManager: Mounting plugin CameraShakePreviewer
LogPluginManager: Mounting plugin LightPropagationVolume
LogPluginManager: Mounting plugin AnimationSharing
LogPluginManager: Mounting plugin CLionSourceCodeAccess
LogPluginManager: Mounting plugin CodeLiteSourceCodeAccess
LogPluginManager: Mounting plugin GitSourceControl
LogPluginManager: Mounting plugin KDevelopSourceCodeAccess
LogPluginManager: Mounting plugin NullSourceCodeAccess
LogPluginManager: Mounting plugin PlasticSourceControl
LogPluginManager: Mounting plugin PropertyAccessNode
LogPluginManager: Mounting plugin PixWinPlugin
LogPluginManager: Mounting plugin PerforceSourceControl
LogPluginManager: Mounting plugin RiderSourceCodeAccess
LogPluginManager: Mounting plugin SubversionSourceControl
LogPluginManager: Mounting plugin UObjectPlugin
LogPluginManager: Mounting plugin TextureFormatOodle
LogPluginManager: Mounting plugin XCodeSourceCodeAccess
LogPluginManager: Mounting plugin VisualStudioSourceCodeAccess
LogPluginManager: Mounting plugin VisualStudioCodeSourceCodeAccess
LogPluginManager: Mounting plugin AlembicImporter
LogPluginManager: Mounting plugin AutomationUtils
LogPluginManager: Mounting plugin PluginUtils
LogPluginManager: Mounting plugin BackChannel
LogPluginManager: Mounting plugin ChaosCloth
LogPluginManager: Mounting plugin ChaosEditor
LogPluginManager: Mounting plugin ChaosSolverPlugin
LogPluginManager: Mounting plugin ChaosNiagara
LogPluginManager: Mounting plugin AssetManagerEditor
LogPluginManager: Mounting plugin ChaosClothEditor
LogPluginManager: Mounting plugin LuminPlatformFeatures
LogPluginManager: Mounting plugin CharacterAI
LogPluginManager: Mounting plugin DatasmithContent
LogPluginManager: Mounting plugin TcpMessaging
LogPluginManager: Mounting plugin MagicLeap
LogPluginManager: Mounting plugin CryptoKeys
LogPluginManager: Mounting plugin MagicLeapLightEstimation
LogPluginManager: Mounting plugin UdpMessaging
LogPluginManager: Mounting plugin MagicLeapMedia
LogPluginManager: Mounting plugin MagicLeapPassableWorld
LogPluginManager: Mounting plugin GeometryCache
LogPluginManager: Mounting plugin VariantManagerContent
LogPluginManager: Mounting plugin MLSDK
LogPluginManager: Mounting plugin Niagara
LogPluginManager: Mounting plugin GeometryCollectionPlugin
LogPluginManager: Mounting plugin CurveEditorTools
LogPluginManager: Mounting plugin DataValidation
LogPluginManager: Mounting plugin FacialAnimation
LogPluginManager: Mounting plugin GameplayTagsEditor
LogPluginManager: Mounting plugin GeometryMode
LogPluginManager: Mounting plugin MacGraphicsSwitching
LogPluginManager: Mounting plugin MaterialAnalyzer
LogPluginManager: Mounting plugin AndroidMedia
LogPluginManager: Mounting plugin MobileLauncherProfileWizard
LogPluginManager: Mounting plugin PluginBrowser
LogPluginManager: Mounting plugin SpeedTreeImporter
LogPluginManager: Mounting plugin AvfMedia
LogPluginManager: Mounting plugin GeometryProcessing
LogPluginManager: Mounting plugin ImgMedia
LogPluginManager: Mounting plugin MediaCompositing
LogPluginManager: Mounting plugin MotoSynth
LogPluginManager: Mounting plugin OpenImageDenoise
LogPluginManager: Mounting plugin PlanarCut
LogPluginManager: Mounting plugin PlatformCrypto
LogPluginManager: Mounting plugin ProxyLODPlugin
LogPluginManager: Mounting plugin PythonScriptPlugin
LogPluginManager: Mounting plugin SkeletalReduction
LogPluginManager: Mounting plugin MediaPlayerEditor
LogPluginManager: Mounting plugin WebMMedia
LogPluginManager: Mounting plugin WmfMedia
LogPluginManager: Mounting plugin LauncherChunkInstaller
LogPluginManager: Mounting plugin OnlineSubsystem
LogPluginManager: Mounting plugin OnlineSubsystemNull
LogPluginManager: Mounting plugin OnlineSubsystemUtils
LogPluginManager: Mounting plugin OodleData
LogPluginManager: Mounting plugin ScreenshotTools
LogPluginManager: Mounting plugin OodleNetwork
LogPluginManager: Mounting plugin ActorSequence
LogPluginManager: Mounting plugin MatineeToLevelSequence
LogPluginManager: Mounting plugin LevelSequenceEditor
LogPluginManager: Mounting plugin ActorLayerUtilities
LogPluginManager: Mounting plugin TemplateSequence
LogPluginManager: Mounting plugin AndroidDeviceProfileSelector
LogPluginManager: Mounting plugin AndroidMoviePlayer
LogPluginManager: Mounting plugin AndroidPermission
LogPluginManager: Mounting plugin AppleImageUtils
LogPluginManager: Mounting plugin AppleMoviePlayer
LogPluginManager: Mounting plugin ArchVisCharacter
LogPluginManager: Mounting plugin AssetTags
LogPluginManager: Mounting plugin AudioCapture
LogPluginManager: Mounting plugin AudioSynesthesia
LogPluginManager: Mounting plugin CableComponent
LogPluginManager: Mounting plugin Takes
LogPluginManager: Mounting plugin ChunkDownloader
LogPluginManager: Mounting plugin CustomMeshComponent
LogPluginManager: Mounting plugin EditableMesh
LogPluginManager: Mounting plugin ExampleDeviceProfileSelector
LogPluginManager: Mounting plugin GoogleCloudMessaging
LogPluginManager: Mounting plugin GooglePAD
LogPluginManager: Mounting plugin IOSDeviceProfileSelector
LogPluginManager: Mounting plugin LinuxDeviceProfileSelector
LogPluginManager: Mounting plugin LocationServicesBPLibrary
LogPluginManager: Mounting plugin MobilePatchingUtils
LogPluginManager: Mounting plugin OpenXREyeTracker
LogPluginManager: Mounting plugin OpenXR
LogPluginManager: Mounting plugin OpenXRHandTracking
LogPluginManager: Mounting plugin PhysXVehicles
LogPluginManager: Mounting plugin PostSplashScreen
LogPluginManager: Mounting plugin ProceduralMeshComponent
LogPluginManager: Mounting plugin PropertyAccessEditor
LogPluginManager: Mounting plugin SignificanceManager
LogPluginManager: Mounting plugin RuntimePhysXCooking
LogPluginManager: Mounting plugin SoundFields
LogPluginManager: Mounting plugin Synthesis
LogPluginManager: Mounting plugin WebMMoviePlayer
LogPluginManager: Mounting plugin WindowsMoviePlayer
LogPluginManager: Mounting plugin ContentBrowserAssetDataSource
LogPluginManager: Mounting plugin ContentBrowserClassDataSource
LogPluginManager: Mounting plugin ContentBrowserFileDataSource
LogPluginManager: Mounting plugin OnlineSubsystemGooglePlay
LogPluginManager: Mounting plugin OnlineSubsystemIOS
LogPluginManager: Mounting plugin OculusVR
LogPluginManager: Mounting plugin SteamVR
PixWinPlugin: PIX capture plugin failed to initialize! Check that the process is launched from PIX.
LogInit: Using libcurl 7.55.1-DEV
LogInit:  - built for x86_64-pc-win32
LogInit:  - supports SSL with OpenSSL/1.1.1
LogInit:  - supports HTTP deflate (compression) using libz 1.2.8
LogInit:  - other features:
LogInit:      CURL_VERSION_SSL
LogInit:      CURL_VERSION_LIBZ
LogInit:      CURL_VERSION_IPV6
LogInit:      CURL_VERSION_ASYNCHDNS
LogInit:      CURL_VERSION_LARGEFILE
LogInit:      CURL_VERSION_IDN
LogInit:  CurlRequestOptions (configurable via config and command line):
LogInit:  - bVerifyPeer = true  - Libcurl will verify peer certificate
LogInit:  - bUseHttpProxy = false  - Libcurl will NOT use HTTP proxy
LogInit:  - bDontReuseConnections = false  - Libcurl will reuse connections
LogInit:  - MaxHostConnections = 16  - Libcurl will limit the number of connections to a host
LogInit:  - LocalHostAddr = Default
LogInit:  - BufferSize = 65536
LogOnline: OSS: Creating online subsystem instance for: NULL
LogInit: WinSock: version 1.1 (2.2), MaxSocks=32767, MaxUdp=65467
LogOnline: OSS: TryLoadSubsystemAndSetDefault: Loaded subsystem for module [NULL]
LogOculusPluginWrapper: OculusPlugin initialized successfully
LogHMD: Failed initializing OVRPlugin 1.59.0
LogInit: Build: ++UE4+Release-4.27-CL-18319896
LogInit: Engine Version: 4.27.2-18319896+++UE4+Release-4.27
LogInit: Compatible Engine Version: 4.27.0-17155196+++UE4+Release-4.27
LogInit: Net CL: 17155196
LogInit: OS: Windows 10 (Release 2009) (), CPU: Intel(R) Core(TM) i7-9750H CPU @ 2.60GHz, GPU: NVIDIA GeForce RTX 2070
LogInit: Compiled (64-bit): Nov 30 2021 07:12:08
LogInit: Compiled with Visual C++: 19.24.28315.00
LogInit: Build Configuration: Development
LogInit: Branch Name: ++UE4+Release-4.27
LogInit: Command Line: 
LogInit: Base Directory: D:/Epic Games/UE_4.27/Engine/Binaries/Win64/
LogInit: Allocator: TBB
LogInit: Installed Engine Build: 1
LogDevObjectVersion: Number of dev versions registered: 29
LogDevObjectVersion:   Dev-Blueprints (B0D832E4-1F89-4F0D-ACCF-7EB736FD4AA2): 10
LogDevObjectVersion:   Dev-Build (E1C64328-A22C-4D53-A36C-8E866417BD8C): 0
LogDevObjectVersion:   Dev-Core (375EC13C-06E4-48FB-B500-84F0262A717E): 4
LogDevObjectVersion:   Dev-Editor (E4B068ED-F494-42E9-A231-DA0B2E46BB41): 40
LogDevObjectVersion:   Dev-Framework (CFFC743F-43B0-4480-9391-14DF171D2073): 37
LogDevObjectVersion:   Dev-Mobile (B02B49B5-BB20-44E9-A304-32B752E40360): 3
LogDevObjectVersion:   Dev-Networking (A4E4105C-59A1-49B5-A7C5-40C4547EDFEE): 0
LogDevObjectVersion:   Dev-Online (39C831C9-5AE6-47DC-9A44-9C173E1C8E7C): 0
LogDevObjectVersion:   Dev-Physics (78F01B33-EBEA-4F98-B9B4-84EACCB95AA2): 14
LogDevObjectVersion:   Dev-Platform (6631380F-2D4D-43E0-8009-CF276956A95A): 0
LogDevObjectVersion:   Dev-Rendering (12F88B9F-8875-4AFC-A67C-D90C383ABD29): 45
LogDevObjectVersion:   Dev-Sequencer (7B5AE74C-D270-4C10-A958-57980B212A5A): 13
LogDevObjectVersion:   Dev-VR (D7296918-1DD6-4BDD-9DE2-64A83CC13884): 3
LogDevObjectVersion:   Dev-LoadTimes (C2A15278-BFE7-4AFE-6C17-90FF531DF755): 1
LogDevObjectVersion:   Private-Geometry (6EACA3D4-40EC-4CC1-B786-8BED09428FC5): 3
LogDevObjectVersion:   Dev-AnimPhys (29E575DD-E0A3-4627-9D10-D276232CDCEA): 17
LogDevObjectVersion:   Dev-Anim (AF43A65D-7FD3-4947-9873-3E8ED9C1BB05): 15
LogDevObjectVersion:   Dev-ReflectionCapture (6B266CEC-1EC7-4B8F-A30B-E4D90942FC07): 1
LogDevObjectVersion:   Dev-Automation (0DF73D61-A23F-47EA-B727-89E90C41499A): 1
LogDevObjectVersion:   FortniteMain (601D1886-AC64-4F84-AA16-D3DE0DEAC7D6): 47
LogDevObjectVersion:   FortniteRelease (E7086368-6B23-4C58-8439-1B7016265E91): 1
LogDevObjectVersion:   Dev-Enterprise (9DFFBCD6-494F-0158-E221-12823C92A888): 10
LogDevObjectVersion:   Dev-Niagara (F2AED0AC-9AFE-416F-8664-AA7FFA26D6FC): 1
LogDevObjectVersion:   Dev-Destruction (174F1F0B-B4C6-45A5-B13F-2EE8D0FB917D): 10
LogDevObjectVersion:   Dev-Physics-Ext (35F94A83-E258-406C-A318-09F59610247C): 41
LogDevObjectVersion:   Dev-PhysicsMaterial-Chaos (B68FC16E-8B1B-42E2-B453-215C058844FE): 1
LogDevObjectVersion:   Dev-CineCamera (B2E18506-4273-CFC2-A54E-F4BB758BBA07): 1
LogDevObjectVersion:   Dev-VirtualProduction (64F58936-FD1B-42BA-BA96-7289D5D0FA4E): 1
LogDevObjectVersion:   Dev-MediaFramework (6F0ED827-A609-4895-9C91-998D90180EA4): 2
LogInit: Presizing for max 25165824 objects, including 0 objects not considered by GC, pre-allocating 0 bytes for permanent pool.
LogConfig: Applying CVar settings from Section [/Script/Engine.StreamingSettings] File [C:/Users/njet9/OneDrive/Documents/GitHub/FindingHooman-Unreal/FindingHooman/Saved/Config/Windows/Engine.ini]
LogConfig: Setting CVar [[s.MinBulkDataSizeForAsyncLoading:131072]]
LogConfig: Setting CVar [[s.AsyncLoadingThreadEnabled:0]]
LogConfig: Setting CVar [[s.EventDrivenLoaderEnabled:1]]
LogConfig: Setting CVar [[s.WarnIfTimeLimitExceeded:0]]
LogConfig: Setting CVar [[s.TimeLimitExceededMultiplier:1.5]]
LogConfig: Setting CVar [[s.TimeLimitExceededMinTime:0.005]]
LogConfig: Setting CVar [[s.UseBackgroundLevelStreaming:1]]
LogConfig: Setting CVar [[s.PriorityAsyncLoadingExtraTime:15.0]]
LogConfig: Setting CVar [[s.LevelStreamingActorsUpdateTimeLimit:5.0]]
LogConfig: Setting CVar [[s.PriorityLevelStreamingActorsUpdateExtraTime:5.0]]
LogConfig: Setting CVar [[s.LevelStreamingComponentsRegistrationGranularity:10]]
LogConfig: Setting CVar [[s.UnregisterComponentsTimeLimit:1.0]]
LogConfig: Setting CVar [[s.LevelStreamingComponentsUnregistrationGranularity:5]]
LogConfig: Setting CVar [[s.FlushStreamingOnExit:1]]
LogInit: Object subsystem initialized
LogConfig: Setting CVar [[con.DebugEarlyDefault:1]]
LogConfig: Setting CVar [[r.setres:1280x720]]
[2022.04.26-17.02.45:282][  0]LogConfig: Setting CVar [[r.VSync:0]]
[2022.04.26-17.02.45:282][  0]LogConfig: Setting CVar [[r.RHICmdBypass:0]]
[2022.04.26-17.02.45:282][  0]LogConfig: Applying CVar settings from Section [/Script/Engine.RendererSettings] File [C:/Users/njet9/OneDrive/Documents/GitHub/FindingHooman-Unreal/FindingHooman/Saved/Config/Windows/Engine.ini]
[2022.04.26-17.02.45:282][  0]LogConfig: Setting CVar [[r.GPUCrashDebugging:0]]
[2022.04.26-17.02.45:282][  0]LogConfig: Setting CVar [[r.AllowStaticLighting:1]]
[2022.04.26-17.02.45:282][  0]LogConfig: Setting CVar [[r.GenerateMeshDistanceFields:1]]
[2022.04.26-17.02.45:282][  0]LogConfig: Applying CVar settings from Section [/Script/Engine.RendererOverrideSettings] File [C:/Users/njet9/OneDrive/Documents/GitHub/FindingHooman-Unreal/FindingHooman/Saved/Config/Windows/Engine.ini]
[2022.04.26-17.02.45:282][  0]LogConfig: Applying CVar settings from Section [/Script/Engine.StreamingSettings] File [C:/Users/njet9/OneDrive/Documents/GitHub/FindingHooman-Unreal/FindingHooman/Saved/Config/Windows/Engine.ini]
[2022.04.26-17.02.45:282][  0]LogConfig: Setting CVar [[s.MinBulkDataSizeForAsyncLoading:131072]]
[2022.04.26-17.02.45:282][  0]LogConfig: Setting CVar [[s.AsyncLoadingThreadEnabled:0]]
[2022.04.26-17.02.45:282][  0]LogConfig: Setting CVar [[s.EventDrivenLoaderEnabled:1]]
[2022.04.26-17.02.45:282][  0]LogConfig: Setting CVar [[s.WarnIfTimeLimitExceeded:0]]
[2022.04.26-17.02.45:282][  0]LogConfig: Setting CVar [[s.TimeLimitExceededMultiplier:1.5]]
[2022.04.26-17.02.45:282][  0]LogConfig: Setting CVar [[s.TimeLimitExceededMinTime:0.005]]
[2022.04.26-17.02.45:283][  0]LogConfig: Setting CVar [[s.UseBackgroundLevelStreaming:1]]
[2022.04.26-17.02.45:283][  0]LogConfig: Setting CVar [[s.PriorityAsyncLoadingExtraTime:15.0]]
[2022.04.26-17.02.45:283][  0]LogConfig: Setting CVar [[s.LevelStreamingActorsUpdateTimeLimit:5.0]]
[2022.04.26-17.02.45:283][  0]LogConfig: Setting CVar [[s.PriorityLevelStreamingActorsUpdateExtraTime:5.0]]
[2022.04.26-17.02.45:283][  0]LogConfig: Setting CVar [[s.LevelStreamingComponentsRegistrationGranularity:10]]
[2022.04.26-17.02.45:283][  0]LogConfig: Setting CVar [[s.UnregisterComponentsTimeLimit:1.0]]
[2022.04.26-17.02.45:283][  0]LogConfig: Setting CVar [[s.LevelStreamingComponentsUnregistrationGranularity:5]]
[2022.04.26-17.02.45:283][  0]LogConfig: Setting CVar [[s.FlushStreamingOnExit:1]]
[2022.04.26-17.02.45:283][  0]LogConfig: Applying CVar settings from Section [/Script/Engine.GarbageCollectionSettings] File [C:/Users/njet9/OneDrive/Documents/GitHub/FindingHooman-Unreal/FindingHooman/Saved/Config/Windows/Engine.ini]
[2022.04.26-17.02.45:283][  0]LogConfig: Setting CVar [[gc.MaxObjectsNotConsideredByGC:1]]
[2022.04.26-17.02.45:283][  0]LogConfig: Setting CVar [[gc.SizeOfPermanentObjectPool:0]]
[2022.04.26-17.02.45:283][  0]LogConfig: Setting CVar [[gc.FlushStreamingOnGC:0]]
[2022.04.26-17.02.45:283][  0]LogConfig: Setting CVar [[gc.NumRetriesBeforeForcingGC:10]]
[2022.04.26-17.02.45:283][  0]LogConfig: Setting CVar [[gc.AllowParallelGC:1]]
[2022.04.26-17.02.45:283][  0]LogConfig: Setting CVar [[gc.TimeBetweenPurgingPendingKillObjects:61.1]]
[2022.04.26-17.02.45:283][  0]LogConfig: Setting CVar [[gc.MaxObjectsInEditor:25165824]]
[2022.04.26-17.02.45:283][  0]LogConfig: Setting CVar [[gc.IncrementalBeginDestroyEnabled:1]]
[2022.04.26-17.02.45:283][  0]LogConfig: Setting CVar [[gc.CreateGCClusters:1]]
[2022.04.26-17.02.45:283][  0]LogConfig: Setting CVar [[gc.MinGCClusterSize:5]]
[2022.04.26-17.02.45:283][  0]LogConfig: Setting CVar [[gc.ActorClusteringEnabled:0]]
[2022.04.26-17.02.45:283][  0]LogConfig: Setting CVar [[gc.BlueprintClusteringEnabled:0]]
[2022.04.26-17.02.45:283][  0]LogConfig: Setting CVar [[gc.UseDisregardForGCOnDedicatedServers:0]]
[2022.04.26-17.02.45:283][  0]LogConfig: Setting CVar [[gc.MultithreadedDestructionEnabled:1]]
[2022.04.26-17.02.45:283][  0]LogConfig: Applying CVar settings from Section [/Script/Engine.NetworkSettings] File [C:/Users/njet9/OneDrive/Documents/GitHub/FindingHooman-Unreal/FindingHooman/Saved/Config/Windows/Engine.ini]
[2022.04.26-17.02.45:283][  0]LogConfig: Applying CVar settings from Section [/Script/UnrealEd.CookerSettings] File [C:/Users/njet9/OneDrive/Documents/GitHub/FindingHooman-Unreal/FindingHooman/Saved/Config/Windows/Engine.ini]
[2022.04.26-17.02.45:306][  0]LogConfig: Applying CVar settings from Section [ViewDistanceQuality@3] File [C:/Users/njet9/OneDrive/Documents/GitHub/FindingHooman-Unreal/FindingHooman/Saved/Config/Windows/Scalability.ini]
[2022.04.26-17.02.45:306][  0]LogConfig: Setting CVar [[r.SkeletalMeshLODBias:0]]
[2022.04.26-17.02.45:306][  0]LogConfig: Setting CVar [[r.ViewDistanceScale:1.0]]
[2022.04.26-17.02.45:306][  0]LogConfig: Applying CVar settings from Section [AntiAliasingQuality@3] File [C:/Users/njet9/OneDrive/Documents/GitHub/FindingHooman-Unreal/FindingHooman/Saved/Config/Windows/Scalability.ini]
[2022.04.26-17.02.45:306][  0]LogConfig: Setting CVar [[r.PostProcessAAQuality:4]]
[2022.04.26-17.02.45:306][  0]LogConfig: Applying CVar settings from Section [ShadowQuality@3] File [C:/Users/njet9/OneDrive/Documents/GitHub/FindingHooman-Unreal/FindingHooman/Saved/Config/Windows/Scalability.ini]
[2022.04.26-17.02.45:306][  0]LogConfig: Setting CVar [[r.LightFunctionQuality:1]]
[2022.04.26-17.02.45:306][  0]LogConfig: Setting CVar [[r.ShadowQuality:5]]
[2022.04.26-17.02.45:306][  0]LogConfig: Setting CVar [[r.Shadow.CSM.MaxCascades:10]]
[2022.04.26-17.02.45:306][  0]LogConfig: Setting CVar [[r.Shadow.MaxResolution:2048]]
[2022.04.26-17.02.45:306][  0]LogConfig: Setting CVar [[r.Shadow.MaxCSMResolution:2048]]
[2022.04.26-17.02.45:306][  0]LogConfig: Setting CVar [[r.Shadow.RadiusThreshold:0.01]]
[2022.04.26-17.02.45:306][  0]LogConfig: Setting CVar [[r.Shadow.DistanceScale:1.0]]
[2022.04.26-17.02.45:306][  0]LogConfig: Setting CVar [[r.Shadow.CSM.TransitionScale:1.0]]
[2022.04.26-17.02.45:306][  0]LogConfig: Setting CVar [[r.Shadow.PreShadowResolutionFactor:1.0]]
[2022.04.26-17.02.45:306][  0]LogConfig: Setting CVar [[r.DistanceFieldShadowing:1]]
[2022.04.26-17.02.45:306][  0]LogConfig: Setting CVar [[r.DistanceFieldAO:1]]
[2022.04.26-17.02.45:306][  0]LogConfig: Setting CVar [[r.AOQuality:2]]
[2022.04.26-17.02.45:306][  0]LogConfig: Setting CVar [[r.VolumetricFog:1]]
[2022.04.26-17.02.45:306][  0]LogConfig: Setting CVar [[r.VolumetricFog.GridPixelSize:8]]
[2022.04.26-17.02.45:306][  0]LogConfig: Setting CVar [[r.VolumetricFog.GridSizeZ:128]]
[2022.04.26-17.02.45:306][  0]LogConfig: Setting CVar [[r.VolumetricFog.HistoryMissSupersampleCount:4]]
[2022.04.26-17.02.45:306][  0]LogConfig: Setting CVar [[r.LightMaxDrawDistanceScale:1]]
[2022.04.26-17.02.45:306][  0]LogConfig: Setting CVar [[r.CapsuleShadows:1]]
[2022.04.26-17.02.45:306][  0]LogConfig: Applying CVar settings from Section [PostProcessQuality@3] File [C:/Users/njet9/OneDrive/Documents/GitHub/FindingHooman-Unreal/FindingHooman/Saved/Config/Windows/Scalability.ini]
[2022.04.26-17.02.45:306][  0]LogConfig: Setting CVar [[r.MotionBlurQuality:4]]
[2022.04.26-17.02.45:306][  0]LogConfig: Setting CVar [[r.AmbientOcclusionMipLevelFactor:0.4]]
[2022.04.26-17.02.45:306][  0]LogConfig: Setting CVar [[r.AmbientOcclusionMaxQuality:100]]
[2022.04.26-17.02.45:306][  0]LogConfig: Setting CVar [[r.AmbientOcclusionLevels:-1]]
[2022.04.26-17.02.45:306][  0]LogConfig: Setting CVar [[r.AmbientOcclusionRadiusScale:1.0]]
[2022.04.26-17.02.45:306][  0]LogConfig: Setting CVar [[r.DepthOfFieldQuality:2]]
[2022.04.26-17.02.45:306][  0]LogConfig: Setting CVar [[r.RenderTargetPoolMin:400]]
[2022.04.26-17.02.45:306][  0]LogConfig: Setting CVar [[r.LensFlareQuality:2]]
[2022.04.26-17.02.45:306][  0]LogConfig: Setting CVar [[r.SceneColorFringeQuality:1]]
[2022.04.26-17.02.45:306][  0]LogConfig: Setting CVar [[r.EyeAdaptationQuality:2]]
[2022.04.26-17.02.45:306][  0]LogConfig: Setting CVar [[r.BloomQuality:5]]
[2022.04.26-17.02.45:306][  0]LogConfig: Setting CVar [[r.FastBlurThreshold:100]]
[2022.04.26-17.02.45:306][  0]LogConfig: Setting CVar [[r.Upscale.Quality:3]]
[2022.04.26-17.02.45:306][  0]LogConfig: Setting CVar [[r.Tonemapper.GrainQuantization:1]]
[2022.04.26-17.02.45:306][  0]LogConfig: Setting CVar [[r.LightShaftQuality:1]]
[2022.04.26-17.02.45:306][  0]LogConfig: Setting CVar [[r.Filter.SizeScale:1]]
[2022.04.26-17.02.45:306][  0]LogConfig: Setting CVar [[r.Tonemapper.Quality:5]]
[2022.04.26-17.02.45:306][  0]LogConfig: Setting CVar [[r.DOF.Gather.AccumulatorQuality:1        ; higher gathering accumulator quality]]
[2022.04.26-17.02.45:306][  0]LogConfig: Setting CVar [[r.DOF.Gather.PostfilterMethod:1          ; Median3x3 postfilering method]]
[2022.04.26-17.02.45:306][  0]LogConfig: Setting CVar [[r.DOF.Gather.EnableBokehSettings:0       ; no bokeh simulation when gathering]]
[2022.04.26-17.02.45:306][  0]LogConfig: Setting CVar [[r.DOF.Gather.RingCount:4                 ; medium number of samples when gathering]]
[2022.04.26-17.02.45:306][  0]LogConfig: Setting CVar [[r.DOF.Scatter.ForegroundCompositing:1    ; additive foreground scattering]]
[2022.04.26-17.02.45:306][  0]LogConfig: Setting CVar [[r.DOF.Scatter.BackgroundCompositing:2    ; additive background scattering]]
[2022.04.26-17.02.45:306][  0]LogConfig: Setting CVar [[r.DOF.Scatter.EnableBokehSettings:1      ; bokeh simulation when scattering]]
[2022.04.26-17.02.45:306][  0]LogConfig: Setting CVar [[r.DOF.Scatter.MaxSpriteRatio:0.1         ; only a maximum of 10% of scattered bokeh]]
[2022.04.26-17.02.45:306][  0]LogConfig: Setting CVar [[r.DOF.Recombine.Quality:1                ; cheap slight out of focus]]
[2022.04.26-17.02.45:306][  0]LogConfig: Setting CVar [[r.DOF.Recombine.EnableBokehSettings:0    ; no bokeh simulation on slight out of focus]]
[2022.04.26-17.02.45:306][  0]LogConfig: Setting CVar [[r.DOF.TemporalAAQuality:1                ; more stable temporal accumulation]]
[2022.04.26-17.02.45:306][  0]LogConfig: Setting CVar [[r.DOF.Kernel.MaxForegroundRadius:0.025]]
[2022.04.26-17.02.45:306][  0]LogConfig: Setting CVar [[r.DOF.Kernel.MaxBackgroundRadius:0.025]]
[2022.04.26-17.02.45:306][  0]LogConfig: Applying CVar settings from Section [TextureQuality@3] File [C:/Users/njet9/OneDrive/Documents/GitHub/FindingHooman-Unreal/FindingHooman/Saved/Config/Windows/Scalability.ini]
[2022.04.26-17.02.45:306][  0]LogConfig: Setting CVar [[r.Streaming.MipBias:0]]
[2022.04.26-17.02.45:306][  0]LogConfig: Setting CVar [[r.Streaming.AmortizeCPUToGPUCopy:0]]
[2022.04.26-17.02.45:306][  0]LogConfig: Setting CVar [[r.Streaming.MaxNumTexturesToStreamPerFrame:0]]
[2022.04.26-17.02.45:306][  0]LogConfig: Setting CVar [[r.Streaming.Boost:1]]
[2022.04.26-17.02.45:306][  0]LogConfig: Setting CVar [[r.MaxAnisotropy:8]]
[2022.04.26-17.02.45:306][  0]LogConfig: Setting CVar [[r.VT.MaxAnisotropy:8]]
[2022.04.26-17.02.45:306][  0]LogConfig: Setting CVar [[r.Streaming.LimitPoolSizeToVRAM:0]]
[2022.04.26-17.02.45:306][  0]LogConfig: Setting CVar [[r.Streaming.PoolSize:1000]]
[2022.04.26-17.02.45:306][  0]LogConfig: Setting CVar [[r.Streaming.MaxEffectiveScreenSize:0]]
[2022.04.26-17.02.45:306][  0]LogConfig: Applying CVar settings from Section [EffectsQuality@3] File [C:/Users/njet9/OneDrive/Documents/GitHub/FindingHooman-Unreal/FindingHooman/Saved/Config/Windows/Scalability.ini]
[2022.04.26-17.02.45:306][  0]LogConfig: Setting CVar [[r.TranslucencyLightingVolumeDim:64]]
[2022.04.26-17.02.45:307][  0]LogConfig: Setting CVar [[r.RefractionQuality:2]]
[2022.04.26-17.02.45:307][  0]LogConfig: Setting CVar [[r.SSR.Quality:3]]
[2022.04.26-17.02.45:307][  0]LogConfig: Setting CVar [[r.SSR.HalfResSceneColor:0]]
[2022.04.26-17.02.45:307][  0]LogConfig: Setting CVar [[r.SceneColorFormat:4]]
[2022.04.26-17.02.45:307][  0]LogConfig: Setting CVar [[r.DetailMode:2]]
[2022.04.26-17.02.45:307][  0]LogConfig: Setting CVar [[r.TranslucencyVolumeBlur:1]]
[2022.04.26-17.02.45:307][  0]LogConfig: Setting CVar [[r.MaterialQualityLevel:1 ; High quality]]
[2022.04.26-17.02.45:307][  0]LogConfig: Setting CVar [[r.AnisotropicMaterials:1]]
[2022.04.26-17.02.45:307][  0]LogConfig: Setting CVar [[r.SSS.Scale:1]]
[2022.04.26-17.02.45:307][  0]LogConfig: Setting CVar [[r.SSS.SampleSet:2]]
[2022.04.26-17.02.45:307][  0]LogConfig: Setting CVar [[r.SSS.Quality:1]]
[2022.04.26-17.02.45:307][  0]LogConfig: Setting CVar [[r.SSS.HalfRes:0]]
[2022.04.26-17.02.45:307][  0]LogConfig: Setting CVar [[r.SSGI.Quality:3]]
[2022.04.26-17.02.45:307][  0]LogConfig: Setting CVar [[r.EmitterSpawnRateScale:1.0]]
[2022.04.26-17.02.45:307][  0]LogConfig: Setting CVar [[r.ParticleLightQuality:2]]
[2022.04.26-17.02.45:307][  0]LogConfig: Setting CVar [[r.SkyAtmosphere.AerialPerspectiveLUT.FastApplyOnOpaque:1 ; Always have FastSkyLUT 1 in this case to avoid wrong sky]]
[2022.04.26-17.02.45:307][  0]LogConfig: Setting CVar [[r.SkyAtmosphere.AerialPerspectiveLUT.SampleCountMaxPerSlice:4]]
[2022.04.26-17.02.45:307][  0]LogConfig: Setting CVar [[r.SkyAtmosphere.AerialPerspectiveLUT.DepthResolution:16.0]]
[2022.04.26-17.02.45:307][  0]LogConfig: Setting CVar [[r.SkyAtmosphere.FastSkyLUT:1]]
[2022.04.26-17.02.45:307][  0]LogConfig: Setting CVar [[r.SkyAtmosphere.FastSkyLUT.SampleCountMin:4.0]]
[2022.04.26-17.02.45:307][  0]LogConfig: Setting CVar [[r.SkyAtmosphere.FastSkyLUT.SampleCountMax:128.0]]
[2022.04.26-17.02.45:307][  0]LogConfig: Setting CVar [[r.SkyAtmosphere.SampleCountMin:4.0]]
[2022.04.26-17.02.45:307][  0]LogConfig: Setting CVar [[r.SkyAtmosphere.SampleCountMax:128.0]]
[2022.04.26-17.02.45:307][  0]LogConfig: Setting CVar [[r.SkyAtmosphere.TransmittanceLUT.UseSmallFormat:0]]
[2022.04.26-17.02.45:307][  0]LogConfig: Setting CVar [[r.SkyAtmosphere.TransmittanceLUT.SampleCount:10.0]]
[2022.04.26-17.02.45:307][  0]LogConfig: Setting CVar [[r.SkyAtmosphere.MultiScatteringLUT.SampleCount:15.0]]
[2022.04.26-17.02.45:307][  0]LogConfig: Setting CVar [[r.SkyLight.RealTimeReflectionCapture:1]]
[2022.04.26-17.02.45:307][  0]LogConfig: Applying CVar settings from Section [FoliageQuality@3] File [C:/Users/njet9/OneDrive/Documents/GitHub/FindingHooman-Unreal/FindingHooman/Saved/Config/Windows/Scalability.ini]
[2022.04.26-17.02.45:307][  0]LogConfig: Setting CVar [[foliage.DensityScale:1.0]]
[2022.04.26-17.02.45:307][  0]LogConfig: Setting CVar [[grass.DensityScale:1.0]]
[2022.04.26-17.02.45:307][  0]LogConfig: Applying CVar settings from Section [ShadingQuality@3] File [C:/Users/njet9/OneDrive/Documents/GitHub/FindingHooman-Unreal/FindingHooman/Saved/Config/Windows/Scalability.ini]
[2022.04.26-17.02.45:307][  0]LogConfig: Setting CVar [[r.HairStrands.SkyLighting.IntegrationType:2]]
[2022.04.26-17.02.45:307][  0]LogConfig: Setting CVar [[r.HairStrands.SkyAO.SampleCount:4]]
[2022.04.26-17.02.45:307][  0]LogConfig: Setting CVar [[r.HairStrands.Visibility.MSAA.SamplePerPixel:4]]
[2022.04.26-17.02.45:307][  0]LogInit: Selected Device Profile: [Windows]
[2022.04.26-17.02.45:307][  0]LogInit: Applying CVar settings loaded from the selected device profile: [Windows]
[2022.04.26-17.02.45:307][  0]LogHAL: Display: Platform has ~ 16 GB [17052065792 / 17179869184 / 16], which maps to Larger [LargestMinGB=32, LargerMinGB=12, DefaultMinGB=8, SmallerMinGB=6, SmallestMinGB=0)
[2022.04.26-17.02.45:307][  0]LogInit: Going up to parent DeviceProfile []
[2022.04.26-17.02.45:307][  0]LogConfig: Applying CVar settings from Section [ViewDistanceQuality@3] File [C:/Users/njet9/OneDrive/Documents/GitHub/FindingHooman-Unreal/FindingHooman/Saved/Config/Windows/Scalability.ini]
[2022.04.26-17.02.45:307][  0]LogConfig: Setting CVar [[r.SkeletalMeshLODBias:0]]
[2022.04.26-17.02.45:307][  0]LogConfig: Setting CVar [[r.ViewDistanceScale:1.0]]
[2022.04.26-17.02.45:307][  0]LogConfig: Applying CVar settings from Section [AntiAliasingQuality@3] File [C:/Users/njet9/OneDrive/Documents/GitHub/FindingHooman-Unreal/FindingHooman/Saved/Config/Windows/Scalability.ini]
[2022.04.26-17.02.45:307][  0]LogConfig: Setting CVar [[r.PostProcessAAQuality:4]]
[2022.04.26-17.02.45:307][  0]LogConfig: Applying CVar settings from Section [ShadowQuality@3] File [C:/Users/njet9/OneDrive/Documents/GitHub/FindingHooman-Unreal/FindingHooman/Saved/Config/Windows/Scalability.ini]
[2022.04.26-17.02.45:307][  0]LogConfig: Setting CVar [[r.LightFunctionQuality:1]]
[2022.04.26-17.02.45:307][  0]LogConfig: Setting CVar [[r.ShadowQuality:5]]
[2022.04.26-17.02.45:307][  0]LogConfig: Setting CVar [[r.Shadow.CSM.MaxCascades:10]]
[2022.04.26-17.02.45:307][  0]LogConfig: Setting CVar [[r.Shadow.MaxResolution:2048]]
[2022.04.26-17.02.45:307][  0]LogConfig: Setting CVar [[r.Shadow.MaxCSMResolution:2048]]
[2022.04.26-17.02.45:307][  0]LogConfig: Setting CVar [[r.Shadow.RadiusThreshold:0.01]]
[2022.04.26-17.02.45:307][  0]LogConfig: Setting CVar [[r.Shadow.DistanceScale:1.0]]
[2022.04.26-17.02.45:307][  0]LogConfig: Setting CVar [[r.Shadow.CSM.TransitionScale:1.0]]
[2022.04.26-17.02.45:307][  0]LogConfig: Setting CVar [[r.Shadow.PreShadowResolutionFactor:1.0]]
[2022.04.26-17.02.45:307][  0]LogConfig: Setting CVar [[r.DistanceFieldShadowing:1]]
[2022.04.26-17.02.45:307][  0]LogConfig: Setting CVar [[r.DistanceFieldAO:1]]
[2022.04.26-17.02.45:307][  0]LogConfig: Setting CVar [[r.AOQuality:2]]
[2022.04.26-17.02.45:307][  0]LogConfig: Setting CVar [[r.VolumetricFog:1]]
[2022.04.26-17.02.45:307][  0]LogConfig: Setting CVar [[r.VolumetricFog.GridPixelSize:8]]
[2022.04.26-17.02.45:307][  0]LogConfig: Setting CVar [[r.VolumetricFog.GridSizeZ:128]]
[2022.04.26-17.02.45:307][  0]LogConfig: Setting CVar [[r.VolumetricFog.HistoryMissSupersampleCount:4]]
[2022.04.26-17.02.45:307][  0]LogConfig: Setting CVar [[r.LightMaxDrawDistanceScale:1]]
[2022.04.26-17.02.45:307][  0]LogConfig: Setting CVar [[r.CapsuleShadows:1]]
[2022.04.26-17.02.45:307][  0]LogConfig: Applying CVar settings from Section [PostProcessQuality@3] File [C:/Users/njet9/OneDrive/Documents/GitHub/FindingHooman-Unreal/FindingHooman/Saved/Config/Windows/Scalability.ini]
[2022.04.26-17.02.45:307][  0]LogConfig: Setting CVar [[r.MotionBlurQuality:4]]
[2022.04.26-17.02.45:307][  0]LogConfig: Setting CVar [[r.AmbientOcclusionMipLevelFactor:0.4]]
[2022.04.26-17.02.45:307][  0]LogConfig: Setting CVar [[r.AmbientOcclusionMaxQuality:100]]
[2022.04.26-17.02.45:307][  0]LogConfig: Setting CVar [[r.AmbientOcclusionLevels:-1]]
[2022.04.26-17.02.45:307][  0]LogConfig: Setting CVar [[r.AmbientOcclusionRadiusScale:1.0]]
[2022.04.26-17.02.45:307][  0]LogConfig: Setting CVar [[r.DepthOfFieldQuality:2]]
[2022.04.26-17.02.45:307][  0]LogConfig: Setting CVar [[r.RenderTargetPoolMin:400]]
[2022.04.26-17.02.45:307][  0]LogConfig: Setting CVar [[r.LensFlareQuality:2]]
[2022.04.26-17.02.45:307][  0]LogConfig: Setting CVar [[r.SceneColorFringeQuality:1]]
[2022.04.26-17.02.45:307][  0]LogConfig: Setting CVar [[r.EyeAdaptationQuality:2]]
[2022.04.26-17.02.45:307][  0]LogConfig: Setting CVar [[r.BloomQuality:5]]
[2022.04.26-17.02.45:307][  0]LogConfig: Setting CVar [[r.FastBlurThreshold:100]]
[2022.04.26-17.02.45:307][  0]LogConfig: Setting CVar [[r.Upscale.Quality:3]]
[2022.04.26-17.02.45:307][  0]LogConfig: Setting CVar [[r.Tonemapper.GrainQuantization:1]]
[2022.04.26-17.02.45:307][  0]LogConfig: Setting CVar [[r.LightShaftQuality:1]]
[2022.04.26-17.02.45:307][  0]LogConfig: Setting CVar [[r.Filter.SizeScale:1]]
[2022.04.26-17.02.45:308][  0]LogConfig: Setting CVar [[r.Tonemapper.Quality:5]]
[2022.04.26-17.02.45:308][  0]LogConfig: Setting CVar [[r.DOF.Gather.AccumulatorQuality:1        ; higher gathering accumulator quality]]
[2022.04.26-17.02.45:308][  0]LogConfig: Setting CVar [[r.DOF.Gather.PostfilterMethod:1          ; Median3x3 postfilering method]]
[2022.04.26-17.02.45:308][  0]LogConfig: Setting CVar [[r.DOF.Gather.EnableBokehSettings:0       ; no bokeh simulation when gathering]]
[2022.04.26-17.02.45:308][  0]LogConfig: Setting CVar [[r.DOF.Gather.RingCount:4                 ; medium number of samples when gathering]]
[2022.04.26-17.02.45:308][  0]LogConfig: Setting CVar [[r.DOF.Scatter.ForegroundCompositing:1    ; additive foreground scattering]]
[2022.04.26-17.02.45:308][  0]LogConfig: Setting CVar [[r.DOF.Scatter.BackgroundCompositing:2    ; additive background scattering]]
[2022.04.26-17.02.45:308][  0]LogConfig: Setting CVar [[r.DOF.Scatter.EnableBokehSettings:1      ; bokeh simulation when scattering]]
[2022.04.26-17.02.45:308][  0]LogConfig: Setting CVar [[r.DOF.Scatter.MaxSpriteRatio:0.1         ; only a maximum of 10% of scattered bokeh]]
[2022.04.26-17.02.45:308][  0]LogConfig: Setting CVar [[r.DOF.Recombine.Quality:1                ; cheap slight out of focus]]
[2022.04.26-17.02.45:308][  0]LogConfig: Setting CVar [[r.DOF.Recombine.EnableBokehSettings:0    ; no bokeh simulation on slight out of focus]]
[2022.04.26-17.02.45:308][  0]LogConfig: Setting CVar [[r.DOF.TemporalAAQuality:1                ; more stable temporal accumulation]]
[2022.04.26-17.02.45:308][  0]LogConfig: Setting CVar [[r.DOF.Kernel.MaxForegroundRadius:0.025]]
[2022.04.26-17.02.45:308][  0]LogConfig: Setting CVar [[r.DOF.Kernel.MaxBackgroundRadius:0.025]]
[2022.04.26-17.02.45:308][  0]LogConfig: Applying CVar settings from Section [TextureQuality@3] File [C:/Users/njet9/OneDrive/Documents/GitHub/FindingHooman-Unreal/FindingHooman/Saved/Config/Windows/Scalability.ini]
[2022.04.26-17.02.45:308][  0]LogConfig: Setting CVar [[r.Streaming.MipBias:0]]
[2022.04.26-17.02.45:308][  0]LogConfig: Setting CVar [[r.Streaming.AmortizeCPUToGPUCopy:0]]
[2022.04.26-17.02.45:308][  0]LogConfig: Setting CVar [[r.Streaming.MaxNumTexturesToStreamPerFrame:0]]
[2022.04.26-17.02.45:308][  0]LogConfig: Setting CVar [[r.Streaming.Boost:1]]
[2022.04.26-17.02.45:308][  0]LogConfig: Setting CVar [[r.MaxAnisotropy:8]]
[2022.04.26-17.02.45:308][  0]LogConfig: Setting CVar [[r.VT.MaxAnisotropy:8]]
[2022.04.26-17.02.45:308][  0]LogConfig: Setting CVar [[r.Streaming.LimitPoolSizeToVRAM:0]]
[2022.04.26-17.02.45:308][  0]LogConfig: Setting CVar [[r.Streaming.PoolSize:1000]]
[2022.04.26-17.02.45:308][  0]LogConfig: Setting CVar [[r.Streaming.MaxEffectiveScreenSize:0]]
[2022.04.26-17.02.45:308][  0]LogConfig: Applying CVar settings from Section [EffectsQuality@3] File [C:/Users/njet9/OneDrive/Documents/GitHub/FindingHooman-Unreal/FindingHooman/Saved/Config/Windows/Scalability.ini]
[2022.04.26-17.02.45:308][  0]LogConfig: Setting CVar [[r.TranslucencyLightingVolumeDim:64]]
[2022.04.26-17.02.45:308][  0]LogConfig: Setting CVar [[r.RefractionQuality:2]]
[2022.04.26-17.02.45:308][  0]LogConfig: Setting CVar [[r.SSR.Quality:3]]
[2022.04.26-17.02.45:308][  0]LogConfig: Setting CVar [[r.SSR.HalfResSceneColor:0]]
[2022.04.26-17.02.45:308][  0]LogConfig: Setting CVar [[r.SceneColorFormat:4]]
[2022.04.26-17.02.45:308][  0]LogConfig: Setting CVar [[r.DetailMode:2]]
[2022.04.26-17.02.45:308][  0]LogConfig: Setting CVar [[r.TranslucencyVolumeBlur:1]]
[2022.04.26-17.02.45:308][  0]LogConfig: Setting CVar [[r.MaterialQualityLevel:1 ; High quality]]
[2022.04.26-17.02.45:308][  0]LogConfig: Setting CVar [[r.AnisotropicMaterials:1]]
[2022.04.26-17.02.45:308][  0]LogConfig: Setting CVar [[r.SSS.Scale:1]]
[2022.04.26-17.02.45:308][  0]LogConfig: Setting CVar [[r.SSS.SampleSet:2]]
[2022.04.26-17.02.45:308][  0]LogConfig: Setting CVar [[r.SSS.Quality:1]]
[2022.04.26-17.02.45:308][  0]LogConfig: Setting CVar [[r.SSS.HalfRes:0]]
[2022.04.26-17.02.45:308][  0]LogConfig: Setting CVar [[r.SSGI.Quality:3]]
[2022.04.26-17.02.45:308][  0]LogConfig: Setting CVar [[r.EmitterSpawnRateScale:1.0]]
[2022.04.26-17.02.45:308][  0]LogConfig: Setting CVar [[r.ParticleLightQuality:2]]
[2022.04.26-17.02.45:308][  0]LogConfig: Setting CVar [[r.SkyAtmosphere.AerialPerspectiveLUT.FastApplyOnOpaque:1 ; Always have FastSkyLUT 1 in this case to avoid wrong sky]]
[2022.04.26-17.02.45:308][  0]LogConfig: Setting CVar [[r.SkyAtmosphere.AerialPerspectiveLUT.SampleCountMaxPerSlice:4]]
[2022.04.26-17.02.45:308][  0]LogConfig: Setting CVar [[r.SkyAtmosphere.AerialPerspectiveLUT.DepthResolution:16.0]]
[2022.04.26-17.02.45:308][  0]LogConfig: Setting CVar [[r.SkyAtmosphere.FastSkyLUT:1]]
[2022.04.26-17.02.45:308][  0]LogConfig: Setting CVar [[r.SkyAtmosphere.FastSkyLUT.SampleCountMin:4.0]]
[2022.04.26-17.02.45:308][  0]LogConfig: Setting CVar [[r.SkyAtmosphere.FastSkyLUT.SampleCountMax:128.0]]
[2022.04.26-17.02.45:308][  0]LogConfig: Setting CVar [[r.SkyAtmosphere.SampleCountMin:4.0]]
[2022.04.26-17.02.45:308][  0]LogConfig: Setting CVar [[r.SkyAtmosphere.SampleCountMax:128.0]]
[2022.04.26-17.02.45:308][  0]LogConfig: Setting CVar [[r.SkyAtmosphere.TransmittanceLUT.UseSmallFormat:0]]
[2022.04.26-17.02.45:308][  0]LogConfig: Setting CVar [[r.SkyAtmosphere.TransmittanceLUT.SampleCount:10.0]]
[2022.04.26-17.02.45:308][  0]LogConfig: Setting CVar [[r.SkyAtmosphere.MultiScatteringLUT.SampleCount:15.0]]
[2022.04.26-17.02.45:308][  0]LogConfig: Setting CVar [[r.SkyLight.RealTimeReflectionCapture:1]]
[2022.04.26-17.02.45:308][  0]LogConfig: Applying CVar settings from Section [FoliageQuality@3] File [C:/Users/njet9/OneDrive/Documents/GitHub/FindingHooman-Unreal/FindingHooman/Saved/Config/Windows/Scalability.ini]
[2022.04.26-17.02.45:308][  0]LogConfig: Setting CVar [[foliage.DensityScale:1.0]]
[2022.04.26-17.02.45:308][  0]LogConfig: Setting CVar [[grass.DensityScale:1.0]]
[2022.04.26-17.02.45:308][  0]LogConfig: Applying CVar settings from Section [ShadingQuality@3] File [C:/Users/njet9/OneDrive/Documents/GitHub/FindingHooman-Unreal/FindingHooman/Saved/Config/Windows/Scalability.ini]
[2022.04.26-17.02.45:308][  0]LogConfig: Setting CVar [[r.HairStrands.SkyLighting.IntegrationType:2]]
[2022.04.26-17.02.45:308][  0]LogConfig: Setting CVar [[r.HairStrands.SkyAO.SampleCount:4]]
[2022.04.26-17.02.45:308][  0]LogConfig: Setting CVar [[r.HairStrands.Visibility.MSAA.SamplePerPixel:4]]
[2022.04.26-17.02.45:308][  0]LogConfig: Applying CVar settings from Section [Startup] File [../../../Engine/Config/ConsoleVariables.ini]
[2022.04.26-17.02.45:308][  0]LogConfig: Setting CVar [[net.UseAdaptiveNetUpdateFrequency:0]]
[2022.04.26-17.02.45:308][  0]LogConfig: Setting CVar [[p.chaos.AllowCreatePhysxBodies:1]]
[2022.04.26-17.02.45:308][  0]LogConfig: Setting CVar [[fx.SkipVectorVMBackendOptimizations:1]]
[2022.04.26-17.02.45:308][  0]LogConfig: Applying CVar settings from Section [ConsoleVariables] File [C:/Users/njet9/OneDrive/Documents/GitHub/FindingHooman-Unreal/FindingHooman/Saved/Config/Windows/Engine.ini]
[2022.04.26-17.02.45:308][  0]LogConfig: Applying CVar settings from Section [ConsoleVariables] File [C:/Users/njet9/OneDrive/Documents/GitHub/FindingHooman-Unreal/FindingHooman/Saved/Config/Windows/Editor.ini]
[2022.04.26-17.02.45:308][  0]LogInit: Computer: DESKTOP-COTE9FO
[2022.04.26-17.02.45:308][  0]LogInit: User: njet9
[2022.04.26-17.02.45:308][  0]LogInit: CPU Page size=4096, Cores=6
[2022.04.26-17.02.45:308][  0]LogInit: High frequency timer resolution =10.000000 MHz
[2022.04.26-17.02.45:309][  0]LogMemory: Memory total: Physical=15.9GB (16GB approx)
[2022.04.26-17.02.45:309][  0]LogMemory: Platform Memory Stats for Windows
[2022.04.26-17.02.45:309][  0]LogMemory: Process Physical Memory: 146.27 MB used, 146.27 MB peak
[2022.04.26-17.02.45:309][  0]LogMemory: Process Virtual Memory: 124.24 MB used, 124.24 MB peak
[2022.04.26-17.02.45:309][  0]LogMemory: Physical Memory: 10124.35 MB used,  6137.77 MB free, 16262.12 MB total
[2022.04.26-17.02.45:309][  0]LogMemory: Virtual Memory: 134210928.00 MB used,  6799.56 MB free, 134217728.00 MB total
[2022.04.26-17.02.45:314][  0]LogWindows: WindowsPlatformFeatures enabled
[2022.04.26-17.02.45:353][  0]LogInit: Physics initialised using underlying interface: PhysX
[2022.04.26-17.02.45:356][  0]LogInit: Using OS detected language (en-GB).
[2022.04.26-17.02.45:356][  0]LogInit: Using OS detected locale (en-US).
[2022.04.26-17.02.45:358][  0]LogTextLocalizationManager: No specific localization for 'en-GB' exists, so the 'en' localization will be used.
[2022.04.26-17.02.45:526][  0]LogInit: Setting process to per monitor DPI aware
[2022.04.26-17.02.45:541][  0]LogWindowsTextInputMethodSystem: Display: IME system deactivated.
[2022.04.26-17.02.45:555][  0]LogSlate: New Slate User Created.  User Index 0, Is Virtual User: 0
[2022.04.26-17.02.45:555][  0]LogSlate: Slate User Registered.  User Index 0, Is Virtual User: 0
[2022.04.26-17.02.45:647][  0]LogD3D11RHI: Loaded GFSDK_Aftermath_Lib.x64.dll
[2022.04.26-17.02.45:651][  0]LogHMD: Failed to initialize OpenVR with code 110
[2022.04.26-17.02.45:651][  0]LogD3D11RHI: D3D11 min allowed feature level: 11_0
[2022.04.26-17.02.45:651][  0]LogD3D11RHI: D3D11 max allowed feature level: 11_0
[2022.04.26-17.02.45:651][  0]LogD3D11RHI: D3D11 adapters:
[2022.04.26-17.02.45:747][  0]LogD3D11RHI:    0. 'NVIDIA GeForce RTX 2070' (Feature Level 11_0)
[2022.04.26-17.02.45:747][  0]LogD3D11RHI:       8031/0/8131 MB DedicatedVideo/DedicatedSystem/SharedSystem, Outputs:2, VendorId:0x10de
[2022.04.26-17.02.45:749][  0]LogD3D11RHI:    1. 'Microsoft Basic Render Driver' (Feature Level 11_0)
[2022.04.26-17.02.45:749][  0]LogD3D11RHI:       0/0/8131 MB DedicatedVideo/DedicatedSystem/SharedSystem, Outputs:0, VendorId:0x1414
[2022.04.26-17.02.45:749][  0]LogD3D11RHI: Chosen D3D11 Adapter:
[2022.04.26-17.02.45:749][  0]LogD3D11RHI:     Description : NVIDIA GeForce RTX 2070
[2022.04.26-17.02.45:749][  0]LogD3D11RHI:     VendorId    : 10de
[2022.04.26-17.02.45:749][  0]LogD3D11RHI:     DeviceId    : 1f50
[2022.04.26-17.02.45:749][  0]LogD3D11RHI:     SubSysId    : 8603103c
[2022.04.26-17.02.45:749][  0]LogD3D11RHI:     Revision    : 00a1
[2022.04.26-17.02.45:749][  0]LogD3D11RHI:     DedicatedVideoMemory : 8421113856 bytes
[2022.04.26-17.02.45:749][  0]LogD3D11RHI:     DedicatedSystemMemory : 0 bytes
[2022.04.26-17.02.45:749][  0]LogD3D11RHI:     SharedSystemMemory : 8526032896 bytes
[2022.04.26-17.02.45:749][  0]LogD3D11RHI:     AdapterLuid : 0 71630
[2022.04.26-17.02.45:757][  0]LogD3D11RHI: Creating new Direct3DDevice
[2022.04.26-17.02.45:757][  0]LogD3D11RHI:     GPU DeviceId: 0x1f50 (for the marketing name, search the web for "GPU Device Id")
[2022.04.26-17.02.45:757][  0]LogWindows: EnumDisplayDevices:
[2022.04.26-17.02.45:757][  0]LogWindows:    0. 'NVIDIA GeForce RTX 2070' (P:1 D:1)
[2022.04.26-17.02.45:757][  0]LogWindows:    1. 'NVIDIA GeForce RTX 2070' (P:0 D:1)
[2022.04.26-17.02.45:758][  0]LogWindows:    2. 'NVIDIA GeForce RTX 2070' (P:0 D:0)
[2022.04.26-17.02.45:758][  0]LogWindows:    3. 'NVIDIA GeForce RTX 2070' (P:0 D:0)
[2022.04.26-17.02.45:758][  0]LogWindows: DebugString: FoundDriverCount:4 
[2022.04.26-17.02.45:758][  0]LogD3D11RHI:     Adapter Name: NVIDIA GeForce RTX 2070
[2022.04.26-17.02.45:758][  0]LogD3D11RHI:   Driver Version: 512.15 (internal:30.0.15.1215, unified:512.15)
[2022.04.26-17.02.45:758][  0]LogD3D11RHI:      Driver Date: 3-17-2022
[2022.04.26-17.02.45:758][  0]LogRHI: Texture pool is 5621 MB (70% of 8031 MB)
[2022.04.26-17.02.45:758][  0]LogD3D11RHI: Creating D3DDevice using adapter:
[2022.04.26-17.02.45:758][  0]LogD3D11RHI:     Description : NVIDIA GeForce RTX 2070
[2022.04.26-17.02.45:758][  0]LogD3D11RHI:     VendorId    : 10de
[2022.04.26-17.02.45:758][  0]LogD3D11RHI:     DeviceId    : 1f50
[2022.04.26-17.02.45:758][  0]LogD3D11RHI:     SubSysId    : 8603103c
[2022.04.26-17.02.45:758][  0]LogD3D11RHI:     Revision    : 00a1
[2022.04.26-17.02.45:758][  0]LogD3D11RHI:     DedicatedVideoMemory : 8421113856 bytes
[2022.04.26-17.02.45:758][  0]LogD3D11RHI:     DedicatedSystemMemory : 0 bytes
[2022.04.26-17.02.45:758][  0]LogD3D11RHI:     SharedSystemMemory : 8526032896 bytes
[2022.04.26-17.02.45:758][  0]LogD3D11RHI:     AdapterLuid : 0 71630
[2022.04.26-17.02.45:810][  0]LogD3D11RHI: RHI has support for 64 bit atomics
[2022.04.26-17.02.45:810][  0]LogD3D11RHI: Async texture creation enabled
[2022.04.26-17.02.45:810][  0]LogD3D11RHI: Array index from any shader is supported
[2022.04.26-17.02.45:838][  0]LogD3D11RHI: GPU Timing Frequency: 1000.000000 (Debug: 2 2)
[2022.04.26-17.02.45:871][  0]LogRHI: GeForceNow SDK initialized: 1
[2022.04.26-17.02.46:132][  0]LogTargetPlatformManager: Display: Loaded TargetPlatform 'AllDesktop'
[2022.04.26-17.02.46:151][  0]LogTargetPlatformManager: Display: Loaded TargetPlatform 'Android'
[2022.04.26-17.02.46:151][  0]LogTargetPlatformManager: Display: Loaded TargetPlatform 'Android_ASTC'
[2022.04.26-17.02.46:151][  0]LogTargetPlatformManager: Display: Loaded TargetPlatform 'Android_DXT'
[2022.04.26-17.02.46:151][  0]LogTargetPlatformManager: Display: Loaded TargetPlatform 'Android_ETC2'
[2022.04.26-17.02.46:151][  0]LogTargetPlatformManager: Display: Loaded TargetPlatform 'AndroidClient'
[2022.04.26-17.02.46:151][  0]LogTargetPlatformManager: Display: Loaded TargetPlatform 'Android_ASTCClient'
[2022.04.26-17.02.46:151][  0]LogTargetPlatformManager: Display: Loaded TargetPlatform 'Android_DXTClient'
[2022.04.26-17.02.46:151][  0]LogTargetPlatformManager: Display: Loaded TargetPlatform 'Android_ETC2Client'
[2022.04.26-17.02.46:151][  0]LogTargetPlatformManager: Display: Loaded TargetPlatform 'Android_Multi'
[2022.04.26-17.02.46:151][  0]LogTargetPlatformManager: Display: Loaded TargetPlatform 'Android_MultiClient'
[2022.04.26-17.02.46:168][  0]LogTargetPlatformManager: Display: Loaded TargetPlatform 'IOSClient'
[2022.04.26-17.02.46:168][  0]LogTargetPlatformManager: Display: Loaded TargetPlatform 'IOS'
[2022.04.26-17.02.46:177][  0]LogTargetPlatformManager: Display: Loaded TargetPlatform 'Linux'
[2022.04.26-17.02.46:182][  0]LogTargetPlatformManager: Display: Loaded TargetPlatform 'LinuxNoEditor'
[2022.04.26-17.02.46:186][  0]LogTargetPlatformManager: Display: Loaded TargetPlatform 'LinuxClient'
[2022.04.26-17.02.46:191][  0]LogTargetPlatformManager: Display: Loaded TargetPlatform 'LinuxServer'
[2022.04.26-17.02.46:200][  0]LogTargetPlatformManager: Display: Loaded TargetPlatform 'LinuxAArch64NoEditor'
[2022.04.26-17.02.46:205][  0]LogTargetPlatformManager: Display: Loaded TargetPlatform 'LinuxAArch64Client'
[2022.04.26-17.02.46:210][  0]LogTargetPlatformManager: Display: Loaded TargetPlatform 'LinuxAArch64Server'
[2022.04.26-17.02.46:238][  0]LogTargetPlatformManager: Display: Loaded TargetPlatform 'Lumin'
[2022.04.26-17.02.46:238][  0]LogTargetPlatformManager: Display: Loaded TargetPlatform 'LuminClient'
[2022.04.26-17.02.46:245][  0]LogTargetPlatformManager: Display: Loaded TargetPlatform 'MacNoEditor'
[2022.04.26-17.02.46:250][  0]LogTargetPlatformManager: Display: Loaded TargetPlatform 'Mac'
[2022.04.26-17.02.46:255][  0]LogTargetPlatformManager: Display: Loaded TargetPlatform 'MacClient'
[2022.04.26-17.02.46:259][  0]LogTargetPlatformManager: Display: Loaded TargetPlatform 'MacServer'
[2022.04.26-17.02.46:269][  0]LogTargetPlatformManager: Display: Loaded TargetPlatform 'TVOSClient'
[2022.04.26-17.02.46:269][  0]LogTargetPlatformManager: Display: Loaded TargetPlatform 'TVOS'
[2022.04.26-17.02.46:278][  0]LogTargetPlatformManager: Display: Loaded TargetPlatform 'WindowsNoEditor'
[2022.04.26-17.02.46:282][  0]LogTargetPlatformManager: Display: Loaded TargetPlatform 'Windows'
[2022.04.26-17.02.46:288][  0]LogTargetPlatformManager: Display: Loaded TargetPlatform 'WindowsClient'
[2022.04.26-17.02.46:292][  0]LogTargetPlatformManager: Display: Loaded TargetPlatform 'WindowsServer'
[2022.04.26-17.02.46:292][  0]LogTargetPlatformManager: Display: Building Assets For Windows
[2022.04.26-17.02.46:301][  0]LogAudioDebug: Display: Lib vorbis DLL was dynamically loaded.
[2022.04.26-17.02.46:332][  0]LogTextureFormatOodle: Display: Oodle Texture 2.9.0 init RDO Off
[2022.04.26-17.02.46:365][  0]LogRendererCore: Ray tracing is disabled. Reason: r.RayTracing=0.
[2022.04.26-17.02.46:365][  0]LogShaderCompilers: Guid format shader working directory is -30 characters bigger than the processId version (C:/Users/njet9/OneDrive/Documents/GitHub/FindingHooman-Unreal/FindingHooman/Intermediate/Shaders/WorkingDirectory/14812/).
[2022.04.26-17.02.46:365][  0]LogShaderCompilers: Cleaned the shader compiler working directory 'C:/Users/njet9/AppData/Local/Temp/UnrealShaderWorkingDir/1D295DE54B507D1EA3EA70892766D457/'.
[2022.04.26-17.02.46:365][  0]LogXGEController: Cannot use XGE Controller as Incredibuild is not installed on this machine.
[2022.04.26-17.02.46:365][  0]LogShaderCompilers: Cannot use XGE Shader Compiler as Incredibuild is not installed on this machine.
[2022.04.26-17.02.46:365][  0]LogShaderCompilers: Display: Using Local Shader Compiler.
[2022.04.26-17.02.47:148][  0]LogDerivedDataCache: Display: Max Cache Size: 512 MB
[2022.04.26-17.02.47:206][  0]LogDerivedDataCache: Loaded boot cache 0.06s 104MB C:/Users/njet9/AppData/Local/UnrealEngine/4.27/DerivedDataCache/Boot.ddc.
[2022.04.26-17.02.47:206][  0]LogDerivedDataCache: Display: Loaded Boot cache: C:/Users/njet9/AppData/Local/UnrealEngine/4.27/DerivedDataCache/Boot.ddc
[2022.04.26-17.02.47:206][  0]LogDerivedDataCache: FDerivedDataBackendGraph:  Pak pak cache file C:/Users/njet9/OneDrive/Documents/GitHub/FindingHooman-Unreal/FindingHooman/DerivedDataCache/DDC.ddp not found, will not use a pak cache.
[2022.04.26-17.02.47:206][  0]LogDerivedDataCache: Unable to find inner node Pak for hierarchical cache Hierarchy.
[2022.04.26-17.02.47:206][  0]LogDerivedDataCache: FDerivedDataBackendGraph:  CompressedPak pak cache file C:/Users/njet9/OneDrive/Documents/GitHub/FindingHooman-Unreal/FindingHooman/DerivedDataCache/Compressed.ddp not found, will not use a pak cache.
[2022.04.26-17.02.47:206][  0]LogDerivedDataCache: Unable to find inner node CompressedPak for hierarchical cache Hierarchy.
[2022.04.26-17.02.47:226][  0]LogDerivedDataCache: Display: Pak cache opened for reading ../../../Engine/DerivedDataCache/Compressed.ddp.
[2022.04.26-17.02.47:226][  0]LogDerivedDataCache: FDerivedDataBackendGraph:  EnterprisePak pak cache file ../../../Enterprise/DerivedDataCache/Compressed.ddp not found, will not use a pak cache.
[2022.04.26-17.02.47:226][  0]LogDerivedDataCache: Unable to find inner node EnterprisePak for hierarchical cache Hierarchy.
[2022.04.26-17.02.47:233][  0]LogDerivedDataCache: Speed tests for C:/Users/njet9/AppData/Local/UnrealEngine/Common/DerivedDataCache took 0.01 seconds
[2022.04.26-17.02.47:233][  0]LogDerivedDataCache: Display: Performance to C:/Users/njet9/AppData/Local/UnrealEngine/Common/DerivedDataCache: Latency=0.03ms. RandomReadSpeed=1173.11MBs, RandomWriteSpeed=186.61MBs. Assigned SpeedClass 'Local'
[2022.04.26-17.02.47:233][  0]LogDerivedDataCache: Using Local data cache path C:/Users/njet9/AppData/Local/UnrealEngine/Common/DerivedDataCache: Writable
[2022.04.26-17.02.47:233][  0]LogDerivedDataCache: Shared data cache path not found in *engine.ini, will not use an Shared cache.
[2022.04.26-17.02.47:233][  0]LogDerivedDataCache: Unable to find inner node Shared for hierarchical cache Hierarchy.
[2022.04.26-17.02.47:286][  0]LogSlate: Using FreeType 2.10.0
[2022.04.26-17.02.47:286][  0]LogSlate: SlateFontServices - WITH_FREETYPE: 1, WITH_HARFBUZZ: 1
[2022.04.26-17.02.47:310][  0]LogAssetRegistry: FAssetRegistry took 0.0022 seconds to start up
[2022.04.26-17.02.47:514][  0]LogInit: Selected Device Profile: [Windows]
[2022.04.26-17.02.47:514][  0]LogInit: Active device profile: [0000024E41FBD000][0000024E37B80AC0 49] Windows
[2022.04.26-17.02.47:514][  0]LogInit: Profiles: [0000024E41FBD000][0000024E37B80AC0 49] Windows, [0000024E41F7AB00][0000024E37B84C00 49] WindowsNoEditor, [0000024E41FBE000][0000024E37B30D40 49] WindowsServer, [0000024E41F78900][0000024E434E2EC0 49] WindowsClient, [0000024E41FBD200][0000024E434E7040 49] IOS, [0000024E41F79700][0000024E434EB1C0 49] iPadAir, [0000024E41FBF500][0000024E38459340 49] iPadAir2, [0000024E41F05300][0000024E36BF5600 49] IPadPro, [0000024E41F05400][0000024E36BF1640 49] iPadAir3, [0000024E41F78B00][0000024E36BF97C0 49] iPadAir4, [0000024E41F06100][0000024E36BFD940 49] iPadMini2, [0000024E41F7B700][0000024E428ABAC0 49] iPadMini3, [0000024E41F06C00][0000024E3846C0C0 49] iPadMini4, [0000024E41F7A400][0000024E37D6C240 49] iPadMini5, [0000024E41F18F00][0000024E42E40500 49] iPhone6, [0000024E41F19000][0000024E42E06540 49] iPodTouch6, [0000024E41FBF800][0000024E42EA0800 49] iPhone7, [0000024E41FBE900][0000024E42E94840 49] iPodTouch7, [0000024E41F05B00][0000024E42EAA9C0 49] iPhone5S, [0000024E41FBD400][0000024E42EB2B40 49] iPhone6Plus, [0000024E41FBC700][0000024E434DEC80 49] iPhone6S, [0000024E41F18900][0000024E42FDEDC0 49] iPhone6SPlus, [0000024E41FBD500][0000024E42FE2F00 49] iPhone7Plus, [0000024E41FBF100][0000024E42FF9080 49] iPhoneSE, [0000024E41FBF700][0000024E42FFD200 49] iPhone8, [0000024E41F19700][0000024E43045380 49] iPhone8Plus, [0000024E41F07B00][0000024E430CB500 49] iPhoneX, [0000024E41F1BF00][0000024E4258B680 49] iPhoneXS, [0000024E41F07200][0000024E425ED800 49] iPhoneXSMax, [0000024E41F1B800][0000024E425FD980 49] iPhoneXR, [0000024E41F05200][0000024E42625B00 49] iPhone11, [0000024E41F19F00][0000024E4281C100 49] iPhone11Pro, [0000024E41F06500][0000024E42820280 49] iPhone11ProMax, [0000024E41F1B000][0000024E42824400 49] iPhoneSE2, [0000024E41F04100][0000024E42912580 49] iPhone12Mini, [0000024E41F1A300][0000024E42916700 49] iPhone12, [0000024E41F07C00][0000024E4291A880 49] iPhone12Pro, [0000024E41F18500][0000024E4291EA00 49] iPhone12ProMax, [0000024E41F05700][0000024E42922B80 49] iPadPro105, [0000024E41F19300][0000024E42926D00 49] iPadPro129, [0000024E41F06F00][0000024E42FF4E40 49] iPadPro97, [0000024E41F19200][0000024E42B7AF80 49] iPadPro2_129, [0000024E41F07500][0000024E434BF0C0 49] iPad5, [0000024E41F18C00][0000024E42863240 49] iPad6, [0000024E41F05C00][0000024E428673C0 49] iPad7, [0000024E41F1A500][0000024E4286B540 49] iPad8, [0000024E41F06600][0000024E4286F6C0 49] iPadPro11, [0000024E41F18200][0000024E42873840 49] iPadPro2_11, [0000024E41F05800][0000024E434C39C0 49] iPadPro3_129, [0000024E41F1A600][0000024E434C7B40 49] iPadPro4_129, [0000024E41F06700][0000024E434CA140 49] AppleTV, [0000024E41F1A000][0000024E434CE2C0 49] AppleTV4K, [0000024E41F07F00][0000024E36BD8440 49] TVOS, [0000024E41F19600][0000024E36BDC5C0 49] Mac, [0000024E41F06300][0000024E36BE0740 49] MacClient, [0000024E41F18400][0000024E36BE48C0 49] MacNoEditor, [0000024E41F06E00][0000024E36BE8A40 49] MacServer, [0000024E41F19B00][0000024E36BECBC0 49] Linux, [0000024E41F05900][0000024E38432D40 49] LinuxAArch64, [0000024E41F1BE00][0000024E38436EC0 49] LinuxNoEditor, [0000024E41F05F00][0000024E4285F000 49] LinuxAArch64NoEditor, [0000024E41F1BC00][0000024E38451140 49] LinuxClient, [0000024E41F04400][0000024E38455280 49] LinuxAArch64Client, [0000024E41F1A200][0000024E4143F3C0 49] LinuxServer, [0000024E41F07D00][0000024E42877540 49] LinuxAArch64Server, [0000024E41F18A00][0000024E414436C0 49] Android, [0000024E41F05A00][0000024E41447840 49] Android_Low, [0000024E41F1BA00][0000024E4144B9C0 49] Android_Mid, [0000024E41F07300][0000024E42E5DB40 49] Android_High, [0000024E41F1B900][0000024E430A0140 49] Android_Default, [0000024E41F05E00][0000024E4300A2C0 49] Android_Adreno4xx, [0000024E41F19500][0000024E37B34440 49] Android_Adreno5xx_Low, [0000024E41F06A00][0000024E42E985C0 49] Android_Adreno5xx, [0000024E41F1B700][0000024E42E68740 49] Android_Adreno6xx, [0000024E41F07600][0000024E42E648C0 49] Android_Adreno6xx_Vulkan, [0000024E41F18B00][0000024E42E60A40 49] Android_Mali_T6xx, [0000024E41FBD800][0000024E42E44BC0 49] Android_Mali_T7xx, [0000024E41F78F00][0000024E42E3CD40 49] Android_Mali_T8xx, [0000024E41FBDB00][0000024E42E2CEC0 49] Android_Mali_G71, [0000024E41F7AE00][0000024E42E0B040 49] Android_Mali_G72, [0000024E41FBFA00][0000024E434D3180 49] Android_Mali_G72_Vulkan, [0000024E41F7A000][0000024E42DF32C0 49] Android_Mali_G76, [0000024E41FBF400][0000024E41493400 49] Android_Mali_G76_Vulkan, [0000024E41F78400][0000024E428AF540 49] Android_Mali_G77, [0000024E41FBF200][0000024E42EAF6C0 49] Android_Mali_G77_Vulkan, [0000024E41F78700][0000024E4144F840 49] Android_Mali_G78, [0000024E41FBF300][0000024E414539C0 49] Android_Mali_G78_Vulkan, [0000024E41F7A100][0000024E41457B40 49] Android_Mali_G710, [0000024E41FBFB00][0000024E4145A140 49] Android_Mali_G710_Vulkan, [0000024E41F7B800][0000024E4145E2C0 49] Android_Vulkan_SM5, [0000024E41FBDF00][0000024E41462440 49] Android_PowerVR_G6xxx, [0000024E41F7AC00][0000024E414665C0 49] Android_PowerVR_GT7xxx, [0000024E41FBEC00][0000024E4146A740 49] Android_PowerVR_GE8xxx, [0000024E41F7B300][0000024E37B3C8C0 49] Android_PowerVR_GM9xxx, [0000024E41FBD900][0000024E37B40A40 49] Android_PowerVR_GM9xxx_Vulkan, [0000024E41F79300][0000024E37B44BC0 49] Android_TegraK1, [0000024E41FBC200][0000024E37B48D40 49] Android_Unknown_Vulkan, [0000024E41F7AF00][0000024E37B4CEC0 49] Lumin, [0000024E41FBCF00][0000024E37B51040 49] Lumin_Desktop, [0000024E41F78600][0000024E37B551C0 49] HoloLens, 
[2022.04.26-17.02.47:659][  0]LogMeshReduction: Using QuadricMeshReduction for automatic static mesh reduction
[2022.04.26-17.02.47:659][  0]LogMeshReduction: Using SimplygonMeshReduction for automatic skeletal mesh reduction
[2022.04.26-17.02.47:659][  0]LogMeshReduction: Using ProxyLODMeshReduction for automatic mesh merging
[2022.04.26-17.02.47:659][  0]LogMeshReduction: No distributed automatic mesh merging module available
[2022.04.26-17.02.47:659][  0]LogMeshMerging: No distributed automatic mesh merging module available
[2022.04.26-17.02.47:672][  0]LogNetVersion: FindingHooman 1.0.0, NetCL: 17155196, EngineNetVer: 17, GameNetVer: 0 (Checksum: 1564941327)
[2022.04.26-17.02.48:051][  0]LogTexture: Default maximum texture size for cubemaps generated from long-lat sources has been changed from 512 to unlimited. In order to preserve old behaiour for '/Engine/MapTemplates/Sky/DaylightAmbientCubemap.DaylightAmbientCubemap', its maximum texture size has been explicitly set to 512.
[2022.04.26-17.02.48:105][  0]LogHMD: PokeAHoleMaterial loaded successfully
[2022.04.26-17.02.48:111][  0]LogUObjectArray: 17178 objects as part of root set at end of initial load.
[2022.04.26-17.02.48:111][  0]LogUObjectAllocator: 4302048 out of 0 bytes used by permanent object pool.
[2022.04.26-17.02.48:111][  0]LogUObjectArray: CloseDisregardForGC: 0/0 objects in disregard for GC pool
[2022.04.26-17.02.48:350][  0]LogTcpMessaging: Initializing TcpMessaging bridge
[2022.04.26-17.02.48:431][  0]LogUdpMessaging: Initializing bridge on interface 0.0.0.0:0 to multicast group 230.0.0.1:6666.
[2022.04.26-17.02.48:450][  0]LogNiagaraDebuggerClient: Niagara Debugger Client Initialized | Session: 58FCD79D43FF0E45B24B50B7FA71680E | Instance: 908986BA46668DAA0EAC49AD6962A511 (DESKTOP-COTE9FO-14812).
[2022.04.26-17.02.48:511][  0]LogPython: Using Python 3.7.7
[2022.04.26-17.02.49:354][  0]SourceControl: Source control is disabled
[2022.04.26-17.02.49:354][  0]SourceControl: Source control is disabled
[2022.04.26-17.02.49:357][  0]SourceControl: Source control is disabled
[2022.04.26-17.02.49:361][  0]SourceControl: Source control is disabled
[2022.04.26-17.02.49:368][  0]SourceControl: Source control is disabled
[2022.04.26-17.02.49:375][  0]LogUProjectInfo: Found projects:
[2022.04.26-17.02.49:626][  0]LogOpenImageDenoise: OIDN starting up
[2022.04.26-17.02.49:647][  0]LogAndroidPermission: UAndroidPermissionCallbackProxy::GetInstance
[2022.04.26-17.02.49:673][  0]LogAudioCaptureCore: Display: No Audio Capture implementations found. Audio input will be silent.
[2022.04.26-17.02.49:673][  0]LogAudioCaptureCore: Display: No Audio Capture implementations found. Audio input will be silent.
[2022.04.26-17.02.49:795][  0]LogCollectionManager: Loaded 0 collections in 0.000573 seconds
[2022.04.26-17.02.49:817][  0]LogFileCache: Scanning file cache for directory 'C:/Users/njet9/OneDrive/Documents/GitHub/FindingHooman-Unreal/FindingHooman/Saved/Collections/' took 0.00s
[2022.04.26-17.02.49:817][  0]LogFileCache: Scanning file cache for directory 'C:/Users/njet9/OneDrive/Documents/GitHub/FindingHooman-Unreal/FindingHooman/Content/Developers/njet9/Collections/' took 0.00s
[2022.04.26-17.02.49:817][  0]LogFileCache: Scanning file cache for directory 'C:/Users/njet9/OneDrive/Documents/GitHub/FindingHooman-Unreal/FindingHooman/Content/Collections/' took 0.00s
[2022.04.26-17.02.49:817][  0]LogOcInput: OculusInput pre-init called
[2022.04.26-17.02.50:040][  0]LogEngine: Initializing Engine...
[2022.04.26-17.02.50:042][  0]LogHMD: Failed to enumerate extensions. Please check that you have a valid OpenXR runtime installed.
[2022.04.26-17.02.50:042][  0]LogHMD: Failed to initialize OpenVR with code 110
[2022.04.26-17.02.50:042][  0]LogMagicLeap: Warning: VR disabled because ZI is not enabled.  To enable, in the editor, Edit -> Project Settings -> Plugins -> Magic Leap Plugin -> Enable Zero Iteration
[2022.04.26-17.02.50:043][  0]LogStats: UGameplayTagsManager::InitializeManager -  0.000 s
[2022.04.26-17.02.50:156][  0]LogInit: Initializing FReadOnlyCVARCache
[2022.04.26-17.02.50:165][  0]LogAIModule: Creating AISystem for world Untitled
[2022.04.26-17.02.50:170][  0]LogAudio: Display: Initializing Audio Device Manager...
[2022.04.26-17.02.50:173][  0]LogAudio: Display: Loading Default Audio Settings Objects...
[2022.04.26-17.02.50:174][  0]LogAudio: Display: No default SoundConcurrencyObject specified (or failed to load).
[2022.04.26-17.02.50:174][  0]LogAudio: Display: Audio Device Manager Initialized
[2022.04.26-17.02.50:174][  0]LogAudio: Display: Creating Audio Device:                 Id: 1, Scope: Shared, Realtime: True
[2022.04.26-17.02.50:174][  0]LogAudioMixer: Display: Audio Mixer Platform Settings:
[2022.04.26-17.02.50:174][  0]LogAudioMixer: Display: 	Sample Rate:						  48000
[2022.04.26-17.02.50:174][  0]LogAudioMixer: Display: 	Callback Buffer Frame Size Requested: 1024
[2022.04.26-17.02.50:174][  0]LogAudioMixer: Display: 	Callback Buffer Frame Size To Use:	  1024
[2022.04.26-17.02.50:174][  0]LogAudioMixer: Display: 	Number of buffers to queue:			  2
[2022.04.26-17.02.50:174][  0]LogAudioMixer: Display: 	Max Channels (voices):				  32
[2022.04.26-17.02.50:174][  0]LogAudioMixer: Display: 	Number of Async Source Workers:		  0
[2022.04.26-17.02.50:174][  0]LogAudio: Display: AudioDevice MaxSources: 32
[2022.04.26-17.02.50:175][  0]LogAudio: Display: Audio Spatialization Plugin: None (built-in).
[2022.04.26-17.02.50:175][  0]LogAudio: Display: Audio Reverb Plugin: None (built-in).
[2022.04.26-17.02.50:175][  0]LogAudio: Display: Audio Occlusion Plugin: None (built-in).
[2022.04.26-17.02.50:175][  0]LogAudioMixer: Display: Initializing audio mixer.
[2022.04.26-17.02.50:183][  0]LogAudioMixer: Display: 0: FrontLeft
[2022.04.26-17.02.50:183][  0]LogAudioMixer: Display: 1: FrontRight
[2022.04.26-17.02.51:099][  0]LogAudioMixer: Display: Using Audio Device Speaker (Realtek(R) Audio)
[2022.04.26-17.02.51:101][  0]LogAudioMixer: Display: Initializing Sound Submixes...
[2022.04.26-17.02.51:103][  0]LogAudioMixer: Display: Creating Master Submix 'MasterSubmixDefault'
[2022.04.26-17.02.51:103][  0]LogAudioMixer: Display: Creating Master Submix 'MasterReverbSubmixDefault'
[2022.04.26-17.02.51:103][  0]LogAudioMixer: Display: Creating Master Submix 'MasterEQSubmixDefault'
[2022.04.26-17.02.51:104][  0]LogAudioMixer: FMixerPlatformXAudio2::StartAudioStream() called
[2022.04.26-17.02.51:104][  0]LogAudioMixer: Display: Output buffers initialized: Frames=1024, Channels=2, Samples=2048
[2022.04.26-17.02.51:105][  0]LogAudioMixer: Display: Starting AudioMixerPlatformInterface::RunInternal()
[2022.04.26-17.02.51:105][  0]LogAudioMixer: Display: FMixerPlatformXAudio2::SubmitBuffer() called for the first time
[2022.04.26-17.02.51:105][  0]LogInit: FAudioDevice initialized.
[2022.04.26-17.02.51:105][  0]LogAudio: Display: Audio Device (ID: 1) registered with world 'Untitled'.
[2022.04.26-17.02.51:105][  0]LogNetVersion: Set ProjectVersion to 1.0.0.0. Version Checksum will be recalculated on next use.
[2022.04.26-17.02.51:157][  0]LogDerivedDataCache: Saved boot cache 0.05s 104MB C:/Users/njet9/AppData/Local/UnrealEngine/4.27/DerivedDataCache/Boot.ddc.
[2022.04.26-17.02.51:157][  0]LogInit: Texture streaming: Enabled
[2022.04.26-17.02.51:170][  0]LogAnalytics: Display: [UEEditor.Rocket.Release] APIServer = https://datarouter.ol.epicgames.com/. AppVersion = 4.27.2-18319896+++UE4+Release-4.27
[2022.04.26-17.02.51:174][  0]LogEngineSessionManager: EngineSessionManager initialized
[2022.04.26-17.02.51:174][  0]LogEngineSessionManager: EngineSessionManager sent abnormal shutdown report. Type=Crashed, SessionId={0A497822-48A5-A440-5486-1CAC2E8D4982}
[2022.04.26-17.02.51:174][  0]LogEditorSessionSummary: Verbose: Initializing EditorSessionSummaryWriter for editor session tracking
[2022.04.26-17.02.51:176][  0]LogEditorSessionSummary: EditorSessionSummaryWriter initialized
[2022.04.26-17.02.51:206][  0]LogInit: Transaction tracking system initialized
[2022.04.26-17.02.51:230][  0]BlueprintLog: New page: Editor Load
[2022.04.26-17.02.51:291][  0]LocalizationService: Localization service is disabled
[2022.04.26-17.02.51:319][  0]TimingProfiler: Initialize
[2022.04.26-17.02.51:319][  0]TimingProfiler: OnSessionChanged
[2022.04.26-17.02.51:319][  0]LoadingProfiler: Initialize
[2022.04.26-17.02.51:319][  0]LoadingProfiler: OnSessionChanged
[2022.04.26-17.02.51:319][  0]NetworkingProfiler: Initialize
[2022.04.26-17.02.51:319][  0]NetworkingProfiler: OnSessionChanged
[2022.04.26-17.02.51:319][  0]MemoryProfiler: Initialize
[2022.04.26-17.02.51:319][  0]MemoryProfiler: OnSessionChanged
[2022.04.26-17.02.51:562][  0]LogCook: Display: CookSettings for Memory: MemoryMaxUsedVirtual 0MiB, MemoryMaxUsedPhysical 16384MiB, MemoryMinFreeVirtual 0MiB, MemoryMinFreePhysical 1024MiB
[2022.04.26-17.02.51:562][  0]LogCook: Display: Mobile HDR setting 1
[2022.04.26-17.02.51:751][  0]LogFileCache: Scanning file cache for directory 'C:/Users/njet9/OneDrive/Documents/GitHub/FindingHooman-Unreal/FindingHooman/Content/' took 0.01s
[2022.04.26-17.02.51:914][  0]LogInit: Display: Engine is initialized. Leaving FEngineLoop::Init()
[2022.04.26-17.02.51:916][  0]SourceControl: Source control is disabled
[2022.04.26-17.02.51:916][  0]LogUnrealEdMisc: Loading editor; pre map load, took 7.485
[2022.04.26-17.02.51:917][  0]Cmd: MAP LOAD FILE="C:/Users/njet9/OneDrive/Documents/GitHub/FindingHooman-Unreal/FindingHooman/Content/Maps/MainLevel_Map.umap" TEMPLATE=0 SHOWPROGRESS=1 FEATURELEVEL=3
[2022.04.26-17.02.51:917][  0]LightingResults: New page: Lighting Build
[2022.04.26-17.02.51:918][  0]LogWorld: UWorld::CleanupWorld for Untitled, bSessionEnded=true, bCleanupResources=true
[2022.04.26-17.02.51:918][  0]LogSlate: InvalidateAllWidgets triggered.  All widgets were invalidated
[2022.04.26-17.02.51:919][  0]MapCheck: New page: Map Check
[2022.04.26-17.02.51:919][  0]LightingResults: New page: Lighting Build
[2022.04.26-17.02.51:923][  0]LogAudio: Display: Audio Device unregistered from world 'None'.
[2022.04.26-17.02.51:926][  0]LogUObjectHash: Compacting FUObjectHashTables data took   0.79ms
[2022.04.26-17.02.52:002][  0]LogBlueprint: Warning: [AssetLog] C:\Users\njet9\OneDrive\Documents\GitHub\FindingHooman-Unreal\FindingHooman\Content\Blueprints\Doggo_Anim_BP2.uasset: [Compiler] Idle to Move  will never be taken, please connect something to  Can Enter Transition
[2022.04.26-17.02.52:003][  0]LogBlueprint: Warning: [AssetLog] C:\Users\njet9\OneDrive\Documents\GitHub\FindingHooman-Unreal\FindingHooman\Content\Blueprints\Doggo_Anim_BP2.uasset: [Compiler] Move to Idle  will never be taken, please connect something to  Can Enter Transition
[2022.04.26-17.02.54:443][  0]LogAudio: Display: Audio Device (ID: 1) registered with world 'MainLevel_Map'.
[2022.04.26-17.02.54:444][  0]LogAIModule: Creating AISystem for world MainLevel_Map
[2022.04.26-17.02.54:449][  0]LogMaterial: Display: Material /Game/StarterContent/Materials/M_Metal_Gold.M_Metal_Gold needed to have new flag set bUsedWithSkeletalMesh !
[2022.04.26-17.02.54:450][  0]LogMaterial: Display: Missing cached shadermap for M_Metal_Gold in PCD3D_SM5, Default, SM5 (DDC key hash: 4F88439DD2F5588A3DA116EA5A7FEEEA5C23DD6D), compiling. 
[2022.04.26-17.02.54:521][  0]LogShaderCompilers: Display: Submitted 41 shader compile jobs with 'Low' priority
[2022.04.26-17.02.54:522][  0]MapCheck: Warning: M_Metal_Gold Material /Game/StarterContent/Materials/M_Metal_Gold.M_Metal_Gold was missing the usage flag bUsedWithSkeletalMesh. If the material asset is not re-saved, it may not render correctly when run outside the editor. Fix
[2022.04.26-17.02.55:238][  0]LogShaderCompilers: Display: Worker (1/9): shaders left to compile 41
[2022.04.26-17.02.55:238][  0]LogShaderCompilers: Display: Worker (2/9): shaders left to compile 36
[2022.04.26-17.02.55:238][  0]LogShaderCompilers: Display: Worker (3/9): shaders left to compile 31
[2022.04.26-17.02.55:238][  0]LogShaderCompilers: Display: Worker (4/9): shaders left to compile 26
[2022.04.26-17.02.55:238][  0]LogShaderCompilers: Display: Worker (5/9): shaders left to compile 21
[2022.04.26-17.02.55:238][  0]LogShaderCompilers: Display: Worker (6/9): shaders left to compile 16
[2022.04.26-17.02.55:238][  0]LogShaderCompilers: Display: Worker (7/9): shaders left to compile 11
[2022.04.26-17.02.55:238][  0]LogShaderCompilers: Display: Worker (8/9): shaders left to compile 6
[2022.04.26-17.02.55:238][  0]LogShaderCompilers: Display: Worker (9/9): shaders left to compile 1
[2022.04.26-17.02.55:238][  0]LogShaderCompilers: Display: Started 41 'Local' shader compile jobs with 'Low' priority
[2022.04.26-17.02.55:238][  0]LogEditorServer: Finished looking for orphan Actors (0.000 secs)
[2022.04.26-17.02.55:476][  0]LogUObjectHash: Compacting FUObjectHashTables data took   3.94ms
[2022.04.26-17.02.55:479][  0]Cmd: MAP CHECKDEP NOCLEARLOG
[2022.04.26-17.02.55:479][  0]MapCheck: Map check complete: 0 Error(s), 1 Warning(s), took 0.238ms to complete.
[2022.04.26-17.02.55:492][  0]LogFileHelpers: Loading map 'MainLevel_Map' took 3.576
[2022.04.26-17.02.55:497][  0]LogUnrealEdMisc: Total Editor Startup Time, took 11.066
[2022.04.26-17.02.55:642][  0]LogSlate: Updating window title bar state: overlay mode, drag disabled, window buttons hidden, title bar hidden
[2022.04.26-17.02.55:656][  0]LogSlate: Updating window title bar state: overlay mode, drag disabled, window buttons hidden, title bar hidden
[2022.04.26-17.02.55:670][  0]LogSlate: Updating window title bar state: overlay mode, drag disabled, window buttons hidden, title bar hidden
[2022.04.26-17.02.55:684][  0]LogSlate: Updating window title bar state: overlay mode, drag disabled, window buttons hidden, title bar hidden
[2022.04.26-17.02.55:709][  0]LogNativeClassHierarchy: Verbose: Native class hierarchy populated in 0.0180 seconds. Added 3837 classes and 935 folders.
[2022.04.26-17.02.55:713][  0]LogNativeClassHierarchy: Verbose: Native class hierarchy updated for 'WidgetCarousel' in 0.0006 seconds. Added 0 classes and 0 folders.
[2022.04.26-17.02.55:716][  0]LogPakFile: PakFile PrimaryIndexSize=187
[2022.04.26-17.02.55:716][  0]LogPakFile: PakFile PathHashIndexSize=101
[2022.04.26-17.02.55:716][  0]LogPakFile: PakFile FullDirectoryIndexSize=148
[2022.04.26-17.02.55:716][  0]LogShaderLibrary: Display: ShaderCodeLibraryPakFileMountedCallback: PakFile 'D:/Epic Games/UE_4.27/FeaturePacks/FP_FirstPerson.upack' (chunk index -1, root 'root:/') mounted
[2022.04.26-17.02.55:716][  0]LogShaderLibrary: Display: ShaderCodeLibraryPakFileMountedCallback: pending pak file info (ChunkID:-1 Root:root:/ File:D:/Epic Games/UE_4.27/FeaturePacks/FP_FirstPerson.upack)
[2022.04.26-17.02.55:716][  0]LogPakFile: OnPakFileMounted2Time == 0.000107
[2022.04.26-17.02.55:717][  0]LogPakFile: PakFile PrimaryIndexSize=189
[2022.04.26-17.02.55:717][  0]LogPakFile: PakFile PathHashIndexSize=101
[2022.04.26-17.02.55:717][  0]LogPakFile: PakFile FullDirectoryIndexSize=152
[2022.04.26-17.02.55:717][  0]LogShaderLibrary: Display: ShaderCodeLibraryPakFileMountedCallback: PakFile 'D:/Epic Games/UE_4.27/FeaturePacks/FP_FirstPersonBP.upack' (chunk index -1, root 'root:/') mounted
[2022.04.26-17.02.55:717][  0]LogShaderLibrary: Display: ShaderCodeLibraryPakFileMountedCallback: pending pak file info (ChunkID:-1 Root:root:/ File:D:/Epic Games/UE_4.27/FeaturePacks/FP_FirstPersonBP.upack)
[2022.04.26-17.02.55:717][  0]LogPakFile: OnPakFileMounted2Time == 0.000067
[2022.04.26-17.02.55:718][  0]LogPakFile: PakFile PrimaryIndexSize=191
[2022.04.26-17.02.55:718][  0]LogPakFile: PakFile PathHashIndexSize=101
[2022.04.26-17.02.55:718][  0]LogPakFile: PakFile FullDirectoryIndexSize=160
[2022.04.26-17.02.55:718][  0]LogShaderLibrary: Display: ShaderCodeLibraryPakFileMountedCallback: PakFile 'D:/Epic Games/UE_4.27/FeaturePacks/MobileStarterContent.upack' (chunk index -1, root 'root:/') mounted
[2022.04.26-17.02.55:718][  0]LogShaderLibrary: Display: ShaderCodeLibraryPakFileMountedCallback: pending pak file info (ChunkID:-1 Root:root:/ File:D:/Epic Games/UE_4.27/FeaturePacks/MobileStarterContent.upack)
[2022.04.26-17.02.55:718][  0]LogPakFile: OnPakFileMounted2Time == 0.000070
[2022.04.26-17.02.55:719][  0]LogPakFile: PakFile PrimaryIndexSize=185
[2022.04.26-17.02.55:719][  0]LogPakFile: PakFile PathHashIndexSize=101
[2022.04.26-17.02.55:719][  0]LogPakFile: PakFile FullDirectoryIndexSize=148
[2022.04.26-17.02.55:719][  0]LogShaderLibrary: Display: ShaderCodeLibraryPakFileMountedCallback: PakFile 'D:/Epic Games/UE_4.27/FeaturePacks/StarterContent.upack' (chunk index -1, root 'root:/') mounted
[2022.04.26-17.02.55:719][  0]LogShaderLibrary: Display: ShaderCodeLibraryPakFileMountedCallback: pending pak file info (ChunkID:-1 Root:root:/ File:D:/Epic Games/UE_4.27/FeaturePacks/StarterContent.upack)
[2022.04.26-17.02.55:719][  0]LogPakFile: OnPakFileMounted2Time == 0.000067
[2022.04.26-17.02.55:720][  0]LogPakFile: PakFile PrimaryIndexSize=190
[2022.04.26-17.02.55:720][  0]LogPakFile: PakFile PathHashIndexSize=101
[2022.04.26-17.02.55:720][  0]LogPakFile: PakFile FullDirectoryIndexSize=154
[2022.04.26-17.02.55:720][  0]LogShaderLibrary: Display: ShaderCodeLibraryPakFileMountedCallback: PakFile 'D:/Epic Games/UE_4.27/FeaturePacks/TP_2DSideScroller.upack' (chunk index -1, root 'root:/') mounted
[2022.04.26-17.02.55:720][  0]LogShaderLibrary: Display: ShaderCodeLibraryPakFileMountedCallback: pending pak file info (ChunkID:-1 Root:root:/ File:D:/Epic Games/UE_4.27/FeaturePacks/TP_2DSideScroller.upack)
[2022.04.26-17.02.55:720][  0]LogPakFile: OnPakFileMounted2Time == 0.000063
[2022.04.26-17.02.55:720][  0]LogPakFile: PakFile PrimaryIndexSize=192
[2022.04.26-17.02.55:720][  0]LogPakFile: PakFile PathHashIndexSize=101
[2022.04.26-17.02.55:720][  0]LogPakFile: PakFile FullDirectoryIndexSize=158
[2022.04.26-17.02.55:720][  0]LogShaderLibrary: Display: ShaderCodeLibraryPakFileMountedCallback: PakFile 'D:/Epic Games/UE_4.27/FeaturePacks/TP_2DSideScrollerBP.upack' (chunk index -1, root 'root:/') mounted
[2022.04.26-17.02.55:721][  0]LogShaderLibrary: Display: ShaderCodeLibraryPakFileMountedCallback: pending pak file info (ChunkID:-1 Root:root:/ File:D:/Epic Games/UE_4.27/FeaturePacks/TP_2DSideScrollerBP.upack)
[2022.04.26-17.02.55:721][  0]LogPakFile: OnPakFileMounted2Time == 0.000063
[2022.04.26-17.02.55:721][  0]LogPakFile: PakFile PrimaryIndexSize=182
[2022.04.26-17.02.55:722][  0]LogPakFile: PakFile PathHashIndexSize=101
[2022.04.26-17.02.55:722][  0]LogPakFile: PakFile FullDirectoryIndexSize=138
[2022.04.26-17.02.55:722][  0]LogShaderLibrary: Display: ShaderCodeLibraryPakFileMountedCallback: PakFile 'D:/Epic Games/UE_4.27/FeaturePacks/TP_Flying.upack' (chunk index -1, root 'root:/') mounted
[2022.04.26-17.02.55:722][  0]LogShaderLibrary: Display: ShaderCodeLibraryPakFileMountedCallback: pending pak file info (ChunkID:-1 Root:root:/ File:D:/Epic Games/UE_4.27/FeaturePacks/TP_Flying.upack)
[2022.04.26-17.02.55:722][  0]LogPakFile: OnPakFileMounted2Time == 0.000076
[2022.04.26-17.02.55:723][  0]LogPakFile: PakFile PrimaryIndexSize=184
[2022.04.26-17.02.55:723][  0]LogPakFile: PakFile PathHashIndexSize=101
[2022.04.26-17.02.55:723][  0]LogPakFile: PakFile FullDirectoryIndexSize=142
[2022.04.26-17.02.55:723][  0]LogShaderLibrary: Display: ShaderCodeLibraryPakFileMountedCallback: PakFile 'D:/Epic Games/UE_4.27/FeaturePacks/TP_FlyingBP.upack' (chunk index -1, root 'root:/') mounted
[2022.04.26-17.02.55:723][  0]LogShaderLibrary: Display: ShaderCodeLibraryPakFileMountedCallback: pending pak file info (ChunkID:-1 Root:root:/ File:D:/Epic Games/UE_4.27/FeaturePacks/TP_FlyingBP.upack)
[2022.04.26-17.02.55:723][  0]LogPakFile: OnPakFileMounted2Time == 0.000069
[2022.04.26-17.02.55:723][  0]LogPakFile: PakFile PrimaryIndexSize=188
[2022.04.26-17.02.55:723][  0]LogPakFile: PakFile PathHashIndexSize=101
[2022.04.26-17.02.55:723][  0]LogPakFile: PakFile FullDirectoryIndexSize=150
[2022.04.26-17.02.55:723][  0]LogShaderLibrary: Display: ShaderCodeLibraryPakFileMountedCallback: PakFile 'D:/Epic Games/UE_4.27/FeaturePacks/TP_HandheldARBP.upack' (chunk index -1, root 'root:/') mounted
[2022.04.26-17.02.55:723][  0]LogShaderLibrary: Display: ShaderCodeLibraryPakFileMountedCallback: pending pak file info (ChunkID:-1 Root:root:/ File:D:/Epic Games/UE_4.27/FeaturePacks/TP_HandheldARBP.upack)
[2022.04.26-17.02.55:724][  0]LogPakFile: OnPakFileMounted2Time == 0.000070
[2022.04.26-17.02.55:725][  0]LogPakFile: PakFile PrimaryIndexSize=182
[2022.04.26-17.02.55:725][  0]LogPakFile: PakFile PathHashIndexSize=101
[2022.04.26-17.02.55:725][  0]LogPakFile: PakFile FullDirectoryIndexSize=138
[2022.04.26-17.02.55:725][  0]LogShaderLibrary: Display: ShaderCodeLibraryPakFileMountedCallback: PakFile 'D:/Epic Games/UE_4.27/FeaturePacks/TP_Puzzle.upack' (chunk index -1, root 'root:/') mounted
[2022.04.26-17.02.55:725][  0]LogShaderLibrary: Display: ShaderCodeLibraryPakFileMountedCallback: pending pak file info (ChunkID:-1 Root:root:/ File:D:/Epic Games/UE_4.27/FeaturePacks/TP_Puzzle.upack)
[2022.04.26-17.02.55:725][  0]LogPakFile: OnPakFileMounted2Time == 0.000064
[2022.04.26-17.02.55:726][  0]LogPakFile: PakFile PrimaryIndexSize=184
[2022.04.26-17.02.55:726][  0]LogPakFile: PakFile PathHashIndexSize=101
[2022.04.26-17.02.55:726][  0]LogPakFile: PakFile FullDirectoryIndexSize=142
[2022.04.26-17.02.55:726][  0]LogShaderLibrary: Display: ShaderCodeLibraryPakFileMountedCallback: PakFile 'D:/Epic Games/UE_4.27/FeaturePacks/TP_PuzzleBP.upack' (chunk index -1, root 'root:/') mounted
[2022.04.26-17.02.55:726][  0]LogShaderLibrary: Display: ShaderCodeLibraryPakFileMountedCallback: pending pak file info (ChunkID:-1 Root:root:/ File:D:/Epic Games/UE_4.27/FeaturePacks/TP_PuzzleBP.upack)
[2022.04.26-17.02.55:726][  0]LogPakFile: OnPakFileMounted2Time == 0.000067
[2022.04.26-17.02.55:726][  0]LogPakFile: PakFile PrimaryIndexSize=183
[2022.04.26-17.02.55:726][  0]LogPakFile: PakFile PathHashIndexSize=101
[2022.04.26-17.02.55:726][  0]LogPakFile: PakFile FullDirectoryIndexSize=140
[2022.04.26-17.02.55:726][  0]LogShaderLibrary: Display: ShaderCodeLibraryPakFileMountedCallback: PakFile 'D:/Epic Games/UE_4.27/FeaturePacks/TP_Rolling.upack' (chunk index -1, root 'root:/') mounted
[2022.04.26-17.02.55:727][  0]LogShaderLibrary: Display: ShaderCodeLibraryPakFileMountedCallback: pending pak file info (ChunkID:-1 Root:root:/ File:D:/Epic Games/UE_4.27/FeaturePacks/TP_Rolling.upack)
[2022.04.26-17.02.55:727][  0]LogPakFile: OnPakFileMounted2Time == 0.000065
[2022.04.26-17.02.55:727][  0]LogPakFile: PakFile PrimaryIndexSize=185
[2022.04.26-17.02.55:727][  0]LogPakFile: PakFile PathHashIndexSize=101
[2022.04.26-17.02.55:727][  0]LogPakFile: PakFile FullDirectoryIndexSize=144
[2022.04.26-17.02.55:727][  0]LogShaderLibrary: Display: ShaderCodeLibraryPakFileMountedCallback: PakFile 'D:/Epic Games/UE_4.27/FeaturePacks/TP_RollingBP.upack' (chunk index -1, root 'root:/') mounted
[2022.04.26-17.02.55:727][  0]LogShaderLibrary: Display: ShaderCodeLibraryPakFileMountedCallback: pending pak file info (ChunkID:-1 Root:root:/ File:D:/Epic Games/UE_4.27/FeaturePacks/TP_RollingBP.upack)
[2022.04.26-17.02.55:727][  0]LogPakFile: OnPakFileMounted2Time == 0.000073
[2022.04.26-17.02.55:728][  0]LogPakFile: PakFile PrimaryIndexSize=188
[2022.04.26-17.02.55:728][  0]LogPakFile: PakFile PathHashIndexSize=101
[2022.04.26-17.02.55:728][  0]LogPakFile: PakFile FullDirectoryIndexSize=150
[2022.04.26-17.02.55:729][  0]LogShaderLibrary: Display: ShaderCodeLibraryPakFileMountedCallback: PakFile 'D:/Epic Games/UE_4.27/FeaturePacks/TP_SideScroller.upack' (chunk index -1, root 'root:/') mounted
[2022.04.26-17.02.55:729][  0]LogShaderLibrary: Display: ShaderCodeLibraryPakFileMountedCallback: pending pak file info (ChunkID:-1 Root:root:/ File:D:/Epic Games/UE_4.27/FeaturePacks/TP_SideScroller.upack)
[2022.04.26-17.02.55:729][  0]LogPakFile: OnPakFileMounted2Time == 0.000066
[2022.04.26-17.02.55:729][  0]LogPakFile: PakFile PrimaryIndexSize=190
[2022.04.26-17.02.55:729][  0]LogPakFile: PakFile PathHashIndexSize=101
[2022.04.26-17.02.55:729][  0]LogPakFile: PakFile FullDirectoryIndexSize=154
[2022.04.26-17.02.55:729][  0]LogShaderLibrary: Display: ShaderCodeLibraryPakFileMountedCallback: PakFile 'D:/Epic Games/UE_4.27/FeaturePacks/TP_SideScrollerBP.upack' (chunk index -1, root 'root:/') mounted
[2022.04.26-17.02.55:729][  0]LogShaderLibrary: Display: ShaderCodeLibraryPakFileMountedCallback: pending pak file info (ChunkID:-1 Root:root:/ File:D:/Epic Games/UE_4.27/FeaturePacks/TP_SideScrollerBP.upack)
[2022.04.26-17.02.55:729][  0]LogPakFile: OnPakFileMounted2Time == 0.000055
[2022.04.26-17.02.55:730][  0]LogPakFile: PakFile PrimaryIndexSize=187
[2022.04.26-17.02.55:730][  0]LogPakFile: PakFile PathHashIndexSize=101
[2022.04.26-17.02.55:730][  0]LogPakFile: PakFile FullDirectoryIndexSize=148
[2022.04.26-17.02.55:730][  0]LogShaderLibrary: Display: ShaderCodeLibraryPakFileMountedCallback: PakFile 'D:/Epic Games/UE_4.27/FeaturePacks/TP_ThirdPerson.upack' (chunk index -1, root 'root:/') mounted
[2022.04.26-17.02.55:730][  0]LogShaderLibrary: Display: ShaderCodeLibraryPakFileMountedCallback: pending pak file info (ChunkID:-1 Root:root:/ File:D:/Epic Games/UE_4.27/FeaturePacks/TP_ThirdPerson.upack)
[2022.04.26-17.02.55:730][  0]LogPakFile: OnPakFileMounted2Time == 0.000056
[2022.04.26-17.02.55:731][  0]LogPakFile: PakFile PrimaryIndexSize=189
[2022.04.26-17.02.55:731][  0]LogPakFile: PakFile PathHashIndexSize=101
[2022.04.26-17.02.55:731][  0]LogPakFile: PakFile FullDirectoryIndexSize=152
[2022.04.26-17.02.55:731][  0]LogShaderLibrary: Display: ShaderCodeLibraryPakFileMountedCallback: PakFile 'D:/Epic Games/UE_4.27/FeaturePacks/TP_ThirdPersonBP.upack' (chunk index -1, root 'root:/') mounted
[2022.04.26-17.02.55:731][  0]LogShaderLibrary: Display: ShaderCodeLibraryPakFileMountedCallback: pending pak file info (ChunkID:-1 Root:root:/ File:D:/Epic Games/UE_4.27/FeaturePacks/TP_ThirdPersonBP.upack)
[2022.04.26-17.02.55:731][  0]LogPakFile: OnPakFileMounted2Time == 0.000070
[2022.04.26-17.02.55:732][  0]LogPakFile: PakFile PrimaryIndexSize=183
[2022.04.26-17.02.55:732][  0]LogPakFile: PakFile PathHashIndexSize=101
[2022.04.26-17.02.55:732][  0]LogPakFile: PakFile FullDirectoryIndexSize=140
[2022.04.26-17.02.55:732][  0]LogShaderLibrary: Display: ShaderCodeLibraryPakFileMountedCallback: PakFile 'D:/Epic Games/UE_4.27/FeaturePacks/TP_TopDown.upack' (chunk index -1, root 'root:/') mounted
[2022.04.26-17.02.55:732][  0]LogShaderLibrary: Display: ShaderCodeLibraryPakFileMountedCallback: pending pak file info (ChunkID:-1 Root:root:/ File:D:/Epic Games/UE_4.27/FeaturePacks/TP_TopDown.upack)
[2022.04.26-17.02.55:732][  0]LogPakFile: OnPakFileMounted2Time == 0.000428
[2022.04.26-17.02.55:733][  0]LogPakFile: PakFile PrimaryIndexSize=185
[2022.04.26-17.02.55:733][  0]LogPakFile: PakFile PathHashIndexSize=101
[2022.04.26-17.02.55:733][  0]LogPakFile: PakFile FullDirectoryIndexSize=144
[2022.04.26-17.02.55:733][  0]LogShaderLibrary: Display: ShaderCodeLibraryPakFileMountedCallback: PakFile 'D:/Epic Games/UE_4.27/FeaturePacks/TP_TopDownBP.upack' (chunk index -1, root 'root:/') mounted
[2022.04.26-17.02.55:733][  0]LogShaderLibrary: Display: ShaderCodeLibraryPakFileMountedCallback: pending pak file info (ChunkID:-1 Root:root:/ File:D:/Epic Games/UE_4.27/FeaturePacks/TP_TopDownBP.upack)
[2022.04.26-17.02.55:733][  0]LogPakFile: OnPakFileMounted2Time == 0.000066
[2022.04.26-17.02.55:734][  0]LogPakFile: PakFile PrimaryIndexSize=185
[2022.04.26-17.02.55:734][  0]LogPakFile: PakFile PathHashIndexSize=101
[2022.04.26-17.02.55:734][  0]LogPakFile: PakFile FullDirectoryIndexSize=144
[2022.04.26-17.02.55:734][  0]LogShaderLibrary: Display: ShaderCodeLibraryPakFileMountedCallback: PakFile 'D:/Epic Games/UE_4.27/FeaturePacks/TP_TwinStick.upack' (chunk index -1, root 'root:/') mounted
[2022.04.26-17.02.55:734][  0]LogShaderLibrary: Display: ShaderCodeLibraryPakFileMountedCallback: pending pak file info (ChunkID:-1 Root:root:/ File:D:/Epic Games/UE_4.27/FeaturePacks/TP_TwinStick.upack)
[2022.04.26-17.02.55:734][  0]LogPakFile: OnPakFileMounted2Time == 0.000070
[2022.04.26-17.02.55:735][  0]LogPakFile: PakFile PrimaryIndexSize=187
[2022.04.26-17.02.55:735][  0]LogPakFile: PakFile PathHashIndexSize=101
[2022.04.26-17.02.55:735][  0]LogPakFile: PakFile FullDirectoryIndexSize=148
[2022.04.26-17.02.55:735][  0]LogShaderLibrary: Display: ShaderCodeLibraryPakFileMountedCallback: PakFile 'D:/Epic Games/UE_4.27/FeaturePacks/TP_TwinStickBP.upack' (chunk index -1, root 'root:/') mounted
[2022.04.26-17.02.55:735][  0]LogShaderLibrary: Display: ShaderCodeLibraryPakFileMountedCallback: pending pak file info (ChunkID:-1 Root:root:/ File:D:/Epic Games/UE_4.27/FeaturePacks/TP_TwinStickBP.upack)
[2022.04.26-17.02.55:735][  0]LogPakFile: OnPakFileMounted2Time == 0.000070
[2022.04.26-17.02.55:736][  0]LogPakFile: PakFile PrimaryIndexSize=183
[2022.04.26-17.02.55:736][  0]LogPakFile: PakFile PathHashIndexSize=101
[2022.04.26-17.02.55:736][  0]LogPakFile: PakFile FullDirectoryIndexSize=140
[2022.04.26-17.02.55:736][  0]LogShaderLibrary: Display: ShaderCodeLibraryPakFileMountedCallback: PakFile 'D:/Epic Games/UE_4.27/FeaturePacks/TP_Vehicle.upack' (chunk index -1, root 'root:/') mounted
[2022.04.26-17.02.55:736][  0]LogShaderLibrary: Display: ShaderCodeLibraryPakFileMountedCallback: pending pak file info (ChunkID:-1 Root:root:/ File:D:/Epic Games/UE_4.27/FeaturePacks/TP_Vehicle.upack)
[2022.04.26-17.02.55:736][  0]LogPakFile: OnPakFileMounted2Time == 0.000068
[2022.04.26-17.02.55:736][  0]LogPakFile: PakFile PrimaryIndexSize=186
[2022.04.26-17.02.55:737][  0]LogPakFile: PakFile PathHashIndexSize=101
[2022.04.26-17.02.55:737][  0]LogPakFile: PakFile FullDirectoryIndexSize=146
[2022.04.26-17.02.55:737][  0]LogShaderLibrary: Display: ShaderCodeLibraryPakFileMountedCallback: PakFile 'D:/Epic Games/UE_4.27/FeaturePacks/TP_VehicleAdv.upack' (chunk index -1, root 'root:/') mounted
[2022.04.26-17.02.55:737][  0]LogShaderLibrary: Display: ShaderCodeLibraryPakFileMountedCallback: pending pak file info (ChunkID:-1 Root:root:/ File:D:/Epic Games/UE_4.27/FeaturePacks/TP_VehicleAdv.upack)
[2022.04.26-17.02.55:737][  0]LogPakFile: OnPakFileMounted2Time == 0.000075
[2022.04.26-17.02.55:737][  0]LogPakFile: PakFile PrimaryIndexSize=188
[2022.04.26-17.02.55:737][  0]LogPakFile: PakFile PathHashIndexSize=101
[2022.04.26-17.02.55:737][  0]LogPakFile: PakFile FullDirectoryIndexSize=150
[2022.04.26-17.02.55:738][  0]LogShaderLibrary: Display: ShaderCodeLibraryPakFileMountedCallback: PakFile 'D:/Epic Games/UE_4.27/FeaturePacks/TP_VehicleAdvBP.upack' (chunk index -1, root 'root:/') mounted
[2022.04.26-17.02.55:738][  0]LogShaderLibrary: Display: ShaderCodeLibraryPakFileMountedCallback: pending pak file info (ChunkID:-1 Root:root:/ File:D:/Epic Games/UE_4.27/FeaturePacks/TP_VehicleAdvBP.upack)
[2022.04.26-17.02.55:738][  0]LogPakFile: OnPakFileMounted2Time == 0.000067
[2022.04.26-17.02.55:738][  0]LogPakFile: PakFile PrimaryIndexSize=185
[2022.04.26-17.02.55:738][  0]LogPakFile: PakFile PathHashIndexSize=101
[2022.04.26-17.02.55:738][  0]LogPakFile: PakFile FullDirectoryIndexSize=144
[2022.04.26-17.02.55:738][  0]LogShaderLibrary: Display: ShaderCodeLibraryPakFileMountedCallback: PakFile 'D:/Epic Games/UE_4.27/FeaturePacks/TP_VehicleBP.upack' (chunk index -1, root 'root:/') mounted
[2022.04.26-17.02.55:738][  0]LogShaderLibrary: Display: ShaderCodeLibraryPakFileMountedCallback: pending pak file info (ChunkID:-1 Root:root:/ File:D:/Epic Games/UE_4.27/FeaturePacks/TP_VehicleBP.upack)
[2022.04.26-17.02.55:738][  0]LogPakFile: OnPakFileMounted2Time == 0.000071
[2022.04.26-17.02.55:739][  0]LogPakFile: PakFile PrimaryIndexSize=192
[2022.04.26-17.02.55:739][  0]LogPakFile: PakFile PathHashIndexSize=101
[2022.04.26-17.02.55:739][  0]LogPakFile: PakFile FullDirectoryIndexSize=158
[2022.04.26-17.02.55:739][  0]LogShaderLibrary: Display: ShaderCodeLibraryPakFileMountedCallback: PakFile 'D:/Epic Games/UE_4.27/FeaturePacks/TP_VirtualRealityBP.upack' (chunk index -1, root 'root:/') mounted
[2022.04.26-17.02.55:739][  0]LogShaderLibrary: Display: ShaderCodeLibraryPakFileMountedCallback: pending pak file info (ChunkID:-1 Root:root:/ File:D:/Epic Games/UE_4.27/FeaturePacks/TP_VirtualRealityBP.upack)
[2022.04.26-17.02.55:739][  0]LogPakFile: OnPakFileMounted2Time == 0.000073
[2022.04.26-17.02.55:793][  0]LogNativeClassHierarchy: Verbose: Native class hierarchy updated for 'AddContentDialog' in 0.0005 seconds. Added 0 classes and 0 folders.
[2022.04.26-17.02.55:795][  0]LogNativeClassHierarchy: Verbose: Native class hierarchy updated for 'SceneOutliner' in 0.0005 seconds. Added 2 classes and 0 folders.
[2022.04.26-17.02.55:833][  0]LogSlate: Took 0.000191 seconds to synchronously load lazily loaded font '../../../Engine/Content/Slate/Fonts/Roboto-Regular.ttf' (155K)
[2022.04.26-17.02.55:834][  0]LogSlate: Took 0.000187 seconds to synchronously load lazily loaded font '../../../Engine/Content/Editor/Slate/Fonts/FontAwesome.ttf' (139K)
[2022.04.26-17.02.55:836][  0]LogSlate: Took 0.000232 seconds to synchronously load lazily loaded font '../../../Engine/Content/Slate/Fonts/Roboto-Bold.ttf' (160K)
[2022.04.26-17.02.56:128][  0]LogRenderer: Reallocating scene render targets to support 1436x572 Format 10 NumSamples 1 (Frame:1).
[2022.04.26-17.02.56:181][  0]LogSlate: Took 0.000295 seconds to synchronously load lazily loaded font '../../../Engine/Content/Slate/Fonts/Roboto-Light.ttf' (167K)
[2022.04.26-17.02.56:291][  0]LogNativeClassHierarchy: Verbose: Native class hierarchy updated for 'HierarchicalLODOutliner' in 0.0005 seconds. Added 0 classes and 0 folders.
[2022.04.26-17.02.56:291][  0]LogInput: Warning: Action Jump uses invalid key OculusGo_Left_Trigger_Click.
[2022.04.26-17.02.56:291][  0]LogInput: Warning: Use -RemoveInvalidKeys to remove instances of these keys from the action mapping.
[2022.04.26-17.02.56:291][  0]LogLoad: (Engine Initialization) Total time: 11.86 seconds
[2022.04.26-17.02.56:291][  0]LogLoad: (Engine Initialization) Total Blueprint compile time: 0.00 seconds
[2022.04.26-17.02.56:355][  0]LogContentStreaming: Texture pool size now 1000 MB
[2022.04.26-17.02.56:487][  1]LogAssetRegistry: Asset discovery search completed in 9.1781 seconds
[2022.04.26-17.02.56:497][  1]LogCollectionManager: Fixed up redirectors for 0 collections in 0.000006 seconds (updated 0 objects)
[2022.04.26-17.02.59:099][ 16]LogWindows: Windows GetLastError: The operation completed successfully. (0)
[2022.04.26-17.02.59:099][ 16]LogOutputDevice: Warning: 

Script Stack (0 frames):

[2022.04.26-17.02.59:099][ 16]LogWindows: Windows GetLastError: The operation completed successfully. (0)
[2022.04.26-17.02.59:099][ 16]LogThreadingWindows: Error: Runnable thread RenderThread 1 crashed.
[2022.04.26-17.02.59:099][ 16]LogWindows: Error: HandleError re-entered.
[2022.04.26-17.02.59:100][ 16]LogWindows: Error: === Critical error: ===
[2022.04.26-17.02.59:100][ 16]LogWindows: Error: 
[2022.04.26-17.02.59:100][ 16]LogWindows: Error: Fatal error: [File:D:/Build/++UE4/Sync/Engine/Source/Runtime/RenderCore/Private/RenderingThread.cpp] [Line: 902] 
[2022.04.26-17.02.59:100][ 16]LogWindows: Error: Rendering thread exception:
[2022.04.26-17.02.59:100][ 16]LogWindows: Error: Fatal error!
[2022.04.26-17.02.59:100][ 16]LogWindows: Error: 
[2022.04.26-17.02.59:100][ 16]LogWindows: Error: Unhandled Exception: EXCEPTION_ACCESS_VIOLATION reading address 0x0000000000000000
[2022.04.26-17.02.59:100][ 16]LogWindows: Error: 
[2022.04.26-17.02.59:100][ 16]LogWindows: Error: [Callstack] 0x00007ffa1ae2fe72 nvwgf2umx.dll!UnknownFunction []
[2022.04.26-17.02.59:100][ 16]LogWindows: Error: [Callstack] 0x00007ffa1ae31109 nvwgf2umx.dll!UnknownFunction []
[2022.04.26-17.02.59:100][ 16]LogWindows: Error: [Callstack] 0x00007ffa1ae40c0d nvwgf2umx.dll!UnknownFunction []
[2022.04.26-17.02.59:100][ 16]LogWindows: Error: [Callstack] 0x00007ffa1ade8479 nvwgf2umx.dll!UnknownFunction []
[2022.04.26-17.02.59:100][ 16]LogWindows: Error: [Callstack] 0x00007ffa1ae01171 nvwgf2umx.dll!UnknownFunction []
[2022.04.26-17.02.59:100][ 16]LogWindows: Error: [Callstack] 0x00007ffa686855c4 d3d11.dll!UnknownFunction []
[2022.04.26-17.02.59:100][ 16]LogWindows: Error: [Callstack] 0x00007ffa686842b3 d3d11.dll!UnknownFunction []
[2022.04.26-17.02.59:100][ 16]LogWindows: Error: [Callstack] 0x00007ffa6c895868 dxgi.dll!UnknownFunction []
[2022.04.26-17.02.59:100][ 16]LogWindows: Error: [Callstack] 0x00007ffa6c8924e2 dxgi.dll!UnknownFunction []
[2022.04.26-17.02.59:100][ 16]LogWindows: Error: [Callstack] 0x00007ffa6c8920ef dxgi.dll!UnknownFunction []
[2022.04.26-17.02.59:100][ 16]LogWindows: Error: [Callstack] 0x00007ffa6c89eabe dxgi.dll!UnknownFunction []
[2022.04.26-17.02.59:100][ 16]LogWindows: Error: [Callstack] 0x00007ffa6c89d38d dxgi.dll!UnknownFunction []
[2022.04.26-17.02.59:100][ 16]LogWindows: Error: [Callstack] 0x00007ffa6c8915bb dxgi.dll!UnknownFunction []
[2022.04.26-17.02.59:100][ 16]LogWindows: Error: [Callstack] 0x00007ff9a42d5be5 UE4Editor-D3D11RHI.dll!UnknownFunction []
[2022.04.26-17.02.59:100][ 16]LogWindows: Error: [Callstack] 0x00007ff9a42d5814 UE4Editor-D3D11RHI.dll!UnknownFunction []
[2022.04.26-17.02.59:100][ 16]LogWindows: Error: [Callstack] 0x00007ff9a42e26f7 UE4Editor-D3D11RHI.dll!UnknownFunction []
[2022.04.26-17.02.59:100][ 16]LogWindows: Error: [Callstack] 0x00007ffa3410353c UE4Editor-RHI.dll!UnknownFunction []
[2022.04.26-17.02.59:100][ 16]LogWindows: Error: [Callstack] 0x00007ffa34108385 UE4Editor-RHI.dll!UnknownFunction []
[2022.04.26-17.02.59:100][ 16]LogWindows: Error: [Callstack] 0x00007ffa34107d9c UE4Editor-RHI.dll!UnknownFunction []
[2022.04.26-17.02.59:100][ 16]LogWindows: Error: [Callstack] 0x00007ffa341090e8 UE4Editor-RHI.dll!UnknownFunction []
[2022.04.26-17.02.59:100][ 16]LogWindows: Error: [Callstack] 0x00007ffa340fa17a UE4Editor-RHI.dll!UnknownFunction []
[2022.04.26-17.02.59:100][ 16]LogWindows: Error: [Callstack] 0x00007ff9a6b330bf UE4Editor-SlateRHIRenderer.dll!UnknownFunction []
[2022.04.26-17.02.59:100][ 16]LogWindows: Error: [Callstack] 0x00007ff9a6b2785a UE4Editor-SlateRHIRenderer.dll!UnknownFunction []
[2022.04.26-17.02.59:100][ 16]LogWindows: Error: [Callstack] 0x00007ff9a6b3c2ca UE4Editor-SlateRHIRenderer.dll!UnknownFunction []
[2022.04.26-17.02.59:100][ 16]LogWindows: Error: [Callstack] 0x00007ff9e8a52398 UE4Editor-Core.dll!UnknownFunction []
[2022.04.26-17.02.59:100][ 16]LogWindows: Error: [Callstack] 0x00007ff9e8a527ce UE4Editor-Core.dll!UnknownFunction []
[2022.04.26-17.02.59:100][ 16]LogWindows: Error: [Callstack] 0x00007ffa0b6b9c67 UE4Editor-RenderCore.dll!UnknownFunction []
[2022.04.26-17.02.59:100][ 16]LogWindows: Error: [Callstack] 0x00007ffa0b6c2f34 UE4Editor-RenderCore.dll!UnknownFunction []
[2022.04.26-17.02.59:100][ 16]LogWindows: Error: [Callstack] 0x00007ff9e8feff0b UE4Editor-Core.dll!UnknownFunction []
[2022.04.26-17.02.59:100][ 16]LogWindows: Error: [Callstack] 0x00007ff9e8fe7050 UE4Editor-Core.dll!UnknownFunction []
[2022.04.26-17.02.59:100][ 16]LogWindows: Error: [Callstack] 0x00007ffa737554e0 KERNEL32.DLL!UnknownFunction []
[2022.04.26-17.02.59:100][ 16]LogWindows: Error: [Callstack] 0x00007ffa758a485b ntdll.dll!UnknownFunction []
[2022.04.26-17.02.59:100][ 16]LogWindows: Error: 
[2022.04.26-17.02.59:100][ 16]LogWindows: Error: 
[2022.04.26-17.02.59:100][ 16]LogWindows: Error: 
[2022.04.26-17.02.59:100][ 16]LogWindows: Error: 
[2022.04.26-17.02.59:100][ 16]LogWindows: Error: Crash in runnable thread RenderThread 1
[2022.04.26-17.02.59:109][ 16]LogWindows: FPlatformMisc::RequestExit(1)
[2022.04.26-17.02.59:109][ 16]LogWindows: FPlatformMisc::RequestExitWithStatus(1, 3)
[2022.04.26-17.02.59:109][ 16]LogCore: Engine exit requested (reason: Win RequestExit)
[2022.04.26-17.02.59:121][ 16]Log file closed, 04/26/22 18:02:59
