Log file open, 05/06/22 17:58:43
LogWindows: Failed to load 'aqProf.dll' (GetLastError=126)
LogWindows: File 'aqProf.dll' does not exist
LogWindows: Failed to load 'VtuneApi.dll' (GetLastError=126)
LogWindows: File 'VtuneApi.dll' does not exist
LogWindows: Failed to load 'VtuneApi32e.dll' (GetLastError=126)
LogWindows: File 'VtuneApi32e.dll' does not exist
LogConsoleResponse: Display: Failed to find resolution value strings in scalability ini. Falling back to default.
LogConsoleResponse: Display: Failed to find resolution value strings in scalability ini. Falling back to default.
LogInit: Display: Running engine for game: FindingHooman
LogPlatformFile: Not using cached read wrapper
LogTaskGraph: Started task graph with 5 named threads and 47 total threads with 3 sets of task threads.
LogStats: Stats thread started at 0.334060
LogICUInternationalization: ICU TimeZone Detection - Raw Offset: +0:00, Platform Override: ''
LogInit: Display: Loading text-based GConfig....
LogPluginManager: Mounting plugin MeshPainting
LogPluginManager: Mounting plugin XGEController
LogPluginManager: Mounting plugin Paper2D
LogPluginManager: Mounting plugin EnvironmentQueryEditor
LogPluginManager: Mounting plugin OodleNetwork
LogPluginManager: Mounting plugin OodleData
LogPluginManager: Mounting plugin AISupport
LogPluginManager: Mounting plugin LightPropagationVolume
LogPluginManager: Mounting plugin AnimationSharing
LogPluginManager: Mounting plugin CLionSourceCodeAccess
LogPluginManager: Mounting plugin KDevelopSourceCodeAccess
LogPluginManager: Mounting plugin GitSourceControl
LogPluginManager: Mounting plugin PerforceSourceControl
LogPluginManager: Mounting plugin PixWinPlugin
LogPluginManager: Mounting plugin NullSourceCodeAccess
LogPluginManager: Mounting plugin PropertyAccessNode
LogPluginManager: Mounting plugin RiderSourceCodeAccess
LogPluginManager: Mounting plugin PluginUtils
LogPluginManager: Mounting plugin CodeLiteSourceCodeAccess
LogPluginManager: Mounting plugin SubversionSourceControl
LogPluginManager: Mounting plugin TextureFormatOodle
LogPluginManager: Mounting plugin UObjectPlugin
LogPluginManager: Mounting plugin XCodeSourceCodeAccess
LogPluginManager: Mounting plugin VisualStudioCodeSourceCodeAccess
LogPluginManager: Mounting plugin VisualStudioSourceCodeAccess
LogPluginManager: Mounting plugin PlasticSourceControl
LogPluginManager: Mounting plugin AssetManagerEditor
LogPluginManager: Mounting plugin VariantManagerContent
LogPluginManager: Mounting plugin DatasmithContent
LogPluginManager: Mounting plugin CurveEditorTools
LogPluginManager: Mounting plugin FacialAnimation
LogPluginManager: Mounting plugin CryptoKeys
LogPluginManager: Mounting plugin GeometryMode
LogPluginManager: Mounting plugin GameplayTagsEditor
LogPluginManager: Mounting plugin MacGraphicsSwitching
LogPluginManager: Mounting plugin MaterialAnalyzer
LogPluginManager: Mounting plugin MobileLauncherProfileWizard
LogPluginManager: Mounting plugin PluginBrowser
LogPluginManager: Mounting plugin SpeedTreeImporter
LogPluginManager: Mounting plugin LuminPlatformFeatures
LogPluginManager: Mounting plugin Niagara
LogPluginManager: Mounting plugin DataValidation
LogPluginManager: Mounting plugin MagicLeap
LogPluginManager: Mounting plugin MagicLeapMedia
LogPluginManager: Mounting plugin MagicLeapLightEstimation
LogPluginManager: Mounting plugin MagicLeapPassableWorld
LogPluginManager: Mounting plugin MLSDK
LogPluginManager: Mounting plugin UdpMessaging
LogPluginManager: Mounting plugin TcpMessaging
LogPluginManager: Mounting plugin AlembicImporter
LogPluginManager: Mounting plugin AutomationUtils
LogPluginManager: Mounting plugin BackChannel
LogPluginManager: Mounting plugin ActorSequence
LogPluginManager: Mounting plugin ChaosCloth
LogPluginManager: Mounting plugin ChaosClothEditor
LogPluginManager: Mounting plugin LevelSequenceEditor
LogPluginManager: Mounting plugin MatineeToLevelSequence
LogPluginManager: Mounting plugin ChaosSolverPlugin
LogPluginManager: Mounting plugin ChaosEditor
LogPluginManager: Mounting plugin ChaosNiagara
LogPluginManager: Mounting plugin CharacterAI
LogPluginManager: Mounting plugin TemplateSequence
LogPluginManager: Mounting plugin GeometryCollectionPlugin
LogPluginManager: Mounting plugin AvfMedia
LogPluginManager: Mounting plugin AndroidMedia
LogPluginManager: Mounting plugin ImgMedia
LogPluginManager: Mounting plugin MediaCompositing
LogPluginManager: Mounting plugin GeometryCache
LogPluginManager: Mounting plugin MediaPlayerEditor
LogPluginManager: Mounting plugin WebMMedia
LogPluginManager: Mounting plugin WmfMedia
LogPluginManager: Mounting plugin GeometryProcessing
LogPluginManager: Mounting plugin OpenImageDenoise
LogPluginManager: Mounting plugin PlanarCut
LogPluginManager: Mounting plugin ProxyLODPlugin
LogPluginManager: Mounting plugin PythonScriptPlugin
LogPluginManager: Mounting plugin PlatformCrypto
LogPluginManager: Mounting plugin MotoSynth
LogPluginManager: Mounting plugin LauncherChunkInstaller
LogPluginManager: Mounting plugin SkeletalReduction
LogPluginManager: Mounting plugin AndroidDeviceProfileSelector
LogPluginManager: Mounting plugin AndroidMoviePlayer
LogPluginManager: Mounting plugin ActorLayerUtilities
LogPluginManager: Mounting plugin AppleImageUtils
LogPluginManager: Mounting plugin AppleMoviePlayer
LogPluginManager: Mounting plugin AssetTags
LogPluginManager: Mounting plugin AndroidPermission
LogPluginManager: Mounting plugin ArchVisCharacter
LogPluginManager: Mounting plugin AudioCapture
LogPluginManager: Mounting plugin ChunkDownloader
LogPluginManager: Mounting plugin CustomMeshComponent
LogPluginManager: Mounting plugin AudioSynesthesia
LogPluginManager: Mounting plugin CableComponent
LogPluginManager: Mounting plugin OnlineSubsystem
LogPluginManager: Mounting plugin EditableMesh
LogPluginManager: Mounting plugin ExampleDeviceProfileSelector
LogPluginManager: Mounting plugin ScreenshotTools
LogPluginManager: Mounting plugin GoogleCloudMessaging
LogPluginManager: Mounting plugin GooglePAD
LogPluginManager: Mounting plugin OnlineSubsystemNull
LogPluginManager: Mounting plugin OnlineSubsystemUtils
LogPluginManager: Mounting plugin LinuxDeviceProfileSelector
LogPluginManager: Mounting plugin IOSDeviceProfileSelector
LogPluginManager: Mounting plugin LocationServicesBPLibrary
LogPluginManager: Mounting plugin OpenXR
LogPluginManager: Mounting plugin OpenXRHandTracking
LogPluginManager: Mounting plugin OpenXREyeTracker
LogPluginManager: Mounting plugin MobilePatchingUtils
LogPluginManager: Mounting plugin PhysXVehicles
LogPluginManager: Mounting plugin PostSplashScreen
LogPluginManager: Mounting plugin ProceduralMeshComponent
LogPluginManager: Mounting plugin PropertyAccessEditor
LogPluginManager: Mounting plugin SignificanceManager
LogPluginManager: Mounting plugin RuntimePhysXCooking
LogPluginManager: Mounting plugin SoundFields
LogPluginManager: Mounting plugin Synthesis
LogPluginManager: Mounting plugin WebMMoviePlayer
LogPluginManager: Mounting plugin Takes
LogPluginManager: Mounting plugin WindowsMoviePlayer
LogPluginManager: Mounting plugin LiveLink
LogPluginManager: Mounting plugin GameplayCameras
LogPluginManager: Mounting plugin CameraShakePreviewer
LogPluginManager: Mounting plugin ContentBrowserClassDataSource
LogPluginManager: Mounting plugin ContentBrowserFileDataSource
LogPluginManager: Mounting plugin ContentBrowserAssetDataSource
LogPluginManager: Mounting plugin OnlineSubsystemGooglePlay
LogPluginManager: Mounting plugin OnlineSubsystemIOS
LogPluginManager: Mounting plugin OculusVR
LogPluginManager: Mounting plugin SteamVR
PixWinPlugin: PIX capture plugin failed to initialize! Check that the process is launched from PIX.
LogInit: Using libcurl 7.55.1-DEV
LogInit:  - built for x86_64-pc-win32
LogInit:  - supports SSL with OpenSSL/1.1.1
LogInit:  - supports HTTP deflate (compression) using libz 1.2.8
LogInit:  - other features:
LogInit:      CURL_VERSION_SSL
LogInit:      CURL_VERSION_LIBZ
LogInit:      CURL_VERSION_IPV6
LogInit:      CURL_VERSION_ASYNCHDNS
LogInit:      CURL_VERSION_LARGEFILE
LogInit:      CURL_VERSION_IDN
LogInit:  CurlRequestOptions (configurable via config and command line):
LogInit:  - bVerifyPeer = true  - Libcurl will verify peer certificate
LogInit:  - bUseHttpProxy = false  - Libcurl will NOT use HTTP proxy
LogInit:  - bDontReuseConnections = false  - Libcurl will reuse connections
LogInit:  - MaxHostConnections = 16  - Libcurl will limit the number of connections to a host
LogInit:  - LocalHostAddr = Default
LogInit:  - BufferSize = 65536
LogOnline: OSS: Creating online subsystem instance for: NULL
LogInit: WinSock: version 1.1 (2.2), MaxSocks=32767, MaxUdp=65467
LogOnline: OSS: TryLoadSubsystemAndSetDefault: Loaded subsystem for module [NULL]
LogOculusPluginWrapper: OculusPlugin initialized successfully
LogHMD: Failed initializing OVRPlugin 1.59.0
LogInit: Build: ++UE4+Release-4.27-CL-18319896
LogInit: Engine Version: 4.27.2-18319896+++UE4+Release-4.27
LogInit: Compatible Engine Version: 4.27.0-17155196+++UE4+Release-4.27
LogInit: Net CL: 17155196
LogInit: OS: Windows 10 (Release 2009) (), CPU: AMD Ryzen 7 3800X 8-Core Processor             , GPU: NVIDIA GeForce RTX 2070 SUPER
LogInit: Compiled (64-bit): Nov 30 2021 07:12:08
LogInit: Compiled with Visual C++: 19.24.28315.00
LogInit: Build Configuration: Development
LogInit: Branch Name: ++UE4+Release-4.27
LogInit: Command Line:  -skipcompile
LogInit: Base Directory: C:/Program Files/Epic Games/UE_4.27/Engine/Binaries/Win64/
LogInit: Allocator: TBB
LogInit: Installed Engine Build: 1
LogDevObjectVersion: Number of dev versions registered: 29
LogDevObjectVersion:   Dev-Blueprints (B0D832E4-1F89-4F0D-ACCF-7EB736FD4AA2): 10
LogDevObjectVersion:   Dev-Build (E1C64328-A22C-4D53-A36C-8E866417BD8C): 0
LogDevObjectVersion:   Dev-Core (375EC13C-06E4-48FB-B500-84F0262A717E): 4
LogDevObjectVersion:   Dev-Editor (E4B068ED-F494-42E9-A231-DA0B2E46BB41): 40
LogDevObjectVersion:   Dev-Framework (CFFC743F-43B0-4480-9391-14DF171D2073): 37
LogDevObjectVersion:   Dev-Mobile (B02B49B5-BB20-44E9-A304-32B752E40360): 3
LogDevObjectVersion:   Dev-Networking (A4E4105C-59A1-49B5-A7C5-40C4547EDFEE): 0
LogDevObjectVersion:   Dev-Online (39C831C9-5AE6-47DC-9A44-9C173E1C8E7C): 0
LogDevObjectVersion:   Dev-Physics (78F01B33-EBEA-4F98-B9B4-84EACCB95AA2): 14
LogDevObjectVersion:   Dev-Platform (6631380F-2D4D-43E0-8009-CF276956A95A): 0
LogDevObjectVersion:   Dev-Rendering (12F88B9F-8875-4AFC-A67C-D90C383ABD29): 45
LogDevObjectVersion:   Dev-Sequencer (7B5AE74C-D270-4C10-A958-57980B212A5A): 13
LogDevObjectVersion:   Dev-VR (D7296918-1DD6-4BDD-9DE2-64A83CC13884): 3
LogDevObjectVersion:   Dev-LoadTimes (C2A15278-BFE7-4AFE-6C17-90FF531DF755): 1
LogDevObjectVersion:   Private-Geometry (6EACA3D4-40EC-4CC1-B786-8BED09428FC5): 3
LogDevObjectVersion:   Dev-AnimPhys (29E575DD-E0A3-4627-9D10-D276232CDCEA): 17
LogDevObjectVersion:   Dev-Anim (AF43A65D-7FD3-4947-9873-3E8ED9C1BB05): 15
LogDevObjectVersion:   Dev-ReflectionCapture (6B266CEC-1EC7-4B8F-A30B-E4D90942FC07): 1
LogDevObjectVersion:   Dev-Automation (0DF73D61-A23F-47EA-B727-89E90C41499A): 1
LogDevObjectVersion:   FortniteMain (601D1886-AC64-4F84-AA16-D3DE0DEAC7D6): 47
LogDevObjectVersion:   FortniteRelease (E7086368-6B23-4C58-8439-1B7016265E91): 1
LogDevObjectVersion:   Dev-Enterprise (9DFFBCD6-494F-0158-E221-12823C92A888): 10
LogDevObjectVersion:   Dev-Niagara (F2AED0AC-9AFE-416F-8664-AA7FFA26D6FC): 1
LogDevObjectVersion:   Dev-Destruction (174F1F0B-B4C6-45A5-B13F-2EE8D0FB917D): 10
LogDevObjectVersion:   Dev-Physics-Ext (35F94A83-E258-406C-A318-09F59610247C): 41
LogDevObjectVersion:   Dev-PhysicsMaterial-Chaos (B68FC16E-8B1B-42E2-B453-215C058844FE): 1
LogDevObjectVersion:   Dev-CineCamera (B2E18506-4273-CFC2-A54E-F4BB758BBA07): 1
LogDevObjectVersion:   Dev-VirtualProduction (64F58936-FD1B-42BA-BA96-7289D5D0FA4E): 1
LogDevObjectVersion:   Dev-MediaFramework (6F0ED827-A609-4895-9C91-998D90180EA4): 2
LogInit: Presizing for max 25165824 objects, including 0 objects not considered by GC, pre-allocating 0 bytes for permanent pool.
LogConfig: Applying CVar settings from Section [/Script/Engine.StreamingSettings] File [D:/Year 3/Term 1/COMP_1288/FindingHooman-Unreal/FindingHooman/Saved/Config/Windows/Engine.ini]
LogConfig: Setting CVar [[s.MinBulkDataSizeForAsyncLoading:131072]]
LogConfig: Setting CVar [[s.AsyncLoadingThreadEnabled:0]]
LogConfig: Setting CVar [[s.EventDrivenLoaderEnabled:1]]
LogConfig: Setting CVar [[s.WarnIfTimeLimitExceeded:0]]
LogConfig: Setting CVar [[s.TimeLimitExceededMultiplier:1.5]]
LogConfig: Setting CVar [[s.TimeLimitExceededMinTime:0.005]]
LogConfig: Setting CVar [[s.UseBackgroundLevelStreaming:1]]
LogConfig: Setting CVar [[s.PriorityAsyncLoadingExtraTime:15.0]]
LogConfig: Setting CVar [[s.LevelStreamingActorsUpdateTimeLimit:5.0]]
LogConfig: Setting CVar [[s.PriorityLevelStreamingActorsUpdateExtraTime:5.0]]
LogConfig: Setting CVar [[s.LevelStreamingComponentsRegistrationGranularity:10]]
LogConfig: Setting CVar [[s.UnregisterComponentsTimeLimit:1.0]]
LogConfig: Setting CVar [[s.LevelStreamingComponentsUnregistrationGranularity:5]]
LogConfig: Setting CVar [[s.FlushStreamingOnExit:1]]
LogInit: Object subsystem initialized
LogConfig: Setting CVar [[con.DebugEarlyDefault:1]]
LogConfig: Setting CVar [[r.setres:1280x720]]
[2022.05.06-16.58.45:165][  0]LogConfig: Setting CVar [[r.VSync:0]]
[2022.05.06-16.58.45:165][  0]LogConfig: Setting CVar [[r.RHICmdBypass:0]]
[2022.05.06-16.58.45:165][  0]LogConfig: Applying CVar settings from Section [/Script/Engine.RendererSettings] File [D:/Year 3/Term 1/COMP_1288/FindingHooman-Unreal/FindingHooman/Saved/Config/Windows/Engine.ini]
[2022.05.06-16.58.45:165][  0]LogConfig: Setting CVar [[r.GPUCrashDebugging:0]]
[2022.05.06-16.58.45:165][  0]LogConfig: Setting CVar [[r.AllowStaticLighting:1]]
[2022.05.06-16.58.45:165][  0]LogConfig: Setting CVar [[r.GenerateMeshDistanceFields:1]]
[2022.05.06-16.58.45:165][  0]LogConfig: Applying CVar settings from Section [/Script/Engine.RendererOverrideSettings] File [D:/Year 3/Term 1/COMP_1288/FindingHooman-Unreal/FindingHooman/Saved/Config/Windows/Engine.ini]
[2022.05.06-16.58.45:165][  0]LogConfig: Applying CVar settings from Section [/Script/Engine.StreamingSettings] File [D:/Year 3/Term 1/COMP_1288/FindingHooman-Unreal/FindingHooman/Saved/Config/Windows/Engine.ini]
[2022.05.06-16.58.45:165][  0]LogConfig: Setting CVar [[s.MinBulkDataSizeForAsyncLoading:131072]]
[2022.05.06-16.58.45:165][  0]LogConfig: Setting CVar [[s.AsyncLoadingThreadEnabled:0]]
[2022.05.06-16.58.45:165][  0]LogConfig: Setting CVar [[s.EventDrivenLoaderEnabled:1]]
[2022.05.06-16.58.45:165][  0]LogConfig: Setting CVar [[s.WarnIfTimeLimitExceeded:0]]
[2022.05.06-16.58.45:165][  0]LogConfig: Setting CVar [[s.TimeLimitExceededMultiplier:1.5]]
[2022.05.06-16.58.45:165][  0]LogConfig: Setting CVar [[s.TimeLimitExceededMinTime:0.005]]
[2022.05.06-16.58.45:165][  0]LogConfig: Setting CVar [[s.UseBackgroundLevelStreaming:1]]
[2022.05.06-16.58.45:165][  0]LogConfig: Setting CVar [[s.PriorityAsyncLoadingExtraTime:15.0]]
[2022.05.06-16.58.45:166][  0]LogConfig: Setting CVar [[s.LevelStreamingActorsUpdateTimeLimit:5.0]]
[2022.05.06-16.58.45:166][  0]LogConfig: Setting CVar [[s.PriorityLevelStreamingActorsUpdateExtraTime:5.0]]
[2022.05.06-16.58.45:166][  0]LogConfig: Setting CVar [[s.LevelStreamingComponentsRegistrationGranularity:10]]
[2022.05.06-16.58.45:166][  0]LogConfig: Setting CVar [[s.UnregisterComponentsTimeLimit:1.0]]
[2022.05.06-16.58.45:166][  0]LogConfig: Setting CVar [[s.LevelStreamingComponentsUnregistrationGranularity:5]]
[2022.05.06-16.58.45:166][  0]LogConfig: Setting CVar [[s.FlushStreamingOnExit:1]]
[2022.05.06-16.58.45:166][  0]LogConfig: Applying CVar settings from Section [/Script/Engine.GarbageCollectionSettings] File [D:/Year 3/Term 1/COMP_1288/FindingHooman-Unreal/FindingHooman/Saved/Config/Windows/Engine.ini]
[2022.05.06-16.58.45:166][  0]LogConfig: Setting CVar [[gc.MaxObjectsNotConsideredByGC:1]]
[2022.05.06-16.58.45:166][  0]LogConfig: Setting CVar [[gc.SizeOfPermanentObjectPool:0]]
[2022.05.06-16.58.45:166][  0]LogConfig: Setting CVar [[gc.FlushStreamingOnGC:0]]
[2022.05.06-16.58.45:166][  0]LogConfig: Setting CVar [[gc.NumRetriesBeforeForcingGC:10]]
[2022.05.06-16.58.45:166][  0]LogConfig: Setting CVar [[gc.AllowParallelGC:1]]
[2022.05.06-16.58.45:166][  0]LogConfig: Setting CVar [[gc.TimeBetweenPurgingPendingKillObjects:61.1]]
[2022.05.06-16.58.45:166][  0]LogConfig: Setting CVar [[gc.MaxObjectsInEditor:25165824]]
[2022.05.06-16.58.45:166][  0]LogConfig: Setting CVar [[gc.IncrementalBeginDestroyEnabled:1]]
[2022.05.06-16.58.45:166][  0]LogConfig: Setting CVar [[gc.CreateGCClusters:1]]
[2022.05.06-16.58.45:166][  0]LogConfig: Setting CVar [[gc.MinGCClusterSize:5]]
[2022.05.06-16.58.45:166][  0]LogConfig: Setting CVar [[gc.ActorClusteringEnabled:0]]
[2022.05.06-16.58.45:166][  0]LogConfig: Setting CVar [[gc.BlueprintClusteringEnabled:0]]
[2022.05.06-16.58.45:166][  0]LogConfig: Setting CVar [[gc.UseDisregardForGCOnDedicatedServers:0]]
[2022.05.06-16.58.45:166][  0]LogConfig: Setting CVar [[gc.MultithreadedDestructionEnabled:1]]
[2022.05.06-16.58.45:167][  0]LogConfig: Applying CVar settings from Section [/Script/Engine.NetworkSettings] File [D:/Year 3/Term 1/COMP_1288/FindingHooman-Unreal/FindingHooman/Saved/Config/Windows/Engine.ini]
[2022.05.06-16.58.45:167][  0]LogConfig: Applying CVar settings from Section [/Script/UnrealEd.CookerSettings] File [D:/Year 3/Term 1/COMP_1288/FindingHooman-Unreal/FindingHooman/Saved/Config/Windows/Engine.ini]
[2022.05.06-16.58.45:191][  0]LogConfig: Applying CVar settings from Section [ViewDistanceQuality@3] File [D:/Year 3/Term 1/COMP_1288/FindingHooman-Unreal/FindingHooman/Saved/Config/Windows/Scalability.ini]
[2022.05.06-16.58.45:191][  0]LogConfig: Setting CVar [[r.SkeletalMeshLODBias:0]]
[2022.05.06-16.58.45:191][  0]LogConfig: Setting CVar [[r.ViewDistanceScale:1.0]]
[2022.05.06-16.58.45:191][  0]LogConfig: Applying CVar settings from Section [AntiAliasingQuality@3] File [D:/Year 3/Term 1/COMP_1288/FindingHooman-Unreal/FindingHooman/Saved/Config/Windows/Scalability.ini]
[2022.05.06-16.58.45:191][  0]LogConfig: Setting CVar [[r.PostProcessAAQuality:4]]
[2022.05.06-16.58.45:191][  0]LogConfig: Applying CVar settings from Section [ShadowQuality@3] File [D:/Year 3/Term 1/COMP_1288/FindingHooman-Unreal/FindingHooman/Saved/Config/Windows/Scalability.ini]
[2022.05.06-16.58.45:191][  0]LogConfig: Setting CVar [[r.LightFunctionQuality:1]]
[2022.05.06-16.58.45:191][  0]LogConfig: Setting CVar [[r.ShadowQuality:5]]
[2022.05.06-16.58.45:191][  0]LogConfig: Setting CVar [[r.Shadow.CSM.MaxCascades:10]]
[2022.05.06-16.58.45:191][  0]LogConfig: Setting CVar [[r.Shadow.MaxResolution:2048]]
[2022.05.06-16.58.45:191][  0]LogConfig: Setting CVar [[r.Shadow.MaxCSMResolution:2048]]
[2022.05.06-16.58.45:191][  0]LogConfig: Setting CVar [[r.Shadow.RadiusThreshold:0.01]]
[2022.05.06-16.58.45:191][  0]LogConfig: Setting CVar [[r.Shadow.DistanceScale:1.0]]
[2022.05.06-16.58.45:191][  0]LogConfig: Setting CVar [[r.Shadow.CSM.TransitionScale:1.0]]
[2022.05.06-16.58.45:191][  0]LogConfig: Setting CVar [[r.Shadow.PreShadowResolutionFactor:1.0]]
[2022.05.06-16.58.45:191][  0]LogConfig: Setting CVar [[r.DistanceFieldShadowing:1]]
[2022.05.06-16.58.45:192][  0]LogConfig: Setting CVar [[r.DistanceFieldAO:1]]
[2022.05.06-16.58.45:192][  0]LogConfig: Setting CVar [[r.AOQuality:2]]
[2022.05.06-16.58.45:192][  0]LogConfig: Setting CVar [[r.VolumetricFog:1]]
[2022.05.06-16.58.45:192][  0]LogConfig: Setting CVar [[r.VolumetricFog.GridPixelSize:8]]
[2022.05.06-16.58.45:192][  0]LogConfig: Setting CVar [[r.VolumetricFog.GridSizeZ:128]]
[2022.05.06-16.58.45:192][  0]LogConfig: Setting CVar [[r.VolumetricFog.HistoryMissSupersampleCount:4]]
[2022.05.06-16.58.45:192][  0]LogConfig: Setting CVar [[r.LightMaxDrawDistanceScale:1]]
[2022.05.06-16.58.45:192][  0]LogConfig: Setting CVar [[r.CapsuleShadows:1]]
[2022.05.06-16.58.45:192][  0]LogConfig: Applying CVar settings from Section [PostProcessQuality@3] File [D:/Year 3/Term 1/COMP_1288/FindingHooman-Unreal/FindingHooman/Saved/Config/Windows/Scalability.ini]
[2022.05.06-16.58.45:192][  0]LogConfig: Setting CVar [[r.MotionBlurQuality:4]]
[2022.05.06-16.58.45:192][  0]LogConfig: Setting CVar [[r.AmbientOcclusionMipLevelFactor:0.4]]
[2022.05.06-16.58.45:192][  0]LogConfig: Setting CVar [[r.AmbientOcclusionMaxQuality:100]]
[2022.05.06-16.58.45:192][  0]LogConfig: Setting CVar [[r.AmbientOcclusionLevels:-1]]
[2022.05.06-16.58.45:192][  0]LogConfig: Setting CVar [[r.AmbientOcclusionRadiusScale:1.0]]
[2022.05.06-16.58.45:192][  0]LogConfig: Setting CVar [[r.DepthOfFieldQuality:2]]
[2022.05.06-16.58.45:192][  0]LogConfig: Setting CVar [[r.RenderTargetPoolMin:400]]
[2022.05.06-16.58.45:192][  0]LogConfig: Setting CVar [[r.LensFlareQuality:2]]
[2022.05.06-16.58.45:192][  0]LogConfig: Setting CVar [[r.SceneColorFringeQuality:1]]
[2022.05.06-16.58.45:192][  0]LogConfig: Setting CVar [[r.EyeAdaptationQuality:2]]
[2022.05.06-16.58.45:192][  0]LogConfig: Setting CVar [[r.BloomQuality:5]]
[2022.05.06-16.58.45:192][  0]LogConfig: Setting CVar [[r.FastBlurThreshold:100]]
[2022.05.06-16.58.45:193][  0]LogConfig: Setting CVar [[r.Upscale.Quality:3]]
[2022.05.06-16.58.45:193][  0]LogConfig: Setting CVar [[r.Tonemapper.GrainQuantization:1]]
[2022.05.06-16.58.45:193][  0]LogConfig: Setting CVar [[r.LightShaftQuality:1]]
[2022.05.06-16.58.45:193][  0]LogConfig: Setting CVar [[r.Filter.SizeScale:1]]
[2022.05.06-16.58.45:193][  0]LogConfig: Setting CVar [[r.Tonemapper.Quality:5]]
[2022.05.06-16.58.45:193][  0]LogConfig: Setting CVar [[r.DOF.Gather.AccumulatorQuality:1        ; higher gathering accumulator quality]]
[2022.05.06-16.58.45:193][  0]LogConfig: Setting CVar [[r.DOF.Gather.PostfilterMethod:1          ; Median3x3 postfilering method]]
[2022.05.06-16.58.45:193][  0]LogConfig: Setting CVar [[r.DOF.Gather.EnableBokehSettings:0       ; no bokeh simulation when gathering]]
[2022.05.06-16.58.45:193][  0]LogConfig: Setting CVar [[r.DOF.Gather.RingCount:4                 ; medium number of samples when gathering]]
[2022.05.06-16.58.45:193][  0]LogConfig: Setting CVar [[r.DOF.Scatter.ForegroundCompositing:1    ; additive foreground scattering]]
[2022.05.06-16.58.45:193][  0]LogConfig: Setting CVar [[r.DOF.Scatter.BackgroundCompositing:2    ; additive background scattering]]
[2022.05.06-16.58.45:193][  0]LogConfig: Setting CVar [[r.DOF.Scatter.EnableBokehSettings:1      ; bokeh simulation when scattering]]
[2022.05.06-16.58.45:193][  0]LogConfig: Setting CVar [[r.DOF.Scatter.MaxSpriteRatio:0.1         ; only a maximum of 10% of scattered bokeh]]
[2022.05.06-16.58.45:193][  0]LogConfig: Setting CVar [[r.DOF.Recombine.Quality:1                ; cheap slight out of focus]]
[2022.05.06-16.58.45:193][  0]LogConfig: Setting CVar [[r.DOF.Recombine.EnableBokehSettings:0    ; no bokeh simulation on slight out of focus]]
[2022.05.06-16.58.45:193][  0]LogConfig: Setting CVar [[r.DOF.TemporalAAQuality:1                ; more stable temporal accumulation]]
[2022.05.06-16.58.45:193][  0]LogConfig: Setting CVar [[r.DOF.Kernel.MaxForegroundRadius:0.025]]
[2022.05.06-16.58.45:193][  0]LogConfig: Setting CVar [[r.DOF.Kernel.MaxBackgroundRadius:0.025]]
[2022.05.06-16.58.45:193][  0]LogConfig: Applying CVar settings from Section [TextureQuality@3] File [D:/Year 3/Term 1/COMP_1288/FindingHooman-Unreal/FindingHooman/Saved/Config/Windows/Scalability.ini]
[2022.05.06-16.58.45:193][  0]LogConfig: Setting CVar [[r.Streaming.MipBias:0]]
[2022.05.06-16.58.45:194][  0]LogConfig: Setting CVar [[r.Streaming.AmortizeCPUToGPUCopy:0]]
[2022.05.06-16.58.45:194][  0]LogConfig: Setting CVar [[r.Streaming.MaxNumTexturesToStreamPerFrame:0]]
[2022.05.06-16.58.45:194][  0]LogConfig: Setting CVar [[r.Streaming.Boost:1]]
[2022.05.06-16.58.45:194][  0]LogConfig: Setting CVar [[r.MaxAnisotropy:8]]
[2022.05.06-16.58.45:194][  0]LogConfig: Setting CVar [[r.VT.MaxAnisotropy:8]]
[2022.05.06-16.58.45:194][  0]LogConfig: Setting CVar [[r.Streaming.LimitPoolSizeToVRAM:0]]
[2022.05.06-16.58.45:194][  0]LogConfig: Setting CVar [[r.Streaming.PoolSize:1000]]
[2022.05.06-16.58.45:194][  0]LogConfig: Setting CVar [[r.Streaming.MaxEffectiveScreenSize:0]]
[2022.05.06-16.58.45:194][  0]LogConfig: Applying CVar settings from Section [EffectsQuality@3] File [D:/Year 3/Term 1/COMP_1288/FindingHooman-Unreal/FindingHooman/Saved/Config/Windows/Scalability.ini]
[2022.05.06-16.58.45:194][  0]LogConfig: Setting CVar [[r.TranslucencyLightingVolumeDim:64]]
[2022.05.06-16.58.45:194][  0]LogConfig: Setting CVar [[r.RefractionQuality:2]]
[2022.05.06-16.58.45:194][  0]LogConfig: Setting CVar [[r.SSR.Quality:3]]
[2022.05.06-16.58.45:194][  0]LogConfig: Setting CVar [[r.SSR.HalfResSceneColor:0]]
[2022.05.06-16.58.45:194][  0]LogConfig: Setting CVar [[r.SceneColorFormat:4]]
[2022.05.06-16.58.45:194][  0]LogConfig: Setting CVar [[r.DetailMode:2]]
[2022.05.06-16.58.45:194][  0]LogConfig: Setting CVar [[r.TranslucencyVolumeBlur:1]]
[2022.05.06-16.58.45:194][  0]LogConfig: Setting CVar [[r.MaterialQualityLevel:1 ; High quality]]
[2022.05.06-16.58.45:194][  0]LogConfig: Setting CVar [[r.AnisotropicMaterials:1]]
[2022.05.06-16.58.45:194][  0]LogConfig: Setting CVar [[r.SSS.Scale:1]]
[2022.05.06-16.58.45:194][  0]LogConfig: Setting CVar [[r.SSS.SampleSet:2]]
[2022.05.06-16.58.45:194][  0]LogConfig: Setting CVar [[r.SSS.Quality:1]]
[2022.05.06-16.58.45:195][  0]LogConfig: Setting CVar [[r.SSS.HalfRes:0]]
[2022.05.06-16.58.45:195][  0]LogConfig: Setting CVar [[r.SSGI.Quality:3]]
[2022.05.06-16.58.45:195][  0]LogConfig: Setting CVar [[r.EmitterSpawnRateScale:1.0]]
[2022.05.06-16.58.45:195][  0]LogConfig: Setting CVar [[r.ParticleLightQuality:2]]
[2022.05.06-16.58.45:195][  0]LogConfig: Setting CVar [[r.SkyAtmosphere.AerialPerspectiveLUT.FastApplyOnOpaque:1 ; Always have FastSkyLUT 1 in this case to avoid wrong sky]]
[2022.05.06-16.58.45:195][  0]LogConfig: Setting CVar [[r.SkyAtmosphere.AerialPerspectiveLUT.SampleCountMaxPerSlice:4]]
[2022.05.06-16.58.45:195][  0]LogConfig: Setting CVar [[r.SkyAtmosphere.AerialPerspectiveLUT.DepthResolution:16.0]]
[2022.05.06-16.58.45:195][  0]LogConfig: Setting CVar [[r.SkyAtmosphere.FastSkyLUT:1]]
[2022.05.06-16.58.45:195][  0]LogConfig: Setting CVar [[r.SkyAtmosphere.FastSkyLUT.SampleCountMin:4.0]]
[2022.05.06-16.58.45:195][  0]LogConfig: Setting CVar [[r.SkyAtmosphere.FastSkyLUT.SampleCountMax:128.0]]
[2022.05.06-16.58.45:195][  0]LogConfig: Setting CVar [[r.SkyAtmosphere.SampleCountMin:4.0]]
[2022.05.06-16.58.45:195][  0]LogConfig: Setting CVar [[r.SkyAtmosphere.SampleCountMax:128.0]]
[2022.05.06-16.58.45:195][  0]LogConfig: Setting CVar [[r.SkyAtmosphere.TransmittanceLUT.UseSmallFormat:0]]
[2022.05.06-16.58.45:195][  0]LogConfig: Setting CVar [[r.SkyAtmosphere.TransmittanceLUT.SampleCount:10.0]]
[2022.05.06-16.58.45:195][  0]LogConfig: Setting CVar [[r.SkyAtmosphere.MultiScatteringLUT.SampleCount:15.0]]
[2022.05.06-16.58.45:195][  0]LogConfig: Setting CVar [[r.SkyLight.RealTimeReflectionCapture:1]]
[2022.05.06-16.58.45:195][  0]LogConfig: Applying CVar settings from Section [FoliageQuality@3] File [D:/Year 3/Term 1/COMP_1288/FindingHooman-Unreal/FindingHooman/Saved/Config/Windows/Scalability.ini]
[2022.05.06-16.58.45:195][  0]LogConfig: Setting CVar [[foliage.DensityScale:1.0]]
[2022.05.06-16.58.45:195][  0]LogConfig: Setting CVar [[grass.DensityScale:1.0]]
[2022.05.06-16.58.45:195][  0]LogConfig: Applying CVar settings from Section [ShadingQuality@3] File [D:/Year 3/Term 1/COMP_1288/FindingHooman-Unreal/FindingHooman/Saved/Config/Windows/Scalability.ini]
[2022.05.06-16.58.45:195][  0]LogConfig: Setting CVar [[r.HairStrands.SkyLighting.IntegrationType:2]]
[2022.05.06-16.58.45:195][  0]LogConfig: Setting CVar [[r.HairStrands.SkyAO.SampleCount:4]]
[2022.05.06-16.58.45:195][  0]LogConfig: Setting CVar [[r.HairStrands.Visibility.MSAA.SamplePerPixel:4]]
[2022.05.06-16.58.45:196][  0]LogInit: Selected Device Profile: [Windows]
[2022.05.06-16.58.45:196][  0]LogInit: Applying CVar settings loaded from the selected device profile: [Windows]
[2022.05.06-16.58.45:196][  0]LogHAL: Display: Platform has ~ 16 GB [17090318336 / 17179869184 / 16], which maps to Larger [LargestMinGB=32, LargerMinGB=12, DefaultMinGB=8, SmallerMinGB=6, SmallestMinGB=0)
[2022.05.06-16.58.45:196][  0]LogInit: Going up to parent DeviceProfile []
[2022.05.06-16.58.45:196][  0]LogConfig: Applying CVar settings from Section [ViewDistanceQuality@3] File [D:/Year 3/Term 1/COMP_1288/FindingHooman-Unreal/FindingHooman/Saved/Config/Windows/Scalability.ini]
[2022.05.06-16.58.45:196][  0]LogConfig: Setting CVar [[r.SkeletalMeshLODBias:0]]
[2022.05.06-16.58.45:196][  0]LogConfig: Setting CVar [[r.ViewDistanceScale:1.0]]
[2022.05.06-16.58.45:196][  0]LogConfig: Applying CVar settings from Section [AntiAliasingQuality@3] File [D:/Year 3/Term 1/COMP_1288/FindingHooman-Unreal/FindingHooman/Saved/Config/Windows/Scalability.ini]
[2022.05.06-16.58.45:196][  0]LogConfig: Setting CVar [[r.PostProcessAAQuality:4]]
[2022.05.06-16.58.45:196][  0]LogConfig: Applying CVar settings from Section [ShadowQuality@0] File [D:/Year 3/Term 1/COMP_1288/FindingHooman-Unreal/FindingHooman/Saved/Config/Windows/Scalability.ini]
[2022.05.06-16.58.45:196][  0]LogConfig: Setting CVar [[r.LightFunctionQuality:0]]
[2022.05.06-16.58.45:196][  0]LogConfig: Setting CVar [[r.ShadowQuality:0]]
[2022.05.06-16.58.45:196][  0]LogConfig: Setting CVar [[r.Shadow.CSM.MaxCascades:1]]
[2022.05.06-16.58.45:196][  0]LogConfig: Setting CVar [[r.Shadow.MaxResolution:512]]
[2022.05.06-16.58.45:196][  0]LogConfig: Setting CVar [[r.Shadow.MaxCSMResolution:512]]
[2022.05.06-16.58.45:196][  0]LogConfig: Setting CVar [[r.Shadow.RadiusThreshold:0.06]]
[2022.05.06-16.58.45:196][  0]LogConfig: Setting CVar [[r.Shadow.DistanceScale:0.6]]
[2022.05.06-16.58.45:196][  0]LogConfig: Setting CVar [[r.Shadow.CSM.TransitionScale:0]]
[2022.05.06-16.58.45:197][  0]LogConfig: Setting CVar [[r.Shadow.PreShadowResolutionFactor:0.5]]
[2022.05.06-16.58.45:197][  0]LogConfig: Setting CVar [[r.DistanceFieldShadowing:0]]
[2022.05.06-16.58.45:197][  0]LogConfig: Setting CVar [[r.DistanceFieldAO:0]]
[2022.05.06-16.58.45:197][  0]LogConfig: Setting CVar [[r.VolumetricFog:0]]
[2022.05.06-16.58.45:197][  0]LogConfig: Setting CVar [[r.LightMaxDrawDistanceScale:0]]
[2022.05.06-16.58.45:197][  0]LogConfig: Setting CVar [[r.CapsuleShadows:0]]
[2022.05.06-16.58.45:197][  0]LogConfig: Applying CVar settings from Section [PostProcessQuality@3] File [D:/Year 3/Term 1/COMP_1288/FindingHooman-Unreal/FindingHooman/Saved/Config/Windows/Scalability.ini]
[2022.05.06-16.58.45:197][  0]LogConfig: Setting CVar [[r.MotionBlurQuality:4]]
[2022.05.06-16.58.45:197][  0]LogConfig: Setting CVar [[r.AmbientOcclusionMipLevelFactor:0.4]]
[2022.05.06-16.58.45:197][  0]LogConfig: Setting CVar [[r.AmbientOcclusionMaxQuality:100]]
[2022.05.06-16.58.45:197][  0]LogConfig: Setting CVar [[r.AmbientOcclusionLevels:-1]]
[2022.05.06-16.58.45:197][  0]LogConfig: Setting CVar [[r.AmbientOcclusionRadiusScale:1.0]]
[2022.05.06-16.58.45:197][  0]LogConfig: Setting CVar [[r.DepthOfFieldQuality:2]]
[2022.05.06-16.58.45:197][  0]LogConfig: Setting CVar [[r.RenderTargetPoolMin:400]]
[2022.05.06-16.58.45:197][  0]LogConfig: Setting CVar [[r.LensFlareQuality:2]]
[2022.05.06-16.58.45:197][  0]LogConfig: Setting CVar [[r.SceneColorFringeQuality:1]]
[2022.05.06-16.58.45:197][  0]LogConfig: Setting CVar [[r.EyeAdaptationQuality:2]]
[2022.05.06-16.58.45:197][  0]LogConfig: Setting CVar [[r.BloomQuality:5]]
[2022.05.06-16.58.45:197][  0]LogConfig: Setting CVar [[r.FastBlurThreshold:100]]
[2022.05.06-16.58.45:197][  0]LogConfig: Setting CVar [[r.Upscale.Quality:3]]
[2022.05.06-16.58.45:197][  0]LogConfig: Setting CVar [[r.Tonemapper.GrainQuantization:1]]
[2022.05.06-16.58.45:198][  0]LogConfig: Setting CVar [[r.LightShaftQuality:1]]
[2022.05.06-16.58.45:198][  0]LogConfig: Setting CVar [[r.Filter.SizeScale:1]]
[2022.05.06-16.58.45:198][  0]LogConfig: Setting CVar [[r.Tonemapper.Quality:5]]
[2022.05.06-16.58.45:198][  0]LogConfig: Setting CVar [[r.DOF.Gather.AccumulatorQuality:1        ; higher gathering accumulator quality]]
[2022.05.06-16.58.45:198][  0]LogConfig: Setting CVar [[r.DOF.Gather.PostfilterMethod:1          ; Median3x3 postfilering method]]
[2022.05.06-16.58.45:198][  0]LogConfig: Setting CVar [[r.DOF.Gather.EnableBokehSettings:0       ; no bokeh simulation when gathering]]
[2022.05.06-16.58.45:198][  0]LogConfig: Setting CVar [[r.DOF.Gather.RingCount:4                 ; medium number of samples when gathering]]
[2022.05.06-16.58.45:198][  0]LogConfig: Setting CVar [[r.DOF.Scatter.ForegroundCompositing:1    ; additive foreground scattering]]
[2022.05.06-16.58.45:198][  0]LogConfig: Setting CVar [[r.DOF.Scatter.BackgroundCompositing:2    ; additive background scattering]]
[2022.05.06-16.58.45:198][  0]LogConfig: Setting CVar [[r.DOF.Scatter.EnableBokehSettings:1      ; bokeh simulation when scattering]]
[2022.05.06-16.58.45:198][  0]LogConfig: Setting CVar [[r.DOF.Scatter.MaxSpriteRatio:0.1         ; only a maximum of 10% of scattered bokeh]]
[2022.05.06-16.58.45:198][  0]LogConfig: Setting CVar [[r.DOF.Recombine.Quality:1                ; cheap slight out of focus]]
[2022.05.06-16.58.45:198][  0]LogConfig: Setting CVar [[r.DOF.Recombine.EnableBokehSettings:0    ; no bokeh simulation on slight out of focus]]
[2022.05.06-16.58.45:198][  0]LogConfig: Setting CVar [[r.DOF.TemporalAAQuality:1                ; more stable temporal accumulation]]
[2022.05.06-16.58.45:198][  0]LogConfig: Setting CVar [[r.DOF.Kernel.MaxForegroundRadius:0.025]]
[2022.05.06-16.58.45:198][  0]LogConfig: Setting CVar [[r.DOF.Kernel.MaxBackgroundRadius:0.025]]
[2022.05.06-16.58.45:198][  0]LogConfig: Applying CVar settings from Section [TextureQuality@1] File [D:/Year 3/Term 1/COMP_1288/FindingHooman-Unreal/FindingHooman/Saved/Config/Windows/Scalability.ini]
[2022.05.06-16.58.45:198][  0]LogConfig: Setting CVar [[r.Streaming.MipBias:1]]
[2022.05.06-16.58.45:198][  0]LogConfig: Setting CVar [[r.Streaming.AmortizeCPUToGPUCopy:0]]
[2022.05.06-16.58.45:198][  0]LogConfig: Setting CVar [[r.Streaming.MaxNumTexturesToStreamPerFrame:0]]
[2022.05.06-16.58.45:198][  0]LogConfig: Setting CVar [[r.Streaming.Boost:1]]
[2022.05.06-16.58.45:198][  0]LogConfig: Setting CVar [[r.MaxAnisotropy:2]]
[2022.05.06-16.58.45:198][  0]LogConfig: Setting CVar [[r.VT.MaxAnisotropy:4]]
[2022.05.06-16.58.45:198][  0]LogConfig: Setting CVar [[r.Streaming.LimitPoolSizeToVRAM:1]]
[2022.05.06-16.58.45:199][  0]LogConfig: Setting CVar [[r.Streaming.PoolSize:600]]
[2022.05.06-16.58.45:199][  0]LogConfig: Setting CVar [[r.Streaming.MaxEffectiveScreenSize:0]]
[2022.05.06-16.58.45:199][  0]LogConfig: Applying CVar settings from Section [EffectsQuality@3] File [D:/Year 3/Term 1/COMP_1288/FindingHooman-Unreal/FindingHooman/Saved/Config/Windows/Scalability.ini]
[2022.05.06-16.58.45:199][  0]LogConfig: Setting CVar [[r.TranslucencyLightingVolumeDim:64]]
[2022.05.06-16.58.45:199][  0]LogConfig: Setting CVar [[r.RefractionQuality:2]]
[2022.05.06-16.58.45:199][  0]LogConfig: Setting CVar [[r.SSR.Quality:3]]
[2022.05.06-16.58.45:199][  0]LogConfig: Setting CVar [[r.SSR.HalfResSceneColor:0]]
[2022.05.06-16.58.45:199][  0]LogConfig: Setting CVar [[r.SceneColorFormat:4]]
[2022.05.06-16.58.45:199][  0]LogConfig: Setting CVar [[r.DetailMode:2]]
[2022.05.06-16.58.45:199][  0]LogConfig: Setting CVar [[r.TranslucencyVolumeBlur:1]]
[2022.05.06-16.58.45:199][  0]LogConfig: Setting CVar [[r.MaterialQualityLevel:1 ; High quality]]
[2022.05.06-16.58.45:199][  0]LogConfig: Setting CVar [[r.AnisotropicMaterials:1]]
[2022.05.06-16.58.45:199][  0]LogConfig: Setting CVar [[r.SSS.Scale:1]]
[2022.05.06-16.58.45:199][  0]LogConfig: Setting CVar [[r.SSS.SampleSet:2]]
[2022.05.06-16.58.45:199][  0]LogConfig: Setting CVar [[r.SSS.Quality:1]]
[2022.05.06-16.58.45:199][  0]LogConfig: Setting CVar [[r.SSS.HalfRes:0]]
[2022.05.06-16.58.45:199][  0]LogConfig: Setting CVar [[r.SSGI.Quality:3]]
[2022.05.06-16.58.45:199][  0]LogConfig: Setting CVar [[r.EmitterSpawnRateScale:1.0]]
[2022.05.06-16.58.45:199][  0]LogConfig: Setting CVar [[r.ParticleLightQuality:2]]
[2022.05.06-16.58.45:200][  0]LogConfig: Setting CVar [[r.SkyAtmosphere.AerialPerspectiveLUT.FastApplyOnOpaque:1 ; Always have FastSkyLUT 1 in this case to avoid wrong sky]]
[2022.05.06-16.58.45:200][  0]LogConfig: Setting CVar [[r.SkyAtmosphere.AerialPerspectiveLUT.SampleCountMaxPerSlice:4]]
[2022.05.06-16.58.45:200][  0]LogConfig: Setting CVar [[r.SkyAtmosphere.AerialPerspectiveLUT.DepthResolution:16.0]]
[2022.05.06-16.58.45:200][  0]LogConfig: Setting CVar [[r.SkyAtmosphere.FastSkyLUT:1]]
[2022.05.06-16.58.45:200][  0]LogConfig: Setting CVar [[r.SkyAtmosphere.FastSkyLUT.SampleCountMin:4.0]]
[2022.05.06-16.58.45:200][  0]LogConfig: Setting CVar [[r.SkyAtmosphere.FastSkyLUT.SampleCountMax:128.0]]
[2022.05.06-16.58.45:200][  0]LogConfig: Setting CVar [[r.SkyAtmosphere.SampleCountMin:4.0]]
[2022.05.06-16.58.45:200][  0]LogConfig: Setting CVar [[r.SkyAtmosphere.SampleCountMax:128.0]]
[2022.05.06-16.58.45:200][  0]LogConfig: Setting CVar [[r.SkyAtmosphere.TransmittanceLUT.UseSmallFormat:0]]
[2022.05.06-16.58.45:200][  0]LogConfig: Setting CVar [[r.SkyAtmosphere.TransmittanceLUT.SampleCount:10.0]]
[2022.05.06-16.58.45:200][  0]LogConfig: Setting CVar [[r.SkyAtmosphere.MultiScatteringLUT.SampleCount:15.0]]
[2022.05.06-16.58.45:200][  0]LogConfig: Setting CVar [[r.SkyLight.RealTimeReflectionCapture:1]]
[2022.05.06-16.58.45:200][  0]LogConfig: Applying CVar settings from Section [FoliageQuality@3] File [D:/Year 3/Term 1/COMP_1288/FindingHooman-Unreal/FindingHooman/Saved/Config/Windows/Scalability.ini]
[2022.05.06-16.58.45:200][  0]LogConfig: Setting CVar [[foliage.DensityScale:1.0]]
[2022.05.06-16.58.45:200][  0]LogConfig: Setting CVar [[grass.DensityScale:1.0]]
[2022.05.06-16.58.45:200][  0]LogConfig: Applying CVar settings from Section [ShadingQuality@3] File [D:/Year 3/Term 1/COMP_1288/FindingHooman-Unreal/FindingHooman/Saved/Config/Windows/Scalability.ini]
[2022.05.06-16.58.45:200][  0]LogConfig: Setting CVar [[r.HairStrands.SkyLighting.IntegrationType:2]]
[2022.05.06-16.58.45:200][  0]LogConfig: Setting CVar [[r.HairStrands.SkyAO.SampleCount:4]]
[2022.05.06-16.58.45:200][  0]LogConfig: Setting CVar [[r.HairStrands.Visibility.MSAA.SamplePerPixel:4]]
[2022.05.06-16.58.45:200][  0]LogConfig: Applying CVar settings from Section [Startup] File [../../../Engine/Config/ConsoleVariables.ini]
[2022.05.06-16.58.45:201][  0]LogConfig: Setting CVar [[net.UseAdaptiveNetUpdateFrequency:0]]
[2022.05.06-16.58.45:201][  0]LogConfig: Setting CVar [[p.chaos.AllowCreatePhysxBodies:1]]
[2022.05.06-16.58.45:201][  0]LogConfig: Setting CVar [[fx.SkipVectorVMBackendOptimizations:1]]
[2022.05.06-16.58.45:201][  0]LogConfig: Applying CVar settings from Section [ConsoleVariables] File [D:/Year 3/Term 1/COMP_1288/FindingHooman-Unreal/FindingHooman/Saved/Config/Windows/Engine.ini]
[2022.05.06-16.58.45:201][  0]LogConfig: Applying CVar settings from Section [ConsoleVariables] File [D:/Year 3/Term 1/COMP_1288/FindingHooman-Unreal/FindingHooman/Saved/Config/Windows/Editor.ini]
[2022.05.06-16.58.45:202][  0]LogInit: Computer: LIZZIE-DESKTOP
[2022.05.06-16.58.45:202][  0]LogInit: User: Lizzie
[2022.05.06-16.58.45:202][  0]LogInit: CPU Page size=4096, Cores=8
[2022.05.06-16.58.45:202][  0]LogInit: High frequency timer resolution =10.000000 MHz
[2022.05.06-16.58.45:202][  0]LogMemory: Memory total: Physical=15.9GB (16GB approx)
[2022.05.06-16.58.45:202][  0]LogMemory: Platform Memory Stats for Windows
[2022.05.06-16.58.45:202][  0]LogMemory: Process Physical Memory: 148.66 MB used, 148.66 MB peak
[2022.05.06-16.58.45:202][  0]LogMemory: Process Virtual Memory: 131.65 MB used, 131.65 MB peak
[2022.05.06-16.58.45:202][  0]LogMemory: Physical Memory: 9934.63 MB used,  6363.97 MB free, 16298.60 MB total
[2022.05.06-16.58.45:202][  0]LogMemory: Virtual Memory: 134209216.00 MB used,  8515.53 MB free, 134217728.00 MB total
[2022.05.06-16.58.45:211][  0]LogWindows: WindowsPlatformFeatures enabled
[2022.05.06-16.58.45:400][  0]LogInit: Physics initialised using underlying interface: PhysX
[2022.05.06-16.58.45:404][  0]LogInit: Using OS detected language (en-GB).
[2022.05.06-16.58.45:404][  0]LogInit: Using OS detected locale (en-GB).
[2022.05.06-16.58.45:413][  0]LogTextLocalizationManager: No specific localization for 'en-GB' exists, so the 'en' localization will be used.
[2022.05.06-16.58.45:686][  0]LogInit: Setting process to per monitor DPI aware
[2022.05.06-16.58.45:725][  0]LogWindowsTextInputMethodSystem: Display: IME system deactivated.
[2022.05.06-16.58.45:775][  0]LogSlate: New Slate User Created.  User Index 0, Is Virtual User: 0
[2022.05.06-16.58.45:776][  0]LogSlate: Slate User Registered.  User Index 0, Is Virtual User: 0
[2022.05.06-16.58.47:990][  0]LogD3D11RHI: Loaded GFSDK_Aftermath_Lib.x64.dll
[2022.05.06-16.58.47:997][  0]LogHMD: Failed to initialize OpenVR with code 110
[2022.05.06-16.58.47:997][  0]LogD3D11RHI: D3D11 min allowed feature level: 11_0
[2022.05.06-16.58.47:997][  0]LogD3D11RHI: D3D11 max allowed feature level: 11_0
[2022.05.06-16.58.47:997][  0]LogD3D11RHI: D3D11 adapters:
[2022.05.06-16.58.48:139][  0]LogD3D11RHI:    0. 'NVIDIA GeForce RTX 2070 SUPER' (Feature Level 11_0)
[2022.05.06-16.58.48:139][  0]LogD3D11RHI:       8011/0/8149 MB DedicatedVideo/DedicatedSystem/SharedSystem, Outputs:2, VendorId:0x10de
[2022.05.06-16.58.48:144][  0]LogD3D11RHI:    1. 'Microsoft Basic Render Driver' (Feature Level 11_0)
[2022.05.06-16.58.48:144][  0]LogD3D11RHI:       0/0/8149 MB DedicatedVideo/DedicatedSystem/SharedSystem, Outputs:0, VendorId:0x1414
[2022.05.06-16.58.48:144][  0]LogD3D11RHI: Chosen D3D11 Adapter:
[2022.05.06-16.58.48:144][  0]LogD3D11RHI:     Description : NVIDIA GeForce RTX 2070 SUPER
[2022.05.06-16.58.48:144][  0]LogD3D11RHI:     VendorId    : 10de
[2022.05.06-16.58.48:144][  0]LogD3D11RHI:     DeviceId    : 1e84
[2022.05.06-16.58.48:145][  0]LogD3D11RHI:     SubSysId    : 400d1458
[2022.05.06-16.58.48:145][  0]LogD3D11RHI:     Revision    : 00a1
[2022.05.06-16.58.48:145][  0]LogD3D11RHI:     DedicatedVideoMemory : 8400142336 bytes
[2022.05.06-16.58.48:145][  0]LogD3D11RHI:     DedicatedSystemMemory : 0 bytes
[2022.05.06-16.58.48:145][  0]LogD3D11RHI:     SharedSystemMemory : 8545159168 bytes
[2022.05.06-16.58.48:145][  0]LogD3D11RHI:     AdapterLuid : 0 59309
[2022.05.06-16.58.48:153][  0]LogD3D11RHI: Creating new Direct3DDevice
[2022.05.06-16.58.48:153][  0]LogD3D11RHI:     GPU DeviceId: 0x1e84 (for the marketing name, search the web for "GPU Device Id")
[2022.05.06-16.58.48:153][  0]LogWindows: EnumDisplayDevices:
[2022.05.06-16.58.48:153][  0]LogWindows:    0. 'NVIDIA GeForce RTX 2070 SUPER' (P:1 D:1)
[2022.05.06-16.58.48:154][  0]LogWindows:    1. 'NVIDIA GeForce RTX 2070 SUPER' (P:0 D:1)
[2022.05.06-16.58.48:154][  0]LogWindows:    2. 'NVIDIA GeForce RTX 2070 SUPER' (P:0 D:0)
[2022.05.06-16.58.48:154][  0]LogWindows:    3. 'NVIDIA GeForce RTX 2070 SUPER' (P:0 D:0)
[2022.05.06-16.58.48:154][  0]LogWindows: DebugString: FoundDriverCount:4 
[2022.05.06-16.58.48:154][  0]LogD3D11RHI:     Adapter Name: NVIDIA GeForce RTX 2070 SUPER
[2022.05.06-16.58.48:154][  0]LogD3D11RHI:   Driver Version: 456.71 (internal:27.21.14.5671, unified:456.71)
[2022.05.06-16.58.48:154][  0]LogD3D11RHI:      Driver Date: 9-30-2020
[2022.05.06-16.58.48:155][  0]LogRHI: Texture pool is 5607 MB (70% of 8011 MB)
[2022.05.06-16.58.48:155][  0]LogD3D11RHI: Creating D3DDevice using adapter:
[2022.05.06-16.58.48:155][  0]LogD3D11RHI:     Description : NVIDIA GeForce RTX 2070 SUPER
[2022.05.06-16.58.48:155][  0]LogD3D11RHI:     VendorId    : 10de
[2022.05.06-16.58.48:155][  0]LogD3D11RHI:     DeviceId    : 1e84
[2022.05.06-16.58.48:155][  0]LogD3D11RHI:     SubSysId    : 400d1458
[2022.05.06-16.58.48:155][  0]LogD3D11RHI:     Revision    : 00a1
[2022.05.06-16.58.48:155][  0]LogD3D11RHI:     DedicatedVideoMemory : 8400142336 bytes
[2022.05.06-16.58.48:155][  0]LogD3D11RHI:     DedicatedSystemMemory : 0 bytes
[2022.05.06-16.58.48:155][  0]LogD3D11RHI:     SharedSystemMemory : 8545159168 bytes
[2022.05.06-16.58.48:155][  0]LogD3D11RHI:     AdapterLuid : 0 59309
[2022.05.06-16.58.48:224][  0]LogD3D11RHI: RHI has support for 64 bit atomics
[2022.05.06-16.58.48:225][  0]LogD3D11RHI: Async texture creation enabled
[2022.05.06-16.58.48:225][  0]LogD3D11RHI: Array index from any shader is supported
[2022.05.06-16.58.48:243][  0]LogD3D11RHI: GPU Timing Frequency: 1000.000000 (Debug: 2 1)
[2022.05.06-16.58.48:290][  0]LogRHI: GeForceNow SDK initialized: 1
[2022.05.06-16.58.48:537][  0]LogTargetPlatformManager: Display: Loaded TargetPlatform 'AllDesktop'
[2022.05.06-16.58.48:560][  0]LogTargetPlatformManager: Display: Loaded TargetPlatform 'Android'
[2022.05.06-16.58.48:560][  0]LogTargetPlatformManager: Display: Loaded TargetPlatform 'Android_ASTC'
[2022.05.06-16.58.48:560][  0]LogTargetPlatformManager: Display: Loaded TargetPlatform 'Android_DXT'
[2022.05.06-16.58.48:560][  0]LogTargetPlatformManager: Display: Loaded TargetPlatform 'Android_ETC2'
[2022.05.06-16.58.48:560][  0]LogTargetPlatformManager: Display: Loaded TargetPlatform 'AndroidClient'
[2022.05.06-16.58.48:560][  0]LogTargetPlatformManager: Display: Loaded TargetPlatform 'Android_ASTCClient'
[2022.05.06-16.58.48:560][  0]LogTargetPlatformManager: Display: Loaded TargetPlatform 'Android_DXTClient'
[2022.05.06-16.58.48:560][  0]LogTargetPlatformManager: Display: Loaded TargetPlatform 'Android_ETC2Client'
[2022.05.06-16.58.48:560][  0]LogTargetPlatformManager: Display: Loaded TargetPlatform 'Android_Multi'
[2022.05.06-16.58.48:560][  0]LogTargetPlatformManager: Display: Loaded TargetPlatform 'Android_MultiClient'
[2022.05.06-16.58.48:589][  0]LogTargetPlatformManager: Display: Loaded TargetPlatform 'IOSClient'
[2022.05.06-16.58.48:589][  0]LogTargetPlatformManager: Display: Loaded TargetPlatform 'IOS'
[2022.05.06-16.58.48:602][  0]LogTargetPlatformManager: Display: Loaded TargetPlatform 'Linux'
[2022.05.06-16.58.48:608][  0]LogTargetPlatformManager: Display: Loaded TargetPlatform 'LinuxNoEditor'
[2022.05.06-16.58.48:614][  0]LogTargetPlatformManager: Display: Loaded TargetPlatform 'LinuxClient'
[2022.05.06-16.58.48:621][  0]LogTargetPlatformManager: Display: Loaded TargetPlatform 'LinuxServer'
[2022.05.06-16.58.48:633][  0]LogTargetPlatformManager: Display: Loaded TargetPlatform 'LinuxAArch64NoEditor'
[2022.05.06-16.58.48:639][  0]LogTargetPlatformManager: Display: Loaded TargetPlatform 'LinuxAArch64Client'
[2022.05.06-16.58.48:646][  0]LogTargetPlatformManager: Display: Loaded TargetPlatform 'LinuxAArch64Server'
[2022.05.06-16.58.48:673][  0]LogTargetPlatformManager: Display: Loaded TargetPlatform 'Lumin'
[2022.05.06-16.58.48:674][  0]LogTargetPlatformManager: Display: Loaded TargetPlatform 'LuminClient'
[2022.05.06-16.58.48:685][  0]LogTargetPlatformManager: Display: Loaded TargetPlatform 'MacNoEditor'
[2022.05.06-16.58.48:692][  0]LogTargetPlatformManager: Display: Loaded TargetPlatform 'Mac'
[2022.05.06-16.58.48:699][  0]LogTargetPlatformManager: Display: Loaded TargetPlatform 'MacClient'
[2022.05.06-16.58.48:706][  0]LogTargetPlatformManager: Display: Loaded TargetPlatform 'MacServer'
[2022.05.06-16.58.48:719][  0]LogTargetPlatformManager: Display: Loaded TargetPlatform 'TVOSClient'
[2022.05.06-16.58.48:719][  0]LogTargetPlatformManager: Display: Loaded TargetPlatform 'TVOS'
[2022.05.06-16.58.48:731][  0]LogTargetPlatformManager: Display: Loaded TargetPlatform 'WindowsNoEditor'
[2022.05.06-16.58.48:739][  0]LogTargetPlatformManager: Display: Loaded TargetPlatform 'Windows'
[2022.05.06-16.58.48:746][  0]LogTargetPlatformManager: Display: Loaded TargetPlatform 'WindowsClient'
[2022.05.06-16.58.48:753][  0]LogTargetPlatformManager: Display: Loaded TargetPlatform 'WindowsServer'
[2022.05.06-16.58.48:753][  0]LogTargetPlatformManager: Display: Building Assets For Windows
[2022.05.06-16.58.48:769][  0]LogAudioDebug: Display: Lib vorbis DLL was dynamically loaded.
[2022.05.06-16.58.48:831][  0]LogTextureFormatOodle: Display: Oodle Texture 2.9.0 init RDO Off
[2022.05.06-16.58.48:945][  0]LogRendererCore: Ray tracing is disabled. Reason: r.RayTracing=0.
[2022.05.06-16.58.48:945][  0]LogShaderCompilers: Guid format shader working directory is -15 characters bigger than the processId version (D:/Year 3/Term 1/COMP_1288/FindingHooman-Unreal/FindingHooman/Intermediate/Shaders/WorkingDirectory/30452/).
[2022.05.06-16.58.48:945][  0]LogShaderCompilers: Cleaned the shader compiler working directory 'C:/Users/Lizzie/AppData/Local/Temp/UnrealShaderWorkingDir/986B4A2A450382A8E41FEA904A78B00A/'.
[2022.05.06-16.58.48:946][  0]LogXGEController: Cannot use XGE Controller as Incredibuild is not installed on this machine.
[2022.05.06-16.58.48:946][  0]LogShaderCompilers: Cannot use XGE Shader Compiler as Incredibuild is not installed on this machine.
[2022.05.06-16.58.48:946][  0]LogShaderCompilers: Display: Using Local Shader Compiler.
[2022.05.06-16.58.51:166][  0]LogDerivedDataCache: Display: Max Cache Size: 512 MB
[2022.05.06-16.58.51:264][  0]LogDerivedDataCache: Loaded boot cache 0.10s 104MB C:/Users/Lizzie/AppData/Local/UnrealEngine/4.27/DerivedDataCache/Boot.ddc.
[2022.05.06-16.58.51:264][  0]LogDerivedDataCache: Display: Loaded Boot cache: C:/Users/Lizzie/AppData/Local/UnrealEngine/4.27/DerivedDataCache/Boot.ddc
[2022.05.06-16.58.51:264][  0]LogDerivedDataCache: FDerivedDataBackendGraph:  Pak pak cache file D:/Year 3/Term 1/COMP_1288/FindingHooman-Unreal/FindingHooman/DerivedDataCache/DDC.ddp not found, will not use a pak cache.
[2022.05.06-16.58.51:265][  0]LogDerivedDataCache: Unable to find inner node Pak for hierarchical cache Hierarchy.
[2022.05.06-16.58.51:265][  0]LogDerivedDataCache: FDerivedDataBackendGraph:  CompressedPak pak cache file D:/Year 3/Term 1/COMP_1288/FindingHooman-Unreal/FindingHooman/DerivedDataCache/Compressed.ddp not found, will not use a pak cache.
[2022.05.06-16.58.51:265][  0]LogDerivedDataCache: Unable to find inner node CompressedPak for hierarchical cache Hierarchy.
[2022.05.06-16.58.51:283][  0]LogDerivedDataCache: Display: Pak cache opened for reading ../../../Engine/DerivedDataCache/Compressed.ddp.
[2022.05.06-16.58.51:283][  0]LogDerivedDataCache: FDerivedDataBackendGraph:  EnterprisePak pak cache file ../../../Enterprise/DerivedDataCache/Compressed.ddp not found, will not use a pak cache.
[2022.05.06-16.58.51:283][  0]LogDerivedDataCache: Unable to find inner node EnterprisePak for hierarchical cache Hierarchy.
[2022.05.06-16.58.51:295][  0]LogDerivedDataCache: Speed tests for C:/Users/Lizzie/AppData/Local/UnrealEngine/Common/DerivedDataCache took 0.01 seconds
[2022.05.06-16.58.51:295][  0]LogDerivedDataCache: Display: Performance to C:/Users/Lizzie/AppData/Local/UnrealEngine/Common/DerivedDataCache: Latency=0.06ms. RandomReadSpeed=135.11MBs, RandomWriteSpeed=198.76MBs. Assigned SpeedClass 'Local'
[2022.05.06-16.58.51:297][  0]LogDerivedDataCache: Using Local data cache path C:/Users/Lizzie/AppData/Local/UnrealEngine/Common/DerivedDataCache: Writable
[2022.05.06-16.58.51:298][  0]LogDerivedDataCache: Shared data cache path not found in *engine.ini, will not use an Shared cache.
[2022.05.06-16.58.51:298][  0]LogDerivedDataCache: Unable to find inner node Shared for hierarchical cache Hierarchy.
[2022.05.06-16.58.51:340][  0]LogSlate: Using FreeType 2.10.0
[2022.05.06-16.58.51:354][  0]LogSlate: SlateFontServices - WITH_FREETYPE: 1, WITH_HARFBUZZ: 1
[2022.05.06-16.58.51:380][  0]LogAssetRegistry: FAssetRegistry took 0.0047 seconds to start up
[2022.05.06-16.58.51:598][  0]LogInit: Selected Device Profile: [Windows]
[2022.05.06-16.58.51:598][  0]LogInit: Active device profile: [000001F1CFC18900][000001F1CD139680 49] Windows
[2022.05.06-16.58.51:598][  0]LogInit: Profiles: [000001F1CFC18900][000001F1CD139680 49] Windows, [000001F1CFBCB800][000001F1C4983800 49] WindowsNoEditor, [000001F1CFC1B500][000001F1C8423980 49] WindowsServer, [000001F1CFBC8E00][000001F1C8427B00 49] WindowsClient, [000001F1CFC1B800][000001F1C4178100 49] IOS, [000001F1CFBCA800][000001F1C417C280 49] iPadAir, [000001F1CFC1A000][000001F1C4180400 49] iPadAir2, [000001F1CFB74A00][000001F1C41886C0 49] IPadPro, [000001F1CFB74B00][000001F1C4184700 49] iPadAir3, [000001F1CFBC9800][000001F1C418C880 49] iPadAir4, [000001F1CFB77400][000001F1C497E9C0 49] iPadMini2, [000001F1CFBCAA00][000001F1C4190B00 49] iPadMini3, [000001F1CFB75700][000001F1C4194C40 49] iPadMini4, [000001F1CFC19000][000001F1C4198D80 49] iPadMini5, [000001F1CFB7C300][000001F1C41A5040 49] iPhone6, [000001F1CFB7C400][000001F1C41A1080 49] iPodTouch6, [000001F1CFB77600][000001F1CE6BD340 49] iPhone7, [000001F1CFB75800][000001F1C41A9380 49] iPodTouch7, [000001F1CFB7FF00][000001F1CE6C1500 49] iPhone5S, [000001F1CFBCA300][000001F1CE6C5680 49] iPhone6Plus, [000001F1CFB74200][000001F1CE6C9800 49] iPhone6S, [000001F1CFBCA200][000001F1CE6CD980 49] iPhone6SPlus, [000001F1CFB77C00][000001F1CE6D1B00 49] iPhone7Plus, [000001F1CFBC8100][000001F1CE6D4100 49] iPhoneSE, [000001F1CFB77500][000001F1CE6D8280 49] iPhone8, [000001F1CFBC9E00][000001F1CE6DC400 49] iPhone8Plus, [000001F1CFB75000][000001F1CE6E0580 49] iPhoneX, [000001F1CFBC8A00][000001F1CE6E4700 49] iPhoneXS, [000001F1CFB75200][000001F1CE6E8880 49] iPhoneXSMax, [000001F1CFBC9500][000001F1CE6ECA00 49] iPhoneXR, [000001F1CFB77700][000001F1C419CB40 49] iPhone11, [000001F1CFBC8D00][000001F1CE6F0C80 49] iPhone11Pro, [000001F1CFB77800][000001F1CE6F4DC0 49] iPhone11ProMax, [000001F1CFBC8F00][000001F1CE6F8F00 49] iPhoneSE2, [000001F1CFB76E00][000001F1C404F080 49] iPhone12Mini, [000001F1CFBCB100][000001F1C4053200 49] iPhone12, [000001F1CFB76B00][000001F1C4057380 49] iPhone12Pro, [000001F1CFBC8800][000001F1C405B500 49] iPhone12ProMax, [000001F1CFB76300][000001F1C405F680 49] iPadPro105, [000001F1CFBCAF00][000001F1C4063800 49] iPadPro129, [000001F1CFB76000][000001F1C4067980 49] iPadPro97, [000001F1CFBC9300][000001F1C406BB00 49] iPadPro2_129, [000001F1CFB75A00][000001F1C406E100 49] iPad5, [000001F1CFBC9A00][000001F1C4072280 49] iPad6, [000001F1CFB76800][000001F1C4076400 49] iPad7, [000001F1CFBC8C00][000001F1C407A580 49] iPad8, [000001F1CFB77200][000001F1C407E700 49] iPadPro11, [000001F1CFBC9600][000001F1C4082880 49] iPadPro2_11, [000001F1CFB75C00][000001F1C4086A00 49] iPadPro3_129, [000001F1CFBCB900][000001F1C408AB80 49] iPadPro4_129, [000001F1CFB75500][000001F1C408ED00 49] AppleTV, [000001F1CFBC8300][000001F1CE6FCE40 49] AppleTV4K, [000001F1CFB74100][000001F1C4092F80 49] TVOS, [000001F1CFBCA400][000001F1C40970C0 49] Mac, [000001F1CFB76100][000001F1C409F240 49] MacClient, [000001F1CFBCB400][000001F1C40A33C0 49] MacNoEditor, [000001F1CFB75F00][000001F1C40A7540 49] MacServer, [000001F1CFBC8600][000001F1C40AB6C0 49] Linux, [000001F1CFB76200][000001F1C40AF840 49] LinuxAArch64, [000001F1CFBCB600][000001F1C40B39C0 49] LinuxNoEditor, [000001F1CFB75D00][000001F1C40B7B40 49] LinuxAArch64NoEditor, [000001F1CFBC9400][000001F1C40BA140 49] LinuxClient, [000001F1CFB77100][000001F1C40BE2C0 49] LinuxAArch64Client, [000001F1CFBC9900][000001F1C40C2440 49] LinuxServer, [000001F1CFB77000][000001F1C40C65C0 49] LinuxAArch64Server, [000001F1CFBCA600][000001F1C40CA740 49] Android, [000001F1CFB74700][000001F1C40CE8C0 49] Android_Low, [000001F1CFBC9B00][000001F1C40D2A40 49] Android_Mid, [000001F1CFC1BA00][000001F1C40D6BC0 49] Android_High, [000001F1CFB7DC00][000001F1C40DAD40 49] Android_Default, [000001F1CFC1A100][000001F1C40DEEC0 49] Android_Adreno4xx, [000001F1CFB7E700][000001F1C409B000 49] Android_Adreno5xx_Low, [000001F1CFC18B00][000001F1C40E3140 49] Android_Adreno5xx, [000001F1CFB7ED00][000001F1C40E7280 49] Android_Adreno6xx, [000001F1CFC19200][000001F1C40EB3C0 49] Android_Adreno6xx_Vulkan, [000001F1CFB7E800][000001F1C40F3540 49] Android_Mali_T6xx, [000001F1CFC1B200][000001F1C40F76C0 49] Android_Mali_T7xx, [000001F1CFB7EE00][000001F1C40FB840 49] Android_Mali_T8xx, [000001F1CFC1A500][000001F1C40FF9C0 49] Android_Mali_G71, [000001F1CFB7FE00][000001F1C4103B40 49] Android_Mali_G72, [000001F1CFC1AA00][000001F1C4106140 49] Android_Mali_G72_Vulkan, [000001F1CFB7DB00][000001F1C410A2C0 49] Android_Mali_G76, [000001F1CFC19B00][000001F1C410E440 49] Android_Mali_G76_Vulkan, [000001F1CFB7FD00][000001F1D08D65C0 49] Android_Mali_G77, [000001F1CFC1AD00][000001F1D08DA740 49] Android_Mali_G77_Vulkan, [000001F1CFB7F900][000001F1D08DE8C0 49] Android_Mali_G78, [000001F1CFC18D00][000001F1D08E2A40 49] Android_Mali_G78_Vulkan, [000001F1CFB7C500][000001F1D08E6BC0 49] Android_Mali_G710, [000001F1CFC1AB00][000001F1D08EAD40 49] Android_Mali_G710_Vulkan, [000001F1CFB7F500][000001F1D08EEEC0 49] Android_Vulkan_SM5, [000001F1CFC1B400][000001F1D08F3040 49] Android_PowerVR_G6xxx, [000001F1CFB7E400][000001F1C40EF180 49] Android_PowerVR_GT7xxx, [000001F1CFC1BC00][000001F1D08F72C0 49] Android_PowerVR_GE8xxx, [000001F1CFB7E200][000001F1D08FB400 49] Android_PowerVR_GM9xxx, [000001F1CFC1B000][000001F1D08FF540 49] Android_PowerVR_GM9xxx_Vulkan, [000001F1CFB7D500][000001F1D09076C0 49] Android_TegraK1, [000001F1CFC19100][000001F1D090B840 49] Android_Unknown_Vulkan, [000001F1CFBCBD00][000001F1D090F9C0 49] Lumin, [000001F1CFC1A900][000001F1D0913B40 49] Lumin_Desktop, [000001F1CFBCBE00][000001F1D0916140 49] HoloLens, 
[2022.05.06-16.58.51:763][  0]LogMeshReduction: Using QuadricMeshReduction for automatic static mesh reduction
[2022.05.06-16.58.51:763][  0]LogMeshReduction: Using SimplygonMeshReduction for automatic skeletal mesh reduction
[2022.05.06-16.58.51:763][  0]LogMeshReduction: Using ProxyLODMeshReduction for automatic mesh merging
[2022.05.06-16.58.51:764][  0]LogMeshReduction: No distributed automatic mesh merging module available
[2022.05.06-16.58.51:764][  0]LogMeshMerging: No distributed automatic mesh merging module available
[2022.05.06-16.58.51:784][  0]LogNetVersion: FindingHooman 1.0.0, NetCL: 17155196, EngineNetVer: 17, GameNetVer: 0 (Checksum: 1564941327)
[2022.05.06-16.58.52:179][  0]LogTexture: Default maximum texture size for cubemaps generated from long-lat sources has been changed from 512 to unlimited. In order to preserve old behaiour for '/Engine/MapTemplates/Sky/DaylightAmbientCubemap.DaylightAmbientCubemap', its maximum texture size has been explicitly set to 512.
[2022.05.06-16.58.52:242][  0]LogHMD: PokeAHoleMaterial loaded successfully
[2022.05.06-16.58.52:248][  0]LogUObjectArray: 17178 objects as part of root set at end of initial load.
[2022.05.06-16.58.52:248][  0]LogUObjectAllocator: 4302048 out of 0 bytes used by permanent object pool.
[2022.05.06-16.58.52:248][  0]LogUObjectArray: CloseDisregardForGC: 0/0 objects in disregard for GC pool
[2022.05.06-16.58.52:757][  0]LogNiagaraDebuggerClient: Niagara Debugger Client Initialized | Session: 6D89BFC543A2CFDE82A10289595C086B | Instance: 6FDE724D4AEC948CEF7F31A47842D655 (LIZZIE-DESKTOP-30452).
[2022.05.06-16.58.52:977][  0]LogUdpMessaging: Initializing bridge on interface 0.0.0.0:0 to multicast group 230.0.0.1:6666.
[2022.05.06-16.58.52:990][  0]LogTcpMessaging: Initializing TcpMessaging bridge
[2022.05.06-16.58.53:022][  0]LogPython: Using Python 3.7.7
[2022.05.06-16.58.54:344][  0]SourceControl: Source control is disabled
[2022.05.06-16.58.54:344][  0]SourceControl: Source control is disabled
[2022.05.06-16.58.54:355][  0]SourceControl: Source control is disabled
[2022.05.06-16.58.54:378][  0]SourceControl: Source control is disabled
[2022.05.06-16.58.54:390][  0]LogUProjectInfo: Found projects:
[2022.05.06-16.58.54:408][  0]SourceControl: Source control is disabled
[2022.05.06-16.58.54:839][  0]LogOpenImageDenoise: OIDN starting up
[2022.05.06-16.58.54:899][  0]LogAndroidPermission: UAndroidPermissionCallbackProxy::GetInstance
[2022.05.06-16.58.54:922][  0]LogAudioCaptureCore: Display: No Audio Capture implementations found. Audio input will be silent.
[2022.05.06-16.58.54:922][  0]LogAudioCaptureCore: Display: No Audio Capture implementations found. Audio input will be silent.
[2022.05.06-16.58.55:222][  0]LogCollectionManager: Loaded 0 collections in 0.002008 seconds
[2022.05.06-16.58.55:263][  0]LogFileCache: Scanning file cache for directory 'D:/Year 3/Term 1/COMP_1288/FindingHooman-Unreal/FindingHooman/Saved/Collections/' took 0.00s
[2022.05.06-16.58.55:263][  0]LogFileCache: Scanning file cache for directory 'D:/Year 3/Term 1/COMP_1288/FindingHooman-Unreal/FindingHooman/Content/Developers/Lizzie/Collections/' took 0.00s
[2022.05.06-16.58.55:263][  0]LogFileCache: Scanning file cache for directory 'D:/Year 3/Term 1/COMP_1288/FindingHooman-Unreal/FindingHooman/Content/Collections/' took 0.00s
[2022.05.06-16.58.55:263][  0]LogOcInput: OculusInput pre-init called
[2022.05.06-16.58.55:489][  0]LogEngine: Initializing Engine...
[2022.05.06-16.58.55:497][  0]LogHMD: Failed to enumerate extensions. Please check that you have a valid OpenXR runtime installed.
[2022.05.06-16.58.55:498][  0]LogHMD: Failed to initialize OpenVR with code 110
[2022.05.06-16.58.55:498][  0]LogMagicLeap: Warning: VR disabled because ZI is not enabled.  To enable, in the editor, Edit -> Project Settings -> Plugins -> Magic Leap Plugin -> Enable Zero Iteration
[2022.05.06-16.58.55:499][  0]LogStats: UGameplayTagsManager::InitializeManager -  0.000 s
[2022.05.06-16.58.55:620][  0]LogInit: Initializing FReadOnlyCVARCache
[2022.05.06-16.58.55:635][  0]LogAIModule: Creating AISystem for world Untitled
[2022.05.06-16.58.55:636][  0]LogAudio: Display: Initializing Audio Device Manager...
[2022.05.06-16.58.55:645][  0]LogAudio: Display: Loading Default Audio Settings Objects...
[2022.05.06-16.58.55:646][  0]LogAudio: Display: No default SoundConcurrencyObject specified (or failed to load).
[2022.05.06-16.58.55:647][  0]LogAudio: Display: Audio Device Manager Initialized
[2022.05.06-16.58.55:647][  0]LogAudio: Display: Creating Audio Device:                 Id: 1, Scope: Shared, Realtime: True
[2022.05.06-16.58.55:647][  0]LogAudioMixer: Display: Audio Mixer Platform Settings:
[2022.05.06-16.58.55:647][  0]LogAudioMixer: Display: 	Sample Rate:						  48000
[2022.05.06-16.58.55:647][  0]LogAudioMixer: Display: 	Callback Buffer Frame Size Requested: 1024
[2022.05.06-16.58.55:647][  0]LogAudioMixer: Display: 	Callback Buffer Frame Size To Use:	  1024
[2022.05.06-16.58.55:647][  0]LogAudioMixer: Display: 	Number of buffers to queue:			  2
[2022.05.06-16.58.55:647][  0]LogAudioMixer: Display: 	Max Channels (voices):				  32
[2022.05.06-16.58.55:647][  0]LogAudioMixer: Display: 	Number of Async Source Workers:		  0
[2022.05.06-16.58.55:647][  0]LogAudio: Display: AudioDevice MaxSources: 32
[2022.05.06-16.58.55:648][  0]LogAudio: Display: Audio Spatialization Plugin: None (built-in).
[2022.05.06-16.58.55:648][  0]LogAudio: Display: Audio Reverb Plugin: None (built-in).
[2022.05.06-16.58.55:648][  0]LogAudio: Display: Audio Occlusion Plugin: None (built-in).
[2022.05.06-16.58.55:648][  0]LogAudioMixer: Display: Initializing audio mixer.
[2022.05.06-16.58.55:674][  0]LogAudioMixer: Display: 0: FrontLeft
[2022.05.06-16.58.55:674][  0]LogAudioMixer: Display: 1: FrontRight
[2022.05.06-16.58.55:674][  0]LogAudioMixer: Display: 2: FrontCenter
[2022.05.06-16.58.55:674][  0]LogAudioMixer: Display: 3: LowFrequency
[2022.05.06-16.58.55:674][  0]LogAudioMixer: Display: 4: BackLeft
[2022.05.06-16.58.55:674][  0]LogAudioMixer: Display: 5: BackRight
[2022.05.06-16.58.55:675][  0]LogAudioMixer: Display: 6: SideLeft
[2022.05.06-16.58.55:675][  0]LogAudioMixer: Display: 7: SideRight
[2022.05.06-16.58.55:704][  0]LogAudioMixer: Display: Using Audio Device Speakers (Logitech G733 Gaming Headset)
[2022.05.06-16.58.55:708][  0]LogAudioMixer: Display: Initializing Sound Submixes...
[2022.05.06-16.58.55:711][  0]LogAudioMixer: Display: Creating Master Submix 'MasterSubmixDefault'
[2022.05.06-16.58.55:711][  0]LogAudioMixer: Display: Creating Master Submix 'MasterReverbSubmixDefault'
[2022.05.06-16.58.55:712][  0]LogAudioMixer: Display: Creating Master Submix 'MasterEQSubmixDefault'
[2022.05.06-16.58.55:712][  0]LogAudioMixer: FMixerPlatformXAudio2::StartAudioStream() called
[2022.05.06-16.58.55:712][  0]LogAudioMixer: Display: Output buffers initialized: Frames=1024, Channels=8, Samples=8192
[2022.05.06-16.58.55:714][  0]LogAudioMixer: Display: Starting AudioMixerPlatformInterface::RunInternal()
[2022.05.06-16.58.55:714][  0]LogAudioMixer: Display: FMixerPlatformXAudio2::SubmitBuffer() called for the first time
[2022.05.06-16.58.55:714][  0]LogInit: FAudioDevice initialized.
[2022.05.06-16.58.55:714][  0]LogAudio: Display: Audio Device (ID: 1) registered with world 'Untitled'.
[2022.05.06-16.58.55:714][  0]LogNetVersion: Set ProjectVersion to 1.0.0.0. Version Checksum will be recalculated on next use.
[2022.05.06-16.58.55:772][  0]LogDerivedDataCache: Saved boot cache 0.06s 104MB C:/Users/Lizzie/AppData/Local/UnrealEngine/4.27/DerivedDataCache/Boot.ddc.
[2022.05.06-16.58.55:774][  0]LogInit: Texture streaming: Enabled
[2022.05.06-16.58.55:796][  0]LogAnalytics: Display: [UEEditor.Rocket.Release] APIServer = https://datarouter.ol.epicgames.com/. AppVersion = 4.27.2-18319896+++UE4+Release-4.27
[2022.05.06-16.58.55:802][  0]LogEngineSessionManager: EngineSessionManager initialized
[2022.05.06-16.58.55:802][  0]LogEditorSessionSummary: Verbose: Initializing EditorSessionSummaryWriter for editor session tracking
[2022.05.06-16.58.55:804][  0]LogEditorSessionSummary: EditorSessionSummaryWriter initialized
[2022.05.06-16.58.55:843][  0]LogInit: Transaction tracking system initialized
[2022.05.06-16.58.55:888][  0]BlueprintLog: New page: Editor Load
[2022.05.06-16.58.56:019][  0]LocalizationService: Localization service is disabled
[2022.05.06-16.58.56:079][  0]TimingProfiler: Initialize
[2022.05.06-16.58.56:081][  0]TimingProfiler: OnSessionChanged
[2022.05.06-16.58.56:081][  0]LoadingProfiler: Initialize
[2022.05.06-16.58.56:081][  0]LoadingProfiler: OnSessionChanged
[2022.05.06-16.58.56:081][  0]NetworkingProfiler: Initialize
[2022.05.06-16.58.56:082][  0]NetworkingProfiler: OnSessionChanged
[2022.05.06-16.58.56:082][  0]MemoryProfiler: Initialize
[2022.05.06-16.58.56:082][  0]MemoryProfiler: OnSessionChanged
[2022.05.06-16.58.56:281][  0]LogCook: Display: CookSettings for Memory: MemoryMaxUsedVirtual 0MiB, MemoryMaxUsedPhysical 16384MiB, MemoryMinFreeVirtual 0MiB, MemoryMinFreePhysical 1024MiB
[2022.05.06-16.58.56:281][  0]LogCook: Display: Mobile HDR setting 1
[2022.05.06-16.58.56:609][  0]LogFileCache: Scanning file cache for directory 'D:/Year 3/Term 1/COMP_1288/FindingHooman-Unreal/FindingHooman/Content/' took 0.01s
[2022.05.06-16.58.56:754][  0]LogInit: Display: Engine is initialized. Leaving FEngineLoop::Init()
[2022.05.06-16.58.56:758][  0]SourceControl: Source control is disabled
[2022.05.06-16.58.56:758][  0]LogUnrealEdMisc: Loading editor; pre map load, took 14.208
[2022.05.06-16.58.56:758][  0]Cmd: MAP LOAD FILE="D:/Year 3/Term 1/COMP_1288/FindingHooman-Unreal/FindingHooman/Content/Maps/MainLevel_Map.umap" TEMPLATE=0 SHOWPROGRESS=1 FEATURELEVEL=3
[2022.05.06-16.58.56:766][  0]LightingResults: New page: Lighting Build
[2022.05.06-16.58.56:769][  0]LogWorld: UWorld::CleanupWorld for Untitled, bSessionEnded=true, bCleanupResources=true
[2022.05.06-16.58.56:769][  0]LogSlate: InvalidateAllWidgets triggered.  All widgets were invalidated
[2022.05.06-16.58.56:769][  0]MapCheck: New page: Map Check
[2022.05.06-16.58.56:770][  0]LightingResults: New page: Lighting Build
[2022.05.06-16.58.56:773][  0]LogAudio: Display: Audio Device unregistered from world 'None'.
[2022.05.06-16.58.56:777][  0]LogUObjectHash: Compacting FUObjectHashTables data took   0.84ms
[2022.05.06-16.58.57:056][  0]LogBlueprint: Warning: [AssetLog] D:\Year 3\Term 1\COMP_1288\FindingHooman-Unreal\FindingHooman\Content\Resources\Models\NewModels\Squirrel_Anim.uasset: [Compiler] 'Squirrel Actor' does not inherit from 'Pawn' ( Cast To SquirrelActor  would always fail).
[2022.05.06-16.58.57:057][  0]LogBlueprint: Warning: [AssetLog] D:\Year 3\Term 1\COMP_1288\FindingHooman-Unreal\FindingHooman\Content\Resources\Models\NewModels\Squirrel_Anim.uasset: [Compiler] 'Squirrel Actor' does not inherit from 'Pawn' ( Cast To SquirrelActor  would always fail).
[2022.05.06-16.58.57:223][  0]LogBlueprint: Warning: [AssetLog] D:\Year 3\Term 1\COMP_1288\FindingHooman-Unreal\FindingHooman\Content\Resources\Models\Pigeon\Pigeon_Anim.uasset: [Compiler] 'Pigeon Anim' does not inherit from 'Pawn' ( Cast To Pigeon_Anim  would always fail).
[2022.05.06-16.58.57:225][  0]LogBlueprint: Warning: [AssetLog] D:\Year 3\Term 1\COMP_1288\FindingHooman-Unreal\FindingHooman\Content\Resources\Models\Pigeon\Pigeon_Anim.uasset: [Compiler] 'Pigeon Anim' does not inherit from 'Pawn' ( Cast To Pigeon_Anim  would always fail).
[2022.05.06-16.59.08:528][  0]LogAudio: Display: Audio Device (ID: 1) registered with world 'MainLevel_Map'.
[2022.05.06-16.59.08:529][  0]LogAIModule: Creating AISystem for world MainLevel_Map
[2022.05.06-16.59.09:934][  0]LogMaterial: Display: Material /Game/StarterContent/Materials/M_Metal_Gold.M_Metal_Gold needed to have new flag set bUsedWithSkeletalMesh !
[2022.05.06-16.59.09:936][  0]LogMaterial: Display: Missing cached shadermap for M_Metal_Gold in PCD3D_SM5, Default, SM5 (DDC key hash: D51AA9D15D1E61D13751B8AC5EA4F34BDE2527D9), compiling. 
[2022.05.06-16.59.09:995][  0]LogShaderCompilers: Display: Submitted 41 shader compile jobs with 'Low' priority
[2022.05.06-16.59.09:996][  0]MapCheck: Warning: M_Metal_Gold Material /Game/StarterContent/Materials/M_Metal_Gold.M_Metal_Gold was missing the usage flag bUsedWithSkeletalMesh. If the material asset is not re-saved, it may not render correctly when run outside the editor. Fix
[2022.05.06-16.59.10:133][  0]LogShaderCompilers: Display: Worker (1/13): shaders left to compile 41
[2022.05.06-16.59.10:133][  0]LogShaderCompilers: Display: Worker (2/13): shaders left to compile 37
[2022.05.06-16.59.10:133][  0]LogShaderCompilers: Display: Worker (3/13): shaders left to compile 33
[2022.05.06-16.59.10:133][  0]LogShaderCompilers: Display: Worker (4/13): shaders left to compile 29
[2022.05.06-16.59.10:133][  0]LogShaderCompilers: Display: Worker (5/13): shaders left to compile 25
[2022.05.06-16.59.10:133][  0]LogShaderCompilers: Display: Worker (6/13): shaders left to compile 21
[2022.05.06-16.59.10:134][  0]LogShaderCompilers: Display: Worker (7/13): shaders left to compile 17
[2022.05.06-16.59.10:134][  0]LogShaderCompilers: Display: Worker (8/13): shaders left to compile 13
[2022.05.06-16.59.10:134][  0]LogShaderCompilers: Display: Worker (9/13): shaders left to compile 9
[2022.05.06-16.59.10:134][  0]LogShaderCompilers: Display: Worker (10/13): shaders left to compile 5
[2022.05.06-16.59.10:134][  0]LogShaderCompilers: Display: Worker (11/13): shaders left to compile 1
[2022.05.06-16.59.10:134][  0]LogShaderCompilers: Display: Started 41 'Local' shader compile jobs with 'Low' priority
[2022.05.06-16.59.10:134][  0]LogEditorServer: Finished looking for orphan Actors (0.000 secs)
[2022.05.06-16.59.11:162][  0]LogUObjectHash: Compacting FUObjectHashTables data took   4.88ms
[2022.05.06-16.59.11:167][  0]Cmd: MAP CHECKDEP NOCLEARLOG
[2022.05.06-16.59.11:168][  0]MapCheck: Map check complete: 0 Error(s), 1 Warning(s), took 0.341ms to complete.
[2022.05.06-16.59.11:188][  0]LogFileHelpers: Loading map 'MainLevel_Map' took 14.428
[2022.05.06-16.59.11:199][  0]LogUnrealEdMisc: Total Editor Startup Time, took 28.647
[2022.05.06-16.59.12:129][  0]LogSlate: Only BGRA pngs, bmps or icos are supported in by External Image Picker
[2022.05.06-16.59.12:256][  0]LogSlate: Updating window title bar state: overlay mode, drag disabled, window buttons hidden, title bar hidden
[2022.05.06-16.59.12:264][  0]LogSlate: Updating window title bar state: overlay mode, drag disabled, window buttons hidden, title bar hidden
[2022.05.06-16.59.12:275][  0]LogSlate: Updating window title bar state: overlay mode, drag disabled, window buttons hidden, title bar hidden
[2022.05.06-16.59.12:286][  0]LogSlate: Updating window title bar state: overlay mode, drag disabled, window buttons hidden, title bar hidden
[2022.05.06-16.59.12:315][  0]LogNativeClassHierarchy: Verbose: Native class hierarchy populated in 0.0153 seconds. Added 3837 classes and 935 folders.
[2022.05.06-16.59.12:321][  0]LogNativeClassHierarchy: Verbose: Native class hierarchy updated for 'WidgetCarousel' in 0.0003 seconds. Added 0 classes and 0 folders.
[2022.05.06-16.59.12:324][  0]LogPakFile: PakFile PrimaryIndexSize=187
[2022.05.06-16.59.12:324][  0]LogPakFile: PakFile PathHashIndexSize=101
[2022.05.06-16.59.12:324][  0]LogPakFile: PakFile FullDirectoryIndexSize=148
[2022.05.06-16.59.12:324][  0]LogShaderLibrary: Display: ShaderCodeLibraryPakFileMountedCallback: PakFile 'C:/Program Files/Epic Games/UE_4.27/FeaturePacks/FP_FirstPerson.upack' (chunk index -1, root 'root:/') mounted
[2022.05.06-16.59.12:324][  0]LogShaderLibrary: Display: ShaderCodeLibraryPakFileMountedCallback: pending pak file info (ChunkID:-1 Root:root:/ File:C:/Program Files/Epic Games/UE_4.27/FeaturePacks/FP_FirstPerson.upack)
[2022.05.06-16.59.12:325][  0]LogPakFile: OnPakFileMounted2Time == 0.000204
[2022.05.06-16.59.12:327][  0]LogPakFile: PakFile PrimaryIndexSize=189
[2022.05.06-16.59.12:327][  0]LogPakFile: PakFile PathHashIndexSize=101
[2022.05.06-16.59.12:327][  0]LogPakFile: PakFile FullDirectoryIndexSize=152
[2022.05.06-16.59.12:327][  0]LogShaderLibrary: Display: ShaderCodeLibraryPakFileMountedCallback: PakFile 'C:/Program Files/Epic Games/UE_4.27/FeaturePacks/FP_FirstPersonBP.upack' (chunk index -1, root 'root:/') mounted
[2022.05.06-16.59.12:327][  0]LogShaderLibrary: Display: ShaderCodeLibraryPakFileMountedCallback: pending pak file info (ChunkID:-1 Root:root:/ File:C:/Program Files/Epic Games/UE_4.27/FeaturePacks/FP_FirstPersonBP.upack)
[2022.05.06-16.59.12:327][  0]LogPakFile: OnPakFileMounted2Time == 0.000142
[2022.05.06-16.59.12:329][  0]LogPakFile: PakFile PrimaryIndexSize=191
[2022.05.06-16.59.12:329][  0]LogPakFile: PakFile PathHashIndexSize=101
[2022.05.06-16.59.12:329][  0]LogPakFile: PakFile FullDirectoryIndexSize=160
[2022.05.06-16.59.12:329][  0]LogShaderLibrary: Display: ShaderCodeLibraryPakFileMountedCallback: PakFile 'C:/Program Files/Epic Games/UE_4.27/FeaturePacks/MobileStarterContent.upack' (chunk index -1, root 'root:/') mounted
[2022.05.06-16.59.12:329][  0]LogShaderLibrary: Display: ShaderCodeLibraryPakFileMountedCallback: pending pak file info (ChunkID:-1 Root:root:/ File:C:/Program Files/Epic Games/UE_4.27/FeaturePacks/MobileStarterContent.upack)
[2022.05.06-16.59.12:329][  0]LogPakFile: OnPakFileMounted2Time == 0.000204
[2022.05.06-16.59.12:331][  0]LogPakFile: PakFile PrimaryIndexSize=185
[2022.05.06-16.59.12:331][  0]LogPakFile: PakFile PathHashIndexSize=101
[2022.05.06-16.59.12:331][  0]LogPakFile: PakFile FullDirectoryIndexSize=148
[2022.05.06-16.59.12:331][  0]LogShaderLibrary: Display: ShaderCodeLibraryPakFileMountedCallback: PakFile 'C:/Program Files/Epic Games/UE_4.27/FeaturePacks/StarterContent.upack' (chunk index -1, root 'root:/') mounted
[2022.05.06-16.59.12:331][  0]LogShaderLibrary: Display: ShaderCodeLibraryPakFileMountedCallback: pending pak file info (ChunkID:-1 Root:root:/ File:C:/Program Files/Epic Games/UE_4.27/FeaturePacks/StarterContent.upack)
[2022.05.06-16.59.12:331][  0]LogPakFile: OnPakFileMounted2Time == 0.000200
[2022.05.06-16.59.12:333][  0]LogPakFile: PakFile PrimaryIndexSize=190
[2022.05.06-16.59.12:333][  0]LogPakFile: PakFile PathHashIndexSize=101
[2022.05.06-16.59.12:333][  0]LogPakFile: PakFile FullDirectoryIndexSize=154
[2022.05.06-16.59.12:333][  0]LogShaderLibrary: Display: ShaderCodeLibraryPakFileMountedCallback: PakFile 'C:/Program Files/Epic Games/UE_4.27/FeaturePacks/TP_2DSideScroller.upack' (chunk index -1, root 'root:/') mounted
[2022.05.06-16.59.12:334][  0]LogShaderLibrary: Display: ShaderCodeLibraryPakFileMountedCallback: pending pak file info (ChunkID:-1 Root:root:/ File:C:/Program Files/Epic Games/UE_4.27/FeaturePacks/TP_2DSideScroller.upack)
[2022.05.06-16.59.12:334][  0]LogPakFile: OnPakFileMounted2Time == 0.000231
[2022.05.06-16.59.12:335][  0]LogPakFile: PakFile PrimaryIndexSize=192
[2022.05.06-16.59.12:336][  0]LogPakFile: PakFile PathHashIndexSize=101
[2022.05.06-16.59.12:336][  0]LogPakFile: PakFile FullDirectoryIndexSize=158
[2022.05.06-16.59.12:336][  0]LogShaderLibrary: Display: ShaderCodeLibraryPakFileMountedCallback: PakFile 'C:/Program Files/Epic Games/UE_4.27/FeaturePacks/TP_2DSideScrollerBP.upack' (chunk index -1, root 'root:/') mounted
[2022.05.06-16.59.12:336][  0]LogShaderLibrary: Display: ShaderCodeLibraryPakFileMountedCallback: pending pak file info (ChunkID:-1 Root:root:/ File:C:/Program Files/Epic Games/UE_4.27/FeaturePacks/TP_2DSideScrollerBP.upack)
[2022.05.06-16.59.12:336][  0]LogPakFile: OnPakFileMounted2Time == 0.000185
[2022.05.06-16.59.12:338][  0]LogPakFile: PakFile PrimaryIndexSize=182
[2022.05.06-16.59.12:338][  0]LogPakFile: PakFile PathHashIndexSize=101
[2022.05.06-16.59.12:338][  0]LogPakFile: PakFile FullDirectoryIndexSize=138
[2022.05.06-16.59.12:338][  0]LogShaderLibrary: Display: ShaderCodeLibraryPakFileMountedCallback: PakFile 'C:/Program Files/Epic Games/UE_4.27/FeaturePacks/TP_Flying.upack' (chunk index -1, root 'root:/') mounted
[2022.05.06-16.59.12:338][  0]LogShaderLibrary: Display: ShaderCodeLibraryPakFileMountedCallback: pending pak file info (ChunkID:-1 Root:root:/ File:C:/Program Files/Epic Games/UE_4.27/FeaturePacks/TP_Flying.upack)
[2022.05.06-16.59.12:338][  0]LogPakFile: OnPakFileMounted2Time == 0.000151
[2022.05.06-16.59.12:340][  0]LogPakFile: PakFile PrimaryIndexSize=184
[2022.05.06-16.59.12:340][  0]LogPakFile: PakFile PathHashIndexSize=101
[2022.05.06-16.59.12:340][  0]LogPakFile: PakFile FullDirectoryIndexSize=142
[2022.05.06-16.59.12:340][  0]LogShaderLibrary: Display: ShaderCodeLibraryPakFileMountedCallback: PakFile 'C:/Program Files/Epic Games/UE_4.27/FeaturePacks/TP_FlyingBP.upack' (chunk index -1, root 'root:/') mounted
[2022.05.06-16.59.12:340][  0]LogShaderLibrary: Display: ShaderCodeLibraryPakFileMountedCallback: pending pak file info (ChunkID:-1 Root:root:/ File:C:/Program Files/Epic Games/UE_4.27/FeaturePacks/TP_FlyingBP.upack)
[2022.05.06-16.59.12:340][  0]LogPakFile: OnPakFileMounted2Time == 0.000128
[2022.05.06-16.59.12:342][  0]LogPakFile: PakFile PrimaryIndexSize=188
[2022.05.06-16.59.12:342][  0]LogPakFile: PakFile PathHashIndexSize=101
[2022.05.06-16.59.12:342][  0]LogPakFile: PakFile FullDirectoryIndexSize=150
[2022.05.06-16.59.12:342][  0]LogShaderLibrary: Display: ShaderCodeLibraryPakFileMountedCallback: PakFile 'C:/Program Files/Epic Games/UE_4.27/FeaturePacks/TP_HandheldARBP.upack' (chunk index -1, root 'root:/') mounted
[2022.05.06-16.59.12:342][  0]LogShaderLibrary: Display: ShaderCodeLibraryPakFileMountedCallback: pending pak file info (ChunkID:-1 Root:root:/ File:C:/Program Files/Epic Games/UE_4.27/FeaturePacks/TP_HandheldARBP.upack)
[2022.05.06-16.59.12:342][  0]LogPakFile: OnPakFileMounted2Time == 0.000225
[2022.05.06-16.59.12:345][  0]LogPakFile: PakFile PrimaryIndexSize=182
[2022.05.06-16.59.12:345][  0]LogPakFile: PakFile PathHashIndexSize=101
[2022.05.06-16.59.12:345][  0]LogPakFile: PakFile FullDirectoryIndexSize=138
[2022.05.06-16.59.12:345][  0]LogShaderLibrary: Display: ShaderCodeLibraryPakFileMountedCallback: PakFile 'C:/Program Files/Epic Games/UE_4.27/FeaturePacks/TP_Puzzle.upack' (chunk index -1, root 'root:/') mounted
[2022.05.06-16.59.12:345][  0]LogShaderLibrary: Display: ShaderCodeLibraryPakFileMountedCallback: pending pak file info (ChunkID:-1 Root:root:/ File:C:/Program Files/Epic Games/UE_4.27/FeaturePacks/TP_Puzzle.upack)
[2022.05.06-16.59.12:345][  0]LogPakFile: OnPakFileMounted2Time == 0.000241
[2022.05.06-16.59.12:347][  0]LogPakFile: PakFile PrimaryIndexSize=184
[2022.05.06-16.59.12:347][  0]LogPakFile: PakFile PathHashIndexSize=101
[2022.05.06-16.59.12:347][  0]LogPakFile: PakFile FullDirectoryIndexSize=142
[2022.05.06-16.59.12:347][  0]LogShaderLibrary: Display: ShaderCodeLibraryPakFileMountedCallback: PakFile 'C:/Program Files/Epic Games/UE_4.27/FeaturePacks/TP_PuzzleBP.upack' (chunk index -1, root 'root:/') mounted
[2022.05.06-16.59.12:347][  0]LogShaderLibrary: Display: ShaderCodeLibraryPakFileMountedCallback: pending pak file info (ChunkID:-1 Root:root:/ File:C:/Program Files/Epic Games/UE_4.27/FeaturePacks/TP_PuzzleBP.upack)
[2022.05.06-16.59.12:347][  0]LogPakFile: OnPakFileMounted2Time == 0.000135
[2022.05.06-16.59.12:349][  0]LogPakFile: PakFile PrimaryIndexSize=183
[2022.05.06-16.59.12:349][  0]LogPakFile: PakFile PathHashIndexSize=101
[2022.05.06-16.59.12:349][  0]LogPakFile: PakFile FullDirectoryIndexSize=140
[2022.05.06-16.59.12:349][  0]LogShaderLibrary: Display: ShaderCodeLibraryPakFileMountedCallback: PakFile 'C:/Program Files/Epic Games/UE_4.27/FeaturePacks/TP_Rolling.upack' (chunk index -1, root 'root:/') mounted
[2022.05.06-16.59.12:349][  0]LogShaderLibrary: Display: ShaderCodeLibraryPakFileMountedCallback: pending pak file info (ChunkID:-1 Root:root:/ File:C:/Program Files/Epic Games/UE_4.27/FeaturePacks/TP_Rolling.upack)
[2022.05.06-16.59.12:349][  0]LogPakFile: OnPakFileMounted2Time == 0.000238
[2022.05.06-16.59.12:351][  0]LogPakFile: PakFile PrimaryIndexSize=185
[2022.05.06-16.59.12:351][  0]LogPakFile: PakFile PathHashIndexSize=101
[2022.05.06-16.59.12:351][  0]LogPakFile: PakFile FullDirectoryIndexSize=144
[2022.05.06-16.59.12:351][  0]LogShaderLibrary: Display: ShaderCodeLibraryPakFileMountedCallback: PakFile 'C:/Program Files/Epic Games/UE_4.27/FeaturePacks/TP_RollingBP.upack' (chunk index -1, root 'root:/') mounted
[2022.05.06-16.59.12:351][  0]LogShaderLibrary: Display: ShaderCodeLibraryPakFileMountedCallback: pending pak file info (ChunkID:-1 Root:root:/ File:C:/Program Files/Epic Games/UE_4.27/FeaturePacks/TP_RollingBP.upack)
[2022.05.06-16.59.12:351][  0]LogPakFile: OnPakFileMounted2Time == 0.000164
[2022.05.06-16.59.12:353][  0]LogPakFile: PakFile PrimaryIndexSize=188
[2022.05.06-16.59.12:354][  0]LogPakFile: PakFile PathHashIndexSize=101
[2022.05.06-16.59.12:354][  0]LogPakFile: PakFile FullDirectoryIndexSize=150
[2022.05.06-16.59.12:354][  0]LogShaderLibrary: Display: ShaderCodeLibraryPakFileMountedCallback: PakFile 'C:/Program Files/Epic Games/UE_4.27/FeaturePacks/TP_SideScroller.upack' (chunk index -1, root 'root:/') mounted
[2022.05.06-16.59.12:354][  0]LogShaderLibrary: Display: ShaderCodeLibraryPakFileMountedCallback: pending pak file info (ChunkID:-1 Root:root:/ File:C:/Program Files/Epic Games/UE_4.27/FeaturePacks/TP_SideScroller.upack)
[2022.05.06-16.59.12:354][  0]LogPakFile: OnPakFileMounted2Time == 0.000217
[2022.05.06-16.59.12:356][  0]LogPakFile: PakFile PrimaryIndexSize=190
[2022.05.06-16.59.12:356][  0]LogPakFile: PakFile PathHashIndexSize=101
[2022.05.06-16.59.12:356][  0]LogPakFile: PakFile FullDirectoryIndexSize=154
[2022.05.06-16.59.12:356][  0]LogShaderLibrary: Display: ShaderCodeLibraryPakFileMountedCallback: PakFile 'C:/Program Files/Epic Games/UE_4.27/FeaturePacks/TP_SideScrollerBP.upack' (chunk index -1, root 'root:/') mounted
[2022.05.06-16.59.12:356][  0]LogShaderLibrary: Display: ShaderCodeLibraryPakFileMountedCallback: pending pak file info (ChunkID:-1 Root:root:/ File:C:/Program Files/Epic Games/UE_4.27/FeaturePacks/TP_SideScrollerBP.upack)
[2022.05.06-16.59.12:356][  0]LogPakFile: OnPakFileMounted2Time == 0.000171
[2022.05.06-16.59.12:358][  0]LogPakFile: PakFile PrimaryIndexSize=187
[2022.05.06-16.59.12:358][  0]LogPakFile: PakFile PathHashIndexSize=101
[2022.05.06-16.59.12:358][  0]LogPakFile: PakFile FullDirectoryIndexSize=148
[2022.05.06-16.59.12:358][  0]LogShaderLibrary: Display: ShaderCodeLibraryPakFileMountedCallback: PakFile 'C:/Program Files/Epic Games/UE_4.27/FeaturePacks/TP_ThirdPerson.upack' (chunk index -1, root 'root:/') mounted
[2022.05.06-16.59.12:358][  0]LogShaderLibrary: Display: ShaderCodeLibraryPakFileMountedCallback: pending pak file info (ChunkID:-1 Root:root:/ File:C:/Program Files/Epic Games/UE_4.27/FeaturePacks/TP_ThirdPerson.upack)
[2022.05.06-16.59.12:358][  0]LogPakFile: OnPakFileMounted2Time == 0.000123
[2022.05.06-16.59.12:359][  0]LogPakFile: PakFile PrimaryIndexSize=189
[2022.05.06-16.59.12:360][  0]LogPakFile: PakFile PathHashIndexSize=101
[2022.05.06-16.59.12:360][  0]LogPakFile: PakFile FullDirectoryIndexSize=152
[2022.05.06-16.59.12:360][  0]LogShaderLibrary: Display: ShaderCodeLibraryPakFileMountedCallback: PakFile 'C:/Program Files/Epic Games/UE_4.27/FeaturePacks/TP_ThirdPersonBP.upack' (chunk index -1, root 'root:/') mounted
[2022.05.06-16.59.12:360][  0]LogShaderLibrary: Display: ShaderCodeLibraryPakFileMountedCallback: pending pak file info (ChunkID:-1 Root:root:/ File:C:/Program Files/Epic Games/UE_4.27/FeaturePacks/TP_ThirdPersonBP.upack)
[2022.05.06-16.59.12:360][  0]LogPakFile: OnPakFileMounted2Time == 0.000113
[2022.05.06-16.59.12:361][  0]LogPakFile: PakFile PrimaryIndexSize=183
[2022.05.06-16.59.12:361][  0]LogPakFile: PakFile PathHashIndexSize=101
[2022.05.06-16.59.12:361][  0]LogPakFile: PakFile FullDirectoryIndexSize=140
[2022.05.06-16.59.12:362][  0]LogShaderLibrary: Display: ShaderCodeLibraryPakFileMountedCallback: PakFile 'C:/Program Files/Epic Games/UE_4.27/FeaturePacks/TP_TopDown.upack' (chunk index -1, root 'root:/') mounted
[2022.05.06-16.59.12:362][  0]LogShaderLibrary: Display: ShaderCodeLibraryPakFileMountedCallback: pending pak file info (ChunkID:-1 Root:root:/ File:C:/Program Files/Epic Games/UE_4.27/FeaturePacks/TP_TopDown.upack)
[2022.05.06-16.59.12:362][  0]LogPakFile: OnPakFileMounted2Time == 0.000213
[2022.05.06-16.59.12:363][  0]LogPakFile: PakFile PrimaryIndexSize=185
[2022.05.06-16.59.12:363][  0]LogPakFile: PakFile PathHashIndexSize=101
[2022.05.06-16.59.12:363][  0]LogPakFile: PakFile FullDirectoryIndexSize=144
[2022.05.06-16.59.12:364][  0]LogShaderLibrary: Display: ShaderCodeLibraryPakFileMountedCallback: PakFile 'C:/Program Files/Epic Games/UE_4.27/FeaturePacks/TP_TopDownBP.upack' (chunk index -1, root 'root:/') mounted
[2022.05.06-16.59.12:364][  0]LogShaderLibrary: Display: ShaderCodeLibraryPakFileMountedCallback: pending pak file info (ChunkID:-1 Root:root:/ File:C:/Program Files/Epic Games/UE_4.27/FeaturePacks/TP_TopDownBP.upack)
[2022.05.06-16.59.12:364][  0]LogPakFile: OnPakFileMounted2Time == 0.000115
[2022.05.06-16.59.12:365][  0]LogPakFile: PakFile PrimaryIndexSize=185
[2022.05.06-16.59.12:365][  0]LogPakFile: PakFile PathHashIndexSize=101
[2022.05.06-16.59.12:365][  0]LogPakFile: PakFile FullDirectoryIndexSize=144
[2022.05.06-16.59.12:365][  0]LogShaderLibrary: Display: ShaderCodeLibraryPakFileMountedCallback: PakFile 'C:/Program Files/Epic Games/UE_4.27/FeaturePacks/TP_TwinStick.upack' (chunk index -1, root 'root:/') mounted
[2022.05.06-16.59.12:365][  0]LogShaderLibrary: Display: ShaderCodeLibraryPakFileMountedCallback: pending pak file info (ChunkID:-1 Root:root:/ File:C:/Program Files/Epic Games/UE_4.27/FeaturePacks/TP_TwinStick.upack)
[2022.05.06-16.59.12:365][  0]LogPakFile: OnPakFileMounted2Time == 0.000155
[2022.05.06-16.59.12:367][  0]LogPakFile: PakFile PrimaryIndexSize=187
[2022.05.06-16.59.12:367][  0]LogPakFile: PakFile PathHashIndexSize=101
[2022.05.06-16.59.12:367][  0]LogPakFile: PakFile FullDirectoryIndexSize=148
[2022.05.06-16.59.12:367][  0]LogShaderLibrary: Display: ShaderCodeLibraryPakFileMountedCallback: PakFile 'C:/Program Files/Epic Games/UE_4.27/FeaturePacks/TP_TwinStickBP.upack' (chunk index -1, root 'root:/') mounted
[2022.05.06-16.59.12:367][  0]LogShaderLibrary: Display: ShaderCodeLibraryPakFileMountedCallback: pending pak file info (ChunkID:-1 Root:root:/ File:C:/Program Files/Epic Games/UE_4.27/FeaturePacks/TP_TwinStickBP.upack)
[2022.05.06-16.59.12:367][  0]LogPakFile: OnPakFileMounted2Time == 0.000119
[2022.05.06-16.59.12:369][  0]LogPakFile: PakFile PrimaryIndexSize=183
[2022.05.06-16.59.12:369][  0]LogPakFile: PakFile PathHashIndexSize=101
[2022.05.06-16.59.12:369][  0]LogPakFile: PakFile FullDirectoryIndexSize=140
[2022.05.06-16.59.12:369][  0]LogShaderLibrary: Display: ShaderCodeLibraryPakFileMountedCallback: PakFile 'C:/Program Files/Epic Games/UE_4.27/FeaturePacks/TP_Vehicle.upack' (chunk index -1, root 'root:/') mounted
[2022.05.06-16.59.12:369][  0]LogShaderLibrary: Display: ShaderCodeLibraryPakFileMountedCallback: pending pak file info (ChunkID:-1 Root:root:/ File:C:/Program Files/Epic Games/UE_4.27/FeaturePacks/TP_Vehicle.upack)
[2022.05.06-16.59.12:369][  0]LogPakFile: OnPakFileMounted2Time == 0.000215
[2022.05.06-16.59.12:371][  0]LogPakFile: PakFile PrimaryIndexSize=186
[2022.05.06-16.59.12:371][  0]LogPakFile: PakFile PathHashIndexSize=101
[2022.05.06-16.59.12:371][  0]LogPakFile: PakFile FullDirectoryIndexSize=146
[2022.05.06-16.59.12:371][  0]LogShaderLibrary: Display: ShaderCodeLibraryPakFileMountedCallback: PakFile 'C:/Program Files/Epic Games/UE_4.27/FeaturePacks/TP_VehicleAdv.upack' (chunk index -1, root 'root:/') mounted
[2022.05.06-16.59.12:371][  0]LogShaderLibrary: Display: ShaderCodeLibraryPakFileMountedCallback: pending pak file info (ChunkID:-1 Root:root:/ File:C:/Program Files/Epic Games/UE_4.27/FeaturePacks/TP_VehicleAdv.upack)
[2022.05.06-16.59.12:371][  0]LogPakFile: OnPakFileMounted2Time == 0.000192
[2022.05.06-16.59.12:373][  0]LogPakFile: PakFile PrimaryIndexSize=188
[2022.05.06-16.59.12:373][  0]LogPakFile: PakFile PathHashIndexSize=101
[2022.05.06-16.59.12:373][  0]LogPakFile: PakFile FullDirectoryIndexSize=150
[2022.05.06-16.59.12:373][  0]LogShaderLibrary: Display: ShaderCodeLibraryPakFileMountedCallback: PakFile 'C:/Program Files/Epic Games/UE_4.27/FeaturePacks/TP_VehicleAdvBP.upack' (chunk index -1, root 'root:/') mounted
[2022.05.06-16.59.12:374][  0]LogShaderLibrary: Display: ShaderCodeLibraryPakFileMountedCallback: pending pak file info (ChunkID:-1 Root:root:/ File:C:/Program Files/Epic Games/UE_4.27/FeaturePacks/TP_VehicleAdvBP.upack)
[2022.05.06-16.59.12:374][  0]LogPakFile: OnPakFileMounted2Time == 0.000139
[2022.05.06-16.59.12:375][  0]LogPakFile: PakFile PrimaryIndexSize=185
[2022.05.06-16.59.12:375][  0]LogPakFile: PakFile PathHashIndexSize=101
[2022.05.06-16.59.12:375][  0]LogPakFile: PakFile FullDirectoryIndexSize=144
[2022.05.06-16.59.12:375][  0]LogShaderLibrary: Display: ShaderCodeLibraryPakFileMountedCallback: PakFile 'C:/Program Files/Epic Games/UE_4.27/FeaturePacks/TP_VehicleBP.upack' (chunk index -1, root 'root:/') mounted
[2022.05.06-16.59.12:375][  0]LogShaderLibrary: Display: ShaderCodeLibraryPakFileMountedCallback: pending pak file info (ChunkID:-1 Root:root:/ File:C:/Program Files/Epic Games/UE_4.27/FeaturePacks/TP_VehicleBP.upack)
[2022.05.06-16.59.12:376][  0]LogPakFile: OnPakFileMounted2Time == 0.000133
[2022.05.06-16.59.12:377][  0]LogPakFile: PakFile PrimaryIndexSize=192
[2022.05.06-16.59.12:377][  0]LogPakFile: PakFile PathHashIndexSize=101
[2022.05.06-16.59.12:377][  0]LogPakFile: PakFile FullDirectoryIndexSize=158
[2022.05.06-16.59.12:377][  0]LogShaderLibrary: Display: ShaderCodeLibraryPakFileMountedCallback: PakFile 'C:/Program Files/Epic Games/UE_4.27/FeaturePacks/TP_VirtualRealityBP.upack' (chunk index -1, root 'root:/') mounted
[2022.05.06-16.59.12:377][  0]LogShaderLibrary: Display: ShaderCodeLibraryPakFileMountedCallback: pending pak file info (ChunkID:-1 Root:root:/ File:C:/Program Files/Epic Games/UE_4.27/FeaturePacks/TP_VirtualRealityBP.upack)
[2022.05.06-16.59.12:378][  0]LogPakFile: OnPakFileMounted2Time == 0.000124
[2022.05.06-16.59.12:516][  0]LogNativeClassHierarchy: Verbose: Native class hierarchy updated for 'AddContentDialog' in 0.0005 seconds. Added 0 classes and 0 folders.
[2022.05.06-16.59.12:519][  0]LogNativeClassHierarchy: Verbose: Native class hierarchy updated for 'SceneOutliner' in 0.0004 seconds. Added 2 classes and 0 folders.
[2022.05.06-16.59.12:802][  0]LogSlate: Took 0.000821 seconds to synchronously load lazily loaded font '../../../Engine/Content/Slate/Fonts/Roboto-Regular.ttf' (155K)
[2022.05.06-16.59.12:803][  0]LogSlate: Took 0.000654 seconds to synchronously load lazily loaded font '../../../Engine/Content/Editor/Slate/Fonts/FontAwesome.ttf' (139K)
[2022.05.06-16.59.12:806][  0]LogSlate: Took 0.000673 seconds to synchronously load lazily loaded font '../../../Engine/Content/Slate/Fonts/Roboto-Bold.ttf' (160K)
[2022.05.06-16.59.12:870][  0]LogRenderer: Reallocating scene render targets to support 256x256 Format 10 NumSamples 1 (Frame:1).
[2022.05.06-16.59.12:930][  0]LogRenderer: Reallocating scene render targets to support 448x540 Format 10 NumSamples 1 (Frame:1).
[2022.05.06-16.59.12:939][  0]LogRenderer: Reallocating scene render targets to support 1456x572 Format 10 NumSamples 1 (Frame:1).
[2022.05.06-16.59.13:041][  0]LogNativeClassHierarchy: Verbose: Native class hierarchy updated for 'HierarchicalLODOutliner' in 0.0003 seconds. Added 0 classes and 0 folders.
[2022.05.06-16.59.13:042][  0]LogInput: Warning: Action Jump uses invalid key OculusGo_Left_Trigger_Click.
[2022.05.06-16.59.13:042][  0]LogInput: Warning: Use -RemoveInvalidKeys to remove instances of these keys from the action mapping.
[2022.05.06-16.59.13:042][  0]LogLoad: (Engine Initialization) Total time: 30.49 seconds
[2022.05.06-16.59.13:042][  0]LogLoad: (Engine Initialization) Total Blueprint compile time: 0.00 seconds
[2022.05.06-16.59.13:104][  0]LogAssetRegistry: Asset discovery search completed in 21.7241 seconds
[2022.05.06-16.59.13:111][  0]LogCollectionManager: Fixed up redirectors for 0 collections in 0.000004 seconds (updated 0 objects)
[2022.05.06-16.59.13:112][  0]LogContentStreaming: Texture pool size now 600 MB
