Log file open, 04/26/22 15:52:01
LogWindows: Failed to load 'aqProf.dll' (GetLastError=126)
LogWindows: File 'aqProf.dll' does not exist
LogWindows: Failed to load 'VtuneApi.dll' (GetLastError=126)
LogWindows: File 'VtuneApi.dll' does not exist
LogWindows: Failed to load 'VtuneApi32e.dll' (GetLastError=126)
LogWindows: File 'VtuneApi32e.dll' does not exist
LogConsoleResponse: Display: Failed to find resolution value strings in scalability ini. Falling back to default.
LogConsoleResponse: Display: Failed to find resolution value strings in scalability ini. Falling back to default.
LogInit: Display: Running engine for game: FindingHooman
LogPlatformFile: Not using cached read wrapper
LogTaskGraph: Started task graph with 5 named threads and 35 total threads with 3 sets of task threads.
LogStats: Stats thread started at 0.204893
LogICUInternationalization: ICU TimeZone Detection - Raw Offset: +0:00, Platform Override: ''
LogInit: Display: Loading text-based GConfig....
LogPluginManager: Mounting plugin MeshPainting
LogPluginManager: Mounting plugin XGEController
LogPluginManager: Mounting plugin Paper2D
LogPluginManager: Mounting plugin LiveLink
LogPluginManager: Mounting plugin AISupport
LogPluginManager: Mounting plugin EnvironmentQueryEditor
LogPluginManager: Mounting plugin LightPropagationVolume
LogPluginManager: Mounting plugin GameplayCameras
LogPluginManager: Mounting plugin CameraShakePreviewer
LogPluginManager: Mounting plugin OodleData
LogPluginManager: Mounting plugin OodleNetwork
LogPluginManager: Mounting plugin AnimationSharing
LogPluginManager: Mounting plugin CLionSourceCodeAccess
LogPluginManager: Mounting plugin CodeLiteSourceCodeAccess
LogPluginManager: Mounting plugin KDevelopSourceCodeAccess
LogPluginManager: Mounting plugin GitSourceControl
LogPluginManager: Mounting plugin NullSourceCodeAccess
LogPluginManager: Mounting plugin PerforceSourceControl
LogPluginManager: Mounting plugin PixWinPlugin
LogPluginManager: Mounting plugin PlasticSourceControl
LogPluginManager: Mounting plugin PluginUtils
LogPluginManager: Mounting plugin RiderSourceCodeAccess
LogPluginManager: Mounting plugin SubversionSourceControl
LogPluginManager: Mounting plugin TextureFormatOodle
LogPluginManager: Mounting plugin PropertyAccessNode
LogPluginManager: Mounting plugin VisualStudioCodeSourceCodeAccess
LogPluginManager: Mounting plugin UObjectPlugin
LogPluginManager: Mounting plugin VisualStudioSourceCodeAccess
LogPluginManager: Mounting plugin XCodeSourceCodeAccess
LogPluginManager: Mounting plugin AlembicImporter
LogPluginManager: Mounting plugin AutomationUtils
LogPluginManager: Mounting plugin BackChannel
LogPluginManager: Mounting plugin ChaosClothEditor
LogPluginManager: Mounting plugin ChaosCloth
LogPluginManager: Mounting plugin ChaosEditor
LogPluginManager: Mounting plugin ChaosNiagara
LogPluginManager: Mounting plugin ChaosSolverPlugin
LogPluginManager: Mounting plugin CharacterAI
LogPluginManager: Mounting plugin GeometryCache
LogPluginManager: Mounting plugin GeometryCollectionPlugin
LogPluginManager: Mounting plugin GeometryProcessing
LogPluginManager: Mounting plugin MotoSynth
LogPluginManager: Mounting plugin OpenImageDenoise
LogPluginManager: Mounting plugin PlatformCrypto
LogPluginManager: Mounting plugin PlanarCut
LogPluginManager: Mounting plugin ProxyLODPlugin
LogPluginManager: Mounting plugin DatasmithContent
LogPluginManager: Mounting plugin PythonScriptPlugin
LogPluginManager: Mounting plugin SkeletalReduction
LogPluginManager: Mounting plugin VariantManagerContent
LogPluginManager: Mounting plugin AndroidMedia
LogPluginManager: Mounting plugin AvfMedia
LogPluginManager: Mounting plugin ImgMedia
LogPluginManager: Mounting plugin MediaCompositing
LogPluginManager: Mounting plugin MediaPlayerEditor
LogPluginManager: Mounting plugin WebMMedia
LogPluginManager: Mounting plugin WmfMedia
LogPluginManager: Mounting plugin LuminPlatformFeatures
LogPluginManager: Mounting plugin MagicLeap
LogPluginManager: Mounting plugin MagicLeapLightEstimation
LogPluginManager: Mounting plugin MagicLeapMedia
LogPluginManager: Mounting plugin MagicLeapPassableWorld
LogPluginManager: Mounting plugin MLSDK
LogPluginManager: Mounting plugin TcpMessaging
LogPluginManager: Mounting plugin UdpMessaging
LogPluginManager: Mounting plugin ActorSequence
LogPluginManager: Mounting plugin OnlineSubsystem
LogPluginManager: Mounting plugin OnlineSubsystemNull
LogPluginManager: Mounting plugin OnlineSubsystemUtils
LogPluginManager: Mounting plugin LauncherChunkInstaller
LogPluginManager: Mounting plugin MatineeToLevelSequence
LogPluginManager: Mounting plugin LevelSequenceEditor
LogPluginManager: Mounting plugin TemplateSequence
LogPluginManager: Mounting plugin ActorLayerUtilities
LogPluginManager: Mounting plugin AndroidMoviePlayer
LogPluginManager: Mounting plugin AndroidDeviceProfileSelector
LogPluginManager: Mounting plugin AndroidPermission
LogPluginManager: Mounting plugin AppleMoviePlayer
LogPluginManager: Mounting plugin AppleImageUtils
LogPluginManager: Mounting plugin ArchVisCharacter
LogPluginManager: Mounting plugin AudioCapture
LogPluginManager: Mounting plugin AssetTags
LogPluginManager: Mounting plugin AudioSynesthesia
LogPluginManager: Mounting plugin ChunkDownloader
LogPluginManager: Mounting plugin CableComponent
LogPluginManager: Mounting plugin ExampleDeviceProfileSelector
LogPluginManager: Mounting plugin GoogleCloudMessaging
LogPluginManager: Mounting plugin EditableMesh
LogPluginManager: Mounting plugin GooglePAD
LogPluginManager: Mounting plugin CustomMeshComponent
LogPluginManager: Mounting plugin IOSDeviceProfileSelector
LogPluginManager: Mounting plugin LinuxDeviceProfileSelector
LogPluginManager: Mounting plugin LocationServicesBPLibrary
LogPluginManager: Mounting plugin MobilePatchingUtils
LogPluginManager: Mounting plugin OpenXR
LogPluginManager: Mounting plugin OpenXREyeTracker
LogPluginManager: Mounting plugin OpenXRHandTracking
LogPluginManager: Mounting plugin PhysXVehicles
LogPluginManager: Mounting plugin ScreenshotTools
LogPluginManager: Mounting plugin PostSplashScreen
LogPluginManager: Mounting plugin ProceduralMeshComponent
LogPluginManager: Mounting plugin PropertyAccessEditor
LogPluginManager: Mounting plugin RuntimePhysXCooking
LogPluginManager: Mounting plugin SignificanceManager
LogPluginManager: Mounting plugin SoundFields
LogPluginManager: Mounting plugin Synthesis
LogPluginManager: Mounting plugin WindowsMoviePlayer
LogPluginManager: Mounting plugin WebMMoviePlayer
LogPluginManager: Mounting plugin Takes
LogPluginManager: Mounting plugin Niagara
LogPluginManager: Mounting plugin AssetManagerEditor
LogPluginManager: Mounting plugin CryptoKeys
LogPluginManager: Mounting plugin CurveEditorTools
LogPluginManager: Mounting plugin DataValidation
LogPluginManager: Mounting plugin FacialAnimation
LogPluginManager: Mounting plugin GameplayTagsEditor
LogPluginManager: Mounting plugin GeometryMode
LogPluginManager: Mounting plugin MacGraphicsSwitching
LogPluginManager: Mounting plugin MobileLauncherProfileWizard
LogPluginManager: Mounting plugin PluginBrowser
LogPluginManager: Mounting plugin MaterialAnalyzer
LogPluginManager: Mounting plugin SpeedTreeImporter
LogPluginManager: Mounting plugin OnlineSubsystemGooglePlay
LogPluginManager: Mounting plugin OnlineSubsystemIOS
LogPluginManager: Mounting plugin OculusVR
LogPluginManager: Mounting plugin SteamVR
LogPluginManager: Mounting plugin ContentBrowserAssetDataSource
LogPluginManager: Mounting plugin ContentBrowserClassDataSource
LogPluginManager: Mounting plugin ContentBrowserFileDataSource
PixWinPlugin: PIX capture plugin failed to initialize! Check that the process is launched from PIX.
LogInit: Using libcurl 7.55.1-DEV
LogInit:  - built for x86_64-pc-win32
LogInit:  - supports SSL with OpenSSL/1.1.1
LogInit:  - supports HTTP deflate (compression) using libz 1.2.8
LogInit:  - other features:
LogInit:      CURL_VERSION_SSL
LogInit:      CURL_VERSION_LIBZ
LogInit:      CURL_VERSION_IPV6
LogInit:      CURL_VERSION_ASYNCHDNS
LogInit:      CURL_VERSION_LARGEFILE
LogInit:      CURL_VERSION_IDN
LogInit:  CurlRequestOptions (configurable via config and command line):
LogInit:  - bVerifyPeer = true  - Libcurl will verify peer certificate
LogInit:  - bUseHttpProxy = false  - Libcurl will NOT use HTTP proxy
LogInit:  - bDontReuseConnections = false  - Libcurl will reuse connections
LogInit:  - MaxHostConnections = 16  - Libcurl will limit the number of connections to a host
LogInit:  - LocalHostAddr = Default
LogInit:  - BufferSize = 65536
LogOnline: OSS: Creating online subsystem instance for: NULL
LogInit: WinSock: version 1.1 (2.2), MaxSocks=32767, MaxUdp=65467
LogOnline: OSS: TryLoadSubsystemAndSetDefault: Loaded subsystem for module [NULL]
LogOculusPluginWrapper: OculusPlugin initialized successfully
LogHMD: Failed initializing OVRPlugin 1.59.0
LogInit: Build: ++UE4+Release-4.27-CL-18319896
LogInit: Engine Version: 4.27.2-18319896+++UE4+Release-4.27
LogInit: Compatible Engine Version: 4.27.0-17155196+++UE4+Release-4.27
LogInit: Net CL: 17155196
LogInit: OS: Windows 10 (Release 2009) (), CPU: Intel(R) Core(TM) i7-9750H CPU @ 2.60GHz, GPU: NVIDIA GeForce RTX 2070
LogInit: Compiled (64-bit): Nov 30 2021 07:12:08
LogInit: Compiled with Visual C++: 19.24.28315.00
LogInit: Build Configuration: Development
LogInit: Branch Name: ++UE4+Release-4.27
LogInit: Command Line: 
LogInit: Base Directory: D:/Epic Games/UE_4.27/Engine/Binaries/Win64/
LogInit: Allocator: TBB
LogInit: Installed Engine Build: 1
LogDevObjectVersion: Number of dev versions registered: 29
LogDevObjectVersion:   Dev-Blueprints (B0D832E4-1F89-4F0D-ACCF-7EB736FD4AA2): 10
LogDevObjectVersion:   Dev-Build (E1C64328-A22C-4D53-A36C-8E866417BD8C): 0
LogDevObjectVersion:   Dev-Core (375EC13C-06E4-48FB-B500-84F0262A717E): 4
LogDevObjectVersion:   Dev-Editor (E4B068ED-F494-42E9-A231-DA0B2E46BB41): 40
LogDevObjectVersion:   Dev-Framework (CFFC743F-43B0-4480-9391-14DF171D2073): 37
LogDevObjectVersion:   Dev-Mobile (B02B49B5-BB20-44E9-A304-32B752E40360): 3
LogDevObjectVersion:   Dev-Networking (A4E4105C-59A1-49B5-A7C5-40C4547EDFEE): 0
LogDevObjectVersion:   Dev-Online (39C831C9-5AE6-47DC-9A44-9C173E1C8E7C): 0
LogDevObjectVersion:   Dev-Physics (78F01B33-EBEA-4F98-B9B4-84EACCB95AA2): 14
LogDevObjectVersion:   Dev-Platform (6631380F-2D4D-43E0-8009-CF276956A95A): 0
LogDevObjectVersion:   Dev-Rendering (12F88B9F-8875-4AFC-A67C-D90C383ABD29): 45
LogDevObjectVersion:   Dev-Sequencer (7B5AE74C-D270-4C10-A958-57980B212A5A): 13
LogDevObjectVersion:   Dev-VR (D7296918-1DD6-4BDD-9DE2-64A83CC13884): 3
LogDevObjectVersion:   Dev-LoadTimes (C2A15278-BFE7-4AFE-6C17-90FF531DF755): 1
LogDevObjectVersion:   Private-Geometry (6EACA3D4-40EC-4CC1-B786-8BED09428FC5): 3
LogDevObjectVersion:   Dev-AnimPhys (29E575DD-E0A3-4627-9D10-D276232CDCEA): 17
LogDevObjectVersion:   Dev-Anim (AF43A65D-7FD3-4947-9873-3E8ED9C1BB05): 15
LogDevObjectVersion:   Dev-ReflectionCapture (6B266CEC-1EC7-4B8F-A30B-E4D90942FC07): 1
LogDevObjectVersion:   Dev-Automation (0DF73D61-A23F-47EA-B727-89E90C41499A): 1
LogDevObjectVersion:   FortniteMain (601D1886-AC64-4F84-AA16-D3DE0DEAC7D6): 47
LogDevObjectVersion:   FortniteRelease (E7086368-6B23-4C58-8439-1B7016265E91): 1
LogDevObjectVersion:   Dev-Enterprise (9DFFBCD6-494F-0158-E221-12823C92A888): 10
LogDevObjectVersion:   Dev-Niagara (F2AED0AC-9AFE-416F-8664-AA7FFA26D6FC): 1
LogDevObjectVersion:   Dev-Destruction (174F1F0B-B4C6-45A5-B13F-2EE8D0FB917D): 10
LogDevObjectVersion:   Dev-Physics-Ext (35F94A83-E258-406C-A318-09F59610247C): 41
LogDevObjectVersion:   Dev-PhysicsMaterial-Chaos (B68FC16E-8B1B-42E2-B453-215C058844FE): 1
LogDevObjectVersion:   Dev-CineCamera (B2E18506-4273-CFC2-A54E-F4BB758BBA07): 1
LogDevObjectVersion:   Dev-VirtualProduction (64F58936-FD1B-42BA-BA96-7289D5D0FA4E): 1
LogDevObjectVersion:   Dev-MediaFramework (6F0ED827-A609-4895-9C91-998D90180EA4): 2
LogInit: Presizing for max 25165824 objects, including 0 objects not considered by GC, pre-allocating 0 bytes for permanent pool.
LogConfig: Applying CVar settings from Section [/Script/Engine.StreamingSettings] File [C:/Users/njet9/OneDrive/Documents/GitHub/FindingHooman-Unreal/FindingHooman/Saved/Config/Windows/Engine.ini]
LogConfig: Setting CVar [[s.MinBulkDataSizeForAsyncLoading:131072]]
LogConfig: Setting CVar [[s.AsyncLoadingThreadEnabled:0]]
LogConfig: Setting CVar [[s.EventDrivenLoaderEnabled:1]]
LogConfig: Setting CVar [[s.WarnIfTimeLimitExceeded:0]]
LogConfig: Setting CVar [[s.TimeLimitExceededMultiplier:1.5]]
LogConfig: Setting CVar [[s.TimeLimitExceededMinTime:0.005]]
LogConfig: Setting CVar [[s.UseBackgroundLevelStreaming:1]]
LogConfig: Setting CVar [[s.PriorityAsyncLoadingExtraTime:15.0]]
LogConfig: Setting CVar [[s.LevelStreamingActorsUpdateTimeLimit:5.0]]
LogConfig: Setting CVar [[s.PriorityLevelStreamingActorsUpdateExtraTime:5.0]]
LogConfig: Setting CVar [[s.LevelStreamingComponentsRegistrationGranularity:10]]
LogConfig: Setting CVar [[s.UnregisterComponentsTimeLimit:1.0]]
LogConfig: Setting CVar [[s.LevelStreamingComponentsUnregistrationGranularity:5]]
LogConfig: Setting CVar [[s.FlushStreamingOnExit:1]]
LogInit: Object subsystem initialized
LogConfig: Setting CVar [[con.DebugEarlyDefault:1]]
LogConfig: Setting CVar [[r.setres:1280x720]]
[2022.04.26-14.52.01:576][  0]LogConfig: Setting CVar [[r.VSync:0]]
[2022.04.26-14.52.01:576][  0]LogConfig: Setting CVar [[r.RHICmdBypass:0]]
[2022.04.26-14.52.01:576][  0]LogConfig: Applying CVar settings from Section [/Script/Engine.RendererSettings] File [C:/Users/njet9/OneDrive/Documents/GitHub/FindingHooman-Unreal/FindingHooman/Saved/Config/Windows/Engine.ini]
[2022.04.26-14.52.01:576][  0]LogConfig: Setting CVar [[r.GPUCrashDebugging:0]]
[2022.04.26-14.52.01:576][  0]LogConfig: Setting CVar [[r.AllowStaticLighting:1]]
[2022.04.26-14.52.01:576][  0]LogConfig: Setting CVar [[r.GenerateMeshDistanceFields:1]]
[2022.04.26-14.52.01:576][  0]LogConfig: Applying CVar settings from Section [/Script/Engine.RendererOverrideSettings] File [C:/Users/njet9/OneDrive/Documents/GitHub/FindingHooman-Unreal/FindingHooman/Saved/Config/Windows/Engine.ini]
[2022.04.26-14.52.01:576][  0]LogConfig: Applying CVar settings from Section [/Script/Engine.StreamingSettings] File [C:/Users/njet9/OneDrive/Documents/GitHub/FindingHooman-Unreal/FindingHooman/Saved/Config/Windows/Engine.ini]
[2022.04.26-14.52.01:576][  0]LogConfig: Setting CVar [[s.MinBulkDataSizeForAsyncLoading:131072]]
[2022.04.26-14.52.01:576][  0]LogConfig: Setting CVar [[s.AsyncLoadingThreadEnabled:0]]
[2022.04.26-14.52.01:576][  0]LogConfig: Setting CVar [[s.EventDrivenLoaderEnabled:1]]
[2022.04.26-14.52.01:576][  0]LogConfig: Setting CVar [[s.WarnIfTimeLimitExceeded:0]]
[2022.04.26-14.52.01:576][  0]LogConfig: Setting CVar [[s.TimeLimitExceededMultiplier:1.5]]
[2022.04.26-14.52.01:576][  0]LogConfig: Setting CVar [[s.TimeLimitExceededMinTime:0.005]]
[2022.04.26-14.52.01:576][  0]LogConfig: Setting CVar [[s.UseBackgroundLevelStreaming:1]]
[2022.04.26-14.52.01:576][  0]LogConfig: Setting CVar [[s.PriorityAsyncLoadingExtraTime:15.0]]
[2022.04.26-14.52.01:576][  0]LogConfig: Setting CVar [[s.LevelStreamingActorsUpdateTimeLimit:5.0]]
[2022.04.26-14.52.01:576][  0]LogConfig: Setting CVar [[s.PriorityLevelStreamingActorsUpdateExtraTime:5.0]]
[2022.04.26-14.52.01:576][  0]LogConfig: Setting CVar [[s.LevelStreamingComponentsRegistrationGranularity:10]]
[2022.04.26-14.52.01:576][  0]LogConfig: Setting CVar [[s.UnregisterComponentsTimeLimit:1.0]]
[2022.04.26-14.52.01:576][  0]LogConfig: Setting CVar [[s.LevelStreamingComponentsUnregistrationGranularity:5]]
[2022.04.26-14.52.01:576][  0]LogConfig: Setting CVar [[s.FlushStreamingOnExit:1]]
[2022.04.26-14.52.01:576][  0]LogConfig: Applying CVar settings from Section [/Script/Engine.GarbageCollectionSettings] File [C:/Users/njet9/OneDrive/Documents/GitHub/FindingHooman-Unreal/FindingHooman/Saved/Config/Windows/Engine.ini]
[2022.04.26-14.52.01:576][  0]LogConfig: Setting CVar [[gc.MaxObjectsNotConsideredByGC:1]]
[2022.04.26-14.52.01:576][  0]LogConfig: Setting CVar [[gc.SizeOfPermanentObjectPool:0]]
[2022.04.26-14.52.01:576][  0]LogConfig: Setting CVar [[gc.FlushStreamingOnGC:0]]
[2022.04.26-14.52.01:576][  0]LogConfig: Setting CVar [[gc.NumRetriesBeforeForcingGC:10]]
[2022.04.26-14.52.01:576][  0]LogConfig: Setting CVar [[gc.AllowParallelGC:1]]
[2022.04.26-14.52.01:576][  0]LogConfig: Setting CVar [[gc.TimeBetweenPurgingPendingKillObjects:61.1]]
[2022.04.26-14.52.01:576][  0]LogConfig: Setting CVar [[gc.MaxObjectsInEditor:25165824]]
[2022.04.26-14.52.01:576][  0]LogConfig: Setting CVar [[gc.IncrementalBeginDestroyEnabled:1]]
[2022.04.26-14.52.01:576][  0]LogConfig: Setting CVar [[gc.CreateGCClusters:1]]
[2022.04.26-14.52.01:576][  0]LogConfig: Setting CVar [[gc.MinGCClusterSize:5]]
[2022.04.26-14.52.01:576][  0]LogConfig: Setting CVar [[gc.ActorClusteringEnabled:0]]
[2022.04.26-14.52.01:576][  0]LogConfig: Setting CVar [[gc.BlueprintClusteringEnabled:0]]
[2022.04.26-14.52.01:576][  0]LogConfig: Setting CVar [[gc.UseDisregardForGCOnDedicatedServers:0]]
[2022.04.26-14.52.01:576][  0]LogConfig: Setting CVar [[gc.MultithreadedDestructionEnabled:1]]
[2022.04.26-14.52.01:576][  0]LogConfig: Applying CVar settings from Section [/Script/Engine.NetworkSettings] File [C:/Users/njet9/OneDrive/Documents/GitHub/FindingHooman-Unreal/FindingHooman/Saved/Config/Windows/Engine.ini]
[2022.04.26-14.52.01:576][  0]LogConfig: Applying CVar settings from Section [/Script/UnrealEd.CookerSettings] File [C:/Users/njet9/OneDrive/Documents/GitHub/FindingHooman-Unreal/FindingHooman/Saved/Config/Windows/Engine.ini]
[2022.04.26-14.52.01:600][  0]LogConfig: Applying CVar settings from Section [ViewDistanceQuality@3] File [C:/Users/njet9/OneDrive/Documents/GitHub/FindingHooman-Unreal/FindingHooman/Saved/Config/Windows/Scalability.ini]
[2022.04.26-14.52.01:600][  0]LogConfig: Setting CVar [[r.SkeletalMeshLODBias:0]]
[2022.04.26-14.52.01:600][  0]LogConfig: Setting CVar [[r.ViewDistanceScale:1.0]]
[2022.04.26-14.52.01:600][  0]LogConfig: Applying CVar settings from Section [AntiAliasingQuality@3] File [C:/Users/njet9/OneDrive/Documents/GitHub/FindingHooman-Unreal/FindingHooman/Saved/Config/Windows/Scalability.ini]
[2022.04.26-14.52.01:600][  0]LogConfig: Setting CVar [[r.PostProcessAAQuality:4]]
[2022.04.26-14.52.01:600][  0]LogConfig: Applying CVar settings from Section [ShadowQuality@3] File [C:/Users/njet9/OneDrive/Documents/GitHub/FindingHooman-Unreal/FindingHooman/Saved/Config/Windows/Scalability.ini]
[2022.04.26-14.52.01:600][  0]LogConfig: Setting CVar [[r.LightFunctionQuality:1]]
[2022.04.26-14.52.01:600][  0]LogConfig: Setting CVar [[r.ShadowQuality:5]]
[2022.04.26-14.52.01:600][  0]LogConfig: Setting CVar [[r.Shadow.CSM.MaxCascades:10]]
[2022.04.26-14.52.01:600][  0]LogConfig: Setting CVar [[r.Shadow.MaxResolution:2048]]
[2022.04.26-14.52.01:600][  0]LogConfig: Setting CVar [[r.Shadow.MaxCSMResolution:2048]]
[2022.04.26-14.52.01:600][  0]LogConfig: Setting CVar [[r.Shadow.RadiusThreshold:0.01]]
[2022.04.26-14.52.01:600][  0]LogConfig: Setting CVar [[r.Shadow.DistanceScale:1.0]]
[2022.04.26-14.52.01:600][  0]LogConfig: Setting CVar [[r.Shadow.CSM.TransitionScale:1.0]]
[2022.04.26-14.52.01:601][  0]LogConfig: Setting CVar [[r.Shadow.PreShadowResolutionFactor:1.0]]
[2022.04.26-14.52.01:601][  0]LogConfig: Setting CVar [[r.DistanceFieldShadowing:1]]
[2022.04.26-14.52.01:601][  0]LogConfig: Setting CVar [[r.DistanceFieldAO:1]]
[2022.04.26-14.52.01:601][  0]LogConfig: Setting CVar [[r.AOQuality:2]]
[2022.04.26-14.52.01:601][  0]LogConfig: Setting CVar [[r.VolumetricFog:1]]
[2022.04.26-14.52.01:601][  0]LogConfig: Setting CVar [[r.VolumetricFog.GridPixelSize:8]]
[2022.04.26-14.52.01:601][  0]LogConfig: Setting CVar [[r.VolumetricFog.GridSizeZ:128]]
[2022.04.26-14.52.01:601][  0]LogConfig: Setting CVar [[r.VolumetricFog.HistoryMissSupersampleCount:4]]
[2022.04.26-14.52.01:601][  0]LogConfig: Setting CVar [[r.LightMaxDrawDistanceScale:1]]
[2022.04.26-14.52.01:601][  0]LogConfig: Setting CVar [[r.CapsuleShadows:1]]
[2022.04.26-14.52.01:601][  0]LogConfig: Applying CVar settings from Section [PostProcessQuality@3] File [C:/Users/njet9/OneDrive/Documents/GitHub/FindingHooman-Unreal/FindingHooman/Saved/Config/Windows/Scalability.ini]
[2022.04.26-14.52.01:601][  0]LogConfig: Setting CVar [[r.MotionBlurQuality:4]]
[2022.04.26-14.52.01:601][  0]LogConfig: Setting CVar [[r.AmbientOcclusionMipLevelFactor:0.4]]
[2022.04.26-14.52.01:601][  0]LogConfig: Setting CVar [[r.AmbientOcclusionMaxQuality:100]]
[2022.04.26-14.52.01:601][  0]LogConfig: Setting CVar [[r.AmbientOcclusionLevels:-1]]
[2022.04.26-14.52.01:601][  0]LogConfig: Setting CVar [[r.AmbientOcclusionRadiusScale:1.0]]
[2022.04.26-14.52.01:601][  0]LogConfig: Setting CVar [[r.DepthOfFieldQuality:2]]
[2022.04.26-14.52.01:601][  0]LogConfig: Setting CVar [[r.RenderTargetPoolMin:400]]
[2022.04.26-14.52.01:601][  0]LogConfig: Setting CVar [[r.LensFlareQuality:2]]
[2022.04.26-14.52.01:601][  0]LogConfig: Setting CVar [[r.SceneColorFringeQuality:1]]
[2022.04.26-14.52.01:601][  0]LogConfig: Setting CVar [[r.EyeAdaptationQuality:2]]
[2022.04.26-14.52.01:601][  0]LogConfig: Setting CVar [[r.BloomQuality:5]]
[2022.04.26-14.52.01:601][  0]LogConfig: Setting CVar [[r.FastBlurThreshold:100]]
[2022.04.26-14.52.01:601][  0]LogConfig: Setting CVar [[r.Upscale.Quality:3]]
[2022.04.26-14.52.01:601][  0]LogConfig: Setting CVar [[r.Tonemapper.GrainQuantization:1]]
[2022.04.26-14.52.01:601][  0]LogConfig: Setting CVar [[r.LightShaftQuality:1]]
[2022.04.26-14.52.01:601][  0]LogConfig: Setting CVar [[r.Filter.SizeScale:1]]
[2022.04.26-14.52.01:601][  0]LogConfig: Setting CVar [[r.Tonemapper.Quality:5]]
[2022.04.26-14.52.01:601][  0]LogConfig: Setting CVar [[r.DOF.Gather.AccumulatorQuality:1        ; higher gathering accumulator quality]]
[2022.04.26-14.52.01:601][  0]LogConfig: Setting CVar [[r.DOF.Gather.PostfilterMethod:1          ; Median3x3 postfilering method]]
[2022.04.26-14.52.01:601][  0]LogConfig: Setting CVar [[r.DOF.Gather.EnableBokehSettings:0       ; no bokeh simulation when gathering]]
[2022.04.26-14.52.01:601][  0]LogConfig: Setting CVar [[r.DOF.Gather.RingCount:4                 ; medium number of samples when gathering]]
[2022.04.26-14.52.01:601][  0]LogConfig: Setting CVar [[r.DOF.Scatter.ForegroundCompositing:1    ; additive foreground scattering]]
[2022.04.26-14.52.01:601][  0]LogConfig: Setting CVar [[r.DOF.Scatter.BackgroundCompositing:2    ; additive background scattering]]
[2022.04.26-14.52.01:601][  0]LogConfig: Setting CVar [[r.DOF.Scatter.EnableBokehSettings:1      ; bokeh simulation when scattering]]
[2022.04.26-14.52.01:601][  0]LogConfig: Setting CVar [[r.DOF.Scatter.MaxSpriteRatio:0.1         ; only a maximum of 10% of scattered bokeh]]
[2022.04.26-14.52.01:601][  0]LogConfig: Setting CVar [[r.DOF.Recombine.Quality:1                ; cheap slight out of focus]]
[2022.04.26-14.52.01:601][  0]LogConfig: Setting CVar [[r.DOF.Recombine.EnableBokehSettings:0    ; no bokeh simulation on slight out of focus]]
[2022.04.26-14.52.01:601][  0]LogConfig: Setting CVar [[r.DOF.TemporalAAQuality:1                ; more stable temporal accumulation]]
[2022.04.26-14.52.01:601][  0]LogConfig: Setting CVar [[r.DOF.Kernel.MaxForegroundRadius:0.025]]
[2022.04.26-14.52.01:601][  0]LogConfig: Setting CVar [[r.DOF.Kernel.MaxBackgroundRadius:0.025]]
[2022.04.26-14.52.01:601][  0]LogConfig: Applying CVar settings from Section [TextureQuality@3] File [C:/Users/njet9/OneDrive/Documents/GitHub/FindingHooman-Unreal/FindingHooman/Saved/Config/Windows/Scalability.ini]
[2022.04.26-14.52.01:601][  0]LogConfig: Setting CVar [[r.Streaming.MipBias:0]]
[2022.04.26-14.52.01:601][  0]LogConfig: Setting CVar [[r.Streaming.AmortizeCPUToGPUCopy:0]]
[2022.04.26-14.52.01:601][  0]LogConfig: Setting CVar [[r.Streaming.MaxNumTexturesToStreamPerFrame:0]]
[2022.04.26-14.52.01:601][  0]LogConfig: Setting CVar [[r.Streaming.Boost:1]]
[2022.04.26-14.52.01:601][  0]LogConfig: Setting CVar [[r.MaxAnisotropy:8]]
[2022.04.26-14.52.01:601][  0]LogConfig: Setting CVar [[r.VT.MaxAnisotropy:8]]
[2022.04.26-14.52.01:601][  0]LogConfig: Setting CVar [[r.Streaming.LimitPoolSizeToVRAM:0]]
[2022.04.26-14.52.01:601][  0]LogConfig: Setting CVar [[r.Streaming.PoolSize:1000]]
[2022.04.26-14.52.01:601][  0]LogConfig: Setting CVar [[r.Streaming.MaxEffectiveScreenSize:0]]
[2022.04.26-14.52.01:601][  0]LogConfig: Applying CVar settings from Section [EffectsQuality@3] File [C:/Users/njet9/OneDrive/Documents/GitHub/FindingHooman-Unreal/FindingHooman/Saved/Config/Windows/Scalability.ini]
[2022.04.26-14.52.01:601][  0]LogConfig: Setting CVar [[r.TranslucencyLightingVolumeDim:64]]
[2022.04.26-14.52.01:601][  0]LogConfig: Setting CVar [[r.RefractionQuality:2]]
[2022.04.26-14.52.01:601][  0]LogConfig: Setting CVar [[r.SSR.Quality:3]]
[2022.04.26-14.52.01:601][  0]LogConfig: Setting CVar [[r.SSR.HalfResSceneColor:0]]
[2022.04.26-14.52.01:601][  0]LogConfig: Setting CVar [[r.SceneColorFormat:4]]
[2022.04.26-14.52.01:601][  0]LogConfig: Setting CVar [[r.DetailMode:2]]
[2022.04.26-14.52.01:601][  0]LogConfig: Setting CVar [[r.TranslucencyVolumeBlur:1]]
[2022.04.26-14.52.01:601][  0]LogConfig: Setting CVar [[r.MaterialQualityLevel:1 ; High quality]]
[2022.04.26-14.52.01:601][  0]LogConfig: Setting CVar [[r.AnisotropicMaterials:1]]
[2022.04.26-14.52.01:601][  0]LogConfig: Setting CVar [[r.SSS.Scale:1]]
[2022.04.26-14.52.01:601][  0]LogConfig: Setting CVar [[r.SSS.SampleSet:2]]
[2022.04.26-14.52.01:601][  0]LogConfig: Setting CVar [[r.SSS.Quality:1]]
[2022.04.26-14.52.01:601][  0]LogConfig: Setting CVar [[r.SSS.HalfRes:0]]
[2022.04.26-14.52.01:601][  0]LogConfig: Setting CVar [[r.SSGI.Quality:3]]
[2022.04.26-14.52.01:601][  0]LogConfig: Setting CVar [[r.EmitterSpawnRateScale:1.0]]
[2022.04.26-14.52.01:601][  0]LogConfig: Setting CVar [[r.ParticleLightQuality:2]]
[2022.04.26-14.52.01:601][  0]LogConfig: Setting CVar [[r.SkyAtmosphere.AerialPerspectiveLUT.FastApplyOnOpaque:1 ; Always have FastSkyLUT 1 in this case to avoid wrong sky]]
[2022.04.26-14.52.01:601][  0]LogConfig: Setting CVar [[r.SkyAtmosphere.AerialPerspectiveLUT.SampleCountMaxPerSlice:4]]
[2022.04.26-14.52.01:601][  0]LogConfig: Setting CVar [[r.SkyAtmosphere.AerialPerspectiveLUT.DepthResolution:16.0]]
[2022.04.26-14.52.01:601][  0]LogConfig: Setting CVar [[r.SkyAtmosphere.FastSkyLUT:1]]
[2022.04.26-14.52.01:601][  0]LogConfig: Setting CVar [[r.SkyAtmosphere.FastSkyLUT.SampleCountMin:4.0]]
[2022.04.26-14.52.01:601][  0]LogConfig: Setting CVar [[r.SkyAtmosphere.FastSkyLUT.SampleCountMax:128.0]]
[2022.04.26-14.52.01:601][  0]LogConfig: Setting CVar [[r.SkyAtmosphere.SampleCountMin:4.0]]
[2022.04.26-14.52.01:601][  0]LogConfig: Setting CVar [[r.SkyAtmosphere.SampleCountMax:128.0]]
[2022.04.26-14.52.01:601][  0]LogConfig: Setting CVar [[r.SkyAtmosphere.TransmittanceLUT.UseSmallFormat:0]]
[2022.04.26-14.52.01:601][  0]LogConfig: Setting CVar [[r.SkyAtmosphere.TransmittanceLUT.SampleCount:10.0]]
[2022.04.26-14.52.01:601][  0]LogConfig: Setting CVar [[r.SkyAtmosphere.MultiScatteringLUT.SampleCount:15.0]]
[2022.04.26-14.52.01:601][  0]LogConfig: Setting CVar [[r.SkyLight.RealTimeReflectionCapture:1]]
[2022.04.26-14.52.01:601][  0]LogConfig: Applying CVar settings from Section [FoliageQuality@3] File [C:/Users/njet9/OneDrive/Documents/GitHub/FindingHooman-Unreal/FindingHooman/Saved/Config/Windows/Scalability.ini]
[2022.04.26-14.52.01:601][  0]LogConfig: Setting CVar [[foliage.DensityScale:1.0]]
[2022.04.26-14.52.01:601][  0]LogConfig: Setting CVar [[grass.DensityScale:1.0]]
[2022.04.26-14.52.01:601][  0]LogConfig: Applying CVar settings from Section [ShadingQuality@3] File [C:/Users/njet9/OneDrive/Documents/GitHub/FindingHooman-Unreal/FindingHooman/Saved/Config/Windows/Scalability.ini]
[2022.04.26-14.52.01:601][  0]LogConfig: Setting CVar [[r.HairStrands.SkyLighting.IntegrationType:2]]
[2022.04.26-14.52.01:601][  0]LogConfig: Setting CVar [[r.HairStrands.SkyAO.SampleCount:4]]
[2022.04.26-14.52.01:601][  0]LogConfig: Setting CVar [[r.HairStrands.Visibility.MSAA.SamplePerPixel:4]]
[2022.04.26-14.52.01:601][  0]LogInit: Selected Device Profile: [Windows]
[2022.04.26-14.52.01:601][  0]LogInit: Applying CVar settings loaded from the selected device profile: [Windows]
[2022.04.26-14.52.01:601][  0]LogHAL: Display: Platform has ~ 16 GB [17052065792 / 17179869184 / 16], which maps to Larger [LargestMinGB=32, LargerMinGB=12, DefaultMinGB=8, SmallerMinGB=6, SmallestMinGB=0)
[2022.04.26-14.52.01:602][  0]LogInit: Going up to parent DeviceProfile []
[2022.04.26-14.52.01:602][  0]LogConfig: Applying CVar settings from Section [ViewDistanceQuality@3] File [C:/Users/njet9/OneDrive/Documents/GitHub/FindingHooman-Unreal/FindingHooman/Saved/Config/Windows/Scalability.ini]
[2022.04.26-14.52.01:602][  0]LogConfig: Setting CVar [[r.SkeletalMeshLODBias:0]]
[2022.04.26-14.52.01:602][  0]LogConfig: Setting CVar [[r.ViewDistanceScale:1.0]]
[2022.04.26-14.52.01:602][  0]LogConfig: Applying CVar settings from Section [AntiAliasingQuality@3] File [C:/Users/njet9/OneDrive/Documents/GitHub/FindingHooman-Unreal/FindingHooman/Saved/Config/Windows/Scalability.ini]
[2022.04.26-14.52.01:602][  0]LogConfig: Setting CVar [[r.PostProcessAAQuality:4]]
[2022.04.26-14.52.01:602][  0]LogConfig: Applying CVar settings from Section [ShadowQuality@3] File [C:/Users/njet9/OneDrive/Documents/GitHub/FindingHooman-Unreal/FindingHooman/Saved/Config/Windows/Scalability.ini]
[2022.04.26-14.52.01:602][  0]LogConfig: Setting CVar [[r.LightFunctionQuality:1]]
[2022.04.26-14.52.01:602][  0]LogConfig: Setting CVar [[r.ShadowQuality:5]]
[2022.04.26-14.52.01:602][  0]LogConfig: Setting CVar [[r.Shadow.CSM.MaxCascades:10]]
[2022.04.26-14.52.01:602][  0]LogConfig: Setting CVar [[r.Shadow.MaxResolution:2048]]
[2022.04.26-14.52.01:602][  0]LogConfig: Setting CVar [[r.Shadow.MaxCSMResolution:2048]]
[2022.04.26-14.52.01:602][  0]LogConfig: Setting CVar [[r.Shadow.RadiusThreshold:0.01]]
[2022.04.26-14.52.01:602][  0]LogConfig: Setting CVar [[r.Shadow.DistanceScale:1.0]]
[2022.04.26-14.52.01:602][  0]LogConfig: Setting CVar [[r.Shadow.CSM.TransitionScale:1.0]]
[2022.04.26-14.52.01:602][  0]LogConfig: Setting CVar [[r.Shadow.PreShadowResolutionFactor:1.0]]
[2022.04.26-14.52.01:602][  0]LogConfig: Setting CVar [[r.DistanceFieldShadowing:1]]
[2022.04.26-14.52.01:602][  0]LogConfig: Setting CVar [[r.DistanceFieldAO:1]]
[2022.04.26-14.52.01:602][  0]LogConfig: Setting CVar [[r.AOQuality:2]]
[2022.04.26-14.52.01:602][  0]LogConfig: Setting CVar [[r.VolumetricFog:1]]
[2022.04.26-14.52.01:602][  0]LogConfig: Setting CVar [[r.VolumetricFog.GridPixelSize:8]]
[2022.04.26-14.52.01:602][  0]LogConfig: Setting CVar [[r.VolumetricFog.GridSizeZ:128]]
[2022.04.26-14.52.01:602][  0]LogConfig: Setting CVar [[r.VolumetricFog.HistoryMissSupersampleCount:4]]
[2022.04.26-14.52.01:602][  0]LogConfig: Setting CVar [[r.LightMaxDrawDistanceScale:1]]
[2022.04.26-14.52.01:602][  0]LogConfig: Setting CVar [[r.CapsuleShadows:1]]
[2022.04.26-14.52.01:602][  0]LogConfig: Applying CVar settings from Section [PostProcessQuality@3] File [C:/Users/njet9/OneDrive/Documents/GitHub/FindingHooman-Unreal/FindingHooman/Saved/Config/Windows/Scalability.ini]
[2022.04.26-14.52.01:602][  0]LogConfig: Setting CVar [[r.MotionBlurQuality:4]]
[2022.04.26-14.52.01:602][  0]LogConfig: Setting CVar [[r.AmbientOcclusionMipLevelFactor:0.4]]
[2022.04.26-14.52.01:602][  0]LogConfig: Setting CVar [[r.AmbientOcclusionMaxQuality:100]]
[2022.04.26-14.52.01:602][  0]LogConfig: Setting CVar [[r.AmbientOcclusionLevels:-1]]
[2022.04.26-14.52.01:602][  0]LogConfig: Setting CVar [[r.AmbientOcclusionRadiusScale:1.0]]
[2022.04.26-14.52.01:602][  0]LogConfig: Setting CVar [[r.DepthOfFieldQuality:2]]
[2022.04.26-14.52.01:602][  0]LogConfig: Setting CVar [[r.RenderTargetPoolMin:400]]
[2022.04.26-14.52.01:602][  0]LogConfig: Setting CVar [[r.LensFlareQuality:2]]
[2022.04.26-14.52.01:602][  0]LogConfig: Setting CVar [[r.SceneColorFringeQuality:1]]
[2022.04.26-14.52.01:602][  0]LogConfig: Setting CVar [[r.EyeAdaptationQuality:2]]
[2022.04.26-14.52.01:602][  0]LogConfig: Setting CVar [[r.BloomQuality:5]]
[2022.04.26-14.52.01:602][  0]LogConfig: Setting CVar [[r.FastBlurThreshold:100]]
[2022.04.26-14.52.01:602][  0]LogConfig: Setting CVar [[r.Upscale.Quality:3]]
[2022.04.26-14.52.01:602][  0]LogConfig: Setting CVar [[r.Tonemapper.GrainQuantization:1]]
[2022.04.26-14.52.01:602][  0]LogConfig: Setting CVar [[r.LightShaftQuality:1]]
[2022.04.26-14.52.01:602][  0]LogConfig: Setting CVar [[r.Filter.SizeScale:1]]
[2022.04.26-14.52.01:602][  0]LogConfig: Setting CVar [[r.Tonemapper.Quality:5]]
[2022.04.26-14.52.01:602][  0]LogConfig: Setting CVar [[r.DOF.Gather.AccumulatorQuality:1        ; higher gathering accumulator quality]]
[2022.04.26-14.52.01:602][  0]LogConfig: Setting CVar [[r.DOF.Gather.PostfilterMethod:1          ; Median3x3 postfilering method]]
[2022.04.26-14.52.01:602][  0]LogConfig: Setting CVar [[r.DOF.Gather.EnableBokehSettings:0       ; no bokeh simulation when gathering]]
[2022.04.26-14.52.01:602][  0]LogConfig: Setting CVar [[r.DOF.Gather.RingCount:4                 ; medium number of samples when gathering]]
[2022.04.26-14.52.01:602][  0]LogConfig: Setting CVar [[r.DOF.Scatter.ForegroundCompositing:1    ; additive foreground scattering]]
[2022.04.26-14.52.01:602][  0]LogConfig: Setting CVar [[r.DOF.Scatter.BackgroundCompositing:2    ; additive background scattering]]
[2022.04.26-14.52.01:602][  0]LogConfig: Setting CVar [[r.DOF.Scatter.EnableBokehSettings:1      ; bokeh simulation when scattering]]
[2022.04.26-14.52.01:602][  0]LogConfig: Setting CVar [[r.DOF.Scatter.MaxSpriteRatio:0.1         ; only a maximum of 10% of scattered bokeh]]
[2022.04.26-14.52.01:602][  0]LogConfig: Setting CVar [[r.DOF.Recombine.Quality:1                ; cheap slight out of focus]]
[2022.04.26-14.52.01:602][  0]LogConfig: Setting CVar [[r.DOF.Recombine.EnableBokehSettings:0    ; no bokeh simulation on slight out of focus]]
[2022.04.26-14.52.01:602][  0]LogConfig: Setting CVar [[r.DOF.TemporalAAQuality:1                ; more stable temporal accumulation]]
[2022.04.26-14.52.01:602][  0]LogConfig: Setting CVar [[r.DOF.Kernel.MaxForegroundRadius:0.025]]
[2022.04.26-14.52.01:602][  0]LogConfig: Setting CVar [[r.DOF.Kernel.MaxBackgroundRadius:0.025]]
[2022.04.26-14.52.01:602][  0]LogConfig: Applying CVar settings from Section [TextureQuality@3] File [C:/Users/njet9/OneDrive/Documents/GitHub/FindingHooman-Unreal/FindingHooman/Saved/Config/Windows/Scalability.ini]
[2022.04.26-14.52.01:602][  0]LogConfig: Setting CVar [[r.Streaming.MipBias:0]]
[2022.04.26-14.52.01:602][  0]LogConfig: Setting CVar [[r.Streaming.AmortizeCPUToGPUCopy:0]]
[2022.04.26-14.52.01:602][  0]LogConfig: Setting CVar [[r.Streaming.MaxNumTexturesToStreamPerFrame:0]]
[2022.04.26-14.52.01:602][  0]LogConfig: Setting CVar [[r.Streaming.Boost:1]]
[2022.04.26-14.52.01:602][  0]LogConfig: Setting CVar [[r.MaxAnisotropy:8]]
[2022.04.26-14.52.01:602][  0]LogConfig: Setting CVar [[r.VT.MaxAnisotropy:8]]
[2022.04.26-14.52.01:602][  0]LogConfig: Setting CVar [[r.Streaming.LimitPoolSizeToVRAM:0]]
[2022.04.26-14.52.01:602][  0]LogConfig: Setting CVar [[r.Streaming.PoolSize:1000]]
[2022.04.26-14.52.01:602][  0]LogConfig: Setting CVar [[r.Streaming.MaxEffectiveScreenSize:0]]
[2022.04.26-14.52.01:602][  0]LogConfig: Applying CVar settings from Section [EffectsQuality@3] File [C:/Users/njet9/OneDrive/Documents/GitHub/FindingHooman-Unreal/FindingHooman/Saved/Config/Windows/Scalability.ini]
[2022.04.26-14.52.01:602][  0]LogConfig: Setting CVar [[r.TranslucencyLightingVolumeDim:64]]
[2022.04.26-14.52.01:602][  0]LogConfig: Setting CVar [[r.RefractionQuality:2]]
[2022.04.26-14.52.01:602][  0]LogConfig: Setting CVar [[r.SSR.Quality:3]]
[2022.04.26-14.52.01:602][  0]LogConfig: Setting CVar [[r.SSR.HalfResSceneColor:0]]
[2022.04.26-14.52.01:602][  0]LogConfig: Setting CVar [[r.SceneColorFormat:4]]
[2022.04.26-14.52.01:602][  0]LogConfig: Setting CVar [[r.DetailMode:2]]
[2022.04.26-14.52.01:602][  0]LogConfig: Setting CVar [[r.TranslucencyVolumeBlur:1]]
[2022.04.26-14.52.01:602][  0]LogConfig: Setting CVar [[r.MaterialQualityLevel:1 ; High quality]]
[2022.04.26-14.52.01:602][  0]LogConfig: Setting CVar [[r.AnisotropicMaterials:1]]
[2022.04.26-14.52.01:602][  0]LogConfig: Setting CVar [[r.SSS.Scale:1]]
[2022.04.26-14.52.01:602][  0]LogConfig: Setting CVar [[r.SSS.SampleSet:2]]
[2022.04.26-14.52.01:602][  0]LogConfig: Setting CVar [[r.SSS.Quality:1]]
[2022.04.26-14.52.01:602][  0]LogConfig: Setting CVar [[r.SSS.HalfRes:0]]
[2022.04.26-14.52.01:602][  0]LogConfig: Setting CVar [[r.SSGI.Quality:3]]
[2022.04.26-14.52.01:602][  0]LogConfig: Setting CVar [[r.EmitterSpawnRateScale:1.0]]
[2022.04.26-14.52.01:602][  0]LogConfig: Setting CVar [[r.ParticleLightQuality:2]]
[2022.04.26-14.52.01:602][  0]LogConfig: Setting CVar [[r.SkyAtmosphere.AerialPerspectiveLUT.FastApplyOnOpaque:1 ; Always have FastSkyLUT 1 in this case to avoid wrong sky]]
[2022.04.26-14.52.01:602][  0]LogConfig: Setting CVar [[r.SkyAtmosphere.AerialPerspectiveLUT.SampleCountMaxPerSlice:4]]
[2022.04.26-14.52.01:602][  0]LogConfig: Setting CVar [[r.SkyAtmosphere.AerialPerspectiveLUT.DepthResolution:16.0]]
[2022.04.26-14.52.01:602][  0]LogConfig: Setting CVar [[r.SkyAtmosphere.FastSkyLUT:1]]
[2022.04.26-14.52.01:602][  0]LogConfig: Setting CVar [[r.SkyAtmosphere.FastSkyLUT.SampleCountMin:4.0]]
[2022.04.26-14.52.01:602][  0]LogConfig: Setting CVar [[r.SkyAtmosphere.FastSkyLUT.SampleCountMax:128.0]]
[2022.04.26-14.52.01:602][  0]LogConfig: Setting CVar [[r.SkyAtmosphere.SampleCountMin:4.0]]
[2022.04.26-14.52.01:602][  0]LogConfig: Setting CVar [[r.SkyAtmosphere.SampleCountMax:128.0]]
[2022.04.26-14.52.01:602][  0]LogConfig: Setting CVar [[r.SkyAtmosphere.TransmittanceLUT.UseSmallFormat:0]]
[2022.04.26-14.52.01:602][  0]LogConfig: Setting CVar [[r.SkyAtmosphere.TransmittanceLUT.SampleCount:10.0]]
[2022.04.26-14.52.01:602][  0]LogConfig: Setting CVar [[r.SkyAtmosphere.MultiScatteringLUT.SampleCount:15.0]]
[2022.04.26-14.52.01:603][  0]LogConfig: Setting CVar [[r.SkyLight.RealTimeReflectionCapture:1]]
[2022.04.26-14.52.01:603][  0]LogConfig: Applying CVar settings from Section [FoliageQuality@3] File [C:/Users/njet9/OneDrive/Documents/GitHub/FindingHooman-Unreal/FindingHooman/Saved/Config/Windows/Scalability.ini]
[2022.04.26-14.52.01:603][  0]LogConfig: Setting CVar [[foliage.DensityScale:1.0]]
[2022.04.26-14.52.01:603][  0]LogConfig: Setting CVar [[grass.DensityScale:1.0]]
[2022.04.26-14.52.01:603][  0]LogConfig: Applying CVar settings from Section [ShadingQuality@3] File [C:/Users/njet9/OneDrive/Documents/GitHub/FindingHooman-Unreal/FindingHooman/Saved/Config/Windows/Scalability.ini]
[2022.04.26-14.52.01:603][  0]LogConfig: Setting CVar [[r.HairStrands.SkyLighting.IntegrationType:2]]
[2022.04.26-14.52.01:603][  0]LogConfig: Setting CVar [[r.HairStrands.SkyAO.SampleCount:4]]
[2022.04.26-14.52.01:603][  0]LogConfig: Setting CVar [[r.HairStrands.Visibility.MSAA.SamplePerPixel:4]]
[2022.04.26-14.52.01:603][  0]LogConfig: Applying CVar settings from Section [Startup] File [../../../Engine/Config/ConsoleVariables.ini]
[2022.04.26-14.52.01:603][  0]LogConfig: Setting CVar [[net.UseAdaptiveNetUpdateFrequency:0]]
[2022.04.26-14.52.01:603][  0]LogConfig: Setting CVar [[p.chaos.AllowCreatePhysxBodies:1]]
[2022.04.26-14.52.01:603][  0]LogConfig: Setting CVar [[fx.SkipVectorVMBackendOptimizations:1]]
[2022.04.26-14.52.01:603][  0]LogConfig: Applying CVar settings from Section [ConsoleVariables] File [C:/Users/njet9/OneDrive/Documents/GitHub/FindingHooman-Unreal/FindingHooman/Saved/Config/Windows/Engine.ini]
[2022.04.26-14.52.01:603][  0]LogConfig: Applying CVar settings from Section [ConsoleVariables] File [C:/Users/njet9/OneDrive/Documents/GitHub/FindingHooman-Unreal/FindingHooman/Saved/Config/Windows/Editor.ini]
[2022.04.26-14.52.01:603][  0]LogInit: Computer: DESKTOP-COTE9FO
[2022.04.26-14.52.01:603][  0]LogInit: User: njet9
[2022.04.26-14.52.01:603][  0]LogInit: CPU Page size=4096, Cores=6
[2022.04.26-14.52.01:603][  0]LogInit: High frequency timer resolution =10.000000 MHz
[2022.04.26-14.52.01:603][  0]LogMemory: Memory total: Physical=15.9GB (16GB approx)
[2022.04.26-14.52.01:603][  0]LogMemory: Platform Memory Stats for Windows
[2022.04.26-14.52.01:603][  0]LogMemory: Process Physical Memory: 144.92 MB used, 144.92 MB peak
[2022.04.26-14.52.01:603][  0]LogMemory: Process Virtual Memory: 125.96 MB used, 125.96 MB peak
[2022.04.26-14.52.01:603][  0]LogMemory: Physical Memory: 10367.83 MB used,  5894.29 MB free, 16262.12 MB total
[2022.04.26-14.52.01:603][  0]LogMemory: Virtual Memory: 134210888.00 MB used,  6837.67 MB free, 134217728.00 MB total
[2022.04.26-14.52.01:608][  0]LogWindows: WindowsPlatformFeatures enabled
[2022.04.26-14.52.01:642][  0]LogInit: Physics initialised using underlying interface: PhysX
[2022.04.26-14.52.01:643][  0]LogInit: Using OS detected language (en-GB).
[2022.04.26-14.52.01:643][  0]LogInit: Using OS detected locale (en-US).
[2022.04.26-14.52.01:644][  0]LogTextLocalizationManager: No specific localization for 'en-GB' exists, so the 'en' localization will be used.
[2022.04.26-14.52.01:799][  0]LogInit: Setting process to per monitor DPI aware
[2022.04.26-14.52.01:816][  0]LogWindowsTextInputMethodSystem: Display: IME system deactivated.
[2022.04.26-14.52.01:831][  0]LogSlate: New Slate User Created.  User Index 0, Is Virtual User: 0
[2022.04.26-14.52.01:831][  0]LogSlate: Slate User Registered.  User Index 0, Is Virtual User: 0
[2022.04.26-14.52.01:930][  0]LogD3D11RHI: Loaded GFSDK_Aftermath_Lib.x64.dll
[2022.04.26-14.52.01:947][  0]LogHMD: Failed to initialize OpenVR with code 110
[2022.04.26-14.52.01:947][  0]LogD3D11RHI: D3D11 min allowed feature level: 11_0
[2022.04.26-14.52.01:947][  0]LogD3D11RHI: D3D11 max allowed feature level: 11_0
[2022.04.26-14.52.01:947][  0]LogD3D11RHI: D3D11 adapters:
[2022.04.26-14.52.02:066][  0]LogD3D11RHI:    0. 'NVIDIA GeForce RTX 2070' (Feature Level 11_0)
[2022.04.26-14.52.02:066][  0]LogD3D11RHI:       8031/0/8131 MB DedicatedVideo/DedicatedSystem/SharedSystem, Outputs:2, VendorId:0x10de
[2022.04.26-14.52.02:068][  0]LogD3D11RHI:    1. 'Microsoft Basic Render Driver' (Feature Level 11_0)
[2022.04.26-14.52.02:068][  0]LogD3D11RHI:       0/0/8131 MB DedicatedVideo/DedicatedSystem/SharedSystem, Outputs:0, VendorId:0x1414
[2022.04.26-14.52.02:068][  0]LogD3D11RHI: Chosen D3D11 Adapter:
[2022.04.26-14.52.02:068][  0]LogD3D11RHI:     Description : NVIDIA GeForce RTX 2070
[2022.04.26-14.52.02:068][  0]LogD3D11RHI:     VendorId    : 10de
[2022.04.26-14.52.02:068][  0]LogD3D11RHI:     DeviceId    : 1f50
[2022.04.26-14.52.02:068][  0]LogD3D11RHI:     SubSysId    : 8603103c
[2022.04.26-14.52.02:068][  0]LogD3D11RHI:     Revision    : 00a1
[2022.04.26-14.52.02:068][  0]LogD3D11RHI:     DedicatedVideoMemory : 8421113856 bytes
[2022.04.26-14.52.02:068][  0]LogD3D11RHI:     DedicatedSystemMemory : 0 bytes
[2022.04.26-14.52.02:068][  0]LogD3D11RHI:     SharedSystemMemory : 8526032896 bytes
[2022.04.26-14.52.02:068][  0]LogD3D11RHI:     AdapterLuid : 0 71630
[2022.04.26-14.52.02:074][  0]LogD3D11RHI: Creating new Direct3DDevice
[2022.04.26-14.52.02:074][  0]LogD3D11RHI:     GPU DeviceId: 0x1f50 (for the marketing name, search the web for "GPU Device Id")
[2022.04.26-14.52.02:074][  0]LogWindows: EnumDisplayDevices:
[2022.04.26-14.52.02:074][  0]LogWindows:    0. 'NVIDIA GeForce RTX 2070' (P:1 D:1)
[2022.04.26-14.52.02:075][  0]LogWindows:    1. 'NVIDIA GeForce RTX 2070' (P:0 D:1)
[2022.04.26-14.52.02:075][  0]LogWindows:    2. 'NVIDIA GeForce RTX 2070' (P:0 D:0)
[2022.04.26-14.52.02:075][  0]LogWindows:    3. 'NVIDIA GeForce RTX 2070' (P:0 D:0)
[2022.04.26-14.52.02:075][  0]LogWindows: DebugString: FoundDriverCount:4 
[2022.04.26-14.52.02:075][  0]LogD3D11RHI:     Adapter Name: NVIDIA GeForce RTX 2070
[2022.04.26-14.52.02:075][  0]LogD3D11RHI:   Driver Version: 512.15 (internal:30.0.15.1215, unified:512.15)
[2022.04.26-14.52.02:075][  0]LogD3D11RHI:      Driver Date: 3-17-2022
[2022.04.26-14.52.02:075][  0]LogRHI: Texture pool is 5621 MB (70% of 8031 MB)
[2022.04.26-14.52.02:075][  0]LogD3D11RHI: Creating D3DDevice using adapter:
[2022.04.26-14.52.02:075][  0]LogD3D11RHI:     Description : NVIDIA GeForce RTX 2070
[2022.04.26-14.52.02:075][  0]LogD3D11RHI:     VendorId    : 10de
[2022.04.26-14.52.02:075][  0]LogD3D11RHI:     DeviceId    : 1f50
[2022.04.26-14.52.02:075][  0]LogD3D11RHI:     SubSysId    : 8603103c
[2022.04.26-14.52.02:075][  0]LogD3D11RHI:     Revision    : 00a1
[2022.04.26-14.52.02:075][  0]LogD3D11RHI:     DedicatedVideoMemory : 8421113856 bytes
[2022.04.26-14.52.02:075][  0]LogD3D11RHI:     DedicatedSystemMemory : 0 bytes
[2022.04.26-14.52.02:075][  0]LogD3D11RHI:     SharedSystemMemory : 8526032896 bytes
[2022.04.26-14.52.02:075][  0]LogD3D11RHI:     AdapterLuid : 0 71630
[2022.04.26-14.52.02:126][  0]LogD3D11RHI: RHI has support for 64 bit atomics
[2022.04.26-14.52.02:126][  0]LogD3D11RHI: Async texture creation enabled
[2022.04.26-14.52.02:126][  0]LogD3D11RHI: Array index from any shader is supported
[2022.04.26-14.52.02:157][  0]LogD3D11RHI: GPU Timing Frequency: 1000.000000 (Debug: 2 2)
[2022.04.26-14.52.02:191][  0]LogRHI: GeForceNow SDK initialized: 1
[2022.04.26-14.52.02:486][  0]LogTargetPlatformManager: Display: Loaded TargetPlatform 'AllDesktop'
[2022.04.26-14.52.02:505][  0]LogTargetPlatformManager: Display: Loaded TargetPlatform 'Android'
[2022.04.26-14.52.02:505][  0]LogTargetPlatformManager: Display: Loaded TargetPlatform 'Android_ASTC'
[2022.04.26-14.52.02:505][  0]LogTargetPlatformManager: Display: Loaded TargetPlatform 'Android_DXT'
[2022.04.26-14.52.02:505][  0]LogTargetPlatformManager: Display: Loaded TargetPlatform 'Android_ETC2'
[2022.04.26-14.52.02:505][  0]LogTargetPlatformManager: Display: Loaded TargetPlatform 'AndroidClient'
[2022.04.26-14.52.02:505][  0]LogTargetPlatformManager: Display: Loaded TargetPlatform 'Android_ASTCClient'
[2022.04.26-14.52.02:505][  0]LogTargetPlatformManager: Display: Loaded TargetPlatform 'Android_DXTClient'
[2022.04.26-14.52.02:505][  0]LogTargetPlatformManager: Display: Loaded TargetPlatform 'Android_ETC2Client'
[2022.04.26-14.52.02:505][  0]LogTargetPlatformManager: Display: Loaded TargetPlatform 'Android_Multi'
[2022.04.26-14.52.02:505][  0]LogTargetPlatformManager: Display: Loaded TargetPlatform 'Android_MultiClient'
[2022.04.26-14.52.02:522][  0]LogTargetPlatformManager: Display: Loaded TargetPlatform 'IOSClient'
[2022.04.26-14.52.02:522][  0]LogTargetPlatformManager: Display: Loaded TargetPlatform 'IOS'
[2022.04.26-14.52.02:530][  0]LogTargetPlatformManager: Display: Loaded TargetPlatform 'Linux'
[2022.04.26-14.52.02:534][  0]LogTargetPlatformManager: Display: Loaded TargetPlatform 'LinuxNoEditor'
[2022.04.26-14.52.02:537][  0]LogTargetPlatformManager: Display: Loaded TargetPlatform 'LinuxClient'
[2022.04.26-14.52.02:542][  0]LogTargetPlatformManager: Display: Loaded TargetPlatform 'LinuxServer'
[2022.04.26-14.52.02:549][  0]LogTargetPlatformManager: Display: Loaded TargetPlatform 'LinuxAArch64NoEditor'
[2022.04.26-14.52.02:555][  0]LogTargetPlatformManager: Display: Loaded TargetPlatform 'LinuxAArch64Client'
[2022.04.26-14.52.02:561][  0]LogTargetPlatformManager: Display: Loaded TargetPlatform 'LinuxAArch64Server'
[2022.04.26-14.52.02:583][  0]LogTargetPlatformManager: Display: Loaded TargetPlatform 'Lumin'
[2022.04.26-14.52.02:583][  0]LogTargetPlatformManager: Display: Loaded TargetPlatform 'LuminClient'
[2022.04.26-14.52.02:591][  0]LogTargetPlatformManager: Display: Loaded TargetPlatform 'MacNoEditor'
[2022.04.26-14.52.02:595][  0]LogTargetPlatformManager: Display: Loaded TargetPlatform 'Mac'
[2022.04.26-14.52.02:600][  0]LogTargetPlatformManager: Display: Loaded TargetPlatform 'MacClient'
[2022.04.26-14.52.02:604][  0]LogTargetPlatformManager: Display: Loaded TargetPlatform 'MacServer'
[2022.04.26-14.52.02:612][  0]LogTargetPlatformManager: Display: Loaded TargetPlatform 'TVOSClient'
[2022.04.26-14.52.02:612][  0]LogTargetPlatformManager: Display: Loaded TargetPlatform 'TVOS'
[2022.04.26-14.52.02:620][  0]LogTargetPlatformManager: Display: Loaded TargetPlatform 'WindowsNoEditor'
[2022.04.26-14.52.02:625][  0]LogTargetPlatformManager: Display: Loaded TargetPlatform 'Windows'
[2022.04.26-14.52.02:629][  0]LogTargetPlatformManager: Display: Loaded TargetPlatform 'WindowsClient'
[2022.04.26-14.52.02:633][  0]LogTargetPlatformManager: Display: Loaded TargetPlatform 'WindowsServer'
[2022.04.26-14.52.02:633][  0]LogTargetPlatformManager: Display: Building Assets For Windows
[2022.04.26-14.52.02:641][  0]LogAudioDebug: Display: Lib vorbis DLL was dynamically loaded.
[2022.04.26-14.52.02:669][  0]LogTextureFormatOodle: Display: Oodle Texture 2.9.0 init RDO Off
[2022.04.26-14.52.02:701][  0]LogRendererCore: Ray tracing is disabled. Reason: r.RayTracing=0.
[2022.04.26-14.52.02:701][  0]LogShaderCompilers: Guid format shader working directory is -30 characters bigger than the processId version (C:/Users/njet9/OneDrive/Documents/GitHub/FindingHooman-Unreal/FindingHooman/Intermediate/Shaders/WorkingDirectory/18408/).
[2022.04.26-14.52.02:701][  0]LogShaderCompilers: Cleaned the shader compiler working directory 'C:/Users/njet9/AppData/Local/Temp/UnrealShaderWorkingDir/D0D281B547A17E0D66D2F2A6AB1F407F/'.
[2022.04.26-14.52.02:701][  0]LogXGEController: Cannot use XGE Controller as Incredibuild is not installed on this machine.
[2022.04.26-14.52.02:701][  0]LogShaderCompilers: Cannot use XGE Shader Compiler as Incredibuild is not installed on this machine.
[2022.04.26-14.52.02:701][  0]LogShaderCompilers: Display: Using Local Shader Compiler.
[2022.04.26-14.52.03:468][  0]LogDerivedDataCache: Display: Max Cache Size: 512 MB
[2022.04.26-14.52.03:524][  0]LogDerivedDataCache: Loaded boot cache 0.06s 104MB C:/Users/njet9/AppData/Local/UnrealEngine/4.27/DerivedDataCache/Boot.ddc.
[2022.04.26-14.52.03:524][  0]LogDerivedDataCache: Display: Loaded Boot cache: C:/Users/njet9/AppData/Local/UnrealEngine/4.27/DerivedDataCache/Boot.ddc
[2022.04.26-14.52.03:525][  0]LogDerivedDataCache: FDerivedDataBackendGraph:  Pak pak cache file C:/Users/njet9/OneDrive/Documents/GitHub/FindingHooman-Unreal/FindingHooman/DerivedDataCache/DDC.ddp not found, will not use a pak cache.
[2022.04.26-14.52.03:525][  0]LogDerivedDataCache: Unable to find inner node Pak for hierarchical cache Hierarchy.
[2022.04.26-14.52.03:525][  0]LogDerivedDataCache: FDerivedDataBackendGraph:  CompressedPak pak cache file C:/Users/njet9/OneDrive/Documents/GitHub/FindingHooman-Unreal/FindingHooman/DerivedDataCache/Compressed.ddp not found, will not use a pak cache.
[2022.04.26-14.52.03:525][  0]LogDerivedDataCache: Unable to find inner node CompressedPak for hierarchical cache Hierarchy.
[2022.04.26-14.52.03:539][  0]LogDerivedDataCache: Display: Pak cache opened for reading ../../../Engine/DerivedDataCache/Compressed.ddp.
[2022.04.26-14.52.03:540][  0]LogDerivedDataCache: FDerivedDataBackendGraph:  EnterprisePak pak cache file ../../../Enterprise/DerivedDataCache/Compressed.ddp not found, will not use a pak cache.
[2022.04.26-14.52.03:540][  0]LogDerivedDataCache: Unable to find inner node EnterprisePak for hierarchical cache Hierarchy.
[2022.04.26-14.52.03:545][  0]LogDerivedDataCache: Speed tests for C:/Users/njet9/AppData/Local/UnrealEngine/Common/DerivedDataCache took 0.01 seconds
[2022.04.26-14.52.03:545][  0]LogDerivedDataCache: Display: Performance to C:/Users/njet9/AppData/Local/UnrealEngine/Common/DerivedDataCache: Latency=0.02ms. RandomReadSpeed=1671.20MBs, RandomWriteSpeed=206.44MBs. Assigned SpeedClass 'Local'
[2022.04.26-14.52.03:546][  0]LogDerivedDataCache: Using Local data cache path C:/Users/njet9/AppData/Local/UnrealEngine/Common/DerivedDataCache: Writable
[2022.04.26-14.52.03:546][  0]LogDerivedDataCache: Shared data cache path not found in *engine.ini, will not use an Shared cache.
[2022.04.26-14.52.03:546][  0]LogDerivedDataCache: Unable to find inner node Shared for hierarchical cache Hierarchy.
[2022.04.26-14.52.03:600][  0]LogSlate: Using FreeType 2.10.0
[2022.04.26-14.52.03:600][  0]LogSlate: SlateFontServices - WITH_FREETYPE: 1, WITH_HARFBUZZ: 1
[2022.04.26-14.52.03:621][  0]LogAssetRegistry: FAssetRegistry took 0.0029 seconds to start up
[2022.04.26-14.52.03:843][  0]LogInit: Selected Device Profile: [Windows]
[2022.04.26-14.52.03:843][  0]LogInit: Active device profile: [000002661842D000][000002661617FB80 49] Windows
[2022.04.26-14.52.03:843][  0]LogInit: Profiles: [000002661842D000][000002661617FB80 49] Windows, [00000266183E2B00][0000026618D22180 49] WindowsNoEditor, [000002661842E000][0000026618D26300 49] WindowsServer, [00000266183E0900][0000026618D38480 49] WindowsClient, [000002661842D200][0000026618DC0600 49] IOS, [00000266183E1700][0000026617386780 49] iPadAir, [000002661842F500][0000026617428900 49] iPadAir2, [0000026618371300][00000266174DCB40 49] IPadPro, [0000026618371400][0000026618CFCB80 49] iPadAir3, [00000266183E0B00][0000026618FC8CC0 49] iPadAir4, [0000026618372100][0000026618FD0E40 49] iPadMini2, [00000266183E3700][000002660C458FC0 49] iPadMini3, [0000026618372C00][000002660C45D140 49] iPadMini4, [00000266183E2400][000002660C4612C0 49] iPadMini5, [00000266183ACF00][0000026619011580 49] iPhone6, [00000266183AD000][000002660C4655C0 49] iPodTouch6, [000002661842F800][00000266160C1880 49] iPhone7, [000002661842E900][000002660C4698C0 49] iPodTouch7, [0000026618371B00][00000266160C5A40 49] iPhone5S, [000002661842D400][00000266160C9BC0 49] iPhone6Plus, [000002661842C700][00000266160CC1C0 49] iPhone6S, [00000266183AC900][00000266160D4340 49] iPhone6SPlus, [000002661842D500][000002660C46C4C0 49] iPhone7Plus, [000002661842F100][0000026618668640 49] iPhoneSE, [000002661842F700][000002661866C7C0 49] iPhone8, [00000266183AD700][0000026618670940 49] iPhone8Plus, [0000026618373B00][000002660C470AC0 49] iPhoneX, [00000266183AFF00][0000026618FCCC00 49] iPhoneXS, [0000026618373200][000002660C474D40 49] iPhoneXSMax, [00000266183AF800][000002660C478E80 49] iPhoneXR, [0000026618371200][000002660C47CFC0 49] iPhone11, [00000266183ADF00][0000026613A21140 49] iPhone11Pro, [0000026618372500][0000026613A252C0 49] iPhone11ProMax, [00000266183AF000][0000026613A29440 49] iPhoneSE2, [0000026618370100][000002661865F5C0 49] iPhone12Mini, [00000266183AE300][00000266160D1740 49] iPhone12, [0000026618373C00][0000026613A2D8C0 49] iPhone12Pro, [00000266183AC500][0000026613A31A40 49] iPhone12ProMax, [0000026618371700][0000026613A35BC0 49] iPadPro105, [00000266183AD300][0000026618DC41C0 49] iPadPro129, [0000026618372F00][0000026618D2A340 49] iPadPro97, [00000266183AD200][000002660DB504C0 49] iPadPro2_129, [0000026618373500][000002661616C640 49] iPad5, [00000266183ACC00][00000266161407C0 49] iPad6, [0000026618371C00][000002661613C940 49] iPad7, [00000266183AE500][0000026616138AC0 49] iPad8, [0000026618372600][00000266189DCC40 49] iPadPro11, [00000266183AC200][000002660C488D80 49] iPadPro2_11, [0000026618371800][00000266189D8EC0 49] iPadPro3_129, [00000266183AE600][00000266189D5000 49] iPadPro4_129, [0000026618372700][0000026613A43140 49] AppleTV, [00000266183AE000][00000266175CD2C0 49] AppleTV4K, [0000026618373F00][00000266160F3440 49] TVOS, [00000266183AD600][000002660DB4D5C0 49] Mac, [0000026618372300][000002660D991740 49] MacClient, [00000266183AC400][000002661617B8C0 49] MacNoEditor, [0000026618372E00][0000026616145A40 49] MacServer, [00000266183ADB00][0000026616149BC0 49] Linux, [0000026618371900][000002661614C1C0 49] LinuxAArch64, [00000266183AFE00][0000026616150340 49] LinuxNoEditor, [0000026618371F00][00000266161544C0 49] LinuxAArch64NoEditor, [00000266183AFC00][0000026616158640 49] LinuxClient, [0000026618370400][000002661615C7C0 49] LinuxAArch64Client, [00000266183AE200][0000026616160940 49] LinuxServer, [0000026618373D00][0000026616164AC0 49] LinuxAArch64Server, [00000266183ACA00][0000026616168C40 49] Android, [0000026618371A00][0000026618B84DC0 49] Android_Low, [00000266183AFA00][0000026618B88F40 49] Android_Mid, [0000026618373300][00000266186CD080 49] Android_High, [00000266183AF900][0000026618B8D1C0 49] Android_Default, [0000026618371E00][0000026618B91300 49] Android_Adreno4xx, [00000266183AD500][0000026618B99480 49] Android_Adreno5xx_Low, [0000026618372A00][0000026618B9D600 49] Android_Adreno5xx, [00000266183AF700][0000026618BA1780 49] Android_Adreno6xx, [0000026618373600][0000026618BA5900 49] Android_Adreno6xx_Vulkan, [00000266183ACB00][0000026618BA9A80 49] Android_Mali_T6xx, [000002661842D800][0000026618BADC00 49] Android_Mali_T7xx, [00000266183E0F00][0000026618BB0200 49] Android_Mali_T8xx, [000002661842DB00][000002661441E380 49] Android_Mali_G71, [00000266183E2E00][0000026614422500 49] Android_Mali_G72, [000002661842FA00][0000026614426680 49] Android_Mali_G72_Vulkan, [00000266183E2000][000002661442A800 49] Android_Mali_G76, [000002661842F400][000002661442E980 49] Android_Mali_G76_Vulkan, [00000266183E0400][0000026614432B00 49] Android_Mali_G77, [000002661842F200][0000026614436C80 49] Android_Mali_G77_Vulkan, [00000266183E0700][000002661443AE00 49] Android_Mali_G78, [000002661842F300][000002661443EF80 49] Android_Mali_G78_Vulkan, [00000266183E2100][0000026614443100 49] Android_Mali_G710, [000002661842FB00][0000026618B95240 49] Android_Mali_G710_Vulkan, [00000266183E3800][0000026614447380 49] Android_Vulkan_SM5, [000002661842DF00][000002661444B4C0 49] Android_PowerVR_G6xxx, [00000266183E2C00][0000026614453640 49] Android_PowerVR_GT7xxx, [000002661842EC00][00000266144577C0 49] Android_PowerVR_GE8xxx, [00000266183E3300][000002661445B940 49] Android_PowerVR_GM9xxx, [000002661842D900][000002661445FAC0 49] Android_PowerVR_GM9xxx_Vulkan, [00000266183E1300][00000266144620C0 49] Android_TegraK1, [000002661842C200][00000266139CA240 49] Android_Unknown_Vulkan, [00000266183E2F00][00000266139CE3C0 49] Lumin, [000002661842CF00][00000266139D2540 49] Lumin_Desktop, [00000266183E0600][00000266139D66C0 49] HoloLens, 
[2022.04.26-14.52.03:981][  0]LogMeshReduction: Using QuadricMeshReduction for automatic static mesh reduction
[2022.04.26-14.52.03:981][  0]LogMeshReduction: Using SimplygonMeshReduction for automatic skeletal mesh reduction
[2022.04.26-14.52.03:981][  0]LogMeshReduction: Using ProxyLODMeshReduction for automatic mesh merging
[2022.04.26-14.52.03:981][  0]LogMeshReduction: No distributed automatic mesh merging module available
[2022.04.26-14.52.03:981][  0]LogMeshMerging: No distributed automatic mesh merging module available
[2022.04.26-14.52.03:995][  0]LogNetVersion: FindingHooman 1.0.0, NetCL: 17155196, EngineNetVer: 17, GameNetVer: 0 (Checksum: 1564941327)
[2022.04.26-14.52.04:396][  0]LogTexture: Default maximum texture size for cubemaps generated from long-lat sources has been changed from 512 to unlimited. In order to preserve old behaiour for '/Engine/MapTemplates/Sky/DaylightAmbientCubemap.DaylightAmbientCubemap', its maximum texture size has been explicitly set to 512.
[2022.04.26-14.52.04:450][  0]LogHMD: PokeAHoleMaterial loaded successfully
[2022.04.26-14.52.04:456][  0]LogUObjectArray: 17178 objects as part of root set at end of initial load.
[2022.04.26-14.52.04:456][  0]LogUObjectAllocator: 4302048 out of 0 bytes used by permanent object pool.
[2022.04.26-14.52.04:456][  0]LogUObjectArray: CloseDisregardForGC: 0/0 objects in disregard for GC pool
[2022.04.26-14.52.04:617][  0]LogPython: Using Python 3.7.7
[2022.04.26-14.52.05:204][  0]LogTcpMessaging: Initializing TcpMessaging bridge
[2022.04.26-14.52.05:209][  0]LogUdpMessaging: Initializing bridge on interface 0.0.0.0:0 to multicast group 230.0.0.1:6666.
[2022.04.26-14.52.05:278][  0]LogNiagaraDebuggerClient: Niagara Debugger Client Initialized | Session: 2FB3E2F445DBC41565CA46BA3B635118 | Instance: 9AF018E04C06CC45BF3FDA9D269F9BB1 (DESKTOP-COTE9FO-18408).
[2022.04.26-14.52.05:653][  0]SourceControl: Source control is disabled
[2022.04.26-14.52.05:653][  0]SourceControl: Source control is disabled
[2022.04.26-14.52.05:657][  0]SourceControl: Source control is disabled
[2022.04.26-14.52.05:660][  0]SourceControl: Source control is disabled
[2022.04.26-14.52.05:669][  0]SourceControl: Source control is disabled
[2022.04.26-14.52.05:671][  0]LogUProjectInfo: Found projects:
[2022.04.26-14.52.05:794][  0]LogOpenImageDenoise: OIDN starting up
[2022.04.26-14.52.05:852][  0]LogAndroidPermission: UAndroidPermissionCallbackProxy::GetInstance
[2022.04.26-14.52.05:870][  0]LogAudioCaptureCore: Display: No Audio Capture implementations found. Audio input will be silent.
[2022.04.26-14.52.05:870][  0]LogAudioCaptureCore: Display: No Audio Capture implementations found. Audio input will be silent.
[2022.04.26-14.52.06:041][  0]LogOcInput: OculusInput pre-init called
[2022.04.26-14.52.06:219][  0]LogCollectionManager: Loaded 0 collections in 0.000528 seconds
[2022.04.26-14.52.06:275][  0]LogFileCache: Scanning file cache for directory 'C:/Users/njet9/OneDrive/Documents/GitHub/FindingHooman-Unreal/FindingHooman/Saved/Collections/' took 0.00s
[2022.04.26-14.52.06:275][  0]LogFileCache: Scanning file cache for directory 'C:/Users/njet9/OneDrive/Documents/GitHub/FindingHooman-Unreal/FindingHooman/Content/Developers/njet9/Collections/' took 0.00s
[2022.04.26-14.52.06:275][  0]LogFileCache: Scanning file cache for directory 'C:/Users/njet9/OneDrive/Documents/GitHub/FindingHooman-Unreal/FindingHooman/Content/Collections/' took 0.00s
[2022.04.26-14.52.06:275][  0]LogEngine: Initializing Engine...
[2022.04.26-14.52.06:277][  0]LogHMD: Failed to enumerate extensions. Please check that you have a valid OpenXR runtime installed.
[2022.04.26-14.52.06:277][  0]LogHMD: Failed to initialize OpenVR with code 110
[2022.04.26-14.52.06:277][  0]LogMagicLeap: Warning: VR disabled because ZI is not enabled.  To enable, in the editor, Edit -> Project Settings -> Plugins -> Magic Leap Plugin -> Enable Zero Iteration
[2022.04.26-14.52.06:278][  0]LogStats: UGameplayTagsManager::InitializeManager -  0.000 s
[2022.04.26-14.52.06:378][  0]LogInit: Initializing FReadOnlyCVARCache
[2022.04.26-14.52.06:385][  0]LogAIModule: Creating AISystem for world Untitled
[2022.04.26-14.52.06:391][  0]LogAudio: Display: Initializing Audio Device Manager...
[2022.04.26-14.52.06:394][  0]LogAudio: Display: Loading Default Audio Settings Objects...
[2022.04.26-14.52.06:395][  0]LogAudio: Display: No default SoundConcurrencyObject specified (or failed to load).
[2022.04.26-14.52.06:395][  0]LogAudio: Display: Audio Device Manager Initialized
[2022.04.26-14.52.06:395][  0]LogAudio: Display: Creating Audio Device:                 Id: 1, Scope: Shared, Realtime: True
[2022.04.26-14.52.06:395][  0]LogAudioMixer: Display: Audio Mixer Platform Settings:
[2022.04.26-14.52.06:395][  0]LogAudioMixer: Display: 	Sample Rate:						  48000
[2022.04.26-14.52.06:395][  0]LogAudioMixer: Display: 	Callback Buffer Frame Size Requested: 1024
[2022.04.26-14.52.06:395][  0]LogAudioMixer: Display: 	Callback Buffer Frame Size To Use:	  1024
[2022.04.26-14.52.06:395][  0]LogAudioMixer: Display: 	Number of buffers to queue:			  2
[2022.04.26-14.52.06:395][  0]LogAudioMixer: Display: 	Max Channels (voices):				  32
[2022.04.26-14.52.06:395][  0]LogAudioMixer: Display: 	Number of Async Source Workers:		  0
[2022.04.26-14.52.06:395][  0]LogAudio: Display: AudioDevice MaxSources: 32
[2022.04.26-14.52.06:395][  0]LogAudio: Display: Audio Spatialization Plugin: None (built-in).
[2022.04.26-14.52.06:395][  0]LogAudio: Display: Audio Reverb Plugin: None (built-in).
[2022.04.26-14.52.06:395][  0]LogAudio: Display: Audio Occlusion Plugin: None (built-in).
[2022.04.26-14.52.06:395][  0]LogAudioMixer: Display: Initializing audio mixer.
[2022.04.26-14.52.06:404][  0]LogAudioMixer: Display: 0: FrontLeft
[2022.04.26-14.52.06:404][  0]LogAudioMixer: Display: 1: FrontRight
[2022.04.26-14.52.06:918][  0]LogAudioMixer: Display: Using Audio Device Speaker (Realtek(R) Audio)
[2022.04.26-14.52.06:921][  0]LogAudioMixer: Display: Initializing Sound Submixes...
[2022.04.26-14.52.06:923][  0]LogAudioMixer: Display: Creating Master Submix 'MasterSubmixDefault'
[2022.04.26-14.52.06:923][  0]LogAudioMixer: Display: Creating Master Submix 'MasterReverbSubmixDefault'
[2022.04.26-14.52.06:923][  0]LogAudioMixer: Display: Creating Master Submix 'MasterEQSubmixDefault'
[2022.04.26-14.52.06:923][  0]LogAudioMixer: FMixerPlatformXAudio2::StartAudioStream() called
[2022.04.26-14.52.06:923][  0]LogAudioMixer: Display: Output buffers initialized: Frames=1024, Channels=2, Samples=2048
[2022.04.26-14.52.06:924][  0]LogAudioMixer: Display: Starting AudioMixerPlatformInterface::RunInternal()
[2022.04.26-14.52.06:924][  0]LogAudioMixer: Display: FMixerPlatformXAudio2::SubmitBuffer() called for the first time
[2022.04.26-14.52.06:924][  0]LogInit: FAudioDevice initialized.
[2022.04.26-14.52.06:924][  0]LogAudio: Display: Audio Device (ID: 1) registered with world 'Untitled'.
[2022.04.26-14.52.06:924][  0]LogNetVersion: Set ProjectVersion to 1.0.0.0. Version Checksum will be recalculated on next use.
[2022.04.26-14.52.06:978][  0]LogDerivedDataCache: Saved boot cache 0.05s 104MB C:/Users/njet9/AppData/Local/UnrealEngine/4.27/DerivedDataCache/Boot.ddc.
[2022.04.26-14.52.06:980][  0]LogInit: Texture streaming: Enabled
[2022.04.26-14.52.06:991][  0]LogAnalytics: Display: [UEEditor.Rocket.Release] APIServer = https://datarouter.ol.epicgames.com/. AppVersion = 4.27.2-18319896+++UE4+Release-4.27
[2022.04.26-14.52.06:994][  0]LogEngineSessionManager: EngineSessionManager initialized
[2022.04.26-14.52.06:994][  0]LogEditorSessionSummary: Verbose: Initializing EditorSessionSummaryWriter for editor session tracking
[2022.04.26-14.52.06:996][  0]LogEditorSessionSummary: EditorSessionSummaryWriter initialized
[2022.04.26-14.52.07:022][  0]LogInit: Transaction tracking system initialized
[2022.04.26-14.52.07:041][  0]BlueprintLog: New page: Editor Load
[2022.04.26-14.52.07:101][  0]LocalizationService: Localization service is disabled
[2022.04.26-14.52.07:123][  0]TimingProfiler: Initialize
[2022.04.26-14.52.07:123][  0]TimingProfiler: OnSessionChanged
[2022.04.26-14.52.07:123][  0]LoadingProfiler: Initialize
[2022.04.26-14.52.07:123][  0]LoadingProfiler: OnSessionChanged
[2022.04.26-14.52.07:123][  0]NetworkingProfiler: Initialize
[2022.04.26-14.52.07:123][  0]NetworkingProfiler: OnSessionChanged
[2022.04.26-14.52.07:123][  0]MemoryProfiler: Initialize
[2022.04.26-14.52.07:123][  0]MemoryProfiler: OnSessionChanged
[2022.04.26-14.52.07:239][  0]LogCook: Display: CookSettings for Memory: MemoryMaxUsedVirtual 0MiB, MemoryMaxUsedPhysical 16384MiB, MemoryMinFreeVirtual 0MiB, MemoryMinFreePhysical 1024MiB
[2022.04.26-14.52.07:239][  0]LogCook: Display: Mobile HDR setting 1
[2022.04.26-14.52.07:357][  0]LogFileCache: Scanning file cache for directory 'C:/Users/njet9/OneDrive/Documents/GitHub/FindingHooman-Unreal/FindingHooman/Content/' took 0.01s
[2022.04.26-14.52.07:585][  0]LogInit: Display: Engine is initialized. Leaving FEngineLoop::Init()
[2022.04.26-14.52.07:587][  0]SourceControl: Source control is disabled
[2022.04.26-14.52.07:588][  0]LogUnrealEdMisc: Loading editor; pre map load, took 6.791
[2022.04.26-14.52.07:588][  0]Cmd: MAP LOAD FILE="C:/Users/njet9/OneDrive/Documents/GitHub/FindingHooman-Unreal/FindingHooman/Content/Maps/MainLevel_Map.umap" TEMPLATE=0 SHOWPROGRESS=1 FEATURELEVEL=3
[2022.04.26-14.52.07:588][  0]LightingResults: New page: Lighting Build
[2022.04.26-14.52.07:589][  0]LogWorld: UWorld::CleanupWorld for Untitled, bSessionEnded=true, bCleanupResources=true
[2022.04.26-14.52.07:589][  0]LogSlate: InvalidateAllWidgets triggered.  All widgets were invalidated
[2022.04.26-14.52.07:589][  0]MapCheck: New page: Map Check
[2022.04.26-14.52.07:589][  0]LightingResults: New page: Lighting Build
[2022.04.26-14.52.07:599][  0]LogAudio: Display: Audio Device unregistered from world 'None'.
[2022.04.26-14.52.07:602][  0]LogUObjectHash: Compacting FUObjectHashTables data took   0.85ms
[2022.04.26-14.52.07:677][  0]LogLinker: Warning: [AssetLog] C:\Users\njet9\OneDrive\Documents\GitHub\FindingHooman-Unreal\FindingHooman\Content\UI\SelectionWheel\Actionwheel_Widget.uasset: Failed to load '/Game/Resources/DogAlt/ShibaDoggo': Can't find file.
[2022.04.26-14.52.07:677][  0]LoadErrors: Failed to load /Game/Resources/DogAlt/ShibaDoggo.ShibaDoggo Referenced by CharacterMesh0
[2022.04.26-14.52.07:677][  0]LogLinker: Warning: [AssetLog] C:\Users\njet9\OneDrive\Documents\GitHub\FindingHooman-Unreal\FindingHooman\Content\UI\SelectionWheel\Actionwheel_Widget.uasset: Failed to load '/Game/Resources/DogAlt/ShibaDoggo': Can't find file.
[2022.04.26-14.52.07:677][  0]LoadErrors: Failed to load /Game/Resources/DogAlt/ShibaDoggo.ShibaDoggo Referenced by CharacterMesh0
[2022.04.26-14.52.07:810][  0]LogLinker: Warning: [AssetLog] C:\Users\njet9\OneDrive\Documents\GitHub\FindingHooman-Unreal\FindingHooman\Content\Blueprints\GameModes\GameMode_FindingHooman.uasset: Failed to load '/Game/Resources/DogAlt/ShibaDoggo': Can't find file.
[2022.04.26-14.52.07:813][  0]LogLinker: Warning: [AssetLog] C:\Users\njet9\OneDrive\Documents\GitHub\FindingHooman-Unreal\FindingHooman\Content\Blueprints\GameModes\GameMode_FindingHooman.uasset: Failed to load '/Game/Resources/DogAlt/ShibaDoggo': Can't find file.
[2022.04.26-14.52.08:109][  0]LogLinker: Warning: [AssetLog] C:\Users\njet9\OneDrive\Documents\GitHub\FindingHooman-Unreal\FindingHooman\Content\Blueprints\Actors\BP_Doge.uasset: Failed to load '/Game/Resources/DogAlt/ShibaDoggo': Can't find file.
[2022.04.26-14.52.08:109][  0]LogLinker: Warning: [AssetLog] C:\Users\njet9\OneDrive\Documents\GitHub\FindingHooman-Unreal\FindingHooman\Content\Blueprints\Actors\BP_Doge.uasset: Failed to load '/Game/Resources/DogAlt/ShibaDoggo': Can't find file.
[2022.04.26-14.52.08:280][  0]LogLinker: Warning: [AssetLog] C:\Users\njet9\OneDrive\Documents\GitHub\FindingHooman-Unreal\FindingHooman\Content\Maps\MainLevel_Map.umap: Failed to load '/Game/Maps/MainLevel_Map_BuiltData': Can't find file.
[2022.04.26-14.52.08:280][  0]LogLinker: Warning: [AssetLog] C:\Users\njet9\OneDrive\Documents\GitHub\FindingHooman-Unreal\FindingHooman\Content\Maps\MainLevel_Map.umap: Failed to load '/Game/Maps/MainLevel_Map_BuiltData': Can't find file.
[2022.04.26-14.52.08:289][  0]LogLinker: Warning: [AssetLog] C:\Users\njet9\OneDrive\Documents\GitHub\FindingHooman-Unreal\FindingHooman\Content\Maps\MainLevel_Map.umap: Failed to load '/Game/Maps/MainLevel_Map_BuiltData': Can't find file.
[2022.04.26-14.52.08:324][  0]LogLinker: Warning: Failed to load '/Game/Maps/MainLevel_Map_BuiltData': Can't find file.
[2022.04.26-14.52.08:324][  0]LogLinker: Warning: Failed to load '/Game/Maps/MainLevel_Map_BuiltData': Can't find file.
[2022.04.26-14.52.08:977][  0]LogLinker: Warning: [AssetLog] C:\Users\njet9\OneDrive\Documents\GitHub\FindingHooman-Unreal\FindingHooman\Content\Maps\MainLevel_Map.umap: Failed to load '/Game/Maps/MainLevel_Map_BuiltData': Can't find file.
[2022.04.26-14.52.08:977][  0]LoadErrors: Failed to load /Game/Maps/MainLevel_Map_BuiltData.MainLevel_Map_BuiltData Referenced by PersistentLevel
[2022.04.26-14.52.09:815][  0]LogAudio: Display: Audio Device (ID: 1) registered with world 'MainLevel_Map'.
[2022.04.26-14.52.09:816][  0]LogAIModule: Creating AISystem for world MainLevel_Map
[2022.04.26-14.52.09:820][  0]LogMaterial: Display: Material /Game/StarterContent/Materials/M_Metal_Gold.M_Metal_Gold needed to have new flag set bUsedWithSkeletalMesh !
[2022.04.26-14.52.09:821][  0]LogMaterial: Display: Missing cached shadermap for M_Metal_Gold in PCD3D_SM5, Default, SM5 (DDC key hash: 7F8C60664F1698F90549D9DA22C50C67641F6569), compiling. 
[2022.04.26-14.52.09:896][  0]LogShaderCompilers: Display: Submitted 41 shader compile jobs with 'Low' priority
[2022.04.26-14.52.09:897][  0]MapCheck: Warning: M_Metal_Gold Material /Game/StarterContent/Materials/M_Metal_Gold.M_Metal_Gold was missing the usage flag bUsedWithSkeletalMesh. If the material asset is not re-saved, it may not render correctly when run outside the editor. Fix
[2022.04.26-14.52.10:795][  0]LogShaderCompilers: Display: Worker (1/9): shaders left to compile 41
[2022.04.26-14.52.10:795][  0]LogShaderCompilers: Display: Worker (2/9): shaders left to compile 36
[2022.04.26-14.52.10:795][  0]LogShaderCompilers: Display: Worker (3/9): shaders left to compile 31
[2022.04.26-14.52.10:795][  0]LogShaderCompilers: Display: Worker (4/9): shaders left to compile 26
[2022.04.26-14.52.10:795][  0]LogShaderCompilers: Display: Worker (5/9): shaders left to compile 21
[2022.04.26-14.52.10:795][  0]LogShaderCompilers: Display: Worker (6/9): shaders left to compile 16
[2022.04.26-14.52.10:795][  0]LogShaderCompilers: Display: Worker (7/9): shaders left to compile 11
[2022.04.26-14.52.10:795][  0]LogShaderCompilers: Display: Worker (8/9): shaders left to compile 6
[2022.04.26-14.52.10:795][  0]LogShaderCompilers: Display: Worker (9/9): shaders left to compile 1
[2022.04.26-14.52.10:795][  0]LogShaderCompilers: Display: Started 41 'Local' shader compile jobs with 'Low' priority
[2022.04.26-14.52.10:832][  0]LogEditorServer: Finished looking for orphan Actors (0.000 secs)
[2022.04.26-14.52.11:052][  0]LogUObjectHash: Compacting FUObjectHashTables data took   3.80ms
[2022.04.26-14.52.11:054][  0]Cmd: MAP CHECKDEP NOCLEARLOG
[2022.04.26-14.52.11:054][  0]MapCheck: Map check complete: 0 Error(s), 1 Warning(s), took 0.291ms to complete.
[2022.04.26-14.52.11:079][  0]LogFileHelpers: Loading map 'MainLevel_Map' took 3.491
[2022.04.26-14.52.11:089][  0]LogUnrealEdMisc: Total Editor Startup Time, took 10.293
[2022.04.26-14.52.11:306][  0]LogSlate: Updating window title bar state: overlay mode, drag disabled, window buttons hidden, title bar hidden
[2022.04.26-14.52.11:321][  0]LogSlate: Updating window title bar state: overlay mode, drag disabled, window buttons hidden, title bar hidden
[2022.04.26-14.52.11:337][  0]LogSlate: Updating window title bar state: overlay mode, drag disabled, window buttons hidden, title bar hidden
[2022.04.26-14.52.11:353][  0]LogSlate: Updating window title bar state: overlay mode, drag disabled, window buttons hidden, title bar hidden
[2022.04.26-14.52.11:379][  0]LogNativeClassHierarchy: Verbose: Native class hierarchy populated in 0.0196 seconds. Added 3837 classes and 935 folders.
[2022.04.26-14.52.11:383][  0]LogNativeClassHierarchy: Verbose: Native class hierarchy updated for 'WidgetCarousel' in 0.0006 seconds. Added 0 classes and 0 folders.
[2022.04.26-14.52.11:385][  0]LogPakFile: PakFile PrimaryIndexSize=187
[2022.04.26-14.52.11:385][  0]LogPakFile: PakFile PathHashIndexSize=101
[2022.04.26-14.52.11:385][  0]LogPakFile: PakFile FullDirectoryIndexSize=148
[2022.04.26-14.52.11:385][  0]LogShaderLibrary: Display: ShaderCodeLibraryPakFileMountedCallback: PakFile 'D:/Epic Games/UE_4.27/FeaturePacks/FP_FirstPerson.upack' (chunk index -1, root 'root:/') mounted
[2022.04.26-14.52.11:385][  0]LogShaderLibrary: Display: ShaderCodeLibraryPakFileMountedCallback: pending pak file info (ChunkID:-1 Root:root:/ File:D:/Epic Games/UE_4.27/FeaturePacks/FP_FirstPerson.upack)
[2022.04.26-14.52.11:385][  0]LogPakFile: OnPakFileMounted2Time == 0.000107
[2022.04.26-14.52.11:386][  0]LogPakFile: PakFile PrimaryIndexSize=189
[2022.04.26-14.52.11:386][  0]LogPakFile: PakFile PathHashIndexSize=101
[2022.04.26-14.52.11:386][  0]LogPakFile: PakFile FullDirectoryIndexSize=152
[2022.04.26-14.52.11:386][  0]LogShaderLibrary: Display: ShaderCodeLibraryPakFileMountedCallback: PakFile 'D:/Epic Games/UE_4.27/FeaturePacks/FP_FirstPersonBP.upack' (chunk index -1, root 'root:/') mounted
[2022.04.26-14.52.11:386][  0]LogShaderLibrary: Display: ShaderCodeLibraryPakFileMountedCallback: pending pak file info (ChunkID:-1 Root:root:/ File:D:/Epic Games/UE_4.27/FeaturePacks/FP_FirstPersonBP.upack)
[2022.04.26-14.52.11:386][  0]LogPakFile: OnPakFileMounted2Time == 0.000068
[2022.04.26-14.52.11:387][  0]LogPakFile: PakFile PrimaryIndexSize=191
[2022.04.26-14.52.11:387][  0]LogPakFile: PakFile PathHashIndexSize=101
[2022.04.26-14.52.11:387][  0]LogPakFile: PakFile FullDirectoryIndexSize=160
[2022.04.26-14.52.11:387][  0]LogShaderLibrary: Display: ShaderCodeLibraryPakFileMountedCallback: PakFile 'D:/Epic Games/UE_4.27/FeaturePacks/MobileStarterContent.upack' (chunk index -1, root 'root:/') mounted
[2022.04.26-14.52.11:387][  0]LogShaderLibrary: Display: ShaderCodeLibraryPakFileMountedCallback: pending pak file info (ChunkID:-1 Root:root:/ File:D:/Epic Games/UE_4.27/FeaturePacks/MobileStarterContent.upack)
[2022.04.26-14.52.11:387][  0]LogPakFile: OnPakFileMounted2Time == 0.000073
[2022.04.26-14.52.11:388][  0]LogPakFile: PakFile PrimaryIndexSize=185
[2022.04.26-14.52.11:388][  0]LogPakFile: PakFile PathHashIndexSize=101
[2022.04.26-14.52.11:388][  0]LogPakFile: PakFile FullDirectoryIndexSize=148
[2022.04.26-14.52.11:388][  0]LogShaderLibrary: Display: ShaderCodeLibraryPakFileMountedCallback: PakFile 'D:/Epic Games/UE_4.27/FeaturePacks/StarterContent.upack' (chunk index -1, root 'root:/') mounted
[2022.04.26-14.52.11:388][  0]LogShaderLibrary: Display: ShaderCodeLibraryPakFileMountedCallback: pending pak file info (ChunkID:-1 Root:root:/ File:D:/Epic Games/UE_4.27/FeaturePacks/StarterContent.upack)
[2022.04.26-14.52.11:388][  0]LogPakFile: OnPakFileMounted2Time == 0.000063
[2022.04.26-14.52.11:389][  0]LogPakFile: PakFile PrimaryIndexSize=190
[2022.04.26-14.52.11:389][  0]LogPakFile: PakFile PathHashIndexSize=101
[2022.04.26-14.52.11:389][  0]LogPakFile: PakFile FullDirectoryIndexSize=154
[2022.04.26-14.52.11:389][  0]LogShaderLibrary: Display: ShaderCodeLibraryPakFileMountedCallback: PakFile 'D:/Epic Games/UE_4.27/FeaturePacks/TP_2DSideScroller.upack' (chunk index -1, root 'root:/') mounted
[2022.04.26-14.52.11:389][  0]LogShaderLibrary: Display: ShaderCodeLibraryPakFileMountedCallback: pending pak file info (ChunkID:-1 Root:root:/ File:D:/Epic Games/UE_4.27/FeaturePacks/TP_2DSideScroller.upack)
[2022.04.26-14.52.11:389][  0]LogPakFile: OnPakFileMounted2Time == 0.000075
[2022.04.26-14.52.11:390][  0]LogPakFile: PakFile PrimaryIndexSize=192
[2022.04.26-14.52.11:390][  0]LogPakFile: PakFile PathHashIndexSize=101
[2022.04.26-14.52.11:390][  0]LogPakFile: PakFile FullDirectoryIndexSize=158
[2022.04.26-14.52.11:390][  0]LogShaderLibrary: Display: ShaderCodeLibraryPakFileMountedCallback: PakFile 'D:/Epic Games/UE_4.27/FeaturePacks/TP_2DSideScrollerBP.upack' (chunk index -1, root 'root:/') mounted
[2022.04.26-14.52.11:390][  0]LogShaderLibrary: Display: ShaderCodeLibraryPakFileMountedCallback: pending pak file info (ChunkID:-1 Root:root:/ File:D:/Epic Games/UE_4.27/FeaturePacks/TP_2DSideScrollerBP.upack)
[2022.04.26-14.52.11:390][  0]LogPakFile: OnPakFileMounted2Time == 0.000066
[2022.04.26-14.52.11:391][  0]LogPakFile: PakFile PrimaryIndexSize=182
[2022.04.26-14.52.11:391][  0]LogPakFile: PakFile PathHashIndexSize=101
[2022.04.26-14.52.11:391][  0]LogPakFile: PakFile FullDirectoryIndexSize=138
[2022.04.26-14.52.11:391][  0]LogShaderLibrary: Display: ShaderCodeLibraryPakFileMountedCallback: PakFile 'D:/Epic Games/UE_4.27/FeaturePacks/TP_Flying.upack' (chunk index -1, root 'root:/') mounted
[2022.04.26-14.52.11:391][  0]LogShaderLibrary: Display: ShaderCodeLibraryPakFileMountedCallback: pending pak file info (ChunkID:-1 Root:root:/ File:D:/Epic Games/UE_4.27/FeaturePacks/TP_Flying.upack)
[2022.04.26-14.52.11:391][  0]LogPakFile: OnPakFileMounted2Time == 0.000071
[2022.04.26-14.52.11:392][  0]LogPakFile: PakFile PrimaryIndexSize=184
[2022.04.26-14.52.11:392][  0]LogPakFile: PakFile PathHashIndexSize=101
[2022.04.26-14.52.11:392][  0]LogPakFile: PakFile FullDirectoryIndexSize=142
[2022.04.26-14.52.11:392][  0]LogShaderLibrary: Display: ShaderCodeLibraryPakFileMountedCallback: PakFile 'D:/Epic Games/UE_4.27/FeaturePacks/TP_FlyingBP.upack' (chunk index -1, root 'root:/') mounted
[2022.04.26-14.52.11:392][  0]LogShaderLibrary: Display: ShaderCodeLibraryPakFileMountedCallback: pending pak file info (ChunkID:-1 Root:root:/ File:D:/Epic Games/UE_4.27/FeaturePacks/TP_FlyingBP.upack)
[2022.04.26-14.52.11:392][  0]LogPakFile: OnPakFileMounted2Time == 0.000070
[2022.04.26-14.52.11:393][  0]LogPakFile: PakFile PrimaryIndexSize=188
[2022.04.26-14.52.11:393][  0]LogPakFile: PakFile PathHashIndexSize=101
[2022.04.26-14.52.11:393][  0]LogPakFile: PakFile FullDirectoryIndexSize=150
[2022.04.26-14.52.11:393][  0]LogShaderLibrary: Display: ShaderCodeLibraryPakFileMountedCallback: PakFile 'D:/Epic Games/UE_4.27/FeaturePacks/TP_HandheldARBP.upack' (chunk index -1, root 'root:/') mounted
[2022.04.26-14.52.11:393][  0]LogShaderLibrary: Display: ShaderCodeLibraryPakFileMountedCallback: pending pak file info (ChunkID:-1 Root:root:/ File:D:/Epic Games/UE_4.27/FeaturePacks/TP_HandheldARBP.upack)
[2022.04.26-14.52.11:393][  0]LogPakFile: OnPakFileMounted2Time == 0.000078
[2022.04.26-14.52.11:395][  0]LogPakFile: PakFile PrimaryIndexSize=182
[2022.04.26-14.52.11:395][  0]LogPakFile: PakFile PathHashIndexSize=101
[2022.04.26-14.52.11:395][  0]LogPakFile: PakFile FullDirectoryIndexSize=138
[2022.04.26-14.52.11:395][  0]LogShaderLibrary: Display: ShaderCodeLibraryPakFileMountedCallback: PakFile 'D:/Epic Games/UE_4.27/FeaturePacks/TP_Puzzle.upack' (chunk index -1, root 'root:/') mounted
[2022.04.26-14.52.11:395][  0]LogShaderLibrary: Display: ShaderCodeLibraryPakFileMountedCallback: pending pak file info (ChunkID:-1 Root:root:/ File:D:/Epic Games/UE_4.27/FeaturePacks/TP_Puzzle.upack)
[2022.04.26-14.52.11:395][  0]LogPakFile: OnPakFileMounted2Time == 0.000071
[2022.04.26-14.52.11:395][  0]LogPakFile: PakFile PrimaryIndexSize=184
[2022.04.26-14.52.11:395][  0]LogPakFile: PakFile PathHashIndexSize=101
[2022.04.26-14.52.11:396][  0]LogPakFile: PakFile FullDirectoryIndexSize=142
[2022.04.26-14.52.11:396][  0]LogShaderLibrary: Display: ShaderCodeLibraryPakFileMountedCallback: PakFile 'D:/Epic Games/UE_4.27/FeaturePacks/TP_PuzzleBP.upack' (chunk index -1, root 'root:/') mounted
[2022.04.26-14.52.11:396][  0]LogShaderLibrary: Display: ShaderCodeLibraryPakFileMountedCallback: pending pak file info (ChunkID:-1 Root:root:/ File:D:/Epic Games/UE_4.27/FeaturePacks/TP_PuzzleBP.upack)
[2022.04.26-14.52.11:396][  0]LogPakFile: OnPakFileMounted2Time == 0.000064
[2022.04.26-14.52.11:396][  0]LogPakFile: PakFile PrimaryIndexSize=183
[2022.04.26-14.52.11:396][  0]LogPakFile: PakFile PathHashIndexSize=101
[2022.04.26-14.52.11:396][  0]LogPakFile: PakFile FullDirectoryIndexSize=140
[2022.04.26-14.52.11:396][  0]LogShaderLibrary: Display: ShaderCodeLibraryPakFileMountedCallback: PakFile 'D:/Epic Games/UE_4.27/FeaturePacks/TP_Rolling.upack' (chunk index -1, root 'root:/') mounted
[2022.04.26-14.52.11:397][  0]LogShaderLibrary: Display: ShaderCodeLibraryPakFileMountedCallback: pending pak file info (ChunkID:-1 Root:root:/ File:D:/Epic Games/UE_4.27/FeaturePacks/TP_Rolling.upack)
[2022.04.26-14.52.11:397][  0]LogPakFile: OnPakFileMounted2Time == 0.000073
[2022.04.26-14.52.11:397][  0]LogPakFile: PakFile PrimaryIndexSize=185
[2022.04.26-14.52.11:397][  0]LogPakFile: PakFile PathHashIndexSize=101
[2022.04.26-14.52.11:397][  0]LogPakFile: PakFile FullDirectoryIndexSize=144
[2022.04.26-14.52.11:397][  0]LogShaderLibrary: Display: ShaderCodeLibraryPakFileMountedCallback: PakFile 'D:/Epic Games/UE_4.27/FeaturePacks/TP_RollingBP.upack' (chunk index -1, root 'root:/') mounted
[2022.04.26-14.52.11:397][  0]LogShaderLibrary: Display: ShaderCodeLibraryPakFileMountedCallback: pending pak file info (ChunkID:-1 Root:root:/ File:D:/Epic Games/UE_4.27/FeaturePacks/TP_RollingBP.upack)
[2022.04.26-14.52.11:397][  0]LogPakFile: OnPakFileMounted2Time == 0.000075
[2022.04.26-14.52.11:398][  0]LogPakFile: PakFile PrimaryIndexSize=188
[2022.04.26-14.52.11:398][  0]LogPakFile: PakFile PathHashIndexSize=101
[2022.04.26-14.52.11:398][  0]LogPakFile: PakFile FullDirectoryIndexSize=150
[2022.04.26-14.52.11:398][  0]LogShaderLibrary: Display: ShaderCodeLibraryPakFileMountedCallback: PakFile 'D:/Epic Games/UE_4.27/FeaturePacks/TP_SideScroller.upack' (chunk index -1, root 'root:/') mounted
[2022.04.26-14.52.11:398][  0]LogShaderLibrary: Display: ShaderCodeLibraryPakFileMountedCallback: pending pak file info (ChunkID:-1 Root:root:/ File:D:/Epic Games/UE_4.27/FeaturePacks/TP_SideScroller.upack)
[2022.04.26-14.52.11:398][  0]LogPakFile: OnPakFileMounted2Time == 0.000078
[2022.04.26-14.52.11:399][  0]LogPakFile: PakFile PrimaryIndexSize=190
[2022.04.26-14.52.11:399][  0]LogPakFile: PakFile PathHashIndexSize=101
[2022.04.26-14.52.11:399][  0]LogPakFile: PakFile FullDirectoryIndexSize=154
[2022.04.26-14.52.11:399][  0]LogShaderLibrary: Display: ShaderCodeLibraryPakFileMountedCallback: PakFile 'D:/Epic Games/UE_4.27/FeaturePacks/TP_SideScrollerBP.upack' (chunk index -1, root 'root:/') mounted
[2022.04.26-14.52.11:399][  0]LogShaderLibrary: Display: ShaderCodeLibraryPakFileMountedCallback: pending pak file info (ChunkID:-1 Root:root:/ File:D:/Epic Games/UE_4.27/FeaturePacks/TP_SideScrollerBP.upack)
[2022.04.26-14.52.11:399][  0]LogPakFile: OnPakFileMounted2Time == 0.000068
[2022.04.26-14.52.11:400][  0]LogPakFile: PakFile PrimaryIndexSize=187
[2022.04.26-14.52.11:400][  0]LogPakFile: PakFile PathHashIndexSize=101
[2022.04.26-14.52.11:400][  0]LogPakFile: PakFile FullDirectoryIndexSize=148
[2022.04.26-14.52.11:400][  0]LogShaderLibrary: Display: ShaderCodeLibraryPakFileMountedCallback: PakFile 'D:/Epic Games/UE_4.27/FeaturePacks/TP_ThirdPerson.upack' (chunk index -1, root 'root:/') mounted
[2022.04.26-14.52.11:400][  0]LogShaderLibrary: Display: ShaderCodeLibraryPakFileMountedCallback: pending pak file info (ChunkID:-1 Root:root:/ File:D:/Epic Games/UE_4.27/FeaturePacks/TP_ThirdPerson.upack)
[2022.04.26-14.52.11:400][  0]LogPakFile: OnPakFileMounted2Time == 0.000078
[2022.04.26-14.52.11:401][  0]LogPakFile: PakFile PrimaryIndexSize=189
[2022.04.26-14.52.11:401][  0]LogPakFile: PakFile PathHashIndexSize=101
[2022.04.26-14.52.11:401][  0]LogPakFile: PakFile FullDirectoryIndexSize=152
[2022.04.26-14.52.11:401][  0]LogShaderLibrary: Display: ShaderCodeLibraryPakFileMountedCallback: PakFile 'D:/Epic Games/UE_4.27/FeaturePacks/TP_ThirdPersonBP.upack' (chunk index -1, root 'root:/') mounted
[2022.04.26-14.52.11:401][  0]LogShaderLibrary: Display: ShaderCodeLibraryPakFileMountedCallback: pending pak file info (ChunkID:-1 Root:root:/ File:D:/Epic Games/UE_4.27/FeaturePacks/TP_ThirdPersonBP.upack)
[2022.04.26-14.52.11:401][  0]LogPakFile: OnPakFileMounted2Time == 0.000084
[2022.04.26-14.52.11:402][  0]LogPakFile: PakFile PrimaryIndexSize=183
[2022.04.26-14.52.11:402][  0]LogPakFile: PakFile PathHashIndexSize=101
[2022.04.26-14.52.11:402][  0]LogPakFile: PakFile FullDirectoryIndexSize=140
[2022.04.26-14.52.11:402][  0]LogShaderLibrary: Display: ShaderCodeLibraryPakFileMountedCallback: PakFile 'D:/Epic Games/UE_4.27/FeaturePacks/TP_TopDown.upack' (chunk index -1, root 'root:/') mounted
[2022.04.26-14.52.11:402][  0]LogShaderLibrary: Display: ShaderCodeLibraryPakFileMountedCallback: pending pak file info (ChunkID:-1 Root:root:/ File:D:/Epic Games/UE_4.27/FeaturePacks/TP_TopDown.upack)
[2022.04.26-14.52.11:402][  0]LogPakFile: OnPakFileMounted2Time == 0.000073
[2022.04.26-14.52.11:403][  0]LogPakFile: PakFile PrimaryIndexSize=185
[2022.04.26-14.52.11:403][  0]LogPakFile: PakFile PathHashIndexSize=101
[2022.04.26-14.52.11:403][  0]LogPakFile: PakFile FullDirectoryIndexSize=144
[2022.04.26-14.52.11:403][  0]LogShaderLibrary: Display: ShaderCodeLibraryPakFileMountedCallback: PakFile 'D:/Epic Games/UE_4.27/FeaturePacks/TP_TopDownBP.upack' (chunk index -1, root 'root:/') mounted
[2022.04.26-14.52.11:403][  0]LogShaderLibrary: Display: ShaderCodeLibraryPakFileMountedCallback: pending pak file info (ChunkID:-1 Root:root:/ File:D:/Epic Games/UE_4.27/FeaturePacks/TP_TopDownBP.upack)
[2022.04.26-14.52.11:403][  0]LogPakFile: OnPakFileMounted2Time == 0.000060
[2022.04.26-14.52.11:404][  0]LogPakFile: PakFile PrimaryIndexSize=185
[2022.04.26-14.52.11:404][  0]LogPakFile: PakFile PathHashIndexSize=101
[2022.04.26-14.52.11:404][  0]LogPakFile: PakFile FullDirectoryIndexSize=144
[2022.04.26-14.52.11:404][  0]LogShaderLibrary: Display: ShaderCodeLibraryPakFileMountedCallback: PakFile 'D:/Epic Games/UE_4.27/FeaturePacks/TP_TwinStick.upack' (chunk index -1, root 'root:/') mounted
[2022.04.26-14.52.11:404][  0]LogShaderLibrary: Display: ShaderCodeLibraryPakFileMountedCallback: pending pak file info (ChunkID:-1 Root:root:/ File:D:/Epic Games/UE_4.27/FeaturePacks/TP_TwinStick.upack)
[2022.04.26-14.52.11:404][  0]LogPakFile: OnPakFileMounted2Time == 0.000062
[2022.04.26-14.52.11:405][  0]LogPakFile: PakFile PrimaryIndexSize=187
[2022.04.26-14.52.11:405][  0]LogPakFile: PakFile PathHashIndexSize=101
[2022.04.26-14.52.11:405][  0]LogPakFile: PakFile FullDirectoryIndexSize=148
[2022.04.26-14.52.11:405][  0]LogShaderLibrary: Display: ShaderCodeLibraryPakFileMountedCallback: PakFile 'D:/Epic Games/UE_4.27/FeaturePacks/TP_TwinStickBP.upack' (chunk index -1, root 'root:/') mounted
[2022.04.26-14.52.11:405][  0]LogShaderLibrary: Display: ShaderCodeLibraryPakFileMountedCallback: pending pak file info (ChunkID:-1 Root:root:/ File:D:/Epic Games/UE_4.27/FeaturePacks/TP_TwinStickBP.upack)
[2022.04.26-14.52.11:405][  0]LogPakFile: OnPakFileMounted2Time == 0.000056
[2022.04.26-14.52.11:406][  0]LogPakFile: PakFile PrimaryIndexSize=183
[2022.04.26-14.52.11:406][  0]LogPakFile: PakFile PathHashIndexSize=101
[2022.04.26-14.52.11:406][  0]LogPakFile: PakFile FullDirectoryIndexSize=140
[2022.04.26-14.52.11:406][  0]LogShaderLibrary: Display: ShaderCodeLibraryPakFileMountedCallback: PakFile 'D:/Epic Games/UE_4.27/FeaturePacks/TP_Vehicle.upack' (chunk index -1, root 'root:/') mounted
[2022.04.26-14.52.11:406][  0]LogShaderLibrary: Display: ShaderCodeLibraryPakFileMountedCallback: pending pak file info (ChunkID:-1 Root:root:/ File:D:/Epic Games/UE_4.27/FeaturePacks/TP_Vehicle.upack)
[2022.04.26-14.52.11:406][  0]LogPakFile: OnPakFileMounted2Time == 0.000064
[2022.04.26-14.52.11:407][  0]LogPakFile: PakFile PrimaryIndexSize=186
[2022.04.26-14.52.11:407][  0]LogPakFile: PakFile PathHashIndexSize=101
[2022.04.26-14.52.11:407][  0]LogPakFile: PakFile FullDirectoryIndexSize=146
[2022.04.26-14.52.11:407][  0]LogShaderLibrary: Display: ShaderCodeLibraryPakFileMountedCallback: PakFile 'D:/Epic Games/UE_4.27/FeaturePacks/TP_VehicleAdv.upack' (chunk index -1, root 'root:/') mounted
[2022.04.26-14.52.11:407][  0]LogShaderLibrary: Display: ShaderCodeLibraryPakFileMountedCallback: pending pak file info (ChunkID:-1 Root:root:/ File:D:/Epic Games/UE_4.27/FeaturePacks/TP_VehicleAdv.upack)
[2022.04.26-14.52.11:407][  0]LogPakFile: OnPakFileMounted2Time == 0.000062
[2022.04.26-14.52.11:408][  0]LogPakFile: PakFile PrimaryIndexSize=188
[2022.04.26-14.52.11:408][  0]LogPakFile: PakFile PathHashIndexSize=101
[2022.04.26-14.52.11:408][  0]LogPakFile: PakFile FullDirectoryIndexSize=150
[2022.04.26-14.52.11:408][  0]LogShaderLibrary: Display: ShaderCodeLibraryPakFileMountedCallback: PakFile 'D:/Epic Games/UE_4.27/FeaturePacks/TP_VehicleAdvBP.upack' (chunk index -1, root 'root:/') mounted
[2022.04.26-14.52.11:408][  0]LogShaderLibrary: Display: ShaderCodeLibraryPakFileMountedCallback: pending pak file info (ChunkID:-1 Root:root:/ File:D:/Epic Games/UE_4.27/FeaturePacks/TP_VehicleAdvBP.upack)
[2022.04.26-14.52.11:408][  0]LogPakFile: OnPakFileMounted2Time == 0.000068
[2022.04.26-14.52.11:409][  0]LogPakFile: PakFile PrimaryIndexSize=185
[2022.04.26-14.52.11:409][  0]LogPakFile: PakFile PathHashIndexSize=101
[2022.04.26-14.52.11:409][  0]LogPakFile: PakFile FullDirectoryIndexSize=144
[2022.04.26-14.52.11:409][  0]LogShaderLibrary: Display: ShaderCodeLibraryPakFileMountedCallback: PakFile 'D:/Epic Games/UE_4.27/FeaturePacks/TP_VehicleBP.upack' (chunk index -1, root 'root:/') mounted
[2022.04.26-14.52.11:409][  0]LogShaderLibrary: Display: ShaderCodeLibraryPakFileMountedCallback: pending pak file info (ChunkID:-1 Root:root:/ File:D:/Epic Games/UE_4.27/FeaturePacks/TP_VehicleBP.upack)
[2022.04.26-14.52.11:409][  0]LogPakFile: OnPakFileMounted2Time == 0.000063
[2022.04.26-14.52.11:410][  0]LogPakFile: PakFile PrimaryIndexSize=192
[2022.04.26-14.52.11:410][  0]LogPakFile: PakFile PathHashIndexSize=101
[2022.04.26-14.52.11:410][  0]LogPakFile: PakFile FullDirectoryIndexSize=158
[2022.04.26-14.52.11:410][  0]LogShaderLibrary: Display: ShaderCodeLibraryPakFileMountedCallback: PakFile 'D:/Epic Games/UE_4.27/FeaturePacks/TP_VirtualRealityBP.upack' (chunk index -1, root 'root:/') mounted
[2022.04.26-14.52.11:410][  0]LogShaderLibrary: Display: ShaderCodeLibraryPakFileMountedCallback: pending pak file info (ChunkID:-1 Root:root:/ File:D:/Epic Games/UE_4.27/FeaturePacks/TP_VirtualRealityBP.upack)
[2022.04.26-14.52.11:410][  0]LogPakFile: OnPakFileMounted2Time == 0.000069
[2022.04.26-14.52.11:467][  0]LogNativeClassHierarchy: Verbose: Native class hierarchy updated for 'AddContentDialog' in 0.0005 seconds. Added 0 classes and 0 folders.
[2022.04.26-14.52.11:469][  0]LogNativeClassHierarchy: Verbose: Native class hierarchy updated for 'SceneOutliner' in 0.0006 seconds. Added 2 classes and 0 folders.
[2022.04.26-14.52.11:512][  0]LogSlate: Took 0.000248 seconds to synchronously load lazily loaded font '../../../Engine/Content/Slate/Fonts/Roboto-Regular.ttf' (155K)
[2022.04.26-14.52.11:513][  0]LogSlate: Took 0.000204 seconds to synchronously load lazily loaded font '../../../Engine/Content/Editor/Slate/Fonts/FontAwesome.ttf' (139K)
[2022.04.26-14.52.11:515][  0]LogSlate: Took 0.000169 seconds to synchronously load lazily loaded font '../../../Engine/Content/Slate/Fonts/Roboto-Bold.ttf' (160K)
[2022.04.26-14.52.11:679][  0]LogRenderer: Reallocating scene render targets to support 1208x496 Format 10 NumSamples 1 (Frame:1).
[2022.04.26-14.52.11:791][  0]LogStaticMesh: Allocated 504x176x64 distance field atlas = 10.8Mb, with 70 objects containing 5.4Mb backing data
[2022.04.26-14.52.11:916][  0]LogSlate: Took 0.000293 seconds to synchronously load lazily loaded font '../../../Engine/Content/Slate/Fonts/Roboto-Light.ttf' (167K)
[2022.04.26-14.52.12:028][  0]LogNativeClassHierarchy: Verbose: Native class hierarchy updated for 'HierarchicalLODOutliner' in 0.0004 seconds. Added 0 classes and 0 folders.
[2022.04.26-14.52.12:028][  0]LogInput: Warning: Action Jump uses invalid key OculusGo_Left_Trigger_Click.
[2022.04.26-14.52.12:028][  0]LogInput: Warning: Use -RemoveInvalidKeys to remove instances of these keys from the action mapping.
[2022.04.26-14.52.12:028][  0]LogLoad: (Engine Initialization) Total time: 11.23 seconds
[2022.04.26-14.52.12:028][  0]LogLoad: (Engine Initialization) Total Blueprint compile time: 0.00 seconds
[2022.04.26-14.52.12:094][  0]LogContentStreaming: Texture pool size now 1000 MB
[2022.04.26-14.52.12:174][  0]LogSlate: Took 0.000221 seconds to synchronously load lazily loaded font '../../../Engine/Content/Slate/Fonts/DroidSansMono.ttf' (77K)
[2022.04.26-14.52.12:228][  1]LogAssetRegistry: Asset discovery search completed in 8.6088 seconds
[2022.04.26-14.52.12:239][  1]LogCollectionManager: Fixed up redirectors for 0 collections in 0.000006 seconds (updated 0 objects)
[2022.04.26-14.52.15:014][ 69]LogWindows: Windows GetLastError: The operation completed successfully. (0)
[2022.04.26-14.52.15:014][ 69]LogThreadingWindows: Error: Runnable thread RenderThread 1 crashed.
[2022.04.26-14.52.15:014][ 69]LogWindows: Error: === Critical error: ===
[2022.04.26-14.52.15:014][ 69]LogWindows: Error: 
[2022.04.26-14.52.15:014][ 69]LogWindows: Error: Assertion failed: Result >= 0 [File:D:/Build/++UE4/Sync/Engine/Source/Runtime/RHI/Private/PipelineStateCache.cpp] [Line: 1452] 
[2022.04.26-14.52.15:014][ 69]LogWindows: Error: 
[2022.04.26-14.52.15:014][ 69]LogWindows: Error: 
[2022.04.26-14.52.15:014][ 69]LogWindows: Error: 
[2022.04.26-14.52.15:014][ 69]LogWindows: Error: 
[2022.04.26-14.52.15:014][ 69]LogWindows: Error: Crash in runnable thread RenderThread 1
[2022.04.26-14.52.15:015][ 69]LogOutputDevice: Warning: 

Script Stack (0 frames):

[2022.04.26-14.52.15:023][ 69]LogWindows: Windows GetLastError: The operation completed successfully. (0)
[2022.04.26-14.52.15:023][ 69]LogWindows: Error: HandleError re-entered.
[2022.04.26-14.52.15:023][ 69]LogWindows: FPlatformMisc::RequestExit(1)
[2022.04.26-14.52.15:023][ 69]LogWindows: FPlatformMisc::RequestExitWithStatus(1, 3)
[2022.04.26-14.52.15:023][ 69]LogCore: Engine exit requested (reason: Win RequestExit)
[2022.04.26-14.52.15:035][ 69]Log file closed, 04/26/22 15:52:15
