Log file open, 04/26/22 18:02:26
LogWindows: Failed to load 'aqProf.dll' (GetLastError=126)
LogWindows: File 'aqProf.dll' does not exist
LogWindows: Failed to load 'VtuneApi.dll' (GetLastError=126)
LogWindows: File 'VtuneApi.dll' does not exist
LogWindows: Failed to load 'VtuneApi32e.dll' (GetLastError=126)
LogWindows: File 'VtuneApi32e.dll' does not exist
LogConsoleResponse: Display: Failed to find resolution value strings in scalability ini. Falling back to default.
LogConsoleResponse: Display: Failed to find resolution value strings in scalability ini. Falling back to default.
LogInit: Display: Running engine for game: FindingHooman
LogPlatformFile: Not using cached read wrapper
LogTaskGraph: Started task graph with 5 named threads and 35 total threads with 3 sets of task threads.
LogStats: Stats thread started at 0.241456
LogICUInternationalization: ICU TimeZone Detection - Raw Offset: +0:00, Platform Override: ''
LogInit: Display: Loading text-based GConfig....
LogPluginManager: Mounting plugin MeshPainting
LogPluginManager: Mounting plugin XGEController
LogPluginManager: Mounting plugin AISupport
LogPluginManager: Mounting plugin Paper2D
LogPluginManager: Mounting plugin EnvironmentQueryEditor
LogPluginManager: Mounting plugin LiveLink
LogPluginManager: Mounting plugin GameplayCameras
LogPluginManager: Mounting plugin CameraShakePreviewer
LogPluginManager: Mounting plugin AnimationSharing
LogPluginManager: Mounting plugin LightPropagationVolume
LogPluginManager: Mounting plugin CLionSourceCodeAccess
LogPluginManager: Mounting plugin CodeLiteSourceCodeAccess
LogPluginManager: Mounting plugin GitSourceControl
LogPluginManager: Mounting plugin NullSourceCodeAccess
LogPluginManager: Mounting plugin PixWinPlugin
LogPluginManager: Mounting plugin PerforceSourceControl
LogPluginManager: Mounting plugin KDevelopSourceCodeAccess
LogPluginManager: Mounting plugin PlasticSourceControl
LogPluginManager: Mounting plugin PropertyAccessNode
LogPluginManager: Mounting plugin PluginUtils
LogPluginManager: Mounting plugin RiderSourceCodeAccess
LogPluginManager: Mounting plugin TextureFormatOodle
LogPluginManager: Mounting plugin SubversionSourceControl
LogPluginManager: Mounting plugin UObjectPlugin
LogPluginManager: Mounting plugin VisualStudioCodeSourceCodeAccess
LogPluginManager: Mounting plugin VisualStudioSourceCodeAccess
LogPluginManager: Mounting plugin DatasmithContent
LogPluginManager: Mounting plugin AssetManagerEditor
LogPluginManager: Mounting plugin VariantManagerContent
LogPluginManager: Mounting plugin XCodeSourceCodeAccess
LogPluginManager: Mounting plugin CryptoKeys
LogPluginManager: Mounting plugin CurveEditorTools
LogPluginManager: Mounting plugin DataValidation
LogPluginManager: Mounting plugin FacialAnimation
LogPluginManager: Mounting plugin BackChannel
LogPluginManager: Mounting plugin GeometryMode
LogPluginManager: Mounting plugin ChaosCloth
LogPluginManager: Mounting plugin GameplayTagsEditor
LogPluginManager: Mounting plugin ChaosClothEditor
LogPluginManager: Mounting plugin ChaosEditor
LogPluginManager: Mounting plugin ChaosNiagara
LogPluginManager: Mounting plugin AlembicImporter
LogPluginManager: Mounting plugin ChaosSolverPlugin
LogPluginManager: Mounting plugin AutomationUtils
LogPluginManager: Mounting plugin CharacterAI
LogPluginManager: Mounting plugin MacGraphicsSwitching
LogPluginManager: Mounting plugin MaterialAnalyzer
LogPluginManager: Mounting plugin MobileLauncherProfileWizard
LogPluginManager: Mounting plugin PluginBrowser
LogPluginManager: Mounting plugin SpeedTreeImporter
LogPluginManager: Mounting plugin GeometryCache
LogPluginManager: Mounting plugin GeometryCollectionPlugin
LogPluginManager: Mounting plugin GeometryProcessing
LogPluginManager: Mounting plugin MotoSynth
LogPluginManager: Mounting plugin OpenImageDenoise
LogPluginManager: Mounting plugin PlanarCut
LogPluginManager: Mounting plugin PlatformCrypto
LogPluginManager: Mounting plugin ProxyLODPlugin
LogPluginManager: Mounting plugin PythonScriptPlugin
LogPluginManager: Mounting plugin SkeletalReduction
LogPluginManager: Mounting plugin Niagara
LogPluginManager: Mounting plugin LuminPlatformFeatures
LogPluginManager: Mounting plugin MagicLeap
LogPluginManager: Mounting plugin MagicLeapLightEstimation
LogPluginManager: Mounting plugin MagicLeapMedia
LogPluginManager: Mounting plugin MagicLeapPassableWorld
LogPluginManager: Mounting plugin MLSDK
LogPluginManager: Mounting plugin AndroidMedia
LogPluginManager: Mounting plugin AvfMedia
LogPluginManager: Mounting plugin ImgMedia
LogPluginManager: Mounting plugin MediaCompositing
LogPluginManager: Mounting plugin TcpMessaging
LogPluginManager: Mounting plugin UdpMessaging
LogPluginManager: Mounting plugin MediaPlayerEditor
LogPluginManager: Mounting plugin WebMMedia
LogPluginManager: Mounting plugin WmfMedia
LogPluginManager: Mounting plugin ActorSequence
LogPluginManager: Mounting plugin MatineeToLevelSequence
LogPluginManager: Mounting plugin LevelSequenceEditor
LogPluginManager: Mounting plugin TemplateSequence
LogPluginManager: Mounting plugin OnlineSubsystem
LogPluginManager: Mounting plugin OnlineSubsystemNull
LogPluginManager: Mounting plugin AndroidDeviceProfileSelector
LogPluginManager: Mounting plugin LauncherChunkInstaller
LogPluginManager: Mounting plugin ActorLayerUtilities
LogPluginManager: Mounting plugin AndroidPermission
LogPluginManager: Mounting plugin AndroidMoviePlayer
LogPluginManager: Mounting plugin AppleImageUtils
LogPluginManager: Mounting plugin AppleMoviePlayer
LogPluginManager: Mounting plugin ArchVisCharacter
LogPluginManager: Mounting plugin AssetTags
LogPluginManager: Mounting plugin AudioCapture
LogPluginManager: Mounting plugin AudioSynesthesia
LogPluginManager: Mounting plugin CableComponent
LogPluginManager: Mounting plugin ChunkDownloader
LogPluginManager: Mounting plugin CustomMeshComponent
LogPluginManager: Mounting plugin EditableMesh
LogPluginManager: Mounting plugin ExampleDeviceProfileSelector
LogPluginManager: Mounting plugin GoogleCloudMessaging
LogPluginManager: Mounting plugin GooglePAD
LogPluginManager: Mounting plugin IOSDeviceProfileSelector
LogPluginManager: Mounting plugin LinuxDeviceProfileSelector
LogPluginManager: Mounting plugin LocationServicesBPLibrary
LogPluginManager: Mounting plugin MobilePatchingUtils
LogPluginManager: Mounting plugin OpenXR
LogPluginManager: Mounting plugin OpenXREyeTracker
LogPluginManager: Mounting plugin OpenXRHandTracking
LogPluginManager: Mounting plugin PhysXVehicles
LogPluginManager: Mounting plugin ProceduralMeshComponent
LogPluginManager: Mounting plugin PostSplashScreen
LogPluginManager: Mounting plugin PropertyAccessEditor
LogPluginManager: Mounting plugin RuntimePhysXCooking
LogPluginManager: Mounting plugin SignificanceManager
LogPluginManager: Mounting plugin SoundFields
LogPluginManager: Mounting plugin OnlineSubsystemUtils
LogPluginManager: Mounting plugin Synthesis
LogPluginManager: Mounting plugin WebMMoviePlayer
LogPluginManager: Mounting plugin ScreenshotTools
LogPluginManager: Mounting plugin WindowsMoviePlayer
LogPluginManager: Mounting plugin OodleData
LogPluginManager: Mounting plugin OodleNetwork
LogPluginManager: Mounting plugin Takes
LogPluginManager: Mounting plugin ContentBrowserAssetDataSource
LogPluginManager: Mounting plugin ContentBrowserClassDataSource
LogPluginManager: Mounting plugin ContentBrowserFileDataSource
LogPluginManager: Mounting plugin OnlineSubsystemGooglePlay
LogPluginManager: Mounting plugin OnlineSubsystemIOS
LogPluginManager: Mounting plugin OculusVR
LogPluginManager: Mounting plugin SteamVR
PixWinPlugin: PIX capture plugin failed to initialize! Check that the process is launched from PIX.
LogInit: Using libcurl 7.55.1-DEV
LogInit:  - built for x86_64-pc-win32
LogInit:  - supports SSL with OpenSSL/1.1.1
LogInit:  - supports HTTP deflate (compression) using libz 1.2.8
LogInit:  - other features:
LogInit:      CURL_VERSION_SSL
LogInit:      CURL_VERSION_LIBZ
LogInit:      CURL_VERSION_IPV6
LogInit:      CURL_VERSION_ASYNCHDNS
LogInit:      CURL_VERSION_LARGEFILE
LogInit:      CURL_VERSION_IDN
LogInit:  CurlRequestOptions (configurable via config and command line):
LogInit:  - bVerifyPeer = true  - Libcurl will verify peer certificate
LogInit:  - bUseHttpProxy = false  - Libcurl will NOT use HTTP proxy
LogInit:  - bDontReuseConnections = false  - Libcurl will reuse connections
LogInit:  - MaxHostConnections = 16  - Libcurl will limit the number of connections to a host
LogInit:  - LocalHostAddr = Default
LogInit:  - BufferSize = 65536
LogOnline: OSS: Creating online subsystem instance for: NULL
LogInit: WinSock: version 1.1 (2.2), MaxSocks=32767, MaxUdp=65467
LogOnline: OSS: TryLoadSubsystemAndSetDefault: Loaded subsystem for module [NULL]
LogOculusPluginWrapper: OculusPlugin initialized successfully
LogHMD: Failed initializing OVRPlugin 1.59.0
LogInit: Build: ++UE4+Release-4.27-CL-18319896
LogInit: Engine Version: 4.27.2-18319896+++UE4+Release-4.27
LogInit: Compatible Engine Version: 4.27.0-17155196+++UE4+Release-4.27
LogInit: Net CL: 17155196
LogInit: OS: Windows 10 (Release 2009) (), CPU: Intel(R) Core(TM) i7-9750H CPU @ 2.60GHz, GPU: NVIDIA GeForce RTX 2070
LogInit: Compiled (64-bit): Nov 30 2021 07:12:08
LogInit: Compiled with Visual C++: 19.24.28315.00
LogInit: Build Configuration: Development
LogInit: Branch Name: ++UE4+Release-4.27
LogInit: Command Line: 
LogInit: Base Directory: D:/Epic Games/UE_4.27/Engine/Binaries/Win64/
LogInit: Allocator: TBB
LogInit: Installed Engine Build: 1
LogDevObjectVersion: Number of dev versions registered: 29
LogDevObjectVersion:   Dev-Blueprints (B0D832E4-1F89-4F0D-ACCF-7EB736FD4AA2): 10
LogDevObjectVersion:   Dev-Build (E1C64328-A22C-4D53-A36C-8E866417BD8C): 0
LogDevObjectVersion:   Dev-Core (375EC13C-06E4-48FB-B500-84F0262A717E): 4
LogDevObjectVersion:   Dev-Editor (E4B068ED-F494-42E9-A231-DA0B2E46BB41): 40
LogDevObjectVersion:   Dev-Framework (CFFC743F-43B0-4480-9391-14DF171D2073): 37
LogDevObjectVersion:   Dev-Mobile (B02B49B5-BB20-44E9-A304-32B752E40360): 3
LogDevObjectVersion:   Dev-Networking (A4E4105C-59A1-49B5-A7C5-40C4547EDFEE): 0
LogDevObjectVersion:   Dev-Online (39C831C9-5AE6-47DC-9A44-9C173E1C8E7C): 0
LogDevObjectVersion:   Dev-Physics (78F01B33-EBEA-4F98-B9B4-84EACCB95AA2): 14
LogDevObjectVersion:   Dev-Platform (6631380F-2D4D-43E0-8009-CF276956A95A): 0
LogDevObjectVersion:   Dev-Rendering (12F88B9F-8875-4AFC-A67C-D90C383ABD29): 45
LogDevObjectVersion:   Dev-Sequencer (7B5AE74C-D270-4C10-A958-57980B212A5A): 13
LogDevObjectVersion:   Dev-VR (D7296918-1DD6-4BDD-9DE2-64A83CC13884): 3
LogDevObjectVersion:   Dev-LoadTimes (C2A15278-BFE7-4AFE-6C17-90FF531DF755): 1
LogDevObjectVersion:   Private-Geometry (6EACA3D4-40EC-4CC1-B786-8BED09428FC5): 3
LogDevObjectVersion:   Dev-AnimPhys (29E575DD-E0A3-4627-9D10-D276232CDCEA): 17
LogDevObjectVersion:   Dev-Anim (AF43A65D-7FD3-4947-9873-3E8ED9C1BB05): 15
LogDevObjectVersion:   Dev-ReflectionCapture (6B266CEC-1EC7-4B8F-A30B-E4D90942FC07): 1
LogDevObjectVersion:   Dev-Automation (0DF73D61-A23F-47EA-B727-89E90C41499A): 1
LogDevObjectVersion:   FortniteMain (601D1886-AC64-4F84-AA16-D3DE0DEAC7D6): 47
LogDevObjectVersion:   FortniteRelease (E7086368-6B23-4C58-8439-1B7016265E91): 1
LogDevObjectVersion:   Dev-Enterprise (9DFFBCD6-494F-0158-E221-12823C92A888): 10
LogDevObjectVersion:   Dev-Niagara (F2AED0AC-9AFE-416F-8664-AA7FFA26D6FC): 1
LogDevObjectVersion:   Dev-Destruction (174F1F0B-B4C6-45A5-B13F-2EE8D0FB917D): 10
LogDevObjectVersion:   Dev-Physics-Ext (35F94A83-E258-406C-A318-09F59610247C): 41
LogDevObjectVersion:   Dev-PhysicsMaterial-Chaos (B68FC16E-8B1B-42E2-B453-215C058844FE): 1
LogDevObjectVersion:   Dev-CineCamera (B2E18506-4273-CFC2-A54E-F4BB758BBA07): 1
LogDevObjectVersion:   Dev-VirtualProduction (64F58936-FD1B-42BA-BA96-7289D5D0FA4E): 1
LogDevObjectVersion:   Dev-MediaFramework (6F0ED827-A609-4895-9C91-998D90180EA4): 2
LogInit: Presizing for max 25165824 objects, including 0 objects not considered by GC, pre-allocating 0 bytes for permanent pool.
LogConfig: Applying CVar settings from Section [/Script/Engine.StreamingSettings] File [C:/Users/njet9/OneDrive/Documents/GitHub/FindingHooman-Unreal/FindingHooman/Saved/Config/Windows/Engine.ini]
LogConfig: Setting CVar [[s.MinBulkDataSizeForAsyncLoading:131072]]
LogConfig: Setting CVar [[s.AsyncLoadingThreadEnabled:0]]
LogConfig: Setting CVar [[s.EventDrivenLoaderEnabled:1]]
LogConfig: Setting CVar [[s.WarnIfTimeLimitExceeded:0]]
LogConfig: Setting CVar [[s.TimeLimitExceededMultiplier:1.5]]
LogConfig: Setting CVar [[s.TimeLimitExceededMinTime:0.005]]
LogConfig: Setting CVar [[s.UseBackgroundLevelStreaming:1]]
LogConfig: Setting CVar [[s.PriorityAsyncLoadingExtraTime:15.0]]
LogConfig: Setting CVar [[s.LevelStreamingActorsUpdateTimeLimit:5.0]]
LogConfig: Setting CVar [[s.PriorityLevelStreamingActorsUpdateExtraTime:5.0]]
LogConfig: Setting CVar [[s.LevelStreamingComponentsRegistrationGranularity:10]]
LogConfig: Setting CVar [[s.UnregisterComponentsTimeLimit:1.0]]
LogConfig: Setting CVar [[s.LevelStreamingComponentsUnregistrationGranularity:5]]
LogConfig: Setting CVar [[s.FlushStreamingOnExit:1]]
LogInit: Object subsystem initialized
LogConfig: Setting CVar [[con.DebugEarlyDefault:1]]
LogConfig: Setting CVar [[r.setres:1280x720]]
[2022.04.26-17.02.26:602][  0]LogConfig: Setting CVar [[r.VSync:0]]
[2022.04.26-17.02.26:602][  0]LogConfig: Setting CVar [[r.RHICmdBypass:0]]
[2022.04.26-17.02.26:602][  0]LogConfig: Applying CVar settings from Section [/Script/Engine.RendererSettings] File [C:/Users/njet9/OneDrive/Documents/GitHub/FindingHooman-Unreal/FindingHooman/Saved/Config/Windows/Engine.ini]
[2022.04.26-17.02.26:602][  0]LogConfig: Setting CVar [[r.GPUCrashDebugging:0]]
[2022.04.26-17.02.26:602][  0]LogConfig: Setting CVar [[r.AllowStaticLighting:1]]
[2022.04.26-17.02.26:602][  0]LogConfig: Setting CVar [[r.GenerateMeshDistanceFields:1]]
[2022.04.26-17.02.26:602][  0]LogConfig: Applying CVar settings from Section [/Script/Engine.RendererOverrideSettings] File [C:/Users/njet9/OneDrive/Documents/GitHub/FindingHooman-Unreal/FindingHooman/Saved/Config/Windows/Engine.ini]
[2022.04.26-17.02.26:602][  0]LogConfig: Applying CVar settings from Section [/Script/Engine.StreamingSettings] File [C:/Users/njet9/OneDrive/Documents/GitHub/FindingHooman-Unreal/FindingHooman/Saved/Config/Windows/Engine.ini]
[2022.04.26-17.02.26:602][  0]LogConfig: Setting CVar [[s.MinBulkDataSizeForAsyncLoading:131072]]
[2022.04.26-17.02.26:602][  0]LogConfig: Setting CVar [[s.AsyncLoadingThreadEnabled:0]]
[2022.04.26-17.02.26:602][  0]LogConfig: Setting CVar [[s.EventDrivenLoaderEnabled:1]]
[2022.04.26-17.02.26:602][  0]LogConfig: Setting CVar [[s.WarnIfTimeLimitExceeded:0]]
[2022.04.26-17.02.26:602][  0]LogConfig: Setting CVar [[s.TimeLimitExceededMultiplier:1.5]]
[2022.04.26-17.02.26:602][  0]LogConfig: Setting CVar [[s.TimeLimitExceededMinTime:0.005]]
[2022.04.26-17.02.26:602][  0]LogConfig: Setting CVar [[s.UseBackgroundLevelStreaming:1]]
[2022.04.26-17.02.26:602][  0]LogConfig: Setting CVar [[s.PriorityAsyncLoadingExtraTime:15.0]]
[2022.04.26-17.02.26:602][  0]LogConfig: Setting CVar [[s.LevelStreamingActorsUpdateTimeLimit:5.0]]
[2022.04.26-17.02.26:602][  0]LogConfig: Setting CVar [[s.PriorityLevelStreamingActorsUpdateExtraTime:5.0]]
[2022.04.26-17.02.26:602][  0]LogConfig: Setting CVar [[s.LevelStreamingComponentsRegistrationGranularity:10]]
[2022.04.26-17.02.26:602][  0]LogConfig: Setting CVar [[s.UnregisterComponentsTimeLimit:1.0]]
[2022.04.26-17.02.26:602][  0]LogConfig: Setting CVar [[s.LevelStreamingComponentsUnregistrationGranularity:5]]
[2022.04.26-17.02.26:602][  0]LogConfig: Setting CVar [[s.FlushStreamingOnExit:1]]
[2022.04.26-17.02.26:602][  0]LogConfig: Applying CVar settings from Section [/Script/Engine.GarbageCollectionSettings] File [C:/Users/njet9/OneDrive/Documents/GitHub/FindingHooman-Unreal/FindingHooman/Saved/Config/Windows/Engine.ini]
[2022.04.26-17.02.26:602][  0]LogConfig: Setting CVar [[gc.MaxObjectsNotConsideredByGC:1]]
[2022.04.26-17.02.26:602][  0]LogConfig: Setting CVar [[gc.SizeOfPermanentObjectPool:0]]
[2022.04.26-17.02.26:602][  0]LogConfig: Setting CVar [[gc.FlushStreamingOnGC:0]]
[2022.04.26-17.02.26:602][  0]LogConfig: Setting CVar [[gc.NumRetriesBeforeForcingGC:10]]
[2022.04.26-17.02.26:602][  0]LogConfig: Setting CVar [[gc.AllowParallelGC:1]]
[2022.04.26-17.02.26:602][  0]LogConfig: Setting CVar [[gc.TimeBetweenPurgingPendingKillObjects:61.1]]
[2022.04.26-17.02.26:602][  0]LogConfig: Setting CVar [[gc.MaxObjectsInEditor:25165824]]
[2022.04.26-17.02.26:602][  0]LogConfig: Setting CVar [[gc.IncrementalBeginDestroyEnabled:1]]
[2022.04.26-17.02.26:602][  0]LogConfig: Setting CVar [[gc.CreateGCClusters:1]]
[2022.04.26-17.02.26:602][  0]LogConfig: Setting CVar [[gc.MinGCClusterSize:5]]
[2022.04.26-17.02.26:602][  0]LogConfig: Setting CVar [[gc.ActorClusteringEnabled:0]]
[2022.04.26-17.02.26:602][  0]LogConfig: Setting CVar [[gc.BlueprintClusteringEnabled:0]]
[2022.04.26-17.02.26:602][  0]LogConfig: Setting CVar [[gc.UseDisregardForGCOnDedicatedServers:0]]
[2022.04.26-17.02.26:602][  0]LogConfig: Setting CVar [[gc.MultithreadedDestructionEnabled:1]]
[2022.04.26-17.02.26:602][  0]LogConfig: Applying CVar settings from Section [/Script/Engine.NetworkSettings] File [C:/Users/njet9/OneDrive/Documents/GitHub/FindingHooman-Unreal/FindingHooman/Saved/Config/Windows/Engine.ini]
[2022.04.26-17.02.26:602][  0]LogConfig: Applying CVar settings from Section [/Script/UnrealEd.CookerSettings] File [C:/Users/njet9/OneDrive/Documents/GitHub/FindingHooman-Unreal/FindingHooman/Saved/Config/Windows/Engine.ini]
[2022.04.26-17.02.26:634][  0]LogConfig: Applying CVar settings from Section [ViewDistanceQuality@3] File [C:/Users/njet9/OneDrive/Documents/GitHub/FindingHooman-Unreal/FindingHooman/Saved/Config/Windows/Scalability.ini]
[2022.04.26-17.02.26:634][  0]LogConfig: Setting CVar [[r.SkeletalMeshLODBias:0]]
[2022.04.26-17.02.26:634][  0]LogConfig: Setting CVar [[r.ViewDistanceScale:1.0]]
[2022.04.26-17.02.26:634][  0]LogConfig: Applying CVar settings from Section [AntiAliasingQuality@3] File [C:/Users/njet9/OneDrive/Documents/GitHub/FindingHooman-Unreal/FindingHooman/Saved/Config/Windows/Scalability.ini]
[2022.04.26-17.02.26:634][  0]LogConfig: Setting CVar [[r.PostProcessAAQuality:4]]
[2022.04.26-17.02.26:634][  0]LogConfig: Applying CVar settings from Section [ShadowQuality@3] File [C:/Users/njet9/OneDrive/Documents/GitHub/FindingHooman-Unreal/FindingHooman/Saved/Config/Windows/Scalability.ini]
[2022.04.26-17.02.26:634][  0]LogConfig: Setting CVar [[r.LightFunctionQuality:1]]
[2022.04.26-17.02.26:634][  0]LogConfig: Setting CVar [[r.ShadowQuality:5]]
[2022.04.26-17.02.26:634][  0]LogConfig: Setting CVar [[r.Shadow.CSM.MaxCascades:10]]
[2022.04.26-17.02.26:634][  0]LogConfig: Setting CVar [[r.Shadow.MaxResolution:2048]]
[2022.04.26-17.02.26:634][  0]LogConfig: Setting CVar [[r.Shadow.MaxCSMResolution:2048]]
[2022.04.26-17.02.26:634][  0]LogConfig: Setting CVar [[r.Shadow.RadiusThreshold:0.01]]
[2022.04.26-17.02.26:634][  0]LogConfig: Setting CVar [[r.Shadow.DistanceScale:1.0]]
[2022.04.26-17.02.26:634][  0]LogConfig: Setting CVar [[r.Shadow.CSM.TransitionScale:1.0]]
[2022.04.26-17.02.26:634][  0]LogConfig: Setting CVar [[r.Shadow.PreShadowResolutionFactor:1.0]]
[2022.04.26-17.02.26:634][  0]LogConfig: Setting CVar [[r.DistanceFieldShadowing:1]]
[2022.04.26-17.02.26:634][  0]LogConfig: Setting CVar [[r.DistanceFieldAO:1]]
[2022.04.26-17.02.26:634][  0]LogConfig: Setting CVar [[r.AOQuality:2]]
[2022.04.26-17.02.26:634][  0]LogConfig: Setting CVar [[r.VolumetricFog:1]]
[2022.04.26-17.02.26:634][  0]LogConfig: Setting CVar [[r.VolumetricFog.GridPixelSize:8]]
[2022.04.26-17.02.26:634][  0]LogConfig: Setting CVar [[r.VolumetricFog.GridSizeZ:128]]
[2022.04.26-17.02.26:634][  0]LogConfig: Setting CVar [[r.VolumetricFog.HistoryMissSupersampleCount:4]]
[2022.04.26-17.02.26:634][  0]LogConfig: Setting CVar [[r.LightMaxDrawDistanceScale:1]]
[2022.04.26-17.02.26:634][  0]LogConfig: Setting CVar [[r.CapsuleShadows:1]]
[2022.04.26-17.02.26:634][  0]LogConfig: Applying CVar settings from Section [PostProcessQuality@3] File [C:/Users/njet9/OneDrive/Documents/GitHub/FindingHooman-Unreal/FindingHooman/Saved/Config/Windows/Scalability.ini]
[2022.04.26-17.02.26:635][  0]LogConfig: Setting CVar [[r.MotionBlurQuality:4]]
[2022.04.26-17.02.26:635][  0]LogConfig: Setting CVar [[r.AmbientOcclusionMipLevelFactor:0.4]]
[2022.04.26-17.02.26:635][  0]LogConfig: Setting CVar [[r.AmbientOcclusionMaxQuality:100]]
[2022.04.26-17.02.26:635][  0]LogConfig: Setting CVar [[r.AmbientOcclusionLevels:-1]]
[2022.04.26-17.02.26:635][  0]LogConfig: Setting CVar [[r.AmbientOcclusionRadiusScale:1.0]]
[2022.04.26-17.02.26:635][  0]LogConfig: Setting CVar [[r.DepthOfFieldQuality:2]]
[2022.04.26-17.02.26:635][  0]LogConfig: Setting CVar [[r.RenderTargetPoolMin:400]]
[2022.04.26-17.02.26:635][  0]LogConfig: Setting CVar [[r.LensFlareQuality:2]]
[2022.04.26-17.02.26:635][  0]LogConfig: Setting CVar [[r.SceneColorFringeQuality:1]]
[2022.04.26-17.02.26:635][  0]LogConfig: Setting CVar [[r.EyeAdaptationQuality:2]]
[2022.04.26-17.02.26:635][  0]LogConfig: Setting CVar [[r.BloomQuality:5]]
[2022.04.26-17.02.26:635][  0]LogConfig: Setting CVar [[r.FastBlurThreshold:100]]
[2022.04.26-17.02.26:635][  0]LogConfig: Setting CVar [[r.Upscale.Quality:3]]
[2022.04.26-17.02.26:635][  0]LogConfig: Setting CVar [[r.Tonemapper.GrainQuantization:1]]
[2022.04.26-17.02.26:635][  0]LogConfig: Setting CVar [[r.LightShaftQuality:1]]
[2022.04.26-17.02.26:635][  0]LogConfig: Setting CVar [[r.Filter.SizeScale:1]]
[2022.04.26-17.02.26:635][  0]LogConfig: Setting CVar [[r.Tonemapper.Quality:5]]
[2022.04.26-17.02.26:635][  0]LogConfig: Setting CVar [[r.DOF.Gather.AccumulatorQuality:1        ; higher gathering accumulator quality]]
[2022.04.26-17.02.26:635][  0]LogConfig: Setting CVar [[r.DOF.Gather.PostfilterMethod:1          ; Median3x3 postfilering method]]
[2022.04.26-17.02.26:635][  0]LogConfig: Setting CVar [[r.DOF.Gather.EnableBokehSettings:0       ; no bokeh simulation when gathering]]
[2022.04.26-17.02.26:635][  0]LogConfig: Setting CVar [[r.DOF.Gather.RingCount:4                 ; medium number of samples when gathering]]
[2022.04.26-17.02.26:635][  0]LogConfig: Setting CVar [[r.DOF.Scatter.ForegroundCompositing:1    ; additive foreground scattering]]
[2022.04.26-17.02.26:635][  0]LogConfig: Setting CVar [[r.DOF.Scatter.BackgroundCompositing:2    ; additive background scattering]]
[2022.04.26-17.02.26:635][  0]LogConfig: Setting CVar [[r.DOF.Scatter.EnableBokehSettings:1      ; bokeh simulation when scattering]]
[2022.04.26-17.02.26:635][  0]LogConfig: Setting CVar [[r.DOF.Scatter.MaxSpriteRatio:0.1         ; only a maximum of 10% of scattered bokeh]]
[2022.04.26-17.02.26:635][  0]LogConfig: Setting CVar [[r.DOF.Recombine.Quality:1                ; cheap slight out of focus]]
[2022.04.26-17.02.26:635][  0]LogConfig: Setting CVar [[r.DOF.Recombine.EnableBokehSettings:0    ; no bokeh simulation on slight out of focus]]
[2022.04.26-17.02.26:635][  0]LogConfig: Setting CVar [[r.DOF.TemporalAAQuality:1                ; more stable temporal accumulation]]
[2022.04.26-17.02.26:635][  0]LogConfig: Setting CVar [[r.DOF.Kernel.MaxForegroundRadius:0.025]]
[2022.04.26-17.02.26:635][  0]LogConfig: Setting CVar [[r.DOF.Kernel.MaxBackgroundRadius:0.025]]
[2022.04.26-17.02.26:635][  0]LogConfig: Applying CVar settings from Section [TextureQuality@3] File [C:/Users/njet9/OneDrive/Documents/GitHub/FindingHooman-Unreal/FindingHooman/Saved/Config/Windows/Scalability.ini]
[2022.04.26-17.02.26:635][  0]LogConfig: Setting CVar [[r.Streaming.MipBias:0]]
[2022.04.26-17.02.26:635][  0]LogConfig: Setting CVar [[r.Streaming.AmortizeCPUToGPUCopy:0]]
[2022.04.26-17.02.26:635][  0]LogConfig: Setting CVar [[r.Streaming.MaxNumTexturesToStreamPerFrame:0]]
[2022.04.26-17.02.26:635][  0]LogConfig: Setting CVar [[r.Streaming.Boost:1]]
[2022.04.26-17.02.26:635][  0]LogConfig: Setting CVar [[r.MaxAnisotropy:8]]
[2022.04.26-17.02.26:635][  0]LogConfig: Setting CVar [[r.VT.MaxAnisotropy:8]]
[2022.04.26-17.02.26:635][  0]LogConfig: Setting CVar [[r.Streaming.LimitPoolSizeToVRAM:0]]
[2022.04.26-17.02.26:635][  0]LogConfig: Setting CVar [[r.Streaming.PoolSize:1000]]
[2022.04.26-17.02.26:635][  0]LogConfig: Setting CVar [[r.Streaming.MaxEffectiveScreenSize:0]]
[2022.04.26-17.02.26:635][  0]LogConfig: Applying CVar settings from Section [EffectsQuality@3] File [C:/Users/njet9/OneDrive/Documents/GitHub/FindingHooman-Unreal/FindingHooman/Saved/Config/Windows/Scalability.ini]
[2022.04.26-17.02.26:635][  0]LogConfig: Setting CVar [[r.TranslucencyLightingVolumeDim:64]]
[2022.04.26-17.02.26:635][  0]LogConfig: Setting CVar [[r.RefractionQuality:2]]
[2022.04.26-17.02.26:635][  0]LogConfig: Setting CVar [[r.SSR.Quality:3]]
[2022.04.26-17.02.26:635][  0]LogConfig: Setting CVar [[r.SSR.HalfResSceneColor:0]]
[2022.04.26-17.02.26:635][  0]LogConfig: Setting CVar [[r.SceneColorFormat:4]]
[2022.04.26-17.02.26:635][  0]LogConfig: Setting CVar [[r.DetailMode:2]]
[2022.04.26-17.02.26:635][  0]LogConfig: Setting CVar [[r.TranslucencyVolumeBlur:1]]
[2022.04.26-17.02.26:635][  0]LogConfig: Setting CVar [[r.MaterialQualityLevel:1 ; High quality]]
[2022.04.26-17.02.26:635][  0]LogConfig: Setting CVar [[r.AnisotropicMaterials:1]]
[2022.04.26-17.02.26:635][  0]LogConfig: Setting CVar [[r.SSS.Scale:1]]
[2022.04.26-17.02.26:635][  0]LogConfig: Setting CVar [[r.SSS.SampleSet:2]]
[2022.04.26-17.02.26:635][  0]LogConfig: Setting CVar [[r.SSS.Quality:1]]
[2022.04.26-17.02.26:635][  0]LogConfig: Setting CVar [[r.SSS.HalfRes:0]]
[2022.04.26-17.02.26:635][  0]LogConfig: Setting CVar [[r.SSGI.Quality:3]]
[2022.04.26-17.02.26:635][  0]LogConfig: Setting CVar [[r.EmitterSpawnRateScale:1.0]]
[2022.04.26-17.02.26:635][  0]LogConfig: Setting CVar [[r.ParticleLightQuality:2]]
[2022.04.26-17.02.26:635][  0]LogConfig: Setting CVar [[r.SkyAtmosphere.AerialPerspectiveLUT.FastApplyOnOpaque:1 ; Always have FastSkyLUT 1 in this case to avoid wrong sky]]
[2022.04.26-17.02.26:635][  0]LogConfig: Setting CVar [[r.SkyAtmosphere.AerialPerspectiveLUT.SampleCountMaxPerSlice:4]]
[2022.04.26-17.02.26:635][  0]LogConfig: Setting CVar [[r.SkyAtmosphere.AerialPerspectiveLUT.DepthResolution:16.0]]
[2022.04.26-17.02.26:635][  0]LogConfig: Setting CVar [[r.SkyAtmosphere.FastSkyLUT:1]]
[2022.04.26-17.02.26:635][  0]LogConfig: Setting CVar [[r.SkyAtmosphere.FastSkyLUT.SampleCountMin:4.0]]
[2022.04.26-17.02.26:635][  0]LogConfig: Setting CVar [[r.SkyAtmosphere.FastSkyLUT.SampleCountMax:128.0]]
[2022.04.26-17.02.26:635][  0]LogConfig: Setting CVar [[r.SkyAtmosphere.SampleCountMin:4.0]]
[2022.04.26-17.02.26:635][  0]LogConfig: Setting CVar [[r.SkyAtmosphere.SampleCountMax:128.0]]
[2022.04.26-17.02.26:635][  0]LogConfig: Setting CVar [[r.SkyAtmosphere.TransmittanceLUT.UseSmallFormat:0]]
[2022.04.26-17.02.26:635][  0]LogConfig: Setting CVar [[r.SkyAtmosphere.TransmittanceLUT.SampleCount:10.0]]
[2022.04.26-17.02.26:635][  0]LogConfig: Setting CVar [[r.SkyAtmosphere.MultiScatteringLUT.SampleCount:15.0]]
[2022.04.26-17.02.26:635][  0]LogConfig: Setting CVar [[r.SkyLight.RealTimeReflectionCapture:1]]
[2022.04.26-17.02.26:635][  0]LogConfig: Applying CVar settings from Section [FoliageQuality@3] File [C:/Users/njet9/OneDrive/Documents/GitHub/FindingHooman-Unreal/FindingHooman/Saved/Config/Windows/Scalability.ini]
[2022.04.26-17.02.26:635][  0]LogConfig: Setting CVar [[foliage.DensityScale:1.0]]
[2022.04.26-17.02.26:635][  0]LogConfig: Setting CVar [[grass.DensityScale:1.0]]
[2022.04.26-17.02.26:635][  0]LogConfig: Applying CVar settings from Section [ShadingQuality@3] File [C:/Users/njet9/OneDrive/Documents/GitHub/FindingHooman-Unreal/FindingHooman/Saved/Config/Windows/Scalability.ini]
[2022.04.26-17.02.26:635][  0]LogConfig: Setting CVar [[r.HairStrands.SkyLighting.IntegrationType:2]]
[2022.04.26-17.02.26:635][  0]LogConfig: Setting CVar [[r.HairStrands.SkyAO.SampleCount:4]]
[2022.04.26-17.02.26:635][  0]LogConfig: Setting CVar [[r.HairStrands.Visibility.MSAA.SamplePerPixel:4]]
[2022.04.26-17.02.26:635][  0]LogInit: Selected Device Profile: [Windows]
[2022.04.26-17.02.26:635][  0]LogInit: Applying CVar settings loaded from the selected device profile: [Windows]
[2022.04.26-17.02.26:635][  0]LogHAL: Display: Platform has ~ 16 GB [17052065792 / 17179869184 / 16], which maps to Larger [LargestMinGB=32, LargerMinGB=12, DefaultMinGB=8, SmallerMinGB=6, SmallestMinGB=0)
[2022.04.26-17.02.26:635][  0]LogInit: Going up to parent DeviceProfile []
[2022.04.26-17.02.26:636][  0]LogConfig: Applying CVar settings from Section [ViewDistanceQuality@3] File [C:/Users/njet9/OneDrive/Documents/GitHub/FindingHooman-Unreal/FindingHooman/Saved/Config/Windows/Scalability.ini]
[2022.04.26-17.02.26:636][  0]LogConfig: Setting CVar [[r.SkeletalMeshLODBias:0]]
[2022.04.26-17.02.26:636][  0]LogConfig: Setting CVar [[r.ViewDistanceScale:1.0]]
[2022.04.26-17.02.26:636][  0]LogConfig: Applying CVar settings from Section [AntiAliasingQuality@3] File [C:/Users/njet9/OneDrive/Documents/GitHub/FindingHooman-Unreal/FindingHooman/Saved/Config/Windows/Scalability.ini]
[2022.04.26-17.02.26:636][  0]LogConfig: Setting CVar [[r.PostProcessAAQuality:4]]
[2022.04.26-17.02.26:636][  0]LogConfig: Applying CVar settings from Section [ShadowQuality@3] File [C:/Users/njet9/OneDrive/Documents/GitHub/FindingHooman-Unreal/FindingHooman/Saved/Config/Windows/Scalability.ini]
[2022.04.26-17.02.26:636][  0]LogConfig: Setting CVar [[r.LightFunctionQuality:1]]
[2022.04.26-17.02.26:636][  0]LogConfig: Setting CVar [[r.ShadowQuality:5]]
[2022.04.26-17.02.26:636][  0]LogConfig: Setting CVar [[r.Shadow.CSM.MaxCascades:10]]
[2022.04.26-17.02.26:636][  0]LogConfig: Setting CVar [[r.Shadow.MaxResolution:2048]]
[2022.04.26-17.02.26:636][  0]LogConfig: Setting CVar [[r.Shadow.MaxCSMResolution:2048]]
[2022.04.26-17.02.26:636][  0]LogConfig: Setting CVar [[r.Shadow.RadiusThreshold:0.01]]
[2022.04.26-17.02.26:636][  0]LogConfig: Setting CVar [[r.Shadow.DistanceScale:1.0]]
[2022.04.26-17.02.26:636][  0]LogConfig: Setting CVar [[r.Shadow.CSM.TransitionScale:1.0]]
[2022.04.26-17.02.26:636][  0]LogConfig: Setting CVar [[r.Shadow.PreShadowResolutionFactor:1.0]]
[2022.04.26-17.02.26:636][  0]LogConfig: Setting CVar [[r.DistanceFieldShadowing:1]]
[2022.04.26-17.02.26:636][  0]LogConfig: Setting CVar [[r.DistanceFieldAO:1]]
[2022.04.26-17.02.26:636][  0]LogConfig: Setting CVar [[r.AOQuality:2]]
[2022.04.26-17.02.26:636][  0]LogConfig: Setting CVar [[r.VolumetricFog:1]]
[2022.04.26-17.02.26:636][  0]LogConfig: Setting CVar [[r.VolumetricFog.GridPixelSize:8]]
[2022.04.26-17.02.26:636][  0]LogConfig: Setting CVar [[r.VolumetricFog.GridSizeZ:128]]
[2022.04.26-17.02.26:636][  0]LogConfig: Setting CVar [[r.VolumetricFog.HistoryMissSupersampleCount:4]]
[2022.04.26-17.02.26:636][  0]LogConfig: Setting CVar [[r.LightMaxDrawDistanceScale:1]]
[2022.04.26-17.02.26:636][  0]LogConfig: Setting CVar [[r.CapsuleShadows:1]]
[2022.04.26-17.02.26:636][  0]LogConfig: Applying CVar settings from Section [PostProcessQuality@3] File [C:/Users/njet9/OneDrive/Documents/GitHub/FindingHooman-Unreal/FindingHooman/Saved/Config/Windows/Scalability.ini]
[2022.04.26-17.02.26:636][  0]LogConfig: Setting CVar [[r.MotionBlurQuality:4]]
[2022.04.26-17.02.26:636][  0]LogConfig: Setting CVar [[r.AmbientOcclusionMipLevelFactor:0.4]]
[2022.04.26-17.02.26:636][  0]LogConfig: Setting CVar [[r.AmbientOcclusionMaxQuality:100]]
[2022.04.26-17.02.26:636][  0]LogConfig: Setting CVar [[r.AmbientOcclusionLevels:-1]]
[2022.04.26-17.02.26:636][  0]LogConfig: Setting CVar [[r.AmbientOcclusionRadiusScale:1.0]]
[2022.04.26-17.02.26:636][  0]LogConfig: Setting CVar [[r.DepthOfFieldQuality:2]]
[2022.04.26-17.02.26:636][  0]LogConfig: Setting CVar [[r.RenderTargetPoolMin:400]]
[2022.04.26-17.02.26:636][  0]LogConfig: Setting CVar [[r.LensFlareQuality:2]]
[2022.04.26-17.02.26:636][  0]LogConfig: Setting CVar [[r.SceneColorFringeQuality:1]]
[2022.04.26-17.02.26:636][  0]LogConfig: Setting CVar [[r.EyeAdaptationQuality:2]]
[2022.04.26-17.02.26:636][  0]LogConfig: Setting CVar [[r.BloomQuality:5]]
[2022.04.26-17.02.26:636][  0]LogConfig: Setting CVar [[r.FastBlurThreshold:100]]
[2022.04.26-17.02.26:636][  0]LogConfig: Setting CVar [[r.Upscale.Quality:3]]
[2022.04.26-17.02.26:636][  0]LogConfig: Setting CVar [[r.Tonemapper.GrainQuantization:1]]
[2022.04.26-17.02.26:636][  0]LogConfig: Setting CVar [[r.LightShaftQuality:1]]
[2022.04.26-17.02.26:636][  0]LogConfig: Setting CVar [[r.Filter.SizeScale:1]]
[2022.04.26-17.02.26:636][  0]LogConfig: Setting CVar [[r.Tonemapper.Quality:5]]
[2022.04.26-17.02.26:636][  0]LogConfig: Setting CVar [[r.DOF.Gather.AccumulatorQuality:1        ; higher gathering accumulator quality]]
[2022.04.26-17.02.26:636][  0]LogConfig: Setting CVar [[r.DOF.Gather.PostfilterMethod:1          ; Median3x3 postfilering method]]
[2022.04.26-17.02.26:636][  0]LogConfig: Setting CVar [[r.DOF.Gather.EnableBokehSettings:0       ; no bokeh simulation when gathering]]
[2022.04.26-17.02.26:636][  0]LogConfig: Setting CVar [[r.DOF.Gather.RingCount:4                 ; medium number of samples when gathering]]
[2022.04.26-17.02.26:636][  0]LogConfig: Setting CVar [[r.DOF.Scatter.ForegroundCompositing:1    ; additive foreground scattering]]
[2022.04.26-17.02.26:636][  0]LogConfig: Setting CVar [[r.DOF.Scatter.BackgroundCompositing:2    ; additive background scattering]]
[2022.04.26-17.02.26:636][  0]LogConfig: Setting CVar [[r.DOF.Scatter.EnableBokehSettings:1      ; bokeh simulation when scattering]]
[2022.04.26-17.02.26:636][  0]LogConfig: Setting CVar [[r.DOF.Scatter.MaxSpriteRatio:0.1         ; only a maximum of 10% of scattered bokeh]]
[2022.04.26-17.02.26:636][  0]LogConfig: Setting CVar [[r.DOF.Recombine.Quality:1                ; cheap slight out of focus]]
[2022.04.26-17.02.26:636][  0]LogConfig: Setting CVar [[r.DOF.Recombine.EnableBokehSettings:0    ; no bokeh simulation on slight out of focus]]
[2022.04.26-17.02.26:636][  0]LogConfig: Setting CVar [[r.DOF.TemporalAAQuality:1                ; more stable temporal accumulation]]
[2022.04.26-17.02.26:636][  0]LogConfig: Setting CVar [[r.DOF.Kernel.MaxForegroundRadius:0.025]]
[2022.04.26-17.02.26:636][  0]LogConfig: Setting CVar [[r.DOF.Kernel.MaxBackgroundRadius:0.025]]
[2022.04.26-17.02.26:636][  0]LogConfig: Applying CVar settings from Section [TextureQuality@3] File [C:/Users/njet9/OneDrive/Documents/GitHub/FindingHooman-Unreal/FindingHooman/Saved/Config/Windows/Scalability.ini]
[2022.04.26-17.02.26:636][  0]LogConfig: Setting CVar [[r.Streaming.MipBias:0]]
[2022.04.26-17.02.26:636][  0]LogConfig: Setting CVar [[r.Streaming.AmortizeCPUToGPUCopy:0]]
[2022.04.26-17.02.26:636][  0]LogConfig: Setting CVar [[r.Streaming.MaxNumTexturesToStreamPerFrame:0]]
[2022.04.26-17.02.26:636][  0]LogConfig: Setting CVar [[r.Streaming.Boost:1]]
[2022.04.26-17.02.26:636][  0]LogConfig: Setting CVar [[r.MaxAnisotropy:8]]
[2022.04.26-17.02.26:636][  0]LogConfig: Setting CVar [[r.VT.MaxAnisotropy:8]]
[2022.04.26-17.02.26:636][  0]LogConfig: Setting CVar [[r.Streaming.LimitPoolSizeToVRAM:0]]
[2022.04.26-17.02.26:636][  0]LogConfig: Setting CVar [[r.Streaming.PoolSize:1000]]
[2022.04.26-17.02.26:636][  0]LogConfig: Setting CVar [[r.Streaming.MaxEffectiveScreenSize:0]]
[2022.04.26-17.02.26:636][  0]LogConfig: Applying CVar settings from Section [EffectsQuality@3] File [C:/Users/njet9/OneDrive/Documents/GitHub/FindingHooman-Unreal/FindingHooman/Saved/Config/Windows/Scalability.ini]
[2022.04.26-17.02.26:636][  0]LogConfig: Setting CVar [[r.TranslucencyLightingVolumeDim:64]]
[2022.04.26-17.02.26:636][  0]LogConfig: Setting CVar [[r.RefractionQuality:2]]
[2022.04.26-17.02.26:636][  0]LogConfig: Setting CVar [[r.SSR.Quality:3]]
[2022.04.26-17.02.26:636][  0]LogConfig: Setting CVar [[r.SSR.HalfResSceneColor:0]]
[2022.04.26-17.02.26:636][  0]LogConfig: Setting CVar [[r.SceneColorFormat:4]]
[2022.04.26-17.02.26:636][  0]LogConfig: Setting CVar [[r.DetailMode:2]]
[2022.04.26-17.02.26:636][  0]LogConfig: Setting CVar [[r.TranslucencyVolumeBlur:1]]
[2022.04.26-17.02.26:636][  0]LogConfig: Setting CVar [[r.MaterialQualityLevel:1 ; High quality]]
[2022.04.26-17.02.26:636][  0]LogConfig: Setting CVar [[r.AnisotropicMaterials:1]]
[2022.04.26-17.02.26:636][  0]LogConfig: Setting CVar [[r.SSS.Scale:1]]
[2022.04.26-17.02.26:636][  0]LogConfig: Setting CVar [[r.SSS.SampleSet:2]]
[2022.04.26-17.02.26:636][  0]LogConfig: Setting CVar [[r.SSS.Quality:1]]
[2022.04.26-17.02.26:636][  0]LogConfig: Setting CVar [[r.SSS.HalfRes:0]]
[2022.04.26-17.02.26:636][  0]LogConfig: Setting CVar [[r.SSGI.Quality:3]]
[2022.04.26-17.02.26:636][  0]LogConfig: Setting CVar [[r.EmitterSpawnRateScale:1.0]]
[2022.04.26-17.02.26:636][  0]LogConfig: Setting CVar [[r.ParticleLightQuality:2]]
[2022.04.26-17.02.26:636][  0]LogConfig: Setting CVar [[r.SkyAtmosphere.AerialPerspectiveLUT.FastApplyOnOpaque:1 ; Always have FastSkyLUT 1 in this case to avoid wrong sky]]
[2022.04.26-17.02.26:636][  0]LogConfig: Setting CVar [[r.SkyAtmosphere.AerialPerspectiveLUT.SampleCountMaxPerSlice:4]]
[2022.04.26-17.02.26:636][  0]LogConfig: Setting CVar [[r.SkyAtmosphere.AerialPerspectiveLUT.DepthResolution:16.0]]
[2022.04.26-17.02.26:636][  0]LogConfig: Setting CVar [[r.SkyAtmosphere.FastSkyLUT:1]]
[2022.04.26-17.02.26:636][  0]LogConfig: Setting CVar [[r.SkyAtmosphere.FastSkyLUT.SampleCountMin:4.0]]
[2022.04.26-17.02.26:636][  0]LogConfig: Setting CVar [[r.SkyAtmosphere.FastSkyLUT.SampleCountMax:128.0]]
[2022.04.26-17.02.26:636][  0]LogConfig: Setting CVar [[r.SkyAtmosphere.SampleCountMin:4.0]]
[2022.04.26-17.02.26:636][  0]LogConfig: Setting CVar [[r.SkyAtmosphere.SampleCountMax:128.0]]
[2022.04.26-17.02.26:636][  0]LogConfig: Setting CVar [[r.SkyAtmosphere.TransmittanceLUT.UseSmallFormat:0]]
[2022.04.26-17.02.26:636][  0]LogConfig: Setting CVar [[r.SkyAtmosphere.TransmittanceLUT.SampleCount:10.0]]
[2022.04.26-17.02.26:636][  0]LogConfig: Setting CVar [[r.SkyAtmosphere.MultiScatteringLUT.SampleCount:15.0]]
[2022.04.26-17.02.26:637][  0]LogConfig: Setting CVar [[r.SkyLight.RealTimeReflectionCapture:1]]
[2022.04.26-17.02.26:637][  0]LogConfig: Applying CVar settings from Section [FoliageQuality@3] File [C:/Users/njet9/OneDrive/Documents/GitHub/FindingHooman-Unreal/FindingHooman/Saved/Config/Windows/Scalability.ini]
[2022.04.26-17.02.26:637][  0]LogConfig: Setting CVar [[foliage.DensityScale:1.0]]
[2022.04.26-17.02.26:637][  0]LogConfig: Setting CVar [[grass.DensityScale:1.0]]
[2022.04.26-17.02.26:637][  0]LogConfig: Applying CVar settings from Section [ShadingQuality@3] File [C:/Users/njet9/OneDrive/Documents/GitHub/FindingHooman-Unreal/FindingHooman/Saved/Config/Windows/Scalability.ini]
[2022.04.26-17.02.26:637][  0]LogConfig: Setting CVar [[r.HairStrands.SkyLighting.IntegrationType:2]]
[2022.04.26-17.02.26:637][  0]LogConfig: Setting CVar [[r.HairStrands.SkyAO.SampleCount:4]]
[2022.04.26-17.02.26:637][  0]LogConfig: Setting CVar [[r.HairStrands.Visibility.MSAA.SamplePerPixel:4]]
[2022.04.26-17.02.26:637][  0]LogConfig: Applying CVar settings from Section [Startup] File [../../../Engine/Config/ConsoleVariables.ini]
[2022.04.26-17.02.26:637][  0]LogConfig: Setting CVar [[net.UseAdaptiveNetUpdateFrequency:0]]
[2022.04.26-17.02.26:637][  0]LogConfig: Setting CVar [[p.chaos.AllowCreatePhysxBodies:1]]
[2022.04.26-17.02.26:637][  0]LogConfig: Setting CVar [[fx.SkipVectorVMBackendOptimizations:1]]
[2022.04.26-17.02.26:637][  0]LogConfig: Applying CVar settings from Section [ConsoleVariables] File [C:/Users/njet9/OneDrive/Documents/GitHub/FindingHooman-Unreal/FindingHooman/Saved/Config/Windows/Engine.ini]
[2022.04.26-17.02.26:637][  0]LogConfig: Applying CVar settings from Section [ConsoleVariables] File [C:/Users/njet9/OneDrive/Documents/GitHub/FindingHooman-Unreal/FindingHooman/Saved/Config/Windows/Editor.ini]
[2022.04.26-17.02.26:637][  0]LogInit: Computer: DESKTOP-COTE9FO
[2022.04.26-17.02.26:637][  0]LogInit: User: njet9
[2022.04.26-17.02.26:637][  0]LogInit: CPU Page size=4096, Cores=6
[2022.04.26-17.02.26:637][  0]LogInit: High frequency timer resolution =10.000000 MHz
[2022.04.26-17.02.26:637][  0]LogMemory: Memory total: Physical=15.9GB (16GB approx)
[2022.04.26-17.02.26:637][  0]LogMemory: Platform Memory Stats for Windows
[2022.04.26-17.02.26:637][  0]LogMemory: Process Physical Memory: 146.50 MB used, 146.50 MB peak
[2022.04.26-17.02.26:637][  0]LogMemory: Process Virtual Memory: 128.00 MB used, 128.00 MB peak
[2022.04.26-17.02.26:637][  0]LogMemory: Physical Memory: 10651.87 MB used,  5610.25 MB free, 16262.12 MB total
[2022.04.26-17.02.26:637][  0]LogMemory: Virtual Memory: 134211608.00 MB used,  6118.74 MB free, 134217728.00 MB total
[2022.04.26-17.02.26:643][  0]LogWindows: WindowsPlatformFeatures enabled
[2022.04.26-17.02.26:682][  0]LogInit: Physics initialised using underlying interface: PhysX
[2022.04.26-17.02.26:683][  0]LogInit: Using OS detected language (en-GB).
[2022.04.26-17.02.26:683][  0]LogInit: Using OS detected locale (en-US).
[2022.04.26-17.02.26:684][  0]LogTextLocalizationManager: No specific localization for 'en-GB' exists, so the 'en' localization will be used.
[2022.04.26-17.02.26:881][  0]LogInit: Setting process to per monitor DPI aware
[2022.04.26-17.02.26:890][  0]LogWindowsTextInputMethodSystem: Display: IME system deactivated.
[2022.04.26-17.02.26:902][  0]LogSlate: New Slate User Created.  User Index 0, Is Virtual User: 0
[2022.04.26-17.02.26:902][  0]LogSlate: Slate User Registered.  User Index 0, Is Virtual User: 0
[2022.04.26-17.02.27:005][  0]LogD3D11RHI: Loaded GFSDK_Aftermath_Lib.x64.dll
[2022.04.26-17.02.27:010][  0]LogHMD: Failed to initialize OpenVR with code 110
[2022.04.26-17.02.27:010][  0]LogD3D11RHI: D3D11 min allowed feature level: 11_0
[2022.04.26-17.02.27:010][  0]LogD3D11RHI: D3D11 max allowed feature level: 11_0
[2022.04.26-17.02.27:010][  0]LogD3D11RHI: D3D11 adapters:
[2022.04.26-17.02.27:122][  0]LogD3D11RHI:    0. 'NVIDIA GeForce RTX 2070' (Feature Level 11_0)
[2022.04.26-17.02.27:122][  0]LogD3D11RHI:       8031/0/8131 MB DedicatedVideo/DedicatedSystem/SharedSystem, Outputs:2, VendorId:0x10de
[2022.04.26-17.02.27:124][  0]LogD3D11RHI:    1. 'Microsoft Basic Render Driver' (Feature Level 11_0)
[2022.04.26-17.02.27:124][  0]LogD3D11RHI:       0/0/8131 MB DedicatedVideo/DedicatedSystem/SharedSystem, Outputs:0, VendorId:0x1414
[2022.04.26-17.02.27:124][  0]LogD3D11RHI: Chosen D3D11 Adapter:
[2022.04.26-17.02.27:124][  0]LogD3D11RHI:     Description : NVIDIA GeForce RTX 2070
[2022.04.26-17.02.27:124][  0]LogD3D11RHI:     VendorId    : 10de
[2022.04.26-17.02.27:124][  0]LogD3D11RHI:     DeviceId    : 1f50
[2022.04.26-17.02.27:124][  0]LogD3D11RHI:     SubSysId    : 8603103c
[2022.04.26-17.02.27:124][  0]LogD3D11RHI:     Revision    : 00a1
[2022.04.26-17.02.27:124][  0]LogD3D11RHI:     DedicatedVideoMemory : 8421113856 bytes
[2022.04.26-17.02.27:124][  0]LogD3D11RHI:     DedicatedSystemMemory : 0 bytes
[2022.04.26-17.02.27:125][  0]LogD3D11RHI:     SharedSystemMemory : 8526032896 bytes
[2022.04.26-17.02.27:125][  0]LogD3D11RHI:     AdapterLuid : 0 71630
[2022.04.26-17.02.27:132][  0]LogD3D11RHI: Creating new Direct3DDevice
[2022.04.26-17.02.27:132][  0]LogD3D11RHI:     GPU DeviceId: 0x1f50 (for the marketing name, search the web for "GPU Device Id")
[2022.04.26-17.02.27:132][  0]LogWindows: EnumDisplayDevices:
[2022.04.26-17.02.27:132][  0]LogWindows:    0. 'NVIDIA GeForce RTX 2070' (P:1 D:1)
[2022.04.26-17.02.27:133][  0]LogWindows:    1. 'NVIDIA GeForce RTX 2070' (P:0 D:1)
[2022.04.26-17.02.27:133][  0]LogWindows:    2. 'NVIDIA GeForce RTX 2070' (P:0 D:0)
[2022.04.26-17.02.27:133][  0]LogWindows:    3. 'NVIDIA GeForce RTX 2070' (P:0 D:0)
[2022.04.26-17.02.27:133][  0]LogWindows: DebugString: FoundDriverCount:4 
[2022.04.26-17.02.27:133][  0]LogD3D11RHI:     Adapter Name: NVIDIA GeForce RTX 2070
[2022.04.26-17.02.27:133][  0]LogD3D11RHI:   Driver Version: 512.15 (internal:30.0.15.1215, unified:512.15)
[2022.04.26-17.02.27:133][  0]LogD3D11RHI:      Driver Date: 3-17-2022
[2022.04.26-17.02.27:133][  0]LogRHI: Texture pool is 5621 MB (70% of 8031 MB)
[2022.04.26-17.02.27:133][  0]LogD3D11RHI: Creating D3DDevice using adapter:
[2022.04.26-17.02.27:133][  0]LogD3D11RHI:     Description : NVIDIA GeForce RTX 2070
[2022.04.26-17.02.27:133][  0]LogD3D11RHI:     VendorId    : 10de
[2022.04.26-17.02.27:133][  0]LogD3D11RHI:     DeviceId    : 1f50
[2022.04.26-17.02.27:133][  0]LogD3D11RHI:     SubSysId    : 8603103c
[2022.04.26-17.02.27:133][  0]LogD3D11RHI:     Revision    : 00a1
[2022.04.26-17.02.27:133][  0]LogD3D11RHI:     DedicatedVideoMemory : 8421113856 bytes
[2022.04.26-17.02.27:133][  0]LogD3D11RHI:     DedicatedSystemMemory : 0 bytes
[2022.04.26-17.02.27:133][  0]LogD3D11RHI:     SharedSystemMemory : 8526032896 bytes
[2022.04.26-17.02.27:133][  0]LogD3D11RHI:     AdapterLuid : 0 71630
[2022.04.26-17.02.27:197][  0]LogD3D11RHI: RHI has support for 64 bit atomics
[2022.04.26-17.02.27:197][  0]LogD3D11RHI: Async texture creation enabled
[2022.04.26-17.02.27:197][  0]LogD3D11RHI: Array index from any shader is supported
[2022.04.26-17.02.27:220][  0]LogD3D11RHI: GPU Timing Frequency: 1000.000000 (Debug: 2 1)
[2022.04.26-17.02.27:266][  0]LogRHI: GeForceNow SDK initialized: 1
[2022.04.26-17.02.27:582][  0]LogTargetPlatformManager: Display: Loaded TargetPlatform 'AllDesktop'
[2022.04.26-17.02.27:604][  0]LogTargetPlatformManager: Display: Loaded TargetPlatform 'Android'
[2022.04.26-17.02.27:604][  0]LogTargetPlatformManager: Display: Loaded TargetPlatform 'Android_ASTC'
[2022.04.26-17.02.27:604][  0]LogTargetPlatformManager: Display: Loaded TargetPlatform 'Android_DXT'
[2022.04.26-17.02.27:604][  0]LogTargetPlatformManager: Display: Loaded TargetPlatform 'Android_ETC2'
[2022.04.26-17.02.27:604][  0]LogTargetPlatformManager: Display: Loaded TargetPlatform 'AndroidClient'
[2022.04.26-17.02.27:604][  0]LogTargetPlatformManager: Display: Loaded TargetPlatform 'Android_ASTCClient'
[2022.04.26-17.02.27:604][  0]LogTargetPlatformManager: Display: Loaded TargetPlatform 'Android_DXTClient'
[2022.04.26-17.02.27:604][  0]LogTargetPlatformManager: Display: Loaded TargetPlatform 'Android_ETC2Client'
[2022.04.26-17.02.27:604][  0]LogTargetPlatformManager: Display: Loaded TargetPlatform 'Android_Multi'
[2022.04.26-17.02.27:604][  0]LogTargetPlatformManager: Display: Loaded TargetPlatform 'Android_MultiClient'
[2022.04.26-17.02.27:626][  0]LogTargetPlatformManager: Display: Loaded TargetPlatform 'IOSClient'
[2022.04.26-17.02.27:626][  0]LogTargetPlatformManager: Display: Loaded TargetPlatform 'IOS'
[2022.04.26-17.02.27:635][  0]LogTargetPlatformManager: Display: Loaded TargetPlatform 'Linux'
[2022.04.26-17.02.27:648][  0]LogTargetPlatformManager: Display: Loaded TargetPlatform 'LinuxNoEditor'
[2022.04.26-17.02.27:654][  0]LogTargetPlatformManager: Display: Loaded TargetPlatform 'LinuxClient'
[2022.04.26-17.02.27:660][  0]LogTargetPlatformManager: Display: Loaded TargetPlatform 'LinuxServer'
[2022.04.26-17.02.27:669][  0]LogTargetPlatformManager: Display: Loaded TargetPlatform 'LinuxAArch64NoEditor'
[2022.04.26-17.02.27:673][  0]LogTargetPlatformManager: Display: Loaded TargetPlatform 'LinuxAArch64Client'
[2022.04.26-17.02.27:678][  0]LogTargetPlatformManager: Display: Loaded TargetPlatform 'LinuxAArch64Server'
[2022.04.26-17.02.27:700][  0]LogTargetPlatformManager: Display: Loaded TargetPlatform 'Lumin'
[2022.04.26-17.02.27:700][  0]LogTargetPlatformManager: Display: Loaded TargetPlatform 'LuminClient'
[2022.04.26-17.02.27:710][  0]LogTargetPlatformManager: Display: Loaded TargetPlatform 'MacNoEditor'
[2022.04.26-17.02.27:716][  0]LogTargetPlatformManager: Display: Loaded TargetPlatform 'Mac'
[2022.04.26-17.02.27:721][  0]LogTargetPlatformManager: Display: Loaded TargetPlatform 'MacClient'
[2022.04.26-17.02.27:726][  0]LogTargetPlatformManager: Display: Loaded TargetPlatform 'MacServer'
[2022.04.26-17.02.27:736][  0]LogTargetPlatformManager: Display: Loaded TargetPlatform 'TVOSClient'
[2022.04.26-17.02.27:736][  0]LogTargetPlatformManager: Display: Loaded TargetPlatform 'TVOS'
[2022.04.26-17.02.27:746][  0]LogTargetPlatformManager: Display: Loaded TargetPlatform 'WindowsNoEditor'
[2022.04.26-17.02.27:751][  0]LogTargetPlatformManager: Display: Loaded TargetPlatform 'Windows'
[2022.04.26-17.02.27:756][  0]LogTargetPlatformManager: Display: Loaded TargetPlatform 'WindowsClient'
[2022.04.26-17.02.27:761][  0]LogTargetPlatformManager: Display: Loaded TargetPlatform 'WindowsServer'
[2022.04.26-17.02.27:761][  0]LogTargetPlatformManager: Display: Building Assets For Windows
[2022.04.26-17.02.27:769][  0]LogAudioDebug: Display: Lib vorbis DLL was dynamically loaded.
[2022.04.26-17.02.27:805][  0]LogTextureFormatOodle: Display: Oodle Texture 2.9.0 init RDO Off
[2022.04.26-17.02.27:840][  0]LogRendererCore: Ray tracing is disabled. Reason: r.RayTracing=0.
[2022.04.26-17.02.27:841][  0]LogShaderCompilers: Guid format shader working directory is -30 characters bigger than the processId version (C:/Users/njet9/OneDrive/Documents/GitHub/FindingHooman-Unreal/FindingHooman/Intermediate/Shaders/WorkingDirectory/19160/).
[2022.04.26-17.02.27:841][  0]LogShaderCompilers: Cleaned the shader compiler working directory 'C:/Users/njet9/AppData/Local/Temp/UnrealShaderWorkingDir/3E6AAD1C454DC52654F21B9C2CCCF571/'.
[2022.04.26-17.02.27:841][  0]LogXGEController: Cannot use XGE Controller as Incredibuild is not installed on this machine.
[2022.04.26-17.02.27:841][  0]LogShaderCompilers: Cannot use XGE Shader Compiler as Incredibuild is not installed on this machine.
[2022.04.26-17.02.27:841][  0]LogShaderCompilers: Display: Using Local Shader Compiler.
[2022.04.26-17.02.28:641][  0]LogDerivedDataCache: Display: Max Cache Size: 512 MB
[2022.04.26-17.02.28:704][  0]LogDerivedDataCache: Loaded boot cache 0.06s 104MB C:/Users/njet9/AppData/Local/UnrealEngine/4.27/DerivedDataCache/Boot.ddc.
[2022.04.26-17.02.28:704][  0]LogDerivedDataCache: Display: Loaded Boot cache: C:/Users/njet9/AppData/Local/UnrealEngine/4.27/DerivedDataCache/Boot.ddc
[2022.04.26-17.02.28:705][  0]LogDerivedDataCache: FDerivedDataBackendGraph:  Pak pak cache file C:/Users/njet9/OneDrive/Documents/GitHub/FindingHooman-Unreal/FindingHooman/DerivedDataCache/DDC.ddp not found, will not use a pak cache.
[2022.04.26-17.02.28:705][  0]LogDerivedDataCache: Unable to find inner node Pak for hierarchical cache Hierarchy.
[2022.04.26-17.02.28:705][  0]LogDerivedDataCache: FDerivedDataBackendGraph:  CompressedPak pak cache file C:/Users/njet9/OneDrive/Documents/GitHub/FindingHooman-Unreal/FindingHooman/DerivedDataCache/Compressed.ddp not found, will not use a pak cache.
[2022.04.26-17.02.28:705][  0]LogDerivedDataCache: Unable to find inner node CompressedPak for hierarchical cache Hierarchy.
[2022.04.26-17.02.28:720][  0]LogDerivedDataCache: Display: Pak cache opened for reading ../../../Engine/DerivedDataCache/Compressed.ddp.
[2022.04.26-17.02.28:720][  0]LogDerivedDataCache: FDerivedDataBackendGraph:  EnterprisePak pak cache file ../../../Enterprise/DerivedDataCache/Compressed.ddp not found, will not use a pak cache.
[2022.04.26-17.02.28:720][  0]LogDerivedDataCache: Unable to find inner node EnterprisePak for hierarchical cache Hierarchy.
[2022.04.26-17.02.28:727][  0]LogDerivedDataCache: Speed tests for C:/Users/njet9/AppData/Local/UnrealEngine/Common/DerivedDataCache took 0.01 seconds
[2022.04.26-17.02.28:727][  0]LogDerivedDataCache: Display: Performance to C:/Users/njet9/AppData/Local/UnrealEngine/Common/DerivedDataCache: Latency=0.02ms. RandomReadSpeed=1727.40MBs, RandomWriteSpeed=166.10MBs. Assigned SpeedClass 'Local'
[2022.04.26-17.02.28:728][  0]LogDerivedDataCache: Using Local data cache path C:/Users/njet9/AppData/Local/UnrealEngine/Common/DerivedDataCache: Writable
[2022.04.26-17.02.28:728][  0]LogDerivedDataCache: Shared data cache path not found in *engine.ini, will not use an Shared cache.
[2022.04.26-17.02.28:728][  0]LogDerivedDataCache: Unable to find inner node Shared for hierarchical cache Hierarchy.
[2022.04.26-17.02.28:781][  0]LogSlate: Using FreeType 2.10.0
[2022.04.26-17.02.28:781][  0]LogSlate: SlateFontServices - WITH_FREETYPE: 1, WITH_HARFBUZZ: 1
[2022.04.26-17.02.28:805][  0]LogAssetRegistry: FAssetRegistry took 0.0023 seconds to start up
[2022.04.26-17.02.29:057][  0]LogInit: Selected Device Profile: [Windows]
[2022.04.26-17.02.29:057][  0]LogInit: Active device profile: [000002464FAA1000][000002464B06C8C0 49] Windows
[2022.04.26-17.02.29:057][  0]LogInit: Profiles: [000002464FAA1000][000002464B06C8C0 49] Windows, [000002464FA62B00][000002464B070A00 49] WindowsNoEditor, [000002464FAA2000][000002464FFECB40 49] WindowsServer, [000002464FA60900][0000024650016C80 49] WindowsClient, [000002464FAA1200][0000024650106DC0 49] IOS, [000002464FA61700][000002465015EF40 49] iPadAir, [000002464FAA3500][00000246501690C0 49] iPadAir2, [000002464F9FD300][000002465037B380 49] IPadPro, [000002464F9FD400][000002465017D3C0 49] iPadAir3, [000002464FA60B00][0000024650385540 49] iPadAir4, [000002464F9FE100][00000246503896C0 49] iPadMini2, [000002464FA63700][00000246503C9840 49] iPadMini3, [000002464F9FEC00][00000246503D39C0 49] iPadMini4, [000002464FA62400][00000246503D7B40 49] iPadMini5, [000002464FA04F00][00000246503DE280 49] iPhone6, [000002464FA05000][00000246503DA2C0 49] iPodTouch6, [000002464FAA3800][000002464EBF0580 49] iPhone7, [000002464FAA2900][00000246503F65C0 49] iPodTouch7, [000002464F9FDB00][000002464EBFC740 49] iPhone5S, [000002464FAA1400][000002464EC008C0 49] iPhone6Plus, [000002464FAA0700][000002464EC04A40 49] iPhone6S, [000002464FA04900][000002465014EB80 49] iPhone6SPlus, [000002464FAA1500][000002464EC08CC0 49] iPhone7Plus, [000002464FAA3100][000002464EC0CE00 49] iPhoneSE, [000002464FAA3700][000002464C126F40 49] iPhone8, [000002464FA05700][000002464C12F0C0 49] iPhone8Plus, [000002464F9FFB00][000002464C133240 49] iPhoneX, [000002464FA07F00][000002464E8953C0 49] iPhoneXS, [000002464F9FF200][000002464E899540 49] iPhoneXSMax, [000002464FA07800][000002464E89D6C0 49] iPhoneXR, [000002464F9FD200][000002464E8A1840 49] iPhone11, [000002464FA05F00][0000024645F8D9C0 49] iPhone11Pro, [000002464F9FE500][0000024645F91B40 49] iPhone11ProMax, [000002464FA07000][0000024645F94140 49] iPhoneSE2, [000002464F9FC100][0000024645F982C0 49] iPhone12Mini, [000002464FA06300][000002464E9FE440 49] iPhone12, [000002464F9FFC00][000002464EA025C0 49] iPhone12Pro, [000002464FA04500][000002464EA06740 49] iPhone12ProMax, [000002464F9FD700][000002464C1368C0 49] iPadPro105, [000002464FA05300][000002464C122A40 49] iPadPro129, [000002464F9FEF00][000002464EA0ABC0 49] iPadPro97, [000002464FA05200][000002464EA0ED40 49] iPadPro2_129, [000002464F9FF500][000002464C12AE80 49] iPad5, [000002464FA04C00][000002464FFDCFC0 49] iPad6, [000002464F9FDC00][000002464B093100 49] iPad7, [000002464FA06500][000002464B04D280 49] iPad8, [000002464F9FE600][000002464FD49400 49] iPadPro11, [000002464FA04200][000002464FD45580 49] iPadPro2_11, [000002464F9FD800][000002464FD41700 49] iPadPro3_129, [000002464FA06600][000002464FD3D880 49] iPadPro4_129, [000002464F9FE700][000002464FD2BA00 49] AppleTV, [000002464FA06000][000002464FD27B80 49] AppleTV4K, [000002464F9FFF00][000002464EAAE180 49] TVOS, [000002464FA05600][000002464EA9A300 49] Mac, [000002464F9FE300][000002464EA86480 49] MacClient, [000002464FA04400][0000024643892600 49] MacNoEditor, [000002464F9FEE00][0000024645FEE780 49] MacServer, [000002464FA05B00][000002464D638900 49] Linux, [000002464F9FD900][000002464B05AA80 49] LinuxAArch64, [000002464FA07E00][000002464EBBAC00 49] LinuxNoEditor, [000002464F9FDF00][000002464EBBED80 49] LinuxAArch64NoEditor, [000002464FA07C00][000002464EBC2F00 49] LinuxClient, [000002464F9FC400][000002464D635040 49] LinuxAArch64Client, [000002464FA06200][000002464EBC7180 49] LinuxServer, [000002464F9FFD00][000002464EBCB2C0 49] LinuxAArch64Server, [000002464FA04A00][000002464EBD3440 49] Android, [000002464F9FDA00][000002464EBD75C0 49] Android_Low, [000002464FA07A00][000002464D63D740 49] Android_Mid, [000002464F9FF300][000002464D6418C0 49] Android_High, [000002464FA07900][000002464D645A40 49] Android_Default, [000002464F9FDE00][000002464D649BC0 49] Android_Adreno4xx, [000002464FA05500][000002464D64C1C0 49] Android_Adreno5xx_Low, [000002464F9FEA00][000002464D650340 49] Android_Adreno5xx, [000002464FA07700][000002464D6544C0 49] Android_Adreno6xx, [000002464F9FF600][000002464D658640 49] Android_Adreno6xx_Vulkan, [000002464FA04B00][000002464D65C7C0 49] Android_Mali_T6xx, [000002464FAA1800][000002464D660940 49] Android_Mali_T7xx, [000002464FA60F00][000002464C0ECAC0 49] Android_Mali_T8xx, [000002464FAA1B00][000002464C0F0C40 49] Android_Mali_G71, [000002464FA62E00][000002464C0F4DC0 49] Android_Mali_G72, [000002464FAA3A00][000002464C0F8F40 49] Android_Mali_G72_Vulkan, [000002464FA62000][000002464C0FD0C0 49] Android_Mali_G76, [000002464FAA3400][000002464EBCF200 49] Android_Mali_G76_Vulkan, [000002464FA60400][000002464C101340 49] Android_Mali_G77, [000002464FAA3200][000002464C105480 49] Android_Mali_G77_Vulkan, [000002464FA60700][000002464C1095C0 49] Android_Mali_G78, [000002464FAA3300][000002464C111740 49] Android_Mali_G78_Vulkan, [000002464FA62100][000002464C1158C0 49] Android_Mali_G710, [000002464FAA3B00][000002464C119A40 49] Android_Mali_G710_Vulkan, [000002464FA63800][000002464C11DBC0 49] Android_Vulkan_SM5, [000002464FAA1F00][000002464C14C1C0 49] Android_PowerVR_G6xxx, [000002464FA62C00][000002464C150340 49] Android_PowerVR_GT7xxx, [000002464FAA2C00][000002464C1544C0 49] Android_PowerVR_GE8xxx, [000002464FA63300][000002464C158640 49] Android_PowerVR_GM9xxx, [000002464FAA1900][000002464C15C7C0 49] Android_PowerVR_GM9xxx_Vulkan, [000002464FA61300][000002464C160940 49] Android_TegraK1, [000002464FAA0200][000002464C164AC0 49] Android_Unknown_Vulkan, [000002464FA62F00][000002464C168C40 49] Lumin, [000002464FAA0F00][000002464C16CDC0 49] Lumin_Desktop, [000002464FA60600][000002464C170F40 49] HoloLens, 
[2022.04.26-17.02.29:196][  0]LogMeshReduction: Using QuadricMeshReduction for automatic static mesh reduction
[2022.04.26-17.02.29:196][  0]LogMeshReduction: Using SimplygonMeshReduction for automatic skeletal mesh reduction
[2022.04.26-17.02.29:196][  0]LogMeshReduction: Using ProxyLODMeshReduction for automatic mesh merging
[2022.04.26-17.02.29:196][  0]LogMeshReduction: No distributed automatic mesh merging module available
[2022.04.26-17.02.29:196][  0]LogMeshMerging: No distributed automatic mesh merging module available
[2022.04.26-17.02.29:218][  0]LogNetVersion: FindingHooman 1.0.0, NetCL: 17155196, EngineNetVer: 17, GameNetVer: 0 (Checksum: 1564941327)
[2022.04.26-17.02.29:588][  0]LogTexture: Default maximum texture size for cubemaps generated from long-lat sources has been changed from 512 to unlimited. In order to preserve old behaiour for '/Engine/MapTemplates/Sky/DaylightAmbientCubemap.DaylightAmbientCubemap', its maximum texture size has been explicitly set to 512.
[2022.04.26-17.02.29:646][  0]LogHMD: PokeAHoleMaterial loaded successfully
[2022.04.26-17.02.29:651][  0]LogUObjectArray: 17178 objects as part of root set at end of initial load.
[2022.04.26-17.02.29:652][  0]LogUObjectAllocator: 4302048 out of 0 bytes used by permanent object pool.
[2022.04.26-17.02.29:652][  0]LogUObjectArray: CloseDisregardForGC: 0/0 objects in disregard for GC pool
[2022.04.26-17.02.29:933][  0]LogPython: Using Python 3.7.7
[2022.04.26-17.02.30:462][  0]LogNiagaraDebuggerClient: Niagara Debugger Client Initialized | Session: CDCC214A4FD85138B1F781A84D6AD864 | Instance: C8311ACA46CDE12316C4E7AD12669EBF (DESKTOP-COTE9FO-19160).
[2022.04.26-17.02.30:604][  0]LogTcpMessaging: Initializing TcpMessaging bridge
[2022.04.26-17.02.30:609][  0]LogUdpMessaging: Initializing bridge on interface 0.0.0.0:0 to multicast group 230.0.0.1:6666.
[2022.04.26-17.02.30:973][  0]SourceControl: Source control is disabled
[2022.04.26-17.02.30:973][  0]SourceControl: Source control is disabled
[2022.04.26-17.02.30:977][  0]SourceControl: Source control is disabled
[2022.04.26-17.02.30:980][  0]SourceControl: Source control is disabled
[2022.04.26-17.02.30:991][  0]SourceControl: Source control is disabled
[2022.04.26-17.02.30:998][  0]LogUProjectInfo: Found projects:
[2022.04.26-17.02.31:196][  0]LogOpenImageDenoise: OIDN starting up
[2022.04.26-17.02.31:243][  0]LogAndroidPermission: UAndroidPermissionCallbackProxy::GetInstance
[2022.04.26-17.02.31:266][  0]LogAudioCaptureCore: Display: No Audio Capture implementations found. Audio input will be silent.
[2022.04.26-17.02.31:266][  0]LogAudioCaptureCore: Display: No Audio Capture implementations found. Audio input will be silent.
[2022.04.26-17.02.31:378][  0]LogCollectionManager: Loaded 0 collections in 0.000577 seconds
[2022.04.26-17.02.31:399][  0]LogFileCache: Scanning file cache for directory 'C:/Users/njet9/OneDrive/Documents/GitHub/FindingHooman-Unreal/FindingHooman/Saved/Collections/' took 0.00s
[2022.04.26-17.02.31:399][  0]LogFileCache: Scanning file cache for directory 'C:/Users/njet9/OneDrive/Documents/GitHub/FindingHooman-Unreal/FindingHooman/Content/Developers/njet9/Collections/' took 0.00s
[2022.04.26-17.02.31:399][  0]LogFileCache: Scanning file cache for directory 'C:/Users/njet9/OneDrive/Documents/GitHub/FindingHooman-Unreal/FindingHooman/Content/Collections/' took 0.00s
[2022.04.26-17.02.31:399][  0]LogOcInput: OculusInput pre-init called
[2022.04.26-17.02.31:616][  0]LogEngine: Initializing Engine...
[2022.04.26-17.02.31:618][  0]LogHMD: Failed to enumerate extensions. Please check that you have a valid OpenXR runtime installed.
[2022.04.26-17.02.31:618][  0]LogHMD: Failed to initialize OpenVR with code 110
[2022.04.26-17.02.31:618][  0]LogMagicLeap: Warning: VR disabled because ZI is not enabled.  To enable, in the editor, Edit -> Project Settings -> Plugins -> Magic Leap Plugin -> Enable Zero Iteration
[2022.04.26-17.02.31:619][  0]LogStats: UGameplayTagsManager::InitializeManager -  0.000 s
[2022.04.26-17.02.31:730][  0]LogInit: Initializing FReadOnlyCVARCache
[2022.04.26-17.02.31:737][  0]LogAIModule: Creating AISystem for world Untitled
[2022.04.26-17.02.31:737][  0]LogAudio: Display: Initializing Audio Device Manager...
[2022.04.26-17.02.31:740][  0]LogAudio: Display: Loading Default Audio Settings Objects...
[2022.04.26-17.02.31:741][  0]LogAudio: Display: No default SoundConcurrencyObject specified (or failed to load).
[2022.04.26-17.02.31:742][  0]LogAudio: Display: Audio Device Manager Initialized
[2022.04.26-17.02.31:742][  0]LogAudio: Display: Creating Audio Device:                 Id: 1, Scope: Shared, Realtime: True
[2022.04.26-17.02.31:742][  0]LogAudioMixer: Display: Audio Mixer Platform Settings:
[2022.04.26-17.02.31:742][  0]LogAudioMixer: Display: 	Sample Rate:						  48000
[2022.04.26-17.02.31:742][  0]LogAudioMixer: Display: 	Callback Buffer Frame Size Requested: 1024
[2022.04.26-17.02.31:743][  0]LogAudioMixer: Display: 	Callback Buffer Frame Size To Use:	  1024
[2022.04.26-17.02.31:743][  0]LogAudioMixer: Display: 	Number of buffers to queue:			  2
[2022.04.26-17.02.31:743][  0]LogAudioMixer: Display: 	Max Channels (voices):				  32
[2022.04.26-17.02.31:743][  0]LogAudioMixer: Display: 	Number of Async Source Workers:		  0
[2022.04.26-17.02.31:743][  0]LogAudio: Display: AudioDevice MaxSources: 32
[2022.04.26-17.02.31:743][  0]LogAudio: Display: Audio Spatialization Plugin: None (built-in).
[2022.04.26-17.02.31:743][  0]LogAudio: Display: Audio Reverb Plugin: None (built-in).
[2022.04.26-17.02.31:743][  0]LogAudio: Display: Audio Occlusion Plugin: None (built-in).
[2022.04.26-17.02.31:743][  0]LogAudioMixer: Display: Initializing audio mixer.
[2022.04.26-17.02.31:755][  0]LogAudioMixer: Display: 0: FrontLeft
[2022.04.26-17.02.31:755][  0]LogAudioMixer: Display: 1: FrontRight
[2022.04.26-17.02.33:028][  0]LogAudioMixer: Display: Using Audio Device Speaker (Realtek(R) Audio)
[2022.04.26-17.02.33:032][  0]LogAudioMixer: Display: Initializing Sound Submixes...
[2022.04.26-17.02.33:034][  0]LogAudioMixer: Display: Creating Master Submix 'MasterSubmixDefault'
[2022.04.26-17.02.33:034][  0]LogAudioMixer: Display: Creating Master Submix 'MasterReverbSubmixDefault'
[2022.04.26-17.02.33:035][  0]LogAudioMixer: Display: Creating Master Submix 'MasterEQSubmixDefault'
[2022.04.26-17.02.33:035][  0]LogAudioMixer: FMixerPlatformXAudio2::StartAudioStream() called
[2022.04.26-17.02.33:035][  0]LogAudioMixer: Display: Output buffers initialized: Frames=1024, Channels=2, Samples=2048
[2022.04.26-17.02.33:036][  0]LogAudioMixer: Display: Starting AudioMixerPlatformInterface::RunInternal()
[2022.04.26-17.02.33:036][  0]LogAudioMixer: Display: FMixerPlatformXAudio2::SubmitBuffer() called for the first time
[2022.04.26-17.02.33:036][  0]LogInit: FAudioDevice initialized.
[2022.04.26-17.02.33:036][  0]LogAudio: Display: Audio Device (ID: 1) registered with world 'Untitled'.
[2022.04.26-17.02.33:036][  0]LogNetVersion: Set ProjectVersion to 1.0.0.0. Version Checksum will be recalculated on next use.
[2022.04.26-17.02.33:099][  0]LogDerivedDataCache: Saved boot cache 0.06s 104MB C:/Users/njet9/AppData/Local/UnrealEngine/4.27/DerivedDataCache/Boot.ddc.
[2022.04.26-17.02.33:099][  0]LogInit: Texture streaming: Enabled
[2022.04.26-17.02.33:113][  0]LogAnalytics: Display: [UEEditor.Rocket.Release] APIServer = https://datarouter.ol.epicgames.com/. AppVersion = 4.27.2-18319896+++UE4+Release-4.27
[2022.04.26-17.02.33:117][  0]LogEngineSessionManager: EngineSessionManager initialized
[2022.04.26-17.02.33:117][  0]LogEditorSessionSummary: Verbose: Initializing EditorSessionSummaryWriter for editor session tracking
[2022.04.26-17.02.33:119][  0]LogEditorSessionSummary: EditorSessionSummaryWriter initialized
[2022.04.26-17.02.33:148][  0]LogInit: Transaction tracking system initialized
[2022.04.26-17.02.33:170][  0]BlueprintLog: New page: Editor Load
[2022.04.26-17.02.33:236][  0]LocalizationService: Localization service is disabled
[2022.04.26-17.02.33:268][  0]TimingProfiler: Initialize
[2022.04.26-17.02.33:269][  0]TimingProfiler: OnSessionChanged
[2022.04.26-17.02.33:269][  0]LoadingProfiler: Initialize
[2022.04.26-17.02.33:269][  0]LoadingProfiler: OnSessionChanged
[2022.04.26-17.02.33:269][  0]NetworkingProfiler: Initialize
[2022.04.26-17.02.33:269][  0]NetworkingProfiler: OnSessionChanged
[2022.04.26-17.02.33:269][  0]MemoryProfiler: Initialize
[2022.04.26-17.02.33:269][  0]MemoryProfiler: OnSessionChanged
[2022.04.26-17.02.33:397][  0]LogCook: Display: CookSettings for Memory: MemoryMaxUsedVirtual 0MiB, MemoryMaxUsedPhysical 16384MiB, MemoryMinFreeVirtual 0MiB, MemoryMinFreePhysical 1024MiB
[2022.04.26-17.02.33:397][  0]LogCook: Display: Mobile HDR setting 1
[2022.04.26-17.02.33:571][  0]LogFileCache: Scanning file cache for directory 'C:/Users/njet9/OneDrive/Documents/GitHub/FindingHooman-Unreal/FindingHooman/Content/' took 0.01s
[2022.04.26-17.02.33:737][  0]LogInit: Display: Engine is initialized. Leaving FEngineLoop::Init()
[2022.04.26-17.02.33:739][  0]SourceControl: Source control is disabled
[2022.04.26-17.02.33:739][  0]LogUnrealEdMisc: Loading editor; pre map load, took 8.033
[2022.04.26-17.02.33:739][  0]Cmd: MAP LOAD FILE="C:/Users/njet9/OneDrive/Documents/GitHub/FindingHooman-Unreal/FindingHooman/Content/Maps/MainLevel_Map.umap" TEMPLATE=0 SHOWPROGRESS=1 FEATURELEVEL=3
[2022.04.26-17.02.33:739][  0]LightingResults: New page: Lighting Build
[2022.04.26-17.02.33:740][  0]LogWorld: UWorld::CleanupWorld for Untitled, bSessionEnded=true, bCleanupResources=true
[2022.04.26-17.02.33:741][  0]LogSlate: InvalidateAllWidgets triggered.  All widgets were invalidated
[2022.04.26-17.02.33:741][  0]MapCheck: New page: Map Check
[2022.04.26-17.02.33:741][  0]LightingResults: New page: Lighting Build
[2022.04.26-17.02.33:748][  0]LogAudio: Display: Audio Device unregistered from world 'None'.
[2022.04.26-17.02.33:751][  0]LogUObjectHash: Compacting FUObjectHashTables data took   0.80ms
[2022.04.26-17.02.33:821][  0]LogBlueprint: Warning: [AssetLog] C:\Users\njet9\OneDrive\Documents\GitHub\FindingHooman-Unreal\FindingHooman\Content\Blueprints\Doggo_Anim_BP2.uasset: [Compiler] Idle to Move  will never be taken, please connect something to  Can Enter Transition
[2022.04.26-17.02.33:821][  0]LogBlueprint: Warning: [AssetLog] C:\Users\njet9\OneDrive\Documents\GitHub\FindingHooman-Unreal\FindingHooman\Content\Blueprints\Doggo_Anim_BP2.uasset: [Compiler] Move to Idle  will never be taken, please connect something to  Can Enter Transition
[2022.04.26-17.02.35:999][  0]LogAudio: Display: Audio Device (ID: 1) registered with world 'MainLevel_Map'.
[2022.04.26-17.02.36:000][  0]LogAIModule: Creating AISystem for world MainLevel_Map
[2022.04.26-17.02.36:005][  0]LogMaterial: Display: Material /Game/StarterContent/Materials/M_Metal_Gold.M_Metal_Gold needed to have new flag set bUsedWithSkeletalMesh !
[2022.04.26-17.02.36:006][  0]LogMaterial: Display: Missing cached shadermap for M_Metal_Gold in PCD3D_SM5, Default, SM5 (DDC key hash: 48B1F5D3741A6D1154AF05434BA7E5EC39D090D8), compiling. 
[2022.04.26-17.02.36:085][  0]LogShaderCompilers: Display: Submitted 41 shader compile jobs with 'Low' priority
[2022.04.26-17.02.36:086][  0]MapCheck: Warning: M_Metal_Gold Material /Game/StarterContent/Materials/M_Metal_Gold.M_Metal_Gold was missing the usage flag bUsedWithSkeletalMesh. If the material asset is not re-saved, it may not render correctly when run outside the editor. Fix
[2022.04.26-17.02.36:772][  0]LogShaderCompilers: Display: Worker (1/9): shaders left to compile 41
[2022.04.26-17.02.36:772][  0]LogShaderCompilers: Display: Worker (2/9): shaders left to compile 36
[2022.04.26-17.02.36:772][  0]LogShaderCompilers: Display: Worker (3/9): shaders left to compile 31
[2022.04.26-17.02.36:772][  0]LogShaderCompilers: Display: Worker (4/9): shaders left to compile 26
[2022.04.26-17.02.36:772][  0]LogShaderCompilers: Display: Worker (5/9): shaders left to compile 21
[2022.04.26-17.02.36:772][  0]LogShaderCompilers: Display: Worker (6/9): shaders left to compile 16
[2022.04.26-17.02.36:772][  0]LogShaderCompilers: Display: Worker (7/9): shaders left to compile 11
[2022.04.26-17.02.36:772][  0]LogShaderCompilers: Display: Worker (8/9): shaders left to compile 6
[2022.04.26-17.02.36:772][  0]LogShaderCompilers: Display: Worker (9/9): shaders left to compile 1
[2022.04.26-17.02.36:772][  0]LogShaderCompilers: Display: Started 41 'Local' shader compile jobs with 'Low' priority
[2022.04.26-17.02.36:772][  0]LogEditorServer: Finished looking for orphan Actors (0.000 secs)
[2022.04.26-17.02.37:015][  0]LogUObjectHash: Compacting FUObjectHashTables data took   5.58ms
[2022.04.26-17.02.37:017][  0]Cmd: MAP CHECKDEP NOCLEARLOG
[2022.04.26-17.02.37:017][  0]MapCheck: Map check complete: 0 Error(s), 1 Warning(s), took 0.275ms to complete.
[2022.04.26-17.02.37:030][  0]LogFileHelpers: Loading map 'MainLevel_Map' took 3.291
[2022.04.26-17.02.37:034][  0]LogUnrealEdMisc: Total Editor Startup Time, took 11.328
[2022.04.26-17.02.37:163][  0]LogSlate: Updating window title bar state: overlay mode, drag disabled, window buttons hidden, title bar hidden
[2022.04.26-17.02.37:174][  0]LogSlate: Updating window title bar state: overlay mode, drag disabled, window buttons hidden, title bar hidden
[2022.04.26-17.02.37:185][  0]LogSlate: Updating window title bar state: overlay mode, drag disabled, window buttons hidden, title bar hidden
[2022.04.26-17.02.37:196][  0]LogSlate: Updating window title bar state: overlay mode, drag disabled, window buttons hidden, title bar hidden
[2022.04.26-17.02.37:215][  0]LogNativeClassHierarchy: Verbose: Native class hierarchy populated in 0.0141 seconds. Added 3837 classes and 935 folders.
[2022.04.26-17.02.37:218][  0]LogNativeClassHierarchy: Verbose: Native class hierarchy updated for 'WidgetCarousel' in 0.0005 seconds. Added 0 classes and 0 folders.
[2022.04.26-17.02.37:220][  0]LogPakFile: PakFile PrimaryIndexSize=187
[2022.04.26-17.02.37:220][  0]LogPakFile: PakFile PathHashIndexSize=101
[2022.04.26-17.02.37:220][  0]LogPakFile: PakFile FullDirectoryIndexSize=148
[2022.04.26-17.02.37:220][  0]LogShaderLibrary: Display: ShaderCodeLibraryPakFileMountedCallback: PakFile 'D:/Epic Games/UE_4.27/FeaturePacks/FP_FirstPerson.upack' (chunk index -1, root 'root:/') mounted
[2022.04.26-17.02.37:220][  0]LogShaderLibrary: Display: ShaderCodeLibraryPakFileMountedCallback: pending pak file info (ChunkID:-1 Root:root:/ File:D:/Epic Games/UE_4.27/FeaturePacks/FP_FirstPerson.upack)
[2022.04.26-17.02.37:220][  0]LogPakFile: OnPakFileMounted2Time == 0.000091
[2022.04.26-17.02.37:221][  0]LogPakFile: PakFile PrimaryIndexSize=189
[2022.04.26-17.02.37:221][  0]LogPakFile: PakFile PathHashIndexSize=101
[2022.04.26-17.02.37:221][  0]LogPakFile: PakFile FullDirectoryIndexSize=152
[2022.04.26-17.02.37:221][  0]LogShaderLibrary: Display: ShaderCodeLibraryPakFileMountedCallback: PakFile 'D:/Epic Games/UE_4.27/FeaturePacks/FP_FirstPersonBP.upack' (chunk index -1, root 'root:/') mounted
[2022.04.26-17.02.37:221][  0]LogShaderLibrary: Display: ShaderCodeLibraryPakFileMountedCallback: pending pak file info (ChunkID:-1 Root:root:/ File:D:/Epic Games/UE_4.27/FeaturePacks/FP_FirstPersonBP.upack)
[2022.04.26-17.02.37:221][  0]LogPakFile: OnPakFileMounted2Time == 0.000055
[2022.04.26-17.02.37:221][  0]LogPakFile: PakFile PrimaryIndexSize=191
[2022.04.26-17.02.37:221][  0]LogPakFile: PakFile PathHashIndexSize=101
[2022.04.26-17.02.37:221][  0]LogPakFile: PakFile FullDirectoryIndexSize=160
[2022.04.26-17.02.37:221][  0]LogShaderLibrary: Display: ShaderCodeLibraryPakFileMountedCallback: PakFile 'D:/Epic Games/UE_4.27/FeaturePacks/MobileStarterContent.upack' (chunk index -1, root 'root:/') mounted
[2022.04.26-17.02.37:221][  0]LogShaderLibrary: Display: ShaderCodeLibraryPakFileMountedCallback: pending pak file info (ChunkID:-1 Root:root:/ File:D:/Epic Games/UE_4.27/FeaturePacks/MobileStarterContent.upack)
[2022.04.26-17.02.37:221][  0]LogPakFile: OnPakFileMounted2Time == 0.000058
[2022.04.26-17.02.37:223][  0]LogPakFile: PakFile PrimaryIndexSize=185
[2022.04.26-17.02.37:224][  0]LogPakFile: PakFile PathHashIndexSize=101
[2022.04.26-17.02.37:224][  0]LogPakFile: PakFile FullDirectoryIndexSize=148
[2022.04.26-17.02.37:224][  0]LogShaderLibrary: Display: ShaderCodeLibraryPakFileMountedCallback: PakFile 'D:/Epic Games/UE_4.27/FeaturePacks/StarterContent.upack' (chunk index -1, root 'root:/') mounted
[2022.04.26-17.02.37:224][  0]LogShaderLibrary: Display: ShaderCodeLibraryPakFileMountedCallback: pending pak file info (ChunkID:-1 Root:root:/ File:D:/Epic Games/UE_4.27/FeaturePacks/StarterContent.upack)
[2022.04.26-17.02.37:224][  0]LogPakFile: OnPakFileMounted2Time == 0.000050
[2022.04.26-17.02.37:225][  0]LogPakFile: PakFile PrimaryIndexSize=190
[2022.04.26-17.02.37:225][  0]LogPakFile: PakFile PathHashIndexSize=101
[2022.04.26-17.02.37:225][  0]LogPakFile: PakFile FullDirectoryIndexSize=154
[2022.04.26-17.02.37:225][  0]LogShaderLibrary: Display: ShaderCodeLibraryPakFileMountedCallback: PakFile 'D:/Epic Games/UE_4.27/FeaturePacks/TP_2DSideScroller.upack' (chunk index -1, root 'root:/') mounted
[2022.04.26-17.02.37:225][  0]LogShaderLibrary: Display: ShaderCodeLibraryPakFileMountedCallback: pending pak file info (ChunkID:-1 Root:root:/ File:D:/Epic Games/UE_4.27/FeaturePacks/TP_2DSideScroller.upack)
[2022.04.26-17.02.37:225][  0]LogPakFile: OnPakFileMounted2Time == 0.000049
[2022.04.26-17.02.37:225][  0]LogPakFile: PakFile PrimaryIndexSize=192
[2022.04.26-17.02.37:225][  0]LogPakFile: PakFile PathHashIndexSize=101
[2022.04.26-17.02.37:225][  0]LogPakFile: PakFile FullDirectoryIndexSize=158
[2022.04.26-17.02.37:225][  0]LogShaderLibrary: Display: ShaderCodeLibraryPakFileMountedCallback: PakFile 'D:/Epic Games/UE_4.27/FeaturePacks/TP_2DSideScrollerBP.upack' (chunk index -1, root 'root:/') mounted
[2022.04.26-17.02.37:225][  0]LogShaderLibrary: Display: ShaderCodeLibraryPakFileMountedCallback: pending pak file info (ChunkID:-1 Root:root:/ File:D:/Epic Games/UE_4.27/FeaturePacks/TP_2DSideScrollerBP.upack)
[2022.04.26-17.02.37:225][  0]LogPakFile: OnPakFileMounted2Time == 0.000053
[2022.04.26-17.02.37:226][  0]LogPakFile: PakFile PrimaryIndexSize=182
[2022.04.26-17.02.37:226][  0]LogPakFile: PakFile PathHashIndexSize=101
[2022.04.26-17.02.37:226][  0]LogPakFile: PakFile FullDirectoryIndexSize=138
[2022.04.26-17.02.37:226][  0]LogShaderLibrary: Display: ShaderCodeLibraryPakFileMountedCallback: PakFile 'D:/Epic Games/UE_4.27/FeaturePacks/TP_Flying.upack' (chunk index -1, root 'root:/') mounted
[2022.04.26-17.02.37:226][  0]LogShaderLibrary: Display: ShaderCodeLibraryPakFileMountedCallback: pending pak file info (ChunkID:-1 Root:root:/ File:D:/Epic Games/UE_4.27/FeaturePacks/TP_Flying.upack)
[2022.04.26-17.02.37:226][  0]LogPakFile: OnPakFileMounted2Time == 0.000049
[2022.04.26-17.02.37:227][  0]LogPakFile: PakFile PrimaryIndexSize=184
[2022.04.26-17.02.37:227][  0]LogPakFile: PakFile PathHashIndexSize=101
[2022.04.26-17.02.37:227][  0]LogPakFile: PakFile FullDirectoryIndexSize=142
[2022.04.26-17.02.37:227][  0]LogShaderLibrary: Display: ShaderCodeLibraryPakFileMountedCallback: PakFile 'D:/Epic Games/UE_4.27/FeaturePacks/TP_FlyingBP.upack' (chunk index -1, root 'root:/') mounted
[2022.04.26-17.02.37:227][  0]LogShaderLibrary: Display: ShaderCodeLibraryPakFileMountedCallback: pending pak file info (ChunkID:-1 Root:root:/ File:D:/Epic Games/UE_4.27/FeaturePacks/TP_FlyingBP.upack)
[2022.04.26-17.02.37:227][  0]LogPakFile: OnPakFileMounted2Time == 0.000048
[2022.04.26-17.02.37:227][  0]LogPakFile: PakFile PrimaryIndexSize=188
[2022.04.26-17.02.37:227][  0]LogPakFile: PakFile PathHashIndexSize=101
[2022.04.26-17.02.37:227][  0]LogPakFile: PakFile FullDirectoryIndexSize=150
[2022.04.26-17.02.37:227][  0]LogShaderLibrary: Display: ShaderCodeLibraryPakFileMountedCallback: PakFile 'D:/Epic Games/UE_4.27/FeaturePacks/TP_HandheldARBP.upack' (chunk index -1, root 'root:/') mounted
[2022.04.26-17.02.37:227][  0]LogShaderLibrary: Display: ShaderCodeLibraryPakFileMountedCallback: pending pak file info (ChunkID:-1 Root:root:/ File:D:/Epic Games/UE_4.27/FeaturePacks/TP_HandheldARBP.upack)
[2022.04.26-17.02.37:227][  0]LogPakFile: OnPakFileMounted2Time == 0.000052
[2022.04.26-17.02.37:228][  0]LogPakFile: PakFile PrimaryIndexSize=182
[2022.04.26-17.02.37:228][  0]LogPakFile: PakFile PathHashIndexSize=101
[2022.04.26-17.02.37:228][  0]LogPakFile: PakFile FullDirectoryIndexSize=138
[2022.04.26-17.02.37:228][  0]LogShaderLibrary: Display: ShaderCodeLibraryPakFileMountedCallback: PakFile 'D:/Epic Games/UE_4.27/FeaturePacks/TP_Puzzle.upack' (chunk index -1, root 'root:/') mounted
[2022.04.26-17.02.37:228][  0]LogShaderLibrary: Display: ShaderCodeLibraryPakFileMountedCallback: pending pak file info (ChunkID:-1 Root:root:/ File:D:/Epic Games/UE_4.27/FeaturePacks/TP_Puzzle.upack)
[2022.04.26-17.02.37:228][  0]LogPakFile: OnPakFileMounted2Time == 0.000053
[2022.04.26-17.02.37:229][  0]LogPakFile: PakFile PrimaryIndexSize=184
[2022.04.26-17.02.37:229][  0]LogPakFile: PakFile PathHashIndexSize=101
[2022.04.26-17.02.37:229][  0]LogPakFile: PakFile FullDirectoryIndexSize=142
[2022.04.26-17.02.37:229][  0]LogShaderLibrary: Display: ShaderCodeLibraryPakFileMountedCallback: PakFile 'D:/Epic Games/UE_4.27/FeaturePacks/TP_PuzzleBP.upack' (chunk index -1, root 'root:/') mounted
[2022.04.26-17.02.37:229][  0]LogShaderLibrary: Display: ShaderCodeLibraryPakFileMountedCallback: pending pak file info (ChunkID:-1 Root:root:/ File:D:/Epic Games/UE_4.27/FeaturePacks/TP_PuzzleBP.upack)
[2022.04.26-17.02.37:229][  0]LogPakFile: OnPakFileMounted2Time == 0.000051
[2022.04.26-17.02.37:229][  0]LogPakFile: PakFile PrimaryIndexSize=183
[2022.04.26-17.02.37:230][  0]LogPakFile: PakFile PathHashIndexSize=101
[2022.04.26-17.02.37:230][  0]LogPakFile: PakFile FullDirectoryIndexSize=140
[2022.04.26-17.02.37:230][  0]LogShaderLibrary: Display: ShaderCodeLibraryPakFileMountedCallback: PakFile 'D:/Epic Games/UE_4.27/FeaturePacks/TP_Rolling.upack' (chunk index -1, root 'root:/') mounted
[2022.04.26-17.02.37:230][  0]LogShaderLibrary: Display: ShaderCodeLibraryPakFileMountedCallback: pending pak file info (ChunkID:-1 Root:root:/ File:D:/Epic Games/UE_4.27/FeaturePacks/TP_Rolling.upack)
[2022.04.26-17.02.37:230][  0]LogPakFile: OnPakFileMounted2Time == 0.000051
[2022.04.26-17.02.37:230][  0]LogPakFile: PakFile PrimaryIndexSize=185
[2022.04.26-17.02.37:230][  0]LogPakFile: PakFile PathHashIndexSize=101
[2022.04.26-17.02.37:230][  0]LogPakFile: PakFile FullDirectoryIndexSize=144
[2022.04.26-17.02.37:230][  0]LogShaderLibrary: Display: ShaderCodeLibraryPakFileMountedCallback: PakFile 'D:/Epic Games/UE_4.27/FeaturePacks/TP_RollingBP.upack' (chunk index -1, root 'root:/') mounted
[2022.04.26-17.02.37:230][  0]LogShaderLibrary: Display: ShaderCodeLibraryPakFileMountedCallback: pending pak file info (ChunkID:-1 Root:root:/ File:D:/Epic Games/UE_4.27/FeaturePacks/TP_RollingBP.upack)
[2022.04.26-17.02.37:230][  0]LogPakFile: OnPakFileMounted2Time == 0.000045
[2022.04.26-17.02.37:231][  0]LogPakFile: PakFile PrimaryIndexSize=188
[2022.04.26-17.02.37:231][  0]LogPakFile: PakFile PathHashIndexSize=101
[2022.04.26-17.02.37:231][  0]LogPakFile: PakFile FullDirectoryIndexSize=150
[2022.04.26-17.02.37:231][  0]LogShaderLibrary: Display: ShaderCodeLibraryPakFileMountedCallback: PakFile 'D:/Epic Games/UE_4.27/FeaturePacks/TP_SideScroller.upack' (chunk index -1, root 'root:/') mounted
[2022.04.26-17.02.37:231][  0]LogShaderLibrary: Display: ShaderCodeLibraryPakFileMountedCallback: pending pak file info (ChunkID:-1 Root:root:/ File:D:/Epic Games/UE_4.27/FeaturePacks/TP_SideScroller.upack)
[2022.04.26-17.02.37:231][  0]LogPakFile: OnPakFileMounted2Time == 0.000045
[2022.04.26-17.02.37:231][  0]LogPakFile: PakFile PrimaryIndexSize=190
[2022.04.26-17.02.37:231][  0]LogPakFile: PakFile PathHashIndexSize=101
[2022.04.26-17.02.37:231][  0]LogPakFile: PakFile FullDirectoryIndexSize=154
[2022.04.26-17.02.37:231][  0]LogShaderLibrary: Display: ShaderCodeLibraryPakFileMountedCallback: PakFile 'D:/Epic Games/UE_4.27/FeaturePacks/TP_SideScrollerBP.upack' (chunk index -1, root 'root:/') mounted
[2022.04.26-17.02.37:231][  0]LogShaderLibrary: Display: ShaderCodeLibraryPakFileMountedCallback: pending pak file info (ChunkID:-1 Root:root:/ File:D:/Epic Games/UE_4.27/FeaturePacks/TP_SideScrollerBP.upack)
[2022.04.26-17.02.37:231][  0]LogPakFile: OnPakFileMounted2Time == 0.000058
[2022.04.26-17.02.37:232][  0]LogPakFile: PakFile PrimaryIndexSize=187
[2022.04.26-17.02.37:232][  0]LogPakFile: PakFile PathHashIndexSize=101
[2022.04.26-17.02.37:232][  0]LogPakFile: PakFile FullDirectoryIndexSize=148
[2022.04.26-17.02.37:232][  0]LogShaderLibrary: Display: ShaderCodeLibraryPakFileMountedCallback: PakFile 'D:/Epic Games/UE_4.27/FeaturePacks/TP_ThirdPerson.upack' (chunk index -1, root 'root:/') mounted
[2022.04.26-17.02.37:232][  0]LogShaderLibrary: Display: ShaderCodeLibraryPakFileMountedCallback: pending pak file info (ChunkID:-1 Root:root:/ File:D:/Epic Games/UE_4.27/FeaturePacks/TP_ThirdPerson.upack)
[2022.04.26-17.02.37:232][  0]LogPakFile: OnPakFileMounted2Time == 0.000053
[2022.04.26-17.02.37:233][  0]LogPakFile: PakFile PrimaryIndexSize=189
[2022.04.26-17.02.37:233][  0]LogPakFile: PakFile PathHashIndexSize=101
[2022.04.26-17.02.37:233][  0]LogPakFile: PakFile FullDirectoryIndexSize=152
[2022.04.26-17.02.37:233][  0]LogShaderLibrary: Display: ShaderCodeLibraryPakFileMountedCallback: PakFile 'D:/Epic Games/UE_4.27/FeaturePacks/TP_ThirdPersonBP.upack' (chunk index -1, root 'root:/') mounted
[2022.04.26-17.02.37:233][  0]LogShaderLibrary: Display: ShaderCodeLibraryPakFileMountedCallback: pending pak file info (ChunkID:-1 Root:root:/ File:D:/Epic Games/UE_4.27/FeaturePacks/TP_ThirdPersonBP.upack)
[2022.04.26-17.02.37:233][  0]LogPakFile: OnPakFileMounted2Time == 0.000054
[2022.04.26-17.02.37:234][  0]LogPakFile: PakFile PrimaryIndexSize=183
[2022.04.26-17.02.37:234][  0]LogPakFile: PakFile PathHashIndexSize=101
[2022.04.26-17.02.37:234][  0]LogPakFile: PakFile FullDirectoryIndexSize=140
[2022.04.26-17.02.37:234][  0]LogShaderLibrary: Display: ShaderCodeLibraryPakFileMountedCallback: PakFile 'D:/Epic Games/UE_4.27/FeaturePacks/TP_TopDown.upack' (chunk index -1, root 'root:/') mounted
[2022.04.26-17.02.37:234][  0]LogShaderLibrary: Display: ShaderCodeLibraryPakFileMountedCallback: pending pak file info (ChunkID:-1 Root:root:/ File:D:/Epic Games/UE_4.27/FeaturePacks/TP_TopDown.upack)
[2022.04.26-17.02.37:234][  0]LogPakFile: OnPakFileMounted2Time == 0.000061
[2022.04.26-17.02.37:234][  0]LogPakFile: PakFile PrimaryIndexSize=185
[2022.04.26-17.02.37:234][  0]LogPakFile: PakFile PathHashIndexSize=101
[2022.04.26-17.02.37:234][  0]LogPakFile: PakFile FullDirectoryIndexSize=144
[2022.04.26-17.02.37:234][  0]LogShaderLibrary: Display: ShaderCodeLibraryPakFileMountedCallback: PakFile 'D:/Epic Games/UE_4.27/FeaturePacks/TP_TopDownBP.upack' (chunk index -1, root 'root:/') mounted
[2022.04.26-17.02.37:234][  0]LogShaderLibrary: Display: ShaderCodeLibraryPakFileMountedCallback: pending pak file info (ChunkID:-1 Root:root:/ File:D:/Epic Games/UE_4.27/FeaturePacks/TP_TopDownBP.upack)
[2022.04.26-17.02.37:234][  0]LogPakFile: OnPakFileMounted2Time == 0.000052
[2022.04.26-17.02.37:235][  0]LogPakFile: PakFile PrimaryIndexSize=185
[2022.04.26-17.02.37:235][  0]LogPakFile: PakFile PathHashIndexSize=101
[2022.04.26-17.02.37:235][  0]LogPakFile: PakFile FullDirectoryIndexSize=144
[2022.04.26-17.02.37:235][  0]LogShaderLibrary: Display: ShaderCodeLibraryPakFileMountedCallback: PakFile 'D:/Epic Games/UE_4.27/FeaturePacks/TP_TwinStick.upack' (chunk index -1, root 'root:/') mounted
[2022.04.26-17.02.37:235][  0]LogShaderLibrary: Display: ShaderCodeLibraryPakFileMountedCallback: pending pak file info (ChunkID:-1 Root:root:/ File:D:/Epic Games/UE_4.27/FeaturePacks/TP_TwinStick.upack)
[2022.04.26-17.02.37:235][  0]LogPakFile: OnPakFileMounted2Time == 0.000061
[2022.04.26-17.02.37:236][  0]LogPakFile: PakFile PrimaryIndexSize=187
[2022.04.26-17.02.37:236][  0]LogPakFile: PakFile PathHashIndexSize=101
[2022.04.26-17.02.37:236][  0]LogPakFile: PakFile FullDirectoryIndexSize=148
[2022.04.26-17.02.37:236][  0]LogShaderLibrary: Display: ShaderCodeLibraryPakFileMountedCallback: PakFile 'D:/Epic Games/UE_4.27/FeaturePacks/TP_TwinStickBP.upack' (chunk index -1, root 'root:/') mounted
[2022.04.26-17.02.37:236][  0]LogShaderLibrary: Display: ShaderCodeLibraryPakFileMountedCallback: pending pak file info (ChunkID:-1 Root:root:/ File:D:/Epic Games/UE_4.27/FeaturePacks/TP_TwinStickBP.upack)
[2022.04.26-17.02.37:236][  0]LogPakFile: OnPakFileMounted2Time == 0.000060
[2022.04.26-17.02.37:236][  0]LogPakFile: PakFile PrimaryIndexSize=183
[2022.04.26-17.02.37:236][  0]LogPakFile: PakFile PathHashIndexSize=101
[2022.04.26-17.02.37:236][  0]LogPakFile: PakFile FullDirectoryIndexSize=140
[2022.04.26-17.02.37:236][  0]LogShaderLibrary: Display: ShaderCodeLibraryPakFileMountedCallback: PakFile 'D:/Epic Games/UE_4.27/FeaturePacks/TP_Vehicle.upack' (chunk index -1, root 'root:/') mounted
[2022.04.26-17.02.37:237][  0]LogShaderLibrary: Display: ShaderCodeLibraryPakFileMountedCallback: pending pak file info (ChunkID:-1 Root:root:/ File:D:/Epic Games/UE_4.27/FeaturePacks/TP_Vehicle.upack)
[2022.04.26-17.02.37:237][  0]LogPakFile: OnPakFileMounted2Time == 0.000058
[2022.04.26-17.02.37:237][  0]LogPakFile: PakFile PrimaryIndexSize=186
[2022.04.26-17.02.37:237][  0]LogPakFile: PakFile PathHashIndexSize=101
[2022.04.26-17.02.37:237][  0]LogPakFile: PakFile FullDirectoryIndexSize=146
[2022.04.26-17.02.37:237][  0]LogShaderLibrary: Display: ShaderCodeLibraryPakFileMountedCallback: PakFile 'D:/Epic Games/UE_4.27/FeaturePacks/TP_VehicleAdv.upack' (chunk index -1, root 'root:/') mounted
[2022.04.26-17.02.37:237][  0]LogShaderLibrary: Display: ShaderCodeLibraryPakFileMountedCallback: pending pak file info (ChunkID:-1 Root:root:/ File:D:/Epic Games/UE_4.27/FeaturePacks/TP_VehicleAdv.upack)
[2022.04.26-17.02.37:237][  0]LogPakFile: OnPakFileMounted2Time == 0.000061
[2022.04.26-17.02.37:238][  0]LogPakFile: PakFile PrimaryIndexSize=188
[2022.04.26-17.02.37:238][  0]LogPakFile: PakFile PathHashIndexSize=101
[2022.04.26-17.02.37:238][  0]LogPakFile: PakFile FullDirectoryIndexSize=150
[2022.04.26-17.02.37:238][  0]LogShaderLibrary: Display: ShaderCodeLibraryPakFileMountedCallback: PakFile 'D:/Epic Games/UE_4.27/FeaturePacks/TP_VehicleAdvBP.upack' (chunk index -1, root 'root:/') mounted
[2022.04.26-17.02.37:238][  0]LogShaderLibrary: Display: ShaderCodeLibraryPakFileMountedCallback: pending pak file info (ChunkID:-1 Root:root:/ File:D:/Epic Games/UE_4.27/FeaturePacks/TP_VehicleAdvBP.upack)
[2022.04.26-17.02.37:238][  0]LogPakFile: OnPakFileMounted2Time == 0.000058
[2022.04.26-17.02.37:239][  0]LogPakFile: PakFile PrimaryIndexSize=185
[2022.04.26-17.02.37:239][  0]LogPakFile: PakFile PathHashIndexSize=101
[2022.04.26-17.02.37:239][  0]LogPakFile: PakFile FullDirectoryIndexSize=144
[2022.04.26-17.02.37:239][  0]LogShaderLibrary: Display: ShaderCodeLibraryPakFileMountedCallback: PakFile 'D:/Epic Games/UE_4.27/FeaturePacks/TP_VehicleBP.upack' (chunk index -1, root 'root:/') mounted
[2022.04.26-17.02.37:239][  0]LogShaderLibrary: Display: ShaderCodeLibraryPakFileMountedCallback: pending pak file info (ChunkID:-1 Root:root:/ File:D:/Epic Games/UE_4.27/FeaturePacks/TP_VehicleBP.upack)
[2022.04.26-17.02.37:239][  0]LogPakFile: OnPakFileMounted2Time == 0.000063
[2022.04.26-17.02.37:239][  0]LogPakFile: PakFile PrimaryIndexSize=192
[2022.04.26-17.02.37:240][  0]LogPakFile: PakFile PathHashIndexSize=101
[2022.04.26-17.02.37:240][  0]LogPakFile: PakFile FullDirectoryIndexSize=158
[2022.04.26-17.02.37:240][  0]LogShaderLibrary: Display: ShaderCodeLibraryPakFileMountedCallback: PakFile 'D:/Epic Games/UE_4.27/FeaturePacks/TP_VirtualRealityBP.upack' (chunk index -1, root 'root:/') mounted
[2022.04.26-17.02.37:240][  0]LogShaderLibrary: Display: ShaderCodeLibraryPakFileMountedCallback: pending pak file info (ChunkID:-1 Root:root:/ File:D:/Epic Games/UE_4.27/FeaturePacks/TP_VirtualRealityBP.upack)
[2022.04.26-17.02.37:240][  0]LogPakFile: OnPakFileMounted2Time == 0.000057
[2022.04.26-17.02.37:289][  0]LogNativeClassHierarchy: Verbose: Native class hierarchy updated for 'AddContentDialog' in 0.0005 seconds. Added 0 classes and 0 folders.
[2022.04.26-17.02.37:291][  0]LogNativeClassHierarchy: Verbose: Native class hierarchy updated for 'SceneOutliner' in 0.0005 seconds. Added 2 classes and 0 folders.
[2022.04.26-17.02.37:328][  0]LogSlate: Took 0.000242 seconds to synchronously load lazily loaded font '../../../Engine/Content/Slate/Fonts/Roboto-Regular.ttf' (155K)
[2022.04.26-17.02.37:329][  0]LogSlate: Took 0.000200 seconds to synchronously load lazily loaded font '../../../Engine/Content/Editor/Slate/Fonts/FontAwesome.ttf' (139K)
[2022.04.26-17.02.37:330][  0]LogSlate: Took 0.000171 seconds to synchronously load lazily loaded font '../../../Engine/Content/Slate/Fonts/Roboto-Bold.ttf' (160K)
[2022.04.26-17.02.37:583][  0]LogRenderer: Reallocating scene render targets to support 1436x572 Format 10 NumSamples 1 (Frame:1).
[2022.04.26-17.02.37:636][  0]LogSlate: Took 0.000303 seconds to synchronously load lazily loaded font '../../../Engine/Content/Slate/Fonts/Roboto-Light.ttf' (167K)
[2022.04.26-17.02.37:767][  0]LogNativeClassHierarchy: Verbose: Native class hierarchy updated for 'HierarchicalLODOutliner' in 0.0004 seconds. Added 0 classes and 0 folders.
[2022.04.26-17.02.37:768][  0]LogInput: Warning: Action Jump uses invalid key OculusGo_Left_Trigger_Click.
[2022.04.26-17.02.37:768][  0]LogInput: Warning: Use -RemoveInvalidKeys to remove instances of these keys from the action mapping.
[2022.04.26-17.02.37:768][  0]LogLoad: (Engine Initialization) Total time: 12.06 seconds
[2022.04.26-17.02.37:768][  0]LogLoad: (Engine Initialization) Total Blueprint compile time: 0.00 seconds
[2022.04.26-17.02.37:837][  0]LogContentStreaming: Texture pool size now 1000 MB
[2022.04.26-17.02.37:923][  1]LogAssetRegistry: Asset discovery search completed in 9.1191 seconds
[2022.04.26-17.02.37:932][  1]LogCollectionManager: Fixed up redirectors for 0 collections in 0.000006 seconds (updated 0 objects)
[2022.04.26-17.02.40:662][105]LogStaticMesh: Allocated 504x176x64 distance field atlas = 10.8Mb, with 70 objects containing 5.4Mb backing data
[2022.04.26-17.02.40:919][105]LogSlate: Took 0.000130 seconds to synchronously load lazily loaded font '../../../Engine/Content/Slate/Fonts/Roboto-Light.ttf' (167K)
[2022.04.26-17.02.42:096][105]LogWindows: Windows GetLastError: The operation completed successfully. (0)
[2022.04.26-17.02.42:096][105]LogThreadingWindows: Error: Runnable thread RenderThread 1 crashed.
[2022.04.26-17.02.42:096][105]LogWindows: Error: === Critical error: ===
[2022.04.26-17.02.42:096][105]LogWindows: Error: 
[2022.04.26-17.02.42:096][105]LogWindows: Error: Assertion failed: Result >= 0 [File:D:/Build/++UE4/Sync/Engine/Source/Runtime/RHI/Private/PipelineStateCache.cpp] [Line: 1452] 
[2022.04.26-17.02.42:096][105]LogWindows: Error: 
[2022.04.26-17.02.42:096][105]LogWindows: Error: 
[2022.04.26-17.02.42:096][105]LogWindows: Error: 
[2022.04.26-17.02.42:096][105]LogWindows: Error: 
[2022.04.26-17.02.42:096][105]LogWindows: Error: Crash in runnable thread RenderThread 1
[2022.04.26-17.02.42:097][105]LogOutputDevice: Warning: 

Script Stack (0 frames):

[2022.04.26-17.02.42:102][105]LogWindows: Windows GetLastError: The operation completed successfully. (0)
[2022.04.26-17.02.42:102][105]LogWindows: Error: HandleError re-entered.
[2022.04.26-17.02.42:102][105]LogWindows: FPlatformMisc::RequestExit(1)
[2022.04.26-17.02.42:102][105]LogWindows: FPlatformMisc::RequestExitWithStatus(1, 3)
[2022.04.26-17.02.42:102][105]LogCore: Engine exit requested (reason: Win RequestExit)
[2022.04.26-17.02.42:114][105]Log file closed, 04/26/22 18:02:42
